[0.035s] Invoking command in '/home/pengchang/ws/build/vision': CMAKE_PREFIX_PATH=${CMAKE_PREFIX_PATH}:/opt/ros/galactic /usr/bin/cmake --build /home/pengchang/ws/build/vision -- -j8 -l8
[0.122s] [35m[1mScanning dependencies of target vision[0m
[0.146s] [ 57%] Built target detector_node
[0.147s] [ 57%] Built target camera_node
[0.199s] [ 71%] [32mBuilding CXX object CMakeFiles/vision.dir/src/detector_node.cpp.o[0m
[13.205s] [ 85%] [32m[1mLinking CXX shared library libvision.so[0m
[13.955s] [100%] Built target vision
[13.975s] Invoked command in '/home/pengchang/ws/build/vision' returned '0': CMAKE_PREFIX_PATH=${CMAKE_PREFIX_PATH}:/opt/ros/galactic /usr/bin/cmake --build /home/pengchang/ws/build/vision -- -j8 -l8
[14.030s] Invoking command in '/home/pengchang/ws/build/vision': CMAKE_PREFIX_PATH=${CMAKE_PREFIX_PATH}:/opt/ros/galactic /usr/bin/cmake --install /home/pengchang/ws/build/vision
[14.041s] -- Install configuration: ""
[14.042s] -- Up-to-date: /home/pengchang/ws/install/vision/lib/vision/camera_node
[14.042s] -- Up-to-date: /home/pengchang/ws/install/vision/lib/vision/detector_node
[14.042s] -- Up-to-date: /home/pengchang/ws/install/vision/include
[14.042s] -- Up-to-date: /home/pengchang/ws/install/vision/include/vision
[14.042s] -- Up-to-date: /home/pengchang/ws/install/vision/share/vision/environment/library_path.sh
[14.043s] -- Up-to-date: /home/pengchang/ws/install/vision/share/vision/environment/library_path.dsv
[14.043s] -- Installing: /home/pengchang/ws/install/vision/lib/libvision.so
[14.050s] -- Set runtime path of "/home/pengchang/ws/install/vision/lib/libvision.so" to ""
[14.051s] -- Up-to-date: /home/pengchang/ws/install/vision/share/vision/config
[14.051s] -- Up-to-date: /home/pengchang/ws/install/vision/share/vision/config/camera_info.yaml
[14.051s] -- Up-to-date: /home/pengchang/ws/install/vision/share/vision/config/camera_params.yaml
[14.051s] -- Up-to-date: /home/pengchang/ws/install/vision/share/vision/config/default.yaml
[14.051s] -- Up-to-date: /home/pengchang/ws/install/vision/share/vision/launch
[14.051s] -- Up-to-date: /home/pengchang/ws/install/vision/share/vision/launch/launch.py
[14.052s] -- Up-to-date: /home/pengchang/ws/install/vision/share/ament_index/resource_index/package_run_dependencies/vision
[14.052s] -- Up-to-date: /home/pengchang/ws/install/vision/share/ament_index/resource_index/parent_prefix_path/vision
[14.052s] -- Up-to-date: /home/pengchang/ws/install/vision/share/vision/environment/ament_prefix_path.sh
[14.052s] -- Up-to-date: /home/pengchang/ws/install/vision/share/vision/environment/ament_prefix_path.dsv
[14.052s] -- Up-to-date: /home/pengchang/ws/install/vision/share/vision/environment/path.sh
[14.052s] -- Up-to-date: /home/pengchang/ws/install/vision/share/vision/environment/path.dsv
[14.052s] -- Up-to-date: /home/pengchang/ws/install/vision/share/vision/local_setup.bash
[14.053s] -- Up-to-date: /home/pengchang/ws/install/vision/share/vision/local_setup.sh
[14.053s] -- Up-to-date: /home/pengchang/ws/install/vision/share/vision/local_setup.zsh
[14.053s] -- Up-to-date: /home/pengchang/ws/install/vision/share/vision/local_setup.dsv
[14.053s] -- Installing: /home/pengchang/ws/install/vision/share/vision/package.dsv
[14.053s] -- Up-to-date: /home/pengchang/ws/install/vision/share/ament_index/resource_index/packages/vision
[14.054s] -- Up-to-date: /home/pengchang/ws/install/vision/share/ament_index/resource_index/rclcpp_components/vision
[14.054s] -- Up-to-date: /home/pengchang/ws/install/vision/share/vision/cmake/ament_cmake_export_dependencies-extras.cmake
[14.054s] -- Up-to-date: /home/pengchang/ws/install/vision/share/vision/cmake/ament_cmake_export_include_directories-extras.cmake
[14.054s] -- Up-to-date: /home/pengchang/ws/install/vision/share/vision/cmake/ament_cmake_export_libraries-extras.cmake
[14.055s] -- Up-to-date: /home/pengchang/ws/install/vision/share/vision/cmake/visionConfig.cmake
[14.055s] -- Up-to-date: /home/pengchang/ws/install/vision/share/vision/cmake/visionConfig-version.cmake
[14.055s] -- Up-to-date: /home/pengchang/ws/install/vision/share/vision/package.xml
[14.056s] Invoked command in '/home/pengchang/ws/build/vision' returned '0': CMAKE_PREFIX_PATH=${CMAKE_PREFIX_PATH}:/opt/ros/galactic /usr/bin/cmake --install /home/pengchang/ws/build/vision
