-- The C compiler identification is GNU 9.4.0
-- The CXX compiler identification is GNU 9.4.0
-- Check for working C compiler: /usr/bin/cc
-- Check for working C compiler: /usr/bin/cc -- works
-- Detecting C compiler ABI info
-- Detecting C compiler ABI info - done
-- Detecting C compile features
-- Detecting C compile features - done
-- Check for working CXX compiler: /usr/bin/c++
-- Check for working CXX compiler: /usr/bin/c++ -- works
-- Detecting CXX compiler ABI info
-- Detecting CXX compiler ABI info - done
-- Detecting CXX compile features
-- Detecting CXX compile features - done
-- Found ament_cmake_auto: 1.1.5 (/opt/ros/galactic/share/ament_cmake_auto/cmake)
-- Found PythonInterp: /usr/bin/python3 (found suitable version "3.8.10", minimum required is "3") 
-- Using PYTHON_EXECUTABLE: /usr/bin/python3
-- Override CMake install command with custom implementation using symlinks instead of copying resources
-- Found ament_lint_auto: 0.10.7 (/opt/ros/galactic/share/ament_lint_auto/cmake)
-- Configuring done
-- Generating done
-- Build files have been written to: /home/pengchang/ws/build/bringup
-- Install configuration: ""
-- Execute custom install script
-- Symlinking: /home/pengchang/ws/install/bringup/share/bringup/launch/launch.py
-- Symlinking: /home/pengchang/ws/install/bringup/share/bringup/config/camera_info.yaml
-- Symlinking: /home/pengchang/ws/install/bringup/share/bringup/config/params.yaml
-- Symlinking: /home/pengchang/ws/install/bringup/share/ament_index/resource_index/package_run_dependencies/bringup
-- Symlinking: /home/pengchang/ws/install/bringup/share/ament_index/resource_index/parent_prefix_path/bringup
-- Symlinking: /home/pengchang/ws/install/bringup/share/bringup/environment/ament_prefix_path.sh
-- Symlinking: /home/pengchang/ws/install/bringup/share/bringup/environment/ament_prefix_path.dsv
-- Symlinking: /home/pengchang/ws/install/bringup/share/bringup/environment/path.sh
-- Symlinking: /home/pengchang/ws/install/bringup/share/bringup/environment/path.dsv
-- Symlinking: /home/pengchang/ws/install/bringup/share/bringup/local_setup.bash
-- Symlinking: /home/pengchang/ws/install/bringup/share/bringup/local_setup.sh
-- Symlinking: /home/pengchang/ws/install/bringup/share/bringup/local_setup.zsh
-- Symlinking: /home/pengchang/ws/install/bringup/share/bringup/local_setup.dsv
-- Symlinking: /home/pengchang/ws/install/bringup/share/bringup/package.dsv
-- Symlinking: /home/pengchang/ws/install/bringup/share/ament_index/resource_index/packages/bringup
-- Symlinking: /home/pengchang/ws/install/bringup/share/bringup/cmake/ament_cmake_export_include_directories-extras.cmake
-- Symlinking: /home/pengchang/ws/install/bringup/share/bringup/cmake/bringupConfig.cmake
-- Symlinking: /home/pengchang/ws/install/bringup/share/bringup/cmake/bringupConfig-version.cmake
-- Symlinking: /home/pengchang/ws/install/bringup/share/bringup/package.xml
