[0.018s] Invoking command in '/home/pengchang/ws/build/bringup': AMENT_PREFIX_PATH=/home/pengchang/ws/install/vision:/home/pengchang/ws/install/interfaces:/home/pengchang/ws/install/description:${AMENT_PREFIX_PATH} CMAKE_PREFIX_PATH=/home/pengchang/ws/install/vision:/home/pengchang/ws/install/interfaces:/home/pengchang/ws/install/description:/opt/ros/galactic LD_LIBRARY_PATH=/home/pengchang/ws/install/vision/lib:/home/pengchang/ws/install/interfaces/lib:${LD_LIBRARY_PATH} PYTHONPATH=/home/pengchang/ws/install/interfaces/lib/python3.8/site-packages:${PYTHONPATH} /usr/bin/cmake /home/pengchang/ws/src/bringup -DAMENT_CMAKE_SYMLINK_INSTALL=1 -DCMAKE_INSTALL_PREFIX=/home/pengchang/ws/install/bringup
[0.110s] -- The C compiler identification is GNU 9.4.0
[0.171s] -- The CXX compiler identification is GNU 9.4.0
[0.180s] -- Check for working C compiler: /usr/bin/cc
[0.270s] -- Check for working C compiler: /usr/bin/cc -- works
[0.272s] -- Detecting C compiler ABI info
[0.355s] -- Detecting C compiler ABI info - done
[0.376s] -- Detecting C compile features
[0.376s] -- Detecting C compile features - done
[0.378s] -- Check for working CXX compiler: /usr/bin/c++
[0.481s] -- Check for working CXX compiler: /usr/bin/c++ -- works
[0.483s] -- Detecting CXX compiler ABI info
[0.579s] -- Detecting CXX compiler ABI info - done
[0.596s] -- Detecting CXX compile features
[0.596s] -- Detecting CXX compile features - done
[0.598s] -- Found ament_cmake_auto: 1.1.5 (/opt/ros/galactic/share/ament_cmake_auto/cmake)
[0.626s] -- Found PythonInterp: /usr/bin/python3 (found suitable version "3.8.10", minimum required is "3") 
[0.626s] -- Using PYTHON_EXECUTABLE: /usr/bin/python3
[0.678s] -- Override CMake install command with custom implementation using symlinks instead of copying resources
[0.711s] -- Found ament_lint_auto: 0.10.7 (/opt/ros/galactic/share/ament_lint_auto/cmake)
[0.775s] -- Configuring done
[0.776s] -- Generating done
[0.777s] -- Build files have been written to: /home/pengchang/ws/build/bringup
[0.780s] Invoked command in '/home/pengchang/ws/build/bringup' returned '0': AMENT_PREFIX_PATH=/home/pengchang/ws/install/vision:/home/pengchang/ws/install/interfaces:/home/pengchang/ws/install/description:${AMENT_PREFIX_PATH} CMAKE_PREFIX_PATH=/home/pengchang/ws/install/vision:/home/pengchang/ws/install/interfaces:/home/pengchang/ws/install/description:/opt/ros/galactic LD_LIBRARY_PATH=/home/pengchang/ws/install/vision/lib:/home/pengchang/ws/install/interfaces/lib:${LD_LIBRARY_PATH} PYTHONPATH=/home/pengchang/ws/install/interfaces/lib/python3.8/site-packages:${PYTHONPATH} /usr/bin/cmake /home/pengchang/ws/src/bringup -DAMENT_CMAKE_SYMLINK_INSTALL=1 -DCMAKE_INSTALL_PREFIX=/home/pengchang/ws/install/bringup
[0.783s] Invoking command in '/home/pengchang/ws/build/bringup': AMENT_PREFIX_PATH=/home/pengchang/ws/install/vision:/home/pengchang/ws/install/interfaces:/home/pengchang/ws/install/description:${AMENT_PREFIX_PATH} CMAKE_PREFIX_PATH=/home/pengchang/ws/install/vision:/home/pengchang/ws/install/interfaces:/home/pengchang/ws/install/description:/opt/ros/galactic LD_LIBRARY_PATH=/home/pengchang/ws/install/vision/lib:/home/pengchang/ws/install/interfaces/lib:${LD_LIBRARY_PATH} PYTHONPATH=/home/pengchang/ws/install/interfaces/lib/python3.8/site-packages:${PYTHONPATH} /usr/bin/cmake --build /home/pengchang/ws/build/bringup -- -j8 -l8
[0.838s] Invoked command in '/home/pengchang/ws/build/bringup' returned '0': AMENT_PREFIX_PATH=/home/pengchang/ws/install/vision:/home/pengchang/ws/install/interfaces:/home/pengchang/ws/install/description:${AMENT_PREFIX_PATH} CMAKE_PREFIX_PATH=/home/pengchang/ws/install/vision:/home/pengchang/ws/install/interfaces:/home/pengchang/ws/install/description:/opt/ros/galactic LD_LIBRARY_PATH=/home/pengchang/ws/install/vision/lib:/home/pengchang/ws/install/interfaces/lib:${LD_LIBRARY_PATH} PYTHONPATH=/home/pengchang/ws/install/interfaces/lib/python3.8/site-packages:${PYTHONPATH} /usr/bin/cmake --build /home/pengchang/ws/build/bringup -- -j8 -l8
[0.871s] Invoking command in '/home/pengchang/ws/build/bringup': AMENT_PREFIX_PATH=/home/pengchang/ws/install/vision:/home/pengchang/ws/install/interfaces:/home/pengchang/ws/install/description:${AMENT_PREFIX_PATH} CMAKE_PREFIX_PATH=/home/pengchang/ws/install/vision:/home/pengchang/ws/install/interfaces:/home/pengchang/ws/install/description:/opt/ros/galactic LD_LIBRARY_PATH=/home/pengchang/ws/install/vision/lib:/home/pengchang/ws/install/interfaces/lib:${LD_LIBRARY_PATH} PYTHONPATH=/home/pengchang/ws/install/interfaces/lib/python3.8/site-packages:${PYTHONPATH} /usr/bin/cmake --install /home/pengchang/ws/build/bringup
[0.884s] -- Install configuration: ""
[0.884s] -- Execute custom install script
[0.893s] -- Symlinking: /home/pengchang/ws/install/bringup/share/bringup/launch/launch.py
[0.911s] -- Symlinking: /home/pengchang/ws/install/bringup/share/bringup/config/camera_info.yaml
[0.925s] -- Symlinking: /home/pengchang/ws/install/bringup/share/bringup/config/params.yaml
[0.939s] -- Symlinking: /home/pengchang/ws/install/bringup/share/ament_index/resource_index/package_run_dependencies/bringup
[0.953s] -- Symlinking: /home/pengchang/ws/install/bringup/share/ament_index/resource_index/parent_prefix_path/bringup
[0.961s] -- Symlinking: /home/pengchang/ws/install/bringup/share/bringup/environment/ament_prefix_path.sh
[0.968s] -- Symlinking: /home/pengchang/ws/install/bringup/share/bringup/environment/ament_prefix_path.dsv
[0.976s] -- Symlinking: /home/pengchang/ws/install/bringup/share/bringup/environment/path.sh
[0.991s] -- Symlinking: /home/pengchang/ws/install/bringup/share/bringup/environment/path.dsv
[1.006s] -- Symlinking: /home/pengchang/ws/install/bringup/share/bringup/local_setup.bash
[1.020s] -- Symlinking: /home/pengchang/ws/install/bringup/share/bringup/local_setup.sh
[1.033s] -- Symlinking: /home/pengchang/ws/install/bringup/share/bringup/local_setup.zsh
[1.041s] -- Symlinking: /home/pengchang/ws/install/bringup/share/bringup/local_setup.dsv
[1.050s] -- Symlinking: /home/pengchang/ws/install/bringup/share/bringup/package.dsv
[1.058s] -- Symlinking: /home/pengchang/ws/install/bringup/share/ament_index/resource_index/packages/bringup
[1.066s] -- Symlinking: /home/pengchang/ws/install/bringup/share/bringup/cmake/ament_cmake_export_include_directories-extras.cmake
[1.074s] -- Symlinking: /home/pengchang/ws/install/bringup/share/bringup/cmake/bringupConfig.cmake
[1.082s] -- Symlinking: /home/pengchang/ws/install/bringup/share/bringup/cmake/bringupConfig-version.cmake
[1.090s] -- Symlinking: /home/pengchang/ws/install/bringup/share/bringup/package.xml
[1.113s] Invoked command in '/home/pengchang/ws/build/bringup' returned '0': AMENT_PREFIX_PATH=/home/pengchang/ws/install/vision:/home/pengchang/ws/install/interfaces:/home/pengchang/ws/install/description:${AMENT_PREFIX_PATH} CMAKE_PREFIX_PATH=/home/pengchang/ws/install/vision:/home/pengchang/ws/install/interfaces:/home/pengchang/ws/install/description:/opt/ros/galactic LD_LIBRARY_PATH=/home/pengchang/ws/install/vision/lib:/home/pengchang/ws/install/interfaces/lib:${LD_LIBRARY_PATH} PYTHONPATH=/home/pengchang/ws/install/interfaces/lib/python3.8/site-packages:${PYTHONPATH} /usr/bin/cmake --install /home/pengchang/ws/build/bringup
