[0.020s] Invoking command in '/home/pengchang/ws/build/vision': CMAKE_PREFIX_PATH=${CMAKE_PREFIX_PATH}:/opt/ros/galactic /usr/bin/cmake --build /home/pengchang/ws/build/vision -- -j8 -l8
[0.085s] [35m[1mScanning dependencies of target vision[0m
[0.096s] [ 25%] Built target detector_node
[0.100s] [ 50%] Built target camera_node
[0.133s] [ 62%] [32mBuilding CXX object CMakeFiles/vision.dir/src/detector_node.cpp.o[0m
[10.426s] [ 75%] [32m[1mLinking CXX shared library libvision.so[0m
[11.147s] [100%] Built target vision
[11.166s] Invoked command in '/home/pengchang/ws/build/vision' returned '0': CMAKE_PREFIX_PATH=${CMAKE_PREFIX_PATH}:/opt/ros/galactic /usr/bin/cmake --build /home/pengchang/ws/build/vision -- -j8 -l8
[11.231s] Invoking command in '/home/pengchang/ws/build/vision': CMAKE_PREFIX_PATH=${CMAKE_PREFIX_PATH}:/opt/ros/galactic /usr/bin/cmake --install /home/pengchang/ws/build/vision
[11.243s] -- Install configuration: ""
[11.243s] -- Execute custom install script
[11.244s] -- Up-to-date symlink: /home/pengchang/ws/install/vision/lib/vision/camera_node
[11.244s] -- Up-to-date symlink: /home/pengchang/ws/install/vision/lib/vision/detector_node
[11.244s] -- Up-to-date symlink: /home/pengchang/ws/install/vision/share/vision/environment/library_path.sh
[11.245s] -- Up-to-date symlink: /home/pengchang/ws/install/vision/share/vision/environment/library_path.dsv
[11.245s] -- Up-to-date symlink: /home/pengchang/ws/install/vision/lib/libvision.so
[11.245s] -- Up-to-date symlink: /home/pengchang/ws/install/vision/share/vision/config/camera_info.yaml
[11.245s] -- Up-to-date symlink: /home/pengchang/ws/install/vision/share/vision/config/camera_params.yaml
[11.245s] -- Up-to-date symlink: /home/pengchang/ws/install/vision/share/vision/config/default.yaml
[11.246s] -- Up-to-date symlink: /home/pengchang/ws/install/vision/share/vision/launch/launch.py
[11.246s] -- Up-to-date symlink: /home/pengchang/ws/install/vision/share/ament_index/resource_index/package_run_dependencies/vision
[11.246s] -- Up-to-date symlink: /home/pengchang/ws/install/vision/share/ament_index/resource_index/parent_prefix_path/vision
[11.246s] -- Up-to-date symlink: /home/pengchang/ws/install/vision/share/vision/environment/ament_prefix_path.sh
[11.247s] -- Up-to-date symlink: /home/pengchang/ws/install/vision/share/vision/environment/ament_prefix_path.dsv
[11.247s] -- Up-to-date symlink: /home/pengchang/ws/install/vision/share/vision/environment/path.sh
[11.247s] -- Up-to-date symlink: /home/pengchang/ws/install/vision/share/vision/environment/path.dsv
[11.248s] -- Up-to-date symlink: /home/pengchang/ws/install/vision/share/vision/local_setup.bash
[11.248s] -- Up-to-date symlink: /home/pengchang/ws/install/vision/share/vision/local_setup.sh
[11.248s] -- Up-to-date symlink: /home/pengchang/ws/install/vision/share/vision/local_setup.zsh
[11.249s] -- Up-to-date symlink: /home/pengchang/ws/install/vision/share/vision/local_setup.dsv
[11.249s] -- Symlinking: /home/pengchang/ws/install/vision/share/vision/package.dsv
[11.262s] -- Up-to-date symlink: /home/pengchang/ws/install/vision/share/ament_index/resource_index/packages/vision
[11.262s] -- Up-to-date symlink: /home/pengchang/ws/install/vision/share/ament_index/resource_index/rclcpp_components/vision
[11.262s] -- Up-to-date symlink: /home/pengchang/ws/install/vision/share/vision/cmake/ament_cmake_export_dependencies-extras.cmake
[11.263s] -- Up-to-date symlink: /home/pengchang/ws/install/vision/share/vision/cmake/ament_cmake_export_include_directories-extras.cmake
[11.263s] -- Up-to-date symlink: /home/pengchang/ws/install/vision/share/vision/cmake/ament_cmake_export_libraries-extras.cmake
[11.264s] -- Up-to-date symlink: /home/pengchang/ws/install/vision/share/vision/cmake/visionConfig.cmake
[11.264s] -- Up-to-date symlink: /home/pengchang/ws/install/vision/share/vision/cmake/visionConfig-version.cmake
[11.264s] -- Up-to-date symlink: /home/pengchang/ws/install/vision/share/vision/package.xml
[11.268s] Invoked command in '/home/pengchang/ws/build/vision' returned '0': CMAKE_PREFIX_PATH=${CMAKE_PREFIX_PATH}:/opt/ros/galactic /usr/bin/cmake --install /home/pengchang/ws/build/vision
