[0.022s] Invoking command in '/home/pengchang/ws/build/interfaces': CMAKE_PREFIX_PATH=${CMAKE_PREFIX_PATH}:/opt/ros/galactic /usr/bin/cmake --build /home/pengchang/ws/build/interfaces -- -j8 -l8
[0.099s] [  1%] Built target interfaces__cpp
[0.106s] [ 12%] Built target interfaces__rosidl_generator_c
[0.130s] [ 24%] Built target interfaces__rosidl_typesupport_cpp
[0.135s] [ 35%] Built target interfaces__rosidl_typesupport_introspection_cpp
[0.137s] [ 47%] Built target interfaces__rosidl_typesupport_introspection_c
[0.138s] [ 58%] Built target interfaces__rosidl_typesupport_fastrtps_cpp
[0.141s] [ 70%] Built target interfaces__rosidl_typesupport_c
[0.175s] [ 81%] Built target interfaces__rosidl_typesupport_fastrtps_c
[0.207s] [ 81%] Built target interfaces
[0.239s] [ 82%] Built target interfaces__py
[0.290s] [ 93%] Built target interfaces__python
[0.320s] [ 95%] Built target interfaces__rosidl_typesupport_c__pyext
[0.324s] [ 97%] Built target interfaces__rosidl_typesupport_fastrtps_c__pyext
[0.325s] [100%] Built target interfaces__rosidl_typesupport_introspection_c__pyext
[0.336s] Invoked command in '/home/pengchang/ws/build/interfaces' returned '0': CMAKE_PREFIX_PATH=${CMAKE_PREFIX_PATH}:/opt/ros/galactic /usr/bin/cmake --build /home/pengchang/ws/build/interfaces -- -j8 -l8
[0.482s] Invoking command in '/home/pengchang/ws/build/interfaces': CMAKE_PREFIX_PATH=${CMAKE_PREFIX_PATH}:/opt/ros/galactic /usr/bin/cmake --install /home/pengchang/ws/build/interfaces
[0.491s] -- Install configuration: ""
[0.493s] -- Execute custom install script
[0.493s] -- Up-to-date symlink: /home/pengchang/ws/install/interfaces/share/ament_index/resource_index/rosidl_interfaces/interfaces
[0.495s] -- Up-to-date symlink: /home/pengchang/ws/install/interfaces/include/interfaces/msg/armor.h
[0.495s] -- Up-to-date symlink: /home/pengchang/ws/install/interfaces/include/interfaces/msg/armors.h
[0.495s] -- Up-to-date symlink: /home/pengchang/ws/install/interfaces/include/interfaces/msg/debug_armor.h
[0.495s] -- Up-to-date symlink: /home/pengchang/ws/install/interfaces/include/interfaces/msg/debug_armors.h
[0.496s] -- Up-to-date symlink: /home/pengchang/ws/install/interfaces/include/interfaces/msg/debug_light.h
[0.496s] -- Up-to-date symlink: /home/pengchang/ws/install/interfaces/include/interfaces/msg/debug_lights.h
[0.496s] -- Up-to-date symlink: /home/pengchang/ws/install/interfaces/include/interfaces/msg/detail/armor__functions.h
[0.496s] -- Up-to-date symlink: /home/pengchang/ws/install/interfaces/include/interfaces/msg/detail/armor__struct.h
[0.497s] -- Up-to-date symlink: /home/pengchang/ws/install/interfaces/include/interfaces/msg/detail/armor__type_support.h
[0.497s] -- Up-to-date symlink: /home/pengchang/ws/install/interfaces/include/interfaces/msg/detail/armors__functions.h
[0.497s] -- Up-to-date symlink: /home/pengchang/ws/install/interfaces/include/interfaces/msg/detail/armors__struct.h
[0.497s] -- Up-to-date symlink: /home/pengchang/ws/install/interfaces/include/interfaces/msg/detail/armors__type_support.h
[0.498s] -- Up-to-date symlink: /home/pengchang/ws/install/interfaces/include/interfaces/msg/detail/debug_armor__functions.h
[0.498s] -- Up-to-date symlink: /home/pengchang/ws/install/interfaces/include/interfaces/msg/detail/debug_armor__struct.h
[0.498s] -- Up-to-date symlink: /home/pengchang/ws/install/interfaces/include/interfaces/msg/detail/debug_armor__type_support.h
[0.498s] -- Up-to-date symlink: /home/pengchang/ws/install/interfaces/include/interfaces/msg/detail/debug_armors__functions.h
[0.498s] -- Up-to-date symlink: /home/pengchang/ws/install/interfaces/include/interfaces/msg/detail/debug_armors__struct.h
[0.499s] -- Up-to-date symlink: /home/pengchang/ws/install/interfaces/include/interfaces/msg/detail/debug_armors__type_support.h
[0.499s] -- Up-to-date symlink: /home/pengchang/ws/install/interfaces/include/interfaces/msg/detail/debug_light__functions.h
[0.499s] -- Up-to-date symlink: /home/pengchang/ws/install/interfaces/include/interfaces/msg/detail/debug_light__struct.h
[0.500s] -- Up-to-date symlink: /home/pengchang/ws/install/interfaces/include/interfaces/msg/detail/debug_light__type_support.h
[0.500s] -- Up-to-date symlink: /home/pengchang/ws/install/interfaces/include/interfaces/msg/detail/debug_lights__functions.h
[0.500s] -- Up-to-date symlink: /home/pengchang/ws/install/interfaces/include/interfaces/msg/detail/debug_lights__struct.h
[0.500s] -- Up-to-date symlink: /home/pengchang/ws/install/interfaces/include/interfaces/msg/detail/debug_lights__type_support.h
[0.500s] -- Up-to-date symlink: /home/pengchang/ws/install/interfaces/include/interfaces/msg/detail/spin_info__functions.h
[0.500s] -- Up-to-date symlink: /home/pengchang/ws/install/interfaces/include/interfaces/msg/detail/spin_info__struct.h
[0.500s] -- Up-to-date symlink: /home/pengchang/ws/install/interfaces/include/interfaces/msg/detail/spin_info__type_support.h
[0.501s] -- Up-to-date symlink: /home/pengchang/ws/install/interfaces/include/interfaces/msg/detail/target__functions.h
[0.501s] -- Up-to-date symlink: /home/pengchang/ws/install/interfaces/include/interfaces/msg/detail/target__struct.h
[0.501s] -- Up-to-date symlink: /home/pengchang/ws/install/interfaces/include/interfaces/msg/detail/target__type_support.h
[0.502s] -- Up-to-date symlink: /home/pengchang/ws/install/interfaces/include/interfaces/msg/rosidl_generator_c__visibility_control.h
[0.502s] -- Up-to-date symlink: /home/pengchang/ws/install/interfaces/include/interfaces/msg/spin_info.h
[0.502s] -- Up-to-date symlink: /home/pengchang/ws/install/interfaces/include/interfaces/msg/target.h
[0.502s] -- Up-to-date symlink: /home/pengchang/ws/install/interfaces/share/interfaces/environment/library_path.sh
[0.502s] -- Up-to-date symlink: /home/pengchang/ws/install/interfaces/share/interfaces/environment/library_path.dsv
[0.502s] -- Up-to-date symlink: /home/pengchang/ws/install/interfaces/include/interfaces/msg/detail/armor__rosidl_typesupport_fastrtps_c.h
[0.502s] -- Up-to-date symlink: /home/pengchang/ws/install/interfaces/include/interfaces/msg/detail/armors__rosidl_typesupport_fastrtps_c.h
[0.502s] -- Up-to-date symlink: /home/pengchang/ws/install/interfaces/include/interfaces/msg/detail/debug_armor__rosidl_typesupport_fastrtps_c.h
[0.502s] -- Up-to-date symlink: /home/pengchang/ws/install/interfaces/include/interfaces/msg/detail/debug_armors__rosidl_typesupport_fastrtps_c.h
[0.502s] -- Up-to-date symlink: /home/pengchang/ws/install/interfaces/include/interfaces/msg/detail/debug_light__rosidl_typesupport_fastrtps_c.h
[0.502s] -- Up-to-date symlink: /home/pengchang/ws/install/interfaces/include/interfaces/msg/detail/debug_lights__rosidl_typesupport_fastrtps_c.h
[0.502s] -- Up-to-date symlink: /home/pengchang/ws/install/interfaces/include/interfaces/msg/detail/spin_info__rosidl_typesupport_fastrtps_c.h
[0.502s] -- Up-to-date symlink: /home/pengchang/ws/install/interfaces/include/interfaces/msg/detail/target__rosidl_typesupport_fastrtps_c.h
[0.503s] -- Up-to-date symlink: /home/pengchang/ws/install/interfaces/include/interfaces/msg/rosidl_typesupport_fastrtps_c__visibility_control.h
[0.503s] -- Up-to-date symlink: /home/pengchang/ws/install/interfaces/lib/libinterfaces__rosidl_typesupport_fastrtps_c.so
[0.503s] -- Up-to-date symlink: /home/pengchang/ws/install/interfaces/include/interfaces/msg/detail/armor__rosidl_typesupport_fastrtps_cpp.hpp
[0.503s] -- Up-to-date symlink: /home/pengchang/ws/install/interfaces/include/interfaces/msg/detail/armors__rosidl_typesupport_fastrtps_cpp.hpp
[0.503s] -- Up-to-date symlink: /home/pengchang/ws/install/interfaces/include/interfaces/msg/detail/debug_armor__rosidl_typesupport_fastrtps_cpp.hpp
[0.503s] -- Up-to-date symlink: /home/pengchang/ws/install/interfaces/include/interfaces/msg/detail/debug_armors__rosidl_typesupport_fastrtps_cpp.hpp
[0.503s] -- Up-to-date symlink: /home/pengchang/ws/install/interfaces/include/interfaces/msg/detail/debug_light__rosidl_typesupport_fastrtps_cpp.hpp
[0.503s] -- Up-to-date symlink: /home/pengchang/ws/install/interfaces/include/interfaces/msg/detail/debug_lights__rosidl_typesupport_fastrtps_cpp.hpp
[0.503s] -- Up-to-date symlink: /home/pengchang/ws/install/interfaces/include/interfaces/msg/detail/spin_info__rosidl_typesupport_fastrtps_cpp.hpp
[0.504s] -- Up-to-date symlink: /home/pengchang/ws/install/interfaces/include/interfaces/msg/detail/target__rosidl_typesupport_fastrtps_cpp.hpp
[0.504s] -- Up-to-date symlink: /home/pengchang/ws/install/interfaces/include/interfaces/msg/rosidl_typesupport_fastrtps_cpp__visibility_control.h
[0.504s] -- Up-to-date symlink: /home/pengchang/ws/install/interfaces/lib/libinterfaces__rosidl_typesupport_fastrtps_cpp.so
[0.504s] -- Up-to-date symlink: /home/pengchang/ws/install/interfaces/include/interfaces/msg/detail/armor__rosidl_typesupport_introspection_c.h
[0.505s] -- Up-to-date symlink: /home/pengchang/ws/install/interfaces/include/interfaces/msg/detail/armors__rosidl_typesupport_introspection_c.h
[0.505s] -- Up-to-date symlink: /home/pengchang/ws/install/interfaces/include/interfaces/msg/detail/debug_armor__rosidl_typesupport_introspection_c.h
[0.505s] -- Up-to-date symlink: /home/pengchang/ws/install/interfaces/include/interfaces/msg/detail/debug_armors__rosidl_typesupport_introspection_c.h
[0.505s] -- Up-to-date symlink: /home/pengchang/ws/install/interfaces/include/interfaces/msg/detail/debug_light__rosidl_typesupport_introspection_c.h
[0.505s] -- Up-to-date symlink: /home/pengchang/ws/install/interfaces/include/interfaces/msg/detail/debug_lights__rosidl_typesupport_introspection_c.h
[0.505s] -- Up-to-date symlink: /home/pengchang/ws/install/interfaces/include/interfaces/msg/detail/spin_info__rosidl_typesupport_introspection_c.h
[0.505s] -- Up-to-date symlink: /home/pengchang/ws/install/interfaces/include/interfaces/msg/detail/target__rosidl_typesupport_introspection_c.h
[0.505s] -- Up-to-date symlink: /home/pengchang/ws/install/interfaces/include/interfaces/msg/rosidl_typesupport_introspection_c__visibility_control.h
[0.506s] -- Up-to-date symlink: /home/pengchang/ws/install/interfaces/include/interfaces/msg/armor.hpp
[0.506s] -- Up-to-date symlink: /home/pengchang/ws/install/interfaces/include/interfaces/msg/armors.hpp
[0.506s] -- Up-to-date symlink: /home/pengchang/ws/install/interfaces/include/interfaces/msg/debug_armor.hpp
[0.506s] -- Up-to-date symlink: /home/pengchang/ws/install/interfaces/include/interfaces/msg/debug_armors.hpp
[0.506s] -- Up-to-date symlink: /home/pengchang/ws/install/interfaces/include/interfaces/msg/debug_light.hpp
[0.506s] -- Up-to-date symlink: /home/pengchang/ws/install/interfaces/include/interfaces/msg/debug_lights.hpp
[0.507s] -- Up-to-date symlink: /home/pengchang/ws/install/interfaces/include/interfaces/msg/detail/armor__builder.hpp
[0.507s] -- Up-to-date symlink: /home/pengchang/ws/install/interfaces/include/interfaces/msg/detail/armor__struct.hpp
[0.507s] -- Up-to-date symlink: /home/pengchang/ws/install/interfaces/include/interfaces/msg/detail/armor__traits.hpp
[0.507s] -- Up-to-date symlink: /home/pengchang/ws/install/interfaces/include/interfaces/msg/detail/armors__builder.hpp
[0.507s] -- Up-to-date symlink: /home/pengchang/ws/install/interfaces/include/interfaces/msg/detail/armors__struct.hpp
[0.507s] -- Up-to-date symlink: /home/pengchang/ws/install/interfaces/include/interfaces/msg/detail/armors__traits.hpp
[0.507s] -- Up-to-date symlink: /home/pengchang/ws/install/interfaces/include/interfaces/msg/detail/debug_armor__builder.hpp
[0.507s] -- Up-to-date symlink: /home/pengchang/ws/install/interfaces/include/interfaces/msg/detail/debug_armor__struct.hpp
[0.507s] -- Up-to-date symlink: /home/pengchang/ws/install/interfaces/include/interfaces/msg/detail/debug_armor__traits.hpp
[0.507s] -- Up-to-date symlink: /home/pengchang/ws/install/interfaces/include/interfaces/msg/detail/debug_armors__builder.hpp
[0.508s] -- Up-to-date symlink: /home/pengchang/ws/install/interfaces/include/interfaces/msg/detail/debug_armors__struct.hpp
[0.508s] -- Up-to-date symlink: /home/pengchang/ws/install/interfaces/include/interfaces/msg/detail/debug_armors__traits.hpp
[0.508s] -- Up-to-date symlink: /home/pengchang/ws/install/interfaces/include/interfaces/msg/detail/debug_light__builder.hpp
[0.508s] -- Up-to-date symlink: /home/pengchang/ws/install/interfaces/include/interfaces/msg/detail/debug_light__struct.hpp
[0.508s] -- Up-to-date symlink: /home/pengchang/ws/install/interfaces/include/interfaces/msg/detail/debug_light__traits.hpp
[0.508s] -- Up-to-date symlink: /home/pengchang/ws/install/interfaces/include/interfaces/msg/detail/debug_lights__builder.hpp
[0.508s] -- Up-to-date symlink: /home/pengchang/ws/install/interfaces/include/interfaces/msg/detail/debug_lights__struct.hpp
[0.508s] -- Up-to-date symlink: /home/pengchang/ws/install/interfaces/include/interfaces/msg/detail/debug_lights__traits.hpp
[0.509s] -- Up-to-date symlink: /home/pengchang/ws/install/interfaces/include/interfaces/msg/detail/spin_info__builder.hpp
[0.509s] -- Up-to-date symlink: /home/pengchang/ws/install/interfaces/include/interfaces/msg/detail/spin_info__struct.hpp
[0.509s] -- Up-to-date symlink: /home/pengchang/ws/install/interfaces/include/interfaces/msg/detail/spin_info__traits.hpp
[0.509s] -- Up-to-date symlink: /home/pengchang/ws/install/interfaces/include/interfaces/msg/detail/target__builder.hpp
[0.509s] -- Up-to-date symlink: /home/pengchang/ws/install/interfaces/include/interfaces/msg/detail/target__struct.hpp
[0.509s] -- Up-to-date symlink: /home/pengchang/ws/install/interfaces/include/interfaces/msg/detail/target__traits.hpp
[0.509s] -- Up-to-date symlink: /home/pengchang/ws/install/interfaces/include/interfaces/msg/spin_info.hpp
[0.509s] -- Up-to-date symlink: /home/pengchang/ws/install/interfaces/include/interfaces/msg/target.hpp
[0.510s] -- Up-to-date symlink: /home/pengchang/ws/install/interfaces/include/interfaces/msg/detail/armor__rosidl_typesupport_introspection_cpp.hpp
[0.510s] -- Up-to-date symlink: /home/pengchang/ws/install/interfaces/include/interfaces/msg/detail/armors__rosidl_typesupport_introspection_cpp.hpp
[0.510s] -- Up-to-date symlink: /home/pengchang/ws/install/interfaces/include/interfaces/msg/detail/debug_armor__rosidl_typesupport_introspection_cpp.hpp
[0.510s] -- Up-to-date symlink: /home/pengchang/ws/install/interfaces/include/interfaces/msg/detail/debug_armors__rosidl_typesupport_introspection_cpp.hpp
[0.511s] -- Up-to-date symlink: /home/pengchang/ws/install/interfaces/include/interfaces/msg/detail/debug_light__rosidl_typesupport_introspection_cpp.hpp
[0.511s] -- Up-to-date symlink: /home/pengchang/ws/install/interfaces/include/interfaces/msg/detail/debug_lights__rosidl_typesupport_introspection_cpp.hpp
[0.511s] -- Up-to-date symlink: /home/pengchang/ws/install/interfaces/include/interfaces/msg/detail/spin_info__rosidl_typesupport_introspection_cpp.hpp
[0.511s] -- Up-to-date symlink: /home/pengchang/ws/install/interfaces/include/interfaces/msg/detail/target__rosidl_typesupport_introspection_cpp.hpp
[0.511s] -- Up-to-date symlink: /home/pengchang/ws/install/interfaces/share/interfaces/environment/pythonpath.sh
[0.511s] -- Up-to-date symlink: /home/pengchang/ws/install/interfaces/share/interfaces/environment/pythonpath.dsv
[0.511s] -- Up-to-date symlink: /home/pengchang/ws/install/interfaces/lib/python3.8/site-packages/interfaces/__init__.py
[0.512s] -- Up-to-date symlink: /home/pengchang/ws/install/interfaces/lib/python3.8/site-packages/interfaces/msg/__init__.py
[0.512s] -- Up-to-date symlink: /home/pengchang/ws/install/interfaces/lib/python3.8/site-packages/interfaces/msg/_armor.py
[0.512s] -- Up-to-date symlink: /home/pengchang/ws/install/interfaces/lib/python3.8/site-packages/interfaces/msg/_armors.py
[0.512s] -- Up-to-date symlink: /home/pengchang/ws/install/interfaces/lib/python3.8/site-packages/interfaces/msg/_debug_armor.py
[0.512s] -- Up-to-date symlink: /home/pengchang/ws/install/interfaces/lib/python3.8/site-packages/interfaces/msg/_debug_armors.py
[0.512s] -- Up-to-date symlink: /home/pengchang/ws/install/interfaces/lib/python3.8/site-packages/interfaces/msg/_debug_light.py
[0.512s] -- Up-to-date symlink: /home/pengchang/ws/install/interfaces/lib/python3.8/site-packages/interfaces/msg/_debug_lights.py
[0.513s] -- Up-to-date symlink: /home/pengchang/ws/install/interfaces/lib/python3.8/site-packages/interfaces/msg/_spin_info.py
[0.513s] -- Up-to-date symlink: /home/pengchang/ws/install/interfaces/lib/python3.8/site-packages/interfaces/msg/_target.py
[0.514s] -- Up-to-date symlink: /home/pengchang/ws/install/interfaces/lib/python3.8/site-packages/interfaces/interfaces_s__rosidl_typesupport_fastrtps_c.cpython-38-x86_64-linux-gnu.so
[0.514s] -- Up-to-date symlink: /home/pengchang/ws/install/interfaces/lib/python3.8/site-packages/interfaces/interfaces_s__rosidl_typesupport_introspection_c.cpython-38-x86_64-linux-gnu.so
[0.514s] -- Up-to-date symlink: /home/pengchang/ws/install/interfaces/lib/python3.8/site-packages/interfaces/interfaces_s__rosidl_typesupport_c.cpython-38-x86_64-linux-gnu.so
[0.514s] -- Up-to-date symlink: /home/pengchang/ws/install/interfaces/lib/libinterfaces__python.so
[0.514s] -- Up-to-date symlink: /home/pengchang/ws/install/interfaces/share/interfaces/msg/Armor.idl
[0.514s] -- Up-to-date symlink: /home/pengchang/ws/install/interfaces/share/interfaces/msg/Armors.idl
[0.514s] -- Up-to-date symlink: /home/pengchang/ws/install/interfaces/share/interfaces/msg/Target.idl
[0.514s] -- Up-to-date symlink: /home/pengchang/ws/install/interfaces/share/interfaces/msg/DebugLight.idl
[0.515s] -- Up-to-date symlink: /home/pengchang/ws/install/interfaces/share/interfaces/msg/DebugLights.idl
[0.515s] -- Up-to-date symlink: /home/pengchang/ws/install/interfaces/share/interfaces/msg/DebugArmor.idl
[0.515s] -- Up-to-date symlink: /home/pengchang/ws/install/interfaces/share/interfaces/msg/DebugArmors.idl
[0.515s] -- Up-to-date symlink: /home/pengchang/ws/install/interfaces/share/interfaces/msg/SpinInfo.idl
[0.515s] -- Up-to-date symlink: /home/pengchang/ws/install/interfaces/share/interfaces/msg/Armor.msg
[0.516s] -- Up-to-date symlink: /home/pengchang/ws/install/interfaces/share/interfaces/msg/Armors.msg
[0.516s] -- Up-to-date symlink: /home/pengchang/ws/install/interfaces/share/interfaces/msg/Target.msg
[0.516s] -- Up-to-date symlink: /home/pengchang/ws/install/interfaces/share/interfaces/msg/DebugLight.msg
[0.516s] -- Up-to-date symlink: /home/pengchang/ws/install/interfaces/share/interfaces/msg/DebugLights.msg
[0.516s] -- Up-to-date symlink: /home/pengchang/ws/install/interfaces/share/interfaces/msg/DebugArmor.msg
[0.516s] -- Up-to-date symlink: /home/pengchang/ws/install/interfaces/share/interfaces/msg/DebugArmors.msg
[0.517s] -- Up-to-date symlink: /home/pengchang/ws/install/interfaces/share/interfaces/msg/SpinInfo.msg
[0.517s] -- Up-to-date symlink: /home/pengchang/ws/install/interfaces/share/ament_index/resource_index/package_run_dependencies/interfaces
[0.517s] -- Up-to-date symlink: /home/pengchang/ws/install/interfaces/share/ament_index/resource_index/parent_prefix_path/interfaces
[0.517s] -- Up-to-date symlink: /home/pengchang/ws/install/interfaces/share/interfaces/environment/ament_prefix_path.sh
[0.517s] -- Up-to-date symlink: /home/pengchang/ws/install/interfaces/share/interfaces/environment/ament_prefix_path.dsv
[0.518s] -- Up-to-date symlink: /home/pengchang/ws/install/interfaces/share/interfaces/environment/path.sh
[0.518s] -- Up-to-date symlink: /home/pengchang/ws/install/interfaces/share/interfaces/environment/path.dsv
[0.518s] -- Up-to-date symlink: /home/pengchang/ws/install/interfaces/share/interfaces/local_setup.bash
[0.518s] -- Up-to-date symlink: /home/pengchang/ws/install/interfaces/share/interfaces/local_setup.sh
[0.518s] -- Up-to-date symlink: /home/pengchang/ws/install/interfaces/share/interfaces/local_setup.zsh
[0.518s] -- Up-to-date symlink: /home/pengchang/ws/install/interfaces/share/interfaces/local_setup.dsv
[0.519s] -- Symlinking: /home/pengchang/ws/install/interfaces/share/interfaces/package.dsv
[0.531s] -- Up-to-date symlink: /home/pengchang/ws/install/interfaces/share/ament_index/resource_index/packages/interfaces
[0.531s] -- Up-to-date symlink: /home/pengchang/ws/install/interfaces/share/interfaces/cmake/rosidl_cmake-extras.cmake
[0.531s] -- Up-to-date symlink: /home/pengchang/ws/install/interfaces/share/interfaces/cmake/ament_cmake_export_dependencies-extras.cmake
[0.531s] -- Up-to-date symlink: /home/pengchang/ws/install/interfaces/share/interfaces/cmake/ament_cmake_export_libraries-extras.cmake
[0.532s] -- Up-to-date symlink: /home/pengchang/ws/install/interfaces/share/interfaces/cmake/ament_cmake_export_targets-extras.cmake
[0.532s] -- Up-to-date symlink: /home/pengchang/ws/install/interfaces/share/interfaces/cmake/ament_cmake_export_include_directories-extras.cmake
[0.532s] -- Up-to-date symlink: /home/pengchang/ws/install/interfaces/share/interfaces/cmake/rosidl_cmake_export_typesupport_libraries-extras.cmake
[0.532s] -- Up-to-date symlink: /home/pengchang/ws/install/interfaces/share/interfaces/cmake/rosidl_cmake_export_typesupport_targets-extras.cmake
[0.532s] -- Up-to-date symlink: /home/pengchang/ws/install/interfaces/share/interfaces/cmake/interfacesConfig.cmake
[0.532s] -- Up-to-date symlink: /home/pengchang/ws/install/interfaces/share/interfaces/cmake/interfacesConfig-version.cmake
[0.533s] -- Up-to-date symlink: /home/pengchang/ws/install/interfaces/share/interfaces/package.xml
[0.533s] -- Up-to-date: /home/pengchang/ws/install/interfaces/lib/libinterfaces__rosidl_generator_c.so
[0.533s] -- Up-to-date: /home/pengchang/ws/install/interfaces/lib/libinterfaces__rosidl_typesupport_introspection_c.so
[0.533s] -- Up-to-date: /home/pengchang/ws/install/interfaces/lib/libinterfaces__rosidl_typesupport_c.so
[0.533s] -- Up-to-date: /home/pengchang/ws/install/interfaces/lib/libinterfaces__rosidl_typesupport_introspection_cpp.so
[0.534s] -- Up-to-date: /home/pengchang/ws/install/interfaces/lib/libinterfaces__rosidl_typesupport_cpp.so
[0.574s] -- Up-to-date: /home/pengchang/ws/install/interfaces/share/interfaces/cmake/interfaces__rosidl_generator_cExport.cmake
[0.574s] -- Up-to-date: /home/pengchang/ws/install/interfaces/share/interfaces/cmake/interfaces__rosidl_generator_cExport-noconfig.cmake
[0.574s] -- Up-to-date: /home/pengchang/ws/install/interfaces/share/interfaces/cmake/interfaces__rosidl_typesupport_introspection_cExport.cmake
[0.574s] -- Up-to-date: /home/pengchang/ws/install/interfaces/share/interfaces/cmake/interfaces__rosidl_typesupport_introspection_cExport-noconfig.cmake
[0.574s] -- Up-to-date: /home/pengchang/ws/install/interfaces/share/interfaces/cmake/interfaces__rosidl_typesupport_cExport.cmake
[0.574s] -- Up-to-date: /home/pengchang/ws/install/interfaces/share/interfaces/cmake/interfaces__rosidl_typesupport_cExport-noconfig.cmake
[0.574s] -- Up-to-date: /home/pengchang/ws/install/interfaces/share/interfaces/cmake/interfaces__rosidl_generator_cppExport.cmake
[0.575s] -- Up-to-date: /home/pengchang/ws/install/interfaces/share/interfaces/cmake/interfaces__rosidl_typesupport_introspection_cppExport.cmake
[0.575s] -- Up-to-date: /home/pengchang/ws/install/interfaces/share/interfaces/cmake/interfaces__rosidl_typesupport_introspection_cppExport-noconfig.cmake
[0.575s] -- Up-to-date: /home/pengchang/ws/install/interfaces/share/interfaces/cmake/interfaces__rosidl_typesupport_cppExport.cmake
[0.575s] -- Up-to-date: /home/pengchang/ws/install/interfaces/share/interfaces/cmake/interfaces__rosidl_typesupport_cppExport-noconfig.cmake
[0.578s] Invoked command in '/home/pengchang/ws/build/interfaces' returned '0': CMAKE_PREFIX_PATH=${CMAKE_PREFIX_PATH}:/opt/ros/galactic /usr/bin/cmake --install /home/pengchang/ws/build/interfaces
