[0.015s] Invoking command in '/home/pengchang/ws/build/vision': AMENT_PREFIX_PATH=/home/pengchang/ws/install/interfaces:${AMENT_PREFIX_PATH} CMAKE_PREFIX_PATH=/home/pengchang/ws/install/interfaces:/opt/ros/galactic LD_LIBRARY_PATH=/home/pengchang/ws/install/interfaces/lib:${LD_LIBRARY_PATH} PYTHONPATH=/home/pengchang/ws/install/interfaces/lib/python3.8/site-packages:${PYTHONPATH} /usr/bin/cmake /home/pengchang/ws/src/vision -DAMENT_CMAKE_SYMLINK_INSTALL=1 -DCMAKE_INSTALL_PREFIX=/home/pengchang/ws/install/vision
[0.030s] -- Found ament_cmake_auto: 1.1.5 (/opt/ros/galactic/share/ament_cmake_auto/cmake)
[0.052s] -- Using PYTHON_EXECUTABLE: /usr/bin/python3
[0.104s] -- Override CMake install command with custom implementation using symlinks instead of copying resources
[0.178s] -- Using all available rosidl_typesupport_c: rosidl_typesupport_fastrtps_c;rosidl_typesupport_introspection_c
[0.183s] -- Found rosidl_adapter: 2.2.2 (/opt/ros/galactic/share/rosidl_adapter/cmake)
[0.316s] -- Using all available rosidl_typesupport_cpp: rosidl_typesupport_fastrtps_cpp;rosidl_typesupport_introspection_cpp
[0.413s] -- Found rmw_implementation_cmake: 3.3.1 (/opt/ros/galactic/share/rmw_implementation_cmake/cmake)
[0.415s] -- Found rmw_cyclonedds_cpp: 0.22.5 (/opt/ros/galactic/share/rmw_cyclonedds_cpp/cmake)
[0.440s] -- Using RMW implementation 'rmw_cyclonedds_cpp' as default
[1.005s] -- Found eigen3_cmake_module: 0.1.1 (/opt/ros/galactic/share/eigen3_cmake_module/cmake)
[1.387s] -- Found ament_lint_auto: 0.10.7 (/opt/ros/galactic/share/ament_lint_auto/cmake)
[1.401s] -- Found ament_cmake_gtest: 1.1.5 (/opt/ros/galactic/share/ament_cmake_gtest/cmake)
[1.410s] -- Added test 'cppcheck' to perform static code analysis on C / C++ code
[1.410s] -- Configured cppcheck include dirs: /home/pengchang/ws/src/vision/include
[1.410s] -- Configured cppcheck exclude dirs and/or files: 
[1.411s] -- Added test 'cpplint' to check C / C++ code against the Google style
[1.411s] -- Configured cpplint exclude dirs and/or files: 
[1.411s] -- Added test 'flake8' to check Python code syntax and style conventions
[1.412s] -- Added test 'lint_cmake' to check CMake code style
[1.412s] -- Added test 'pep257' to check Python code against some of the style conventions in PEP 257
[1.412s] -- Added test 'xmllint' to check XML markup files
[1.418s] -- Configuring done
[1.457s] -- Generating done
[1.459s] -- Build files have been written to: /home/pengchang/ws/build/vision
[1.469s] Invoked command in '/home/pengchang/ws/build/vision' returned '0': AMENT_PREFIX_PATH=/home/pengchang/ws/install/interfaces:${AMENT_PREFIX_PATH} CMAKE_PREFIX_PATH=/home/pengchang/ws/install/interfaces:/opt/ros/galactic LD_LIBRARY_PATH=/home/pengchang/ws/install/interfaces/lib:${LD_LIBRARY_PATH} PYTHONPATH=/home/pengchang/ws/install/interfaces/lib/python3.8/site-packages:${PYTHONPATH} /usr/bin/cmake /home/pengchang/ws/src/vision -DAMENT_CMAKE_SYMLINK_INSTALL=1 -DCMAKE_INSTALL_PREFIX=/home/pengchang/ws/install/vision
[1.474s] Invoking command in '/home/pengchang/ws/build/vision': AMENT_PREFIX_PATH=/home/pengchang/ws/install/interfaces:${AMENT_PREFIX_PATH} CMAKE_PREFIX_PATH=/home/pengchang/ws/install/interfaces:/opt/ros/galactic LD_LIBRARY_PATH=/home/pengchang/ws/install/interfaces/lib:${LD_LIBRARY_PATH} PYTHONPATH=/home/pengchang/ws/install/interfaces/lib/python3.8/site-packages:${PYTHONPATH} /usr/bin/cmake --build /home/pengchang/ws/build/vision -- -j8 -l8
[1.542s] [ 20%] Built target camera_node
[1.547s] [ 40%] Built target processor_node
[1.550s] [ 60%] Built target detector_node
[1.556s] [100%] Built target vision
[1.578s] Invoked command in '/home/pengchang/ws/build/vision' returned '0': AMENT_PREFIX_PATH=/home/pengchang/ws/install/interfaces:${AMENT_PREFIX_PATH} CMAKE_PREFIX_PATH=/home/pengchang/ws/install/interfaces:/opt/ros/galactic LD_LIBRARY_PATH=/home/pengchang/ws/install/interfaces/lib:${LD_LIBRARY_PATH} PYTHONPATH=/home/pengchang/ws/install/interfaces/lib/python3.8/site-packages:${PYTHONPATH} /usr/bin/cmake --build /home/pengchang/ws/build/vision -- -j8 -l8
[1.628s] Invoking command in '/home/pengchang/ws/build/vision': AMENT_PREFIX_PATH=/home/pengchang/ws/install/interfaces:${AMENT_PREFIX_PATH} CMAKE_PREFIX_PATH=/home/pengchang/ws/install/interfaces:/opt/ros/galactic LD_LIBRARY_PATH=/home/pengchang/ws/install/interfaces/lib:${LD_LIBRARY_PATH} PYTHONPATH=/home/pengchang/ws/install/interfaces/lib/python3.8/site-packages:${PYTHONPATH} /usr/bin/cmake --install /home/pengchang/ws/build/vision
[1.640s] -- Install configuration: ""
[1.640s] -- Execute custom install script
[1.641s] -- Up-to-date symlink: /home/pengchang/ws/install/vision/lib/vision/camera_node
[1.641s] -- Up-to-date symlink: /home/pengchang/ws/install/vision/lib/vision/detector_node
[1.641s] -- Up-to-date symlink: /home/pengchang/ws/install/vision/lib/vision/processor_node
[1.641s] -- Up-to-date symlink: /home/pengchang/ws/install/vision/share/vision/environment/library_path.sh
[1.641s] -- Up-to-date symlink: /home/pengchang/ws/install/vision/share/vision/environment/library_path.dsv
[1.642s] -- Up-to-date symlink: /home/pengchang/ws/install/vision/lib/libvision.so
[1.642s] -- Up-to-date symlink: /home/pengchang/ws/install/vision/share/vision/config/camera_info.yaml
[1.642s] -- Up-to-date symlink: /home/pengchang/ws/install/vision/share/vision/config/camera_params.yaml
[1.643s] -- Up-to-date symlink: /home/pengchang/ws/install/vision/share/vision/config/default.yaml
[1.643s] -- Up-to-date symlink: /home/pengchang/ws/install/vision/share/vision/launch/launch.py
[1.643s] -- Up-to-date symlink: /home/pengchang/ws/install/vision/share/ament_index/resource_index/package_run_dependencies/vision
[1.643s] -- Up-to-date symlink: /home/pengchang/ws/install/vision/share/ament_index/resource_index/parent_prefix_path/vision
[1.644s] -- Up-to-date symlink: /home/pengchang/ws/install/vision/share/vision/environment/ament_prefix_path.sh
[1.644s] -- Up-to-date symlink: /home/pengchang/ws/install/vision/share/vision/environment/ament_prefix_path.dsv
[1.644s] -- Up-to-date symlink: /home/pengchang/ws/install/vision/share/vision/environment/path.sh
[1.644s] -- Up-to-date symlink: /home/pengchang/ws/install/vision/share/vision/environment/path.dsv
[1.644s] -- Up-to-date symlink: /home/pengchang/ws/install/vision/share/vision/local_setup.bash
[1.645s] -- Up-to-date symlink: /home/pengchang/ws/install/vision/share/vision/local_setup.sh
[1.645s] -- Up-to-date symlink: /home/pengchang/ws/install/vision/share/vision/local_setup.zsh
[1.645s] -- Up-to-date symlink: /home/pengchang/ws/install/vision/share/vision/local_setup.dsv
[1.645s] -- Symlinking: /home/pengchang/ws/install/vision/share/vision/package.dsv
[1.653s] -- Up-to-date symlink: /home/pengchang/ws/install/vision/share/ament_index/resource_index/packages/vision
[1.653s] -- Up-to-date symlink: /home/pengchang/ws/install/vision/share/ament_index/resource_index/rclcpp_components/vision
[1.653s] -- Up-to-date symlink: /home/pengchang/ws/install/vision/share/vision/cmake/ament_cmake_export_dependencies-extras.cmake
[1.654s] -- Up-to-date symlink: /home/pengchang/ws/install/vision/share/vision/cmake/ament_cmake_export_include_directories-extras.cmake
[1.654s] -- Up-to-date symlink: /home/pengchang/ws/install/vision/share/vision/cmake/ament_cmake_export_libraries-extras.cmake
[1.655s] -- Up-to-date symlink: /home/pengchang/ws/install/vision/share/vision/cmake/visionConfig.cmake
[1.655s] -- Up-to-date symlink: /home/pengchang/ws/install/vision/share/vision/cmake/visionConfig-version.cmake
[1.656s] -- Up-to-date symlink: /home/pengchang/ws/install/vision/share/vision/package.xml
[1.662s] Invoked command in '/home/pengchang/ws/build/vision' returned '0': AMENT_PREFIX_PATH=/home/pengchang/ws/install/interfaces:${AMENT_PREFIX_PATH} CMAKE_PREFIX_PATH=/home/pengchang/ws/install/interfaces:/opt/ros/galactic LD_LIBRARY_PATH=/home/pengchang/ws/install/interfaces/lib:${LD_LIBRARY_PATH} PYTHONPATH=/home/pengchang/ws/install/interfaces/lib/python3.8/site-packages:${PYTHONPATH} /usr/bin/cmake --install /home/pengchang/ws/build/vision
