[0.031s] Invoking command in '/home/pengchang/ws/build/bringup': CMAKE_PREFIX_PATH=/home/pengchang/ws/install/vision:/home/pengchang/ws/install/interfaces:/home/pengchang/ws/install/description:/home/pengchang/ws/install/bringup:/home/pengchang/ws/install/rm_description:/opt/ros/galactic /usr/bin/cmake --build /home/pengchang/ws/build/bringup -- -j8 -l8
[0.078s] Invoked command in '/home/pengchang/ws/build/bringup' returned '0': CMAKE_PREFIX_PATH=/home/pengchang/ws/install/vision:/home/pengchang/ws/install/interfaces:/home/pengchang/ws/install/description:/home/pengchang/ws/install/bringup:/home/pengchang/ws/install/rm_description:/opt/ros/galactic /usr/bin/cmake --build /home/pengchang/ws/build/bringup -- -j8 -l8
[0.113s] Invoking command in '/home/pengchang/ws/build/bringup': CMAKE_PREFIX_PATH=/home/pengchang/ws/install/vision:/home/pengchang/ws/install/interfaces:/home/pengchang/ws/install/description:/home/pengchang/ws/install/bringup:/home/pengchang/ws/install/rm_description:/opt/ros/galactic /usr/bin/cmake --install /home/pengchang/ws/build/bringup
[0.124s] -- Install configuration: ""
[0.125s] -- Execute custom install script
[0.127s] -- Up-to-date symlink: /home/pengchang/ws/install/bringup/share/bringup/launch/launch.py
[0.127s] -- Up-to-date symlink: /home/pengchang/ws/install/bringup/share/bringup/config/camera_info.yaml
[0.128s] -- Up-to-date symlink: /home/pengchang/ws/install/bringup/share/bringup/config/params.yaml
[0.128s] -- Up-to-date symlink: /home/pengchang/ws/install/bringup/share/ament_index/resource_index/package_run_dependencies/bringup
[0.128s] -- Up-to-date symlink: /home/pengchang/ws/install/bringup/share/ament_index/resource_index/parent_prefix_path/bringup
[0.129s] -- Up-to-date symlink: /home/pengchang/ws/install/bringup/share/bringup/environment/ament_prefix_path.sh
[0.129s] -- Up-to-date symlink: /home/pengchang/ws/install/bringup/share/bringup/environment/ament_prefix_path.dsv
[0.130s] -- Up-to-date symlink: /home/pengchang/ws/install/bringup/share/bringup/environment/path.sh
[0.130s] -- Up-to-date symlink: /home/pengchang/ws/install/bringup/share/bringup/environment/path.dsv
[0.130s] -- Up-to-date symlink: /home/pengchang/ws/install/bringup/share/bringup/local_setup.bash
[0.131s] -- Up-to-date symlink: /home/pengchang/ws/install/bringup/share/bringup/local_setup.sh
[0.131s] -- Up-to-date symlink: /home/pengchang/ws/install/bringup/share/bringup/local_setup.zsh
[0.132s] -- Up-to-date symlink: /home/pengchang/ws/install/bringup/share/bringup/local_setup.dsv
[0.132s] -- Symlinking: /home/pengchang/ws/install/bringup/share/bringup/package.dsv
[0.145s] -- Up-to-date symlink: /home/pengchang/ws/install/bringup/share/ament_index/resource_index/packages/bringup
[0.145s] -- Up-to-date symlink: /home/pengchang/ws/install/bringup/share/bringup/cmake/ament_cmake_export_include_directories-extras.cmake
[0.146s] -- Up-to-date symlink: /home/pengchang/ws/install/bringup/share/bringup/cmake/bringupConfig.cmake
[0.146s] -- Up-to-date symlink: /home/pengchang/ws/install/bringup/share/bringup/cmake/bringupConfig-version.cmake
[0.146s] -- Up-to-date symlink: /home/pengchang/ws/install/bringup/share/bringup/package.xml
[0.154s] Invoked command in '/home/pengchang/ws/build/bringup' returned '0': CMAKE_PREFIX_PATH=/home/pengchang/ws/install/vision:/home/pengchang/ws/install/interfaces:/home/pengchang/ws/install/description:/home/pengchang/ws/install/bringup:/home/pengchang/ws/install/rm_description:/opt/ros/galactic /usr/bin/cmake --install /home/pengchang/ws/build/bringup
