[0.030s] Invoking command in '/home/pengchang/ws/build/vision': CMAKE_PREFIX_PATH=/home/pengchang/ws/install/interfaces:/home/pengchang/ws/install/vision:/home/pengchang/ws/install/rm_description:/home/pengchang/ws/install/description:/opt/ros/galactic LD_LIBRARY_PATH=/home/pengchang/ws/install/interfaces/lib:/home/pengchang/ws/install/vision/lib:/opt/ros/galactic/opt/yaml_cpp_vendor/lib:/opt/ros/galactic/opt/rviz_ogre_vendor/lib:/opt/ros/galactic/lib/x86_64-linux-gnu:/opt/ros/galactic/lib /usr/bin/cmake --build /home/pengchang/ws/build/vision -- -j8 -l8
[0.099s] [35m[1mScanning dependencies of target vision[0m
[0.108s] [ 20%] Built target processor_node
[0.119s] [ 60%] Built target detector_node
[0.119s] [ 60%] Built target camera_node
[0.155s] [ 70%] [32mBuilding CXX object CMakeFiles/vision.dir/src/detector_node.cpp.o[0m
[12.346s] [ 80%] [32m[1mLinking CXX shared library libvision.so[0m
[13.737s] [100%] Built target vision
[13.756s] Invoked command in '/home/pengchang/ws/build/vision' returned '0': CMAKE_PREFIX_PATH=/home/pengchang/ws/install/interfaces:/home/pengchang/ws/install/vision:/home/pengchang/ws/install/rm_description:/home/pengchang/ws/install/description:/opt/ros/galactic LD_LIBRARY_PATH=/home/pengchang/ws/install/interfaces/lib:/home/pengchang/ws/install/vision/lib:/opt/ros/galactic/opt/yaml_cpp_vendor/lib:/opt/ros/galactic/opt/rviz_ogre_vendor/lib:/opt/ros/galactic/lib/x86_64-linux-gnu:/opt/ros/galactic/lib /usr/bin/cmake --build /home/pengchang/ws/build/vision -- -j8 -l8
[13.828s] Invoking command in '/home/pengchang/ws/build/vision': CMAKE_PREFIX_PATH=/home/pengchang/ws/install/interfaces:/home/pengchang/ws/install/vision:/home/pengchang/ws/install/rm_description:/home/pengchang/ws/install/description:/opt/ros/galactic LD_LIBRARY_PATH=/home/pengchang/ws/install/interfaces/lib:/home/pengchang/ws/install/vision/lib:/opt/ros/galactic/opt/yaml_cpp_vendor/lib:/opt/ros/galactic/opt/rviz_ogre_vendor/lib:/opt/ros/galactic/lib/x86_64-linux-gnu:/opt/ros/galactic/lib /usr/bin/cmake --install /home/pengchang/ws/build/vision
[13.841s] -- Install configuration: ""
[13.842s] -- Execute custom install script
[13.843s] -- Up-to-date symlink: /home/pengchang/ws/install/vision/lib/vision/camera_node
[13.843s] -- Up-to-date symlink: /home/pengchang/ws/install/vision/lib/vision/detector_node
[13.844s] -- Up-to-date symlink: /home/pengchang/ws/install/vision/lib/vision/processor_node
[13.844s] -- Up-to-date symlink: /home/pengchang/ws/install/vision/share/vision/environment/library_path.sh
[13.844s] -- Up-to-date symlink: /home/pengchang/ws/install/vision/share/vision/environment/library_path.dsv
[13.844s] -- Up-to-date symlink: /home/pengchang/ws/install/vision/lib/libvision.so
[13.845s] -- Up-to-date symlink: /home/pengchang/ws/install/vision/share/vision/config/camera_info.yaml
[13.845s] -- Up-to-date symlink: /home/pengchang/ws/install/vision/share/vision/config/camera_params.yaml
[13.846s] -- Up-to-date symlink: /home/pengchang/ws/install/vision/share/vision/config/default.yaml
[13.846s] -- Up-to-date symlink: /home/pengchang/ws/install/vision/share/vision/launch/launch.py
[13.846s] -- Up-to-date symlink: /home/pengchang/ws/install/vision/share/ament_index/resource_index/package_run_dependencies/vision
[13.846s] -- Up-to-date symlink: /home/pengchang/ws/install/vision/share/ament_index/resource_index/parent_prefix_path/vision
[13.846s] -- Up-to-date symlink: /home/pengchang/ws/install/vision/share/vision/environment/ament_prefix_path.sh
[13.847s] -- Up-to-date symlink: /home/pengchang/ws/install/vision/share/vision/environment/ament_prefix_path.dsv
[13.847s] -- Up-to-date symlink: /home/pengchang/ws/install/vision/share/vision/environment/path.sh
[13.847s] -- Up-to-date symlink: /home/pengchang/ws/install/vision/share/vision/environment/path.dsv
[13.847s] -- Up-to-date symlink: /home/pengchang/ws/install/vision/share/vision/local_setup.bash
[13.847s] -- Up-to-date symlink: /home/pengchang/ws/install/vision/share/vision/local_setup.sh
[13.847s] -- Up-to-date symlink: /home/pengchang/ws/install/vision/share/vision/local_setup.zsh
[13.848s] -- Up-to-date symlink: /home/pengchang/ws/install/vision/share/vision/local_setup.dsv
[13.848s] -- Symlinking: /home/pengchang/ws/install/vision/share/vision/package.dsv
[13.858s] -- Up-to-date symlink: /home/pengchang/ws/install/vision/share/ament_index/resource_index/packages/vision
[13.858s] -- Up-to-date symlink: /home/pengchang/ws/install/vision/share/ament_index/resource_index/rclcpp_components/vision
[13.859s] -- Up-to-date symlink: /home/pengchang/ws/install/vision/share/vision/cmake/ament_cmake_export_dependencies-extras.cmake
[13.859s] -- Up-to-date symlink: /home/pengchang/ws/install/vision/share/vision/cmake/ament_cmake_export_include_directories-extras.cmake
[13.859s] -- Up-to-date symlink: /home/pengchang/ws/install/vision/share/vision/cmake/ament_cmake_export_libraries-extras.cmake
[13.860s] -- Up-to-date symlink: /home/pengchang/ws/install/vision/share/vision/cmake/visionConfig.cmake
[13.860s] -- Up-to-date symlink: /home/pengchang/ws/install/vision/share/vision/cmake/visionConfig-version.cmake
[13.860s] -- Up-to-date symlink: /home/pengchang/ws/install/vision/share/vision/package.xml
[13.865s] Invoked command in '/home/pengchang/ws/build/vision' returned '0': CMAKE_PREFIX_PATH=/home/pengchang/ws/install/interfaces:/home/pengchang/ws/install/vision:/home/pengchang/ws/install/rm_description:/home/pengchang/ws/install/description:/opt/ros/galactic LD_LIBRARY_PATH=/home/pengchang/ws/install/interfaces/lib:/home/pengchang/ws/install/vision/lib:/opt/ros/galactic/opt/yaml_cpp_vendor/lib:/opt/ros/galactic/opt/rviz_ogre_vendor/lib:/opt/ros/galactic/lib/x86_64-linux-gnu:/opt/ros/galactic/lib /usr/bin/cmake --install /home/pengchang/ws/build/vision
