[0.020s] Invoking command in '/home/pengchang/ws/build/vision': CMAKE_PREFIX_PATH=${CMAKE_PREFIX_PATH}:/opt/ros/galactic /usr/bin/cmake --build /home/pengchang/ws/build/vision -- -j8 -l8
[0.093s] [35m[1mScanning dependencies of target vision[0m
[0.107s] [ 25%] Built target camera_node
[0.110s] [ 50%] Built target detector_node
[0.132s] [ 62%] [32mBuilding CXX object CMakeFiles/vision.dir/src/detector_node.cpp.o[0m
[10.604s] [ 75%] [32m[1mLinking CXX shared library libvision.so[0m
[11.335s] [100%] Built target vision
[11.351s] Invoked command in '/home/pengchang/ws/build/vision' returned '0': CMAKE_PREFIX_PATH=${CMAKE_PREFIX_PATH}:/opt/ros/galactic /usr/bin/cmake --build /home/pengchang/ws/build/vision -- -j8 -l8
[11.418s] Invoking command in '/home/pengchang/ws/build/vision': CMAKE_PREFIX_PATH=${CMAKE_PREFIX_PATH}:/opt/ros/galactic /usr/bin/cmake --install /home/pengchang/ws/build/vision
[11.430s] -- Install configuration: ""
[11.431s] -- Execute custom install script
[11.432s] -- Up-to-date symlink: /home/pengchang/ws/install/vision/lib/vision/camera_node
[11.433s] -- Up-to-date symlink: /home/pengchang/ws/install/vision/lib/vision/detector_node
[11.433s] -- Up-to-date symlink: /home/pengchang/ws/install/vision/share/vision/environment/library_path.sh
[11.434s] -- Up-to-date symlink: /home/pengchang/ws/install/vision/share/vision/environment/library_path.dsv
[11.434s] -- Up-to-date symlink: /home/pengchang/ws/install/vision/lib/libvision.so
[11.434s] -- Up-to-date symlink: /home/pengchang/ws/install/vision/share/vision/config/camera_info.yaml
[11.434s] -- Up-to-date symlink: /home/pengchang/ws/install/vision/share/vision/config/camera_params.yaml
[11.435s] -- Up-to-date symlink: /home/pengchang/ws/install/vision/share/vision/config/default.yaml
[11.435s] -- Up-to-date symlink: /home/pengchang/ws/install/vision/share/vision/launch/launch.py
[11.435s] -- Up-to-date symlink: /home/pengchang/ws/install/vision/share/ament_index/resource_index/package_run_dependencies/vision
[11.435s] -- Up-to-date symlink: /home/pengchang/ws/install/vision/share/ament_index/resource_index/parent_prefix_path/vision
[11.435s] -- Up-to-date symlink: /home/pengchang/ws/install/vision/share/vision/environment/ament_prefix_path.sh
[11.436s] -- Up-to-date symlink: /home/pengchang/ws/install/vision/share/vision/environment/ament_prefix_path.dsv
[11.436s] -- Up-to-date symlink: /home/pengchang/ws/install/vision/share/vision/environment/path.sh
[11.436s] -- Up-to-date symlink: /home/pengchang/ws/install/vision/share/vision/environment/path.dsv
[11.436s] -- Up-to-date symlink: /home/pengchang/ws/install/vision/share/vision/local_setup.bash
[11.436s] -- Up-to-date symlink: /home/pengchang/ws/install/vision/share/vision/local_setup.sh
[11.437s] -- Up-to-date symlink: /home/pengchang/ws/install/vision/share/vision/local_setup.zsh
[11.437s] -- Up-to-date symlink: /home/pengchang/ws/install/vision/share/vision/local_setup.dsv
[11.437s] -- Symlinking: /home/pengchang/ws/install/vision/share/vision/package.dsv
[11.451s] -- Up-to-date symlink: /home/pengchang/ws/install/vision/share/ament_index/resource_index/packages/vision
[11.451s] -- Up-to-date symlink: /home/pengchang/ws/install/vision/share/ament_index/resource_index/rclcpp_components/vision
[11.452s] -- Up-to-date symlink: /home/pengchang/ws/install/vision/share/vision/cmake/ament_cmake_export_dependencies-extras.cmake
[11.452s] -- Up-to-date symlink: /home/pengchang/ws/install/vision/share/vision/cmake/ament_cmake_export_include_directories-extras.cmake
[11.453s] -- Up-to-date symlink: /home/pengchang/ws/install/vision/share/vision/cmake/ament_cmake_export_libraries-extras.cmake
[11.453s] -- Up-to-date symlink: /home/pengchang/ws/install/vision/share/vision/cmake/visionConfig.cmake
[11.453s] -- Up-to-date symlink: /home/pengchang/ws/install/vision/share/vision/cmake/visionConfig-version.cmake
[11.454s] -- Up-to-date symlink: /home/pengchang/ws/install/vision/share/vision/package.xml
[11.458s] Invoked command in '/home/pengchang/ws/build/vision' returned '0': CMAKE_PREFIX_PATH=${CMAKE_PREFIX_PATH}:/opt/ros/galactic /usr/bin/cmake --install /home/pengchang/ws/build/vision
