[0.026s] Invoking command in '/home/pengchang/ws/build/vision': CMAKE_PREFIX_PATH=${CMAKE_PREFIX_PATH}:/opt/ros/galactic /usr/bin/cmake --build /home/pengchang/ws/build/vision -- -j8 -l8
[0.116s] [35m[1mScanning dependencies of target vision[0m
[0.134s] [ 28%] Built target detector_node
[0.139s] [ 57%] Built target camera_node
[0.186s] [ 71%] [32mBuilding CXX object CMakeFiles/vision.dir/src/detector_node.cpp.o[0m
[11.690s] [ 85%] [32m[1mLinking CXX shared library libvision.so[0m
[12.370s] [100%] Built target vision
[12.381s] Invoked command in '/home/pengchang/ws/build/vision' returned '0': CMAKE_PREFIX_PATH=${CMAKE_PREFIX_PATH}:/opt/ros/galactic /usr/bin/cmake --build /home/pengchang/ws/build/vision -- -j8 -l8
[12.452s] Invoking command in '/home/pengchang/ws/build/vision': CMAKE_PREFIX_PATH=${CMAKE_PREFIX_PATH}:/opt/ros/galactic /usr/bin/cmake --install /home/pengchang/ws/build/vision
[12.466s] -- Install configuration: ""
[12.466s] -- Execute custom install script
[12.467s] -- Up-to-date symlink: /home/pengchang/ws/install/vision/lib/vision/camera_node
[12.468s] -- Up-to-date symlink: /home/pengchang/ws/install/vision/lib/vision/detector_node
[12.468s] -- Up-to-date symlink: /home/pengchang/ws/install/vision/share/vision/environment/library_path.sh
[12.468s] -- Up-to-date symlink: /home/pengchang/ws/install/vision/share/vision/environment/library_path.dsv
[12.468s] -- Up-to-date symlink: /home/pengchang/ws/install/vision/lib/libvision.so
[12.469s] -- Up-to-date symlink: /home/pengchang/ws/install/vision/share/vision/config/camera_info.yaml
[12.469s] -- Up-to-date symlink: /home/pengchang/ws/install/vision/share/vision/config/camera_params.yaml
[12.469s] -- Up-to-date symlink: /home/pengchang/ws/install/vision/share/vision/config/default.yaml
[12.469s] -- Up-to-date symlink: /home/pengchang/ws/install/vision/share/vision/launch/launch.py
[12.469s] -- Up-to-date symlink: /home/pengchang/ws/install/vision/share/ament_index/resource_index/package_run_dependencies/vision
[12.469s] -- Up-to-date symlink: /home/pengchang/ws/install/vision/share/ament_index/resource_index/parent_prefix_path/vision
[12.470s] -- Up-to-date symlink: /home/pengchang/ws/install/vision/share/vision/environment/ament_prefix_path.sh
[12.470s] -- Up-to-date symlink: /home/pengchang/ws/install/vision/share/vision/environment/ament_prefix_path.dsv
[12.470s] -- Up-to-date symlink: /home/pengchang/ws/install/vision/share/vision/environment/path.sh
[12.470s] -- Up-to-date symlink: /home/pengchang/ws/install/vision/share/vision/environment/path.dsv
[12.470s] -- Up-to-date symlink: /home/pengchang/ws/install/vision/share/vision/local_setup.bash
[12.470s] -- Up-to-date symlink: /home/pengchang/ws/install/vision/share/vision/local_setup.sh
[12.471s] -- Up-to-date symlink: /home/pengchang/ws/install/vision/share/vision/local_setup.zsh
[12.471s] -- Up-to-date symlink: /home/pengchang/ws/install/vision/share/vision/local_setup.dsv
[12.471s] -- Symlinking: /home/pengchang/ws/install/vision/share/vision/package.dsv
[12.484s] -- Up-to-date symlink: /home/pengchang/ws/install/vision/share/ament_index/resource_index/packages/vision
[12.484s] -- Up-to-date symlink: /home/pengchang/ws/install/vision/share/ament_index/resource_index/rclcpp_components/vision
[12.485s] -- Up-to-date symlink: /home/pengchang/ws/install/vision/share/vision/cmake/ament_cmake_export_dependencies-extras.cmake
[12.485s] -- Up-to-date symlink: /home/pengchang/ws/install/vision/share/vision/cmake/ament_cmake_export_include_directories-extras.cmake
[12.486s] -- Up-to-date symlink: /home/pengchang/ws/install/vision/share/vision/cmake/ament_cmake_export_libraries-extras.cmake
[12.486s] -- Up-to-date symlink: /home/pengchang/ws/install/vision/share/vision/cmake/visionConfig.cmake
[12.486s] -- Up-to-date symlink: /home/pengchang/ws/install/vision/share/vision/cmake/visionConfig-version.cmake
[12.487s] -- Up-to-date symlink: /home/pengchang/ws/install/vision/share/vision/package.xml
[12.491s] Invoked command in '/home/pengchang/ws/build/vision' returned '0': CMAKE_PREFIX_PATH=${CMAKE_PREFIX_PATH}:/opt/ros/galactic /usr/bin/cmake --install /home/pengchang/ws/build/vision
