[0.026s] Invoking command in '/home/pengchang/ws/build/description': CMAKE_PREFIX_PATH=/opt/ros/galactic /usr/bin/cmake /home/pengchang/ws/src/description -DAMENT_CMAKE_SYMLINK_INSTALL=1 -DCMAKE_INSTALL_PREFIX=/home/pengchang/ws/install/description
[0.050s] -- Found ament_cmake: 1.1.5 (/opt/ros/galactic/share/ament_cmake/cmake)
[0.076s] -- Using PYTHON_EXECUTABLE: /usr/bin/python3
[0.142s] -- Override CMake install command with custom implementation using symlinks instead of copying resources
[0.164s] -- Found ament_lint_auto: 0.10.7 (/opt/ros/galactic/share/ament_lint_auto/cmake)
[0.238s] -- Added test 'flake8' to check Python code syntax and style conventions
[0.238s] -- Added test 'lint_cmake' to check CMake code style
[0.238s] -- Added test 'pep257' to check Python code against some of the style conventions in PEP 257
[0.239s] -- Added test 'xmllint' to check XML markup files
[0.241s] -- Configuring done
[0.246s] -- Generating done
[0.247s] -- Build files have been written to: /home/pengchang/ws/build/description
[0.251s] Invoked command in '/home/pengchang/ws/build/description' returned '0': CMAKE_PREFIX_PATH=/opt/ros/galactic /usr/bin/cmake /home/pengchang/ws/src/description -DAMENT_CMAKE_SYMLINK_INSTALL=1 -DCMAKE_INSTALL_PREFIX=/home/pengchang/ws/install/description
[0.255s] Invoking command in '/home/pengchang/ws/build/description': CMAKE_PREFIX_PATH=/opt/ros/galactic /usr/bin/cmake --build /home/pengchang/ws/build/description -- -j8 -l8
[0.304s] Invoked command in '/home/pengchang/ws/build/description' returned '0': CMAKE_PREFIX_PATH=/opt/ros/galactic /usr/bin/cmake --build /home/pengchang/ws/build/description -- -j8 -l8
[0.351s] Invoking command in '/home/pengchang/ws/build/description': CMAKE_PREFIX_PATH=/opt/ros/galactic /usr/bin/cmake --install /home/pengchang/ws/build/description
[0.357s] -- Install configuration: ""
[0.357s] -- Execute custom install script
[0.359s] -- Up-to-date symlink: /home/pengchang/ws/install/description/share/description/launch/view_model.launch.py
[0.359s] -- Up-to-date symlink: /home/pengchang/ws/install/description/share/description/launch/view_model.rviz
[0.359s] -- Up-to-date symlink: /home/pengchang/ws/install/description/share/description/meshes/camera_base_link.STL
[0.360s] -- Up-to-date symlink: /home/pengchang/ws/install/description/share/description/meshes/pitch_link.STL
[0.360s] -- Up-to-date symlink: /home/pengchang/ws/install/description/share/description/meshes/yaw_link.STL
[0.360s] -- Up-to-date symlink: /home/pengchang/ws/install/description/share/description/urdf/gimbal.urdf.xacro
[0.360s] -- Up-to-date symlink: /home/pengchang/ws/install/description/share/ament_index/resource_index/package_run_dependencies/description
[0.361s] -- Up-to-date symlink: /home/pengchang/ws/install/description/share/ament_index/resource_index/parent_prefix_path/description
[0.361s] -- Up-to-date symlink: /home/pengchang/ws/install/description/share/description/environment/ament_prefix_path.sh
[0.361s] -- Up-to-date symlink: /home/pengchang/ws/install/description/share/description/environment/ament_prefix_path.dsv
[0.361s] -- Up-to-date symlink: /home/pengchang/ws/install/description/share/description/environment/path.sh
[0.361s] -- Up-to-date symlink: /home/pengchang/ws/install/description/share/description/environment/path.dsv
[0.361s] -- Up-to-date symlink: /home/pengchang/ws/install/description/share/description/local_setup.bash
[0.361s] -- Up-to-date symlink: /home/pengchang/ws/install/description/share/description/local_setup.sh
[0.361s] -- Up-to-date symlink: /home/pengchang/ws/install/description/share/description/local_setup.zsh
[0.362s] -- Up-to-date symlink: /home/pengchang/ws/install/description/share/description/local_setup.dsv
[0.362s] -- Symlinking: /home/pengchang/ws/install/description/share/description/package.dsv
[0.368s] -- Up-to-date symlink: /home/pengchang/ws/install/description/share/ament_index/resource_index/packages/description
[0.369s] -- Up-to-date symlink: /home/pengchang/ws/install/description/share/description/cmake/descriptionConfig.cmake
[0.369s] -- Up-to-date symlink: /home/pengchang/ws/install/description/share/description/cmake/descriptionConfig-version.cmake
[0.369s] -- Up-to-date symlink: /home/pengchang/ws/install/description/share/description/package.xml
[0.373s] Invoked command in '/home/pengchang/ws/build/description' returned '0': CMAKE_PREFIX_PATH=/opt/ros/galactic /usr/bin/cmake --install /home/pengchang/ws/build/description
