[0.019s] Invoking command in '/home/pengchang/ws/build/vision': CMAKE_PREFIX_PATH=${CMAKE_PREFIX_PATH}:/opt/ros/galactic /usr/bin/cmake --build /home/pengchang/ws/build/vision -- -j8 -l8
[0.094s] [35m[1mScanning dependencies of target vision[0m
[0.098s] [ 25%] Built target camera_node
[0.103s] [ 50%] Built target detector_node
[0.158s] [ 62%] [32mBuilding CXX object CMakeFiles/vision.dir/src/detector_node.cpp.o[0m
[10.664s] [ 75%] [32m[1mLinking CXX shared library libvision.so[0m
[11.403s] [100%] Built target vision
[11.422s] Invoked command in '/home/pengchang/ws/build/vision' returned '0': CMAKE_PREFIX_PATH=${CMAKE_PREFIX_PATH}:/opt/ros/galactic /usr/bin/cmake --build /home/pengchang/ws/build/vision -- -j8 -l8
[11.487s] Invoking command in '/home/pengchang/ws/build/vision': CMAKE_PREFIX_PATH=${CMAKE_PREFIX_PATH}:/opt/ros/galactic /usr/bin/cmake --install /home/pengchang/ws/build/vision
[11.493s] -- Install configuration: ""
[11.494s] -- Execute custom install script
[11.495s] -- Up-to-date symlink: /home/pengchang/ws/install/vision/lib/vision/camera_node
[11.495s] -- Up-to-date symlink: /home/pengchang/ws/install/vision/lib/vision/detector_node
[11.496s] -- Up-to-date symlink: /home/pengchang/ws/install/vision/share/vision/environment/library_path.sh
[11.497s] -- Up-to-date symlink: /home/pengchang/ws/install/vision/share/vision/environment/library_path.dsv
[11.497s] -- Up-to-date symlink: /home/pengchang/ws/install/vision/lib/libvision.so
[11.498s] -- Up-to-date symlink: /home/pengchang/ws/install/vision/share/vision/config/camera_info.yaml
[11.498s] -- Up-to-date symlink: /home/pengchang/ws/install/vision/share/vision/config/camera_params.yaml
[11.499s] -- Up-to-date symlink: /home/pengchang/ws/install/vision/share/vision/config/default.yaml
[11.499s] -- Up-to-date symlink: /home/pengchang/ws/install/vision/share/vision/launch/launch.py
[11.500s] -- Up-to-date symlink: /home/pengchang/ws/install/vision/share/ament_index/resource_index/package_run_dependencies/vision
[11.500s] -- Up-to-date symlink: /home/pengchang/ws/install/vision/share/ament_index/resource_index/parent_prefix_path/vision
[11.501s] -- Up-to-date symlink: /home/pengchang/ws/install/vision/share/vision/environment/ament_prefix_path.sh
[11.501s] -- Up-to-date symlink: /home/pengchang/ws/install/vision/share/vision/environment/ament_prefix_path.dsv
[11.502s] -- Up-to-date symlink: /home/pengchang/ws/install/vision/share/vision/environment/path.sh
[11.502s] -- Up-to-date symlink: /home/pengchang/ws/install/vision/share/vision/environment/path.dsv
[11.502s] -- Up-to-date symlink: /home/pengchang/ws/install/vision/share/vision/local_setup.bash
[11.503s] -- Up-to-date symlink: /home/pengchang/ws/install/vision/share/vision/local_setup.sh
[11.503s] -- Up-to-date symlink: /home/pengchang/ws/install/vision/share/vision/local_setup.zsh
[11.504s] -- Up-to-date symlink: /home/pengchang/ws/install/vision/share/vision/local_setup.dsv
[11.504s] -- Symlinking: /home/pengchang/ws/install/vision/share/vision/package.dsv
[11.519s] -- Up-to-date symlink: /home/pengchang/ws/install/vision/share/ament_index/resource_index/packages/vision
[11.519s] -- Up-to-date symlink: /home/pengchang/ws/install/vision/share/ament_index/resource_index/rclcpp_components/vision
[11.519s] -- Up-to-date symlink: /home/pengchang/ws/install/vision/share/vision/cmake/ament_cmake_export_dependencies-extras.cmake
[11.520s] -- Up-to-date symlink: /home/pengchang/ws/install/vision/share/vision/cmake/ament_cmake_export_include_directories-extras.cmake
[11.520s] -- Up-to-date symlink: /home/pengchang/ws/install/vision/share/vision/cmake/ament_cmake_export_libraries-extras.cmake
[11.521s] -- Up-to-date symlink: /home/pengchang/ws/install/vision/share/vision/cmake/visionConfig.cmake
[11.522s] -- Up-to-date symlink: /home/pengchang/ws/install/vision/share/vision/cmake/visionConfig-version.cmake
[11.522s] -- Up-to-date symlink: /home/pengchang/ws/install/vision/share/vision/package.xml
[11.526s] Invoked command in '/home/pengchang/ws/build/vision' returned '0': CMAKE_PREFIX_PATH=${CMAKE_PREFIX_PATH}:/opt/ros/galactic /usr/bin/cmake --install /home/pengchang/ws/build/vision
