[0.029s] Invoking command in '/home/pengchang/ws/build/vision': CMAKE_PREFIX_PATH=${CMAKE_PREFIX_PATH}:/opt/ros/galactic /usr/bin/cmake --build /home/pengchang/ws/build/vision -- -j8 -l8
[0.105s] [35m[1mScanning dependencies of target vision[0m
[0.124s] [ 28%] Built target camera_node
[0.128s] [ 57%] Built target detector_node
[0.171s] [ 71%] [32mBuilding CXX object CMakeFiles/vision.dir/src/detector_node.cpp.o[0m
[12.368s] [ 85%] [32m[1mLinking CXX shared library libvision.so[0m
[13.081s] [100%] Built target vision
[13.098s] Invoked command in '/home/pengchang/ws/build/vision' returned '0': CMAKE_PREFIX_PATH=${CMAKE_PREFIX_PATH}:/opt/ros/galactic /usr/bin/cmake --build /home/pengchang/ws/build/vision -- -j8 -l8
[13.164s] Invoking command in '/home/pengchang/ws/build/vision': CMAKE_PREFIX_PATH=${CMAKE_PREFIX_PATH}:/opt/ros/galactic /usr/bin/cmake --install /home/pengchang/ws/build/vision
[13.176s] -- Install configuration: ""
[13.176s] -- Execute custom install script
[13.176s] -- Up-to-date symlink: /home/pengchang/ws/install/vision/lib/vision/camera_node
[13.176s] -- Up-to-date symlink: /home/pengchang/ws/install/vision/lib/vision/detector_node
[13.177s] -- Up-to-date symlink: /home/pengchang/ws/install/vision/share/vision/environment/library_path.sh
[13.177s] -- Up-to-date symlink: /home/pengchang/ws/install/vision/share/vision/environment/library_path.dsv
[13.177s] -- Up-to-date symlink: /home/pengchang/ws/install/vision/lib/libvision.so
[13.178s] -- Up-to-date symlink: /home/pengchang/ws/install/vision/share/vision/config/camera_info.yaml
[13.178s] -- Up-to-date symlink: /home/pengchang/ws/install/vision/share/vision/config/camera_params.yaml
[13.178s] -- Up-to-date symlink: /home/pengchang/ws/install/vision/share/vision/config/default.yaml
[13.178s] -- Up-to-date symlink: /home/pengchang/ws/install/vision/share/vision/launch/launch.py
[13.178s] -- Up-to-date symlink: /home/pengchang/ws/install/vision/share/ament_index/resource_index/package_run_dependencies/vision
[13.178s] -- Up-to-date symlink: /home/pengchang/ws/install/vision/share/ament_index/resource_index/parent_prefix_path/vision
[13.179s] -- Up-to-date symlink: /home/pengchang/ws/install/vision/share/vision/environment/ament_prefix_path.sh
[13.179s] -- Up-to-date symlink: /home/pengchang/ws/install/vision/share/vision/environment/ament_prefix_path.dsv
[13.179s] -- Up-to-date symlink: /home/pengchang/ws/install/vision/share/vision/environment/path.sh
[13.179s] -- Up-to-date symlink: /home/pengchang/ws/install/vision/share/vision/environment/path.dsv
[13.179s] -- Up-to-date symlink: /home/pengchang/ws/install/vision/share/vision/local_setup.bash
[13.179s] -- Up-to-date symlink: /home/pengchang/ws/install/vision/share/vision/local_setup.sh
[13.180s] -- Up-to-date symlink: /home/pengchang/ws/install/vision/share/vision/local_setup.zsh
[13.180s] -- Up-to-date symlink: /home/pengchang/ws/install/vision/share/vision/local_setup.dsv
[13.180s] -- Symlinking: /home/pengchang/ws/install/vision/share/vision/package.dsv
[13.197s] -- Up-to-date symlink: /home/pengchang/ws/install/vision/share/ament_index/resource_index/packages/vision
[13.197s] -- Up-to-date symlink: /home/pengchang/ws/install/vision/share/ament_index/resource_index/rclcpp_components/vision
[13.198s] -- Up-to-date symlink: /home/pengchang/ws/install/vision/share/vision/cmake/ament_cmake_export_dependencies-extras.cmake
[13.198s] -- Up-to-date symlink: /home/pengchang/ws/install/vision/share/vision/cmake/ament_cmake_export_include_directories-extras.cmake
[13.198s] -- Up-to-date symlink: /home/pengchang/ws/install/vision/share/vision/cmake/ament_cmake_export_libraries-extras.cmake
[13.199s] -- Up-to-date symlink: /home/pengchang/ws/install/vision/share/vision/cmake/visionConfig.cmake
[13.200s] -- Up-to-date symlink: /home/pengchang/ws/install/vision/share/vision/cmake/visionConfig-version.cmake
[13.200s] -- Up-to-date symlink: /home/pengchang/ws/install/vision/share/vision/package.xml
[13.204s] Invoked command in '/home/pengchang/ws/build/vision' returned '0': CMAKE_PREFIX_PATH=${CMAKE_PREFIX_PATH}:/opt/ros/galactic /usr/bin/cmake --install /home/pengchang/ws/build/vision
