-- Found ament_cmake: 1.1.5 (/opt/ros/galactic/share/ament_cmake/cmake)
-- Found PythonInterp: /usr/bin/python3 (found suitable version "3.8.10", minimum required is "3") 
-- Using PYTHON_EXECUTABLE: /usr/bin/python3
-- Found rosidl_default_generators: 1.1.1 (/opt/ros/galactic/share/rosidl_default_generators/cmake)
-- Using all available rosidl_typesupport_c: rosidl_typesupport_fastrtps_c;rosidl_typesupport_introspection_c
-- Found rosidl_adapter: 2.2.2 (/opt/ros/galactic/share/rosidl_adapter/cmake)
-- Using all available rosidl_typesupport_cpp: rosidl_typesupport_fastrtps_cpp;rosidl_typesupport_introspection_cpp
-- Found geometry_msgs: 2.2.4 (/opt/ros/galactic/share/geometry_msgs/cmake)
-- Found PythonInterp: /usr/bin/python3 (found version "3.8.10") 
-- Found ament_cmake_ros: 0.9.2 (/opt/ros/galactic/share/ament_cmake_ros/cmake)
-- Using all available rosidl_typesupport_c: rosidl_typesupport_fastrtps_c;rosidl_typesupport_introspection_c
-- Using all available rosidl_typesupport_cpp: rosidl_typesupport_fastrtps_cpp;rosidl_typesupport_introspection_cpp
-- Found PythonInterp: /usr/bin/python3 (found suitable version "3.8.10", minimum required is "3.5") 
-- Found python_cmake_module: 0.8.1 (/opt/ros/galactic/share/python_cmake_module/cmake)
-- Using PYTHON_EXECUTABLE: /usr/bin/python3
-- Using PYTHON_INCLUDE_DIRS: /usr/include/python3.8
-- Using PYTHON_LIBRARIES: /usr/lib/x86_64-linux-gnu/libpython3.8.so
-- Configuring done
-- Generating done
-- Build files have been written to: /home/pengchang/ws/build/interfaces
[  1%] Built target interfaces__cpp
[ 12%] Built target interfaces__rosidl_generator_c
[ 24%] Built target interfaces__rosidl_typesupport_cpp
[ 40%] Built target interfaces__rosidl_typesupport_introspection_cpp
[ 47%] Built target interfaces__rosidl_typesupport_c
[ 58%] Built target interfaces__rosidl_typesupport_introspection_c
[ 70%] Built target interfaces__rosidl_typesupport_fastrtps_cpp
[ 81%] Built target interfaces__rosidl_typesupport_fastrtps_c
[ 81%] Built target interfaces
[ 82%] Built target interfaces__py
[ 93%] Built target interfaces__python
[ 95%] Built target interfaces__rosidl_typesupport_fastrtps_c__pyext
[ 97%] Built target interfaces__rosidl_typesupport_c__pyext
[100%] Built target interfaces__rosidl_typesupport_introspection_c__pyext
-- Install configuration: ""
-- Up-to-date: /home/pengchang/ws/install/interfaces/share/ament_index/resource_index/rosidl_interfaces/interfaces
-- Up-to-date: /home/pengchang/ws/install/interfaces/include/interfaces
-- Up-to-date: /home/pengchang/ws/install/interfaces/include/interfaces/msg
-- Up-to-date: /home/pengchang/ws/install/interfaces/include/interfaces/msg/debug_armors.h
-- Up-to-date: /home/pengchang/ws/install/interfaces/include/interfaces/msg/spin_info.h
-- Up-to-date: /home/pengchang/ws/install/interfaces/include/interfaces/msg/debug_light.h
-- Up-to-date: /home/pengchang/ws/install/interfaces/include/interfaces/msg/armors.h
-- Up-to-date: /home/pengchang/ws/install/interfaces/include/interfaces/msg/rosidl_generator_c__visibility_control.h
-- Up-to-date: /home/pengchang/ws/install/interfaces/include/interfaces/msg/armor.h
-- Up-to-date: /home/pengchang/ws/install/interfaces/include/interfaces/msg/debug_lights.h
-- Up-to-date: /home/pengchang/ws/install/interfaces/include/interfaces/msg/target.h
-- Up-to-date: /home/pengchang/ws/install/interfaces/include/interfaces/msg/detail
-- Up-to-date: /home/pengchang/ws/install/interfaces/include/interfaces/msg/detail/armor__functions.h
-- Up-to-date: /home/pengchang/ws/install/interfaces/include/interfaces/msg/detail/debug_light__functions.c
-- Up-to-date: /home/pengchang/ws/install/interfaces/include/interfaces/msg/detail/armor__type_support.h
-- Up-to-date: /home/pengchang/ws/install/interfaces/include/interfaces/msg/detail/armor__functions.c
-- Up-to-date: /home/pengchang/ws/install/interfaces/include/interfaces/msg/detail/armors__functions.c
-- Up-to-date: /home/pengchang/ws/install/interfaces/include/interfaces/msg/detail/armors__type_support.h
-- Up-to-date: /home/pengchang/ws/install/interfaces/include/interfaces/msg/detail/debug_armors__functions.h
-- Up-to-date: /home/pengchang/ws/install/interfaces/include/interfaces/msg/detail/debug_lights__functions.h
-- Up-to-date: /home/pengchang/ws/install/interfaces/include/interfaces/msg/detail/debug_light__type_support.h
-- Up-to-date: /home/pengchang/ws/install/interfaces/include/interfaces/msg/detail/spin_info__struct.h
-- Up-to-date: /home/pengchang/ws/install/interfaces/include/interfaces/msg/detail/debug_lights__struct.h
-- Up-to-date: /home/pengchang/ws/install/interfaces/include/interfaces/msg/detail/target__functions.c
-- Up-to-date: /home/pengchang/ws/install/interfaces/include/interfaces/msg/detail/target__type_support.h
-- Up-to-date: /home/pengchang/ws/install/interfaces/include/interfaces/msg/detail/armors__functions.h
-- Up-to-date: /home/pengchang/ws/install/interfaces/include/interfaces/msg/detail/debug_armor__functions.h
-- Up-to-date: /home/pengchang/ws/install/interfaces/include/interfaces/msg/detail/debug_armors__type_support.h
-- Up-to-date: /home/pengchang/ws/install/interfaces/include/interfaces/msg/detail/armors__struct.h
-- Up-to-date: /home/pengchang/ws/install/interfaces/include/interfaces/msg/detail/debug_armor__type_support.h
-- Up-to-date: /home/pengchang/ws/install/interfaces/include/interfaces/msg/detail/debug_light__struct.h
-- Up-to-date: /home/pengchang/ws/install/interfaces/include/interfaces/msg/detail/debug_armor__functions.c
-- Up-to-date: /home/pengchang/ws/install/interfaces/include/interfaces/msg/detail/target__struct.h
-- Up-to-date: /home/pengchang/ws/install/interfaces/include/interfaces/msg/detail/spin_info__functions.c
-- Up-to-date: /home/pengchang/ws/install/interfaces/include/interfaces/msg/detail/spin_info__functions.h
-- Up-to-date: /home/pengchang/ws/install/interfaces/include/interfaces/msg/detail/debug_armors__functions.c
-- Up-to-date: /home/pengchang/ws/install/interfaces/include/interfaces/msg/detail/target__functions.h
-- Up-to-date: /home/pengchang/ws/install/interfaces/include/interfaces/msg/detail/debug_armors__struct.h
-- Up-to-date: /home/pengchang/ws/install/interfaces/include/interfaces/msg/detail/spin_info__type_support.h
-- Up-to-date: /home/pengchang/ws/install/interfaces/include/interfaces/msg/detail/debug_lights__type_support.h
-- Up-to-date: /home/pengchang/ws/install/interfaces/include/interfaces/msg/detail/debug_lights__functions.c
-- Up-to-date: /home/pengchang/ws/install/interfaces/include/interfaces/msg/detail/debug_light__functions.h
-- Up-to-date: /home/pengchang/ws/install/interfaces/include/interfaces/msg/detail/armor__struct.h
-- Up-to-date: /home/pengchang/ws/install/interfaces/include/interfaces/msg/detail/debug_armor__struct.h
-- Up-to-date: /home/pengchang/ws/install/interfaces/include/interfaces/msg/debug_armor.h
-- Up-to-date: /home/pengchang/ws/install/interfaces/share/interfaces/environment/library_path.sh
-- Installing: /home/pengchang/ws/install/interfaces/share/interfaces/environment/library_path.dsv
-- Up-to-date: /home/pengchang/ws/install/interfaces/lib/libinterfaces__rosidl_generator_c.so
-- Up-to-date: /home/pengchang/ws/install/interfaces/include/interfaces
-- Up-to-date: /home/pengchang/ws/install/interfaces/include/interfaces/msg
-- Up-to-date: /home/pengchang/ws/install/interfaces/include/interfaces/msg/detail
-- Up-to-date: /home/pengchang/ws/install/interfaces/include/interfaces/msg/detail/debug_light__rosidl_typesupport_fastrtps_c.h
-- Up-to-date: /home/pengchang/ws/install/interfaces/include/interfaces/msg/detail/debug_armor__rosidl_typesupport_fastrtps_c.h
-- Up-to-date: /home/pengchang/ws/install/interfaces/include/interfaces/msg/detail/armors__rosidl_typesupport_fastrtps_c.h
-- Up-to-date: /home/pengchang/ws/install/interfaces/include/interfaces/msg/detail/spin_info__rosidl_typesupport_fastrtps_c.h
-- Up-to-date: /home/pengchang/ws/install/interfaces/include/interfaces/msg/detail/debug_armors__rosidl_typesupport_fastrtps_c.h
-- Up-to-date: /home/pengchang/ws/install/interfaces/include/interfaces/msg/detail/debug_lights__rosidl_typesupport_fastrtps_c.h
-- Up-to-date: /home/pengchang/ws/install/interfaces/include/interfaces/msg/detail/target__rosidl_typesupport_fastrtps_c.h
-- Up-to-date: /home/pengchang/ws/install/interfaces/include/interfaces/msg/detail/armor__rosidl_typesupport_fastrtps_c.h
-- Up-to-date: /home/pengchang/ws/install/interfaces/include/interfaces/msg/rosidl_typesupport_fastrtps_c__visibility_control.h
-- Up-to-date: /home/pengchang/ws/install/interfaces/lib/libinterfaces__rosidl_typesupport_fastrtps_c.so
-- Up-to-date: /home/pengchang/ws/install/interfaces/include/interfaces
-- Up-to-date: /home/pengchang/ws/install/interfaces/include/interfaces/msg
-- Up-to-date: /home/pengchang/ws/install/interfaces/include/interfaces/msg/detail
-- Up-to-date: /home/pengchang/ws/install/interfaces/include/interfaces/msg/detail/debug_armor__rosidl_typesupport_fastrtps_cpp.hpp
-- Up-to-date: /home/pengchang/ws/install/interfaces/include/interfaces/msg/detail/armors__rosidl_typesupport_fastrtps_cpp.hpp
-- Up-to-date: /home/pengchang/ws/install/interfaces/include/interfaces/msg/detail/debug_light__rosidl_typesupport_fastrtps_cpp.hpp
-- Up-to-date: /home/pengchang/ws/install/interfaces/include/interfaces/msg/detail/debug_lights__rosidl_typesupport_fastrtps_cpp.hpp
-- Up-to-date: /home/pengchang/ws/install/interfaces/include/interfaces/msg/detail/dds_fastrtps
-- Up-to-date: /home/pengchang/ws/install/interfaces/include/interfaces/msg/detail/target__rosidl_typesupport_fastrtps_cpp.hpp
-- Up-to-date: /home/pengchang/ws/install/interfaces/include/interfaces/msg/detail/armor__rosidl_typesupport_fastrtps_cpp.hpp
-- Up-to-date: /home/pengchang/ws/install/interfaces/include/interfaces/msg/detail/debug_armors__rosidl_typesupport_fastrtps_cpp.hpp
-- Up-to-date: /home/pengchang/ws/install/interfaces/include/interfaces/msg/detail/spin_info__rosidl_typesupport_fastrtps_cpp.hpp
-- Up-to-date: /home/pengchang/ws/install/interfaces/include/interfaces/msg/rosidl_typesupport_fastrtps_cpp__visibility_control.h
-- Up-to-date: /home/pengchang/ws/install/interfaces/lib/libinterfaces__rosidl_typesupport_fastrtps_cpp.so
-- Up-to-date: /home/pengchang/ws/install/interfaces/include/interfaces
-- Up-to-date: /home/pengchang/ws/install/interfaces/include/interfaces/msg
-- Up-to-date: /home/pengchang/ws/install/interfaces/include/interfaces/msg/rosidl_typesupport_introspection_c__visibility_control.h
-- Up-to-date: /home/pengchang/ws/install/interfaces/include/interfaces/msg/detail
-- Up-to-date: /home/pengchang/ws/install/interfaces/include/interfaces/msg/detail/target__type_support.c
-- Up-to-date: /home/pengchang/ws/install/interfaces/include/interfaces/msg/detail/debug_light__type_support.c
-- Up-to-date: /home/pengchang/ws/install/interfaces/include/interfaces/msg/detail/armors__type_support.c
-- Up-to-date: /home/pengchang/ws/install/interfaces/include/interfaces/msg/detail/debug_lights__type_support.c
-- Up-to-date: /home/pengchang/ws/install/interfaces/include/interfaces/msg/detail/debug_armor__rosidl_typesupport_introspection_c.h
-- Up-to-date: /home/pengchang/ws/install/interfaces/include/interfaces/msg/detail/target__rosidl_typesupport_introspection_c.h
-- Up-to-date: /home/pengchang/ws/install/interfaces/include/interfaces/msg/detail/debug_armor__type_support.c
-- Up-to-date: /home/pengchang/ws/install/interfaces/include/interfaces/msg/detail/debug_lights__rosidl_typesupport_introspection_c.h
-- Up-to-date: /home/pengchang/ws/install/interfaces/include/interfaces/msg/detail/spin_info__rosidl_typesupport_introspection_c.h
-- Up-to-date: /home/pengchang/ws/install/interfaces/include/interfaces/msg/detail/debug_light__rosidl_typesupport_introspection_c.h
-- Up-to-date: /home/pengchang/ws/install/interfaces/include/interfaces/msg/detail/spin_info__type_support.c
-- Up-to-date: /home/pengchang/ws/install/interfaces/include/interfaces/msg/detail/armors__rosidl_typesupport_introspection_c.h
-- Up-to-date: /home/pengchang/ws/install/interfaces/include/interfaces/msg/detail/armor__type_support.c
-- Up-to-date: /home/pengchang/ws/install/interfaces/include/interfaces/msg/detail/armor__rosidl_typesupport_introspection_c.h
-- Up-to-date: /home/pengchang/ws/install/interfaces/include/interfaces/msg/detail/debug_armors__rosidl_typesupport_introspection_c.h
-- Up-to-date: /home/pengchang/ws/install/interfaces/include/interfaces/msg/detail/debug_armors__type_support.c
-- Up-to-date: /home/pengchang/ws/install/interfaces/lib/libinterfaces__rosidl_typesupport_introspection_c.so
-- Up-to-date: /home/pengchang/ws/install/interfaces/lib/libinterfaces__rosidl_typesupport_c.so
-- Up-to-date: /home/pengchang/ws/install/interfaces/include/interfaces
-- Up-to-date: /home/pengchang/ws/install/interfaces/include/interfaces/msg
-- Up-to-date: /home/pengchang/ws/install/interfaces/include/interfaces/msg/armors.hpp
-- Up-to-date: /home/pengchang/ws/install/interfaces/include/interfaces/msg/debug_armor.hpp
-- Up-to-date: /home/pengchang/ws/install/interfaces/include/interfaces/msg/spin_info.hpp
-- Up-to-date: /home/pengchang/ws/install/interfaces/include/interfaces/msg/target.hpp
-- Up-to-date: /home/pengchang/ws/install/interfaces/include/interfaces/msg/armor.hpp
-- Up-to-date: /home/pengchang/ws/install/interfaces/include/interfaces/msg/detail
-- Up-to-date: /home/pengchang/ws/install/interfaces/include/interfaces/msg/detail/debug_armors__traits.hpp
-- Up-to-date: /home/pengchang/ws/install/interfaces/include/interfaces/msg/detail/armors__traits.hpp
-- Up-to-date: /home/pengchang/ws/install/interfaces/include/interfaces/msg/detail/armor__traits.hpp
-- Up-to-date: /home/pengchang/ws/install/interfaces/include/interfaces/msg/detail/debug_light__builder.hpp
-- Up-to-date: /home/pengchang/ws/install/interfaces/include/interfaces/msg/detail/debug_lights__builder.hpp
-- Up-to-date: /home/pengchang/ws/install/interfaces/include/interfaces/msg/detail/debug_lights__struct.hpp
-- Up-to-date: /home/pengchang/ws/install/interfaces/include/interfaces/msg/detail/target__traits.hpp
-- Up-to-date: /home/pengchang/ws/install/interfaces/include/interfaces/msg/detail/armors__struct.hpp
-- Up-to-date: /home/pengchang/ws/install/interfaces/include/interfaces/msg/detail/target__struct.hpp
-- Up-to-date: /home/pengchang/ws/install/interfaces/include/interfaces/msg/detail/debug_armors__struct.hpp
-- Up-to-date: /home/pengchang/ws/install/interfaces/include/interfaces/msg/detail/spin_info__struct.hpp
-- Up-to-date: /home/pengchang/ws/install/interfaces/include/interfaces/msg/detail/debug_armor__traits.hpp
-- Up-to-date: /home/pengchang/ws/install/interfaces/include/interfaces/msg/detail/armor__builder.hpp
-- Up-to-date: /home/pengchang/ws/install/interfaces/include/interfaces/msg/detail/debug_lights__traits.hpp
-- Up-to-date: /home/pengchang/ws/install/interfaces/include/interfaces/msg/detail/spin_info__traits.hpp
-- Up-to-date: /home/pengchang/ws/install/interfaces/include/interfaces/msg/detail/armor__struct.hpp
-- Up-to-date: /home/pengchang/ws/install/interfaces/include/interfaces/msg/detail/target__builder.hpp
-- Up-to-date: /home/pengchang/ws/install/interfaces/include/interfaces/msg/detail/debug_armor__builder.hpp
-- Up-to-date: /home/pengchang/ws/install/interfaces/include/interfaces/msg/detail/armors__builder.hpp
-- Up-to-date: /home/pengchang/ws/install/interfaces/include/interfaces/msg/detail/debug_armor__struct.hpp
-- Up-to-date: /home/pengchang/ws/install/interfaces/include/interfaces/msg/detail/debug_light__traits.hpp
-- Up-to-date: /home/pengchang/ws/install/interfaces/include/interfaces/msg/detail/spin_info__builder.hpp
-- Up-to-date: /home/pengchang/ws/install/interfaces/include/interfaces/msg/detail/debug_light__struct.hpp
-- Up-to-date: /home/pengchang/ws/install/interfaces/include/interfaces/msg/detail/debug_armors__builder.hpp
-- Up-to-date: /home/pengchang/ws/install/interfaces/include/interfaces/msg/debug_armors.hpp
-- Up-to-date: /home/pengchang/ws/install/interfaces/include/interfaces/msg/debug_light.hpp
-- Up-to-date: /home/pengchang/ws/install/interfaces/include/interfaces/msg/debug_lights.hpp
-- Up-to-date: /home/pengchang/ws/install/interfaces/include/interfaces
-- Up-to-date: /home/pengchang/ws/install/interfaces/include/interfaces/msg
-- Up-to-date: /home/pengchang/ws/install/interfaces/include/interfaces/msg/detail
-- Up-to-date: /home/pengchang/ws/install/interfaces/include/interfaces/msg/detail/spin_info__type_support.cpp
-- Up-to-date: /home/pengchang/ws/install/interfaces/include/interfaces/msg/detail/debug_light__type_support.cpp
-- Up-to-date: /home/pengchang/ws/install/interfaces/include/interfaces/msg/detail/armors__type_support.cpp
-- Up-to-date: /home/pengchang/ws/install/interfaces/include/interfaces/msg/detail/armors__rosidl_typesupport_introspection_cpp.hpp
-- Up-to-date: /home/pengchang/ws/install/interfaces/include/interfaces/msg/detail/armor__rosidl_typesupport_introspection_cpp.hpp
-- Up-to-date: /home/pengchang/ws/install/interfaces/include/interfaces/msg/detail/debug_armors__rosidl_typesupport_introspection_cpp.hpp
-- Up-to-date: /home/pengchang/ws/install/interfaces/include/interfaces/msg/detail/target__rosidl_typesupport_introspection_cpp.hpp
-- Up-to-date: /home/pengchang/ws/install/interfaces/include/interfaces/msg/detail/debug_armor__rosidl_typesupport_introspection_cpp.hpp
-- Up-to-date: /home/pengchang/ws/install/interfaces/include/interfaces/msg/detail/debug_armors__type_support.cpp
-- Up-to-date: /home/pengchang/ws/install/interfaces/include/interfaces/msg/detail/debug_armor__type_support.cpp
-- Up-to-date: /home/pengchang/ws/install/interfaces/include/interfaces/msg/detail/spin_info__rosidl_typesupport_introspection_cpp.hpp
-- Up-to-date: /home/pengchang/ws/install/interfaces/include/interfaces/msg/detail/target__type_support.cpp
-- Up-to-date: /home/pengchang/ws/install/interfaces/include/interfaces/msg/detail/debug_light__rosidl_typesupport_introspection_cpp.hpp
-- Up-to-date: /home/pengchang/ws/install/interfaces/include/interfaces/msg/detail/debug_lights__type_support.cpp
-- Up-to-date: /home/pengchang/ws/install/interfaces/include/interfaces/msg/detail/armor__type_support.cpp
-- Up-to-date: /home/pengchang/ws/install/interfaces/include/interfaces/msg/detail/debug_lights__rosidl_typesupport_introspection_cpp.hpp
-- Up-to-date: /home/pengchang/ws/install/interfaces/lib/libinterfaces__rosidl_typesupport_introspection_cpp.so
-- Up-to-date: /home/pengchang/ws/install/interfaces/lib/libinterfaces__rosidl_typesupport_cpp.so
-- Up-to-date: /home/pengchang/ws/install/interfaces/share/interfaces/environment/pythonpath.sh
-- Installing: /home/pengchang/ws/install/interfaces/share/interfaces/environment/pythonpath.dsv
-- Installing: /home/pengchang/ws/install/interfaces/lib/python3.8/site-packages/interfaces/__init__.py
Compiling '/home/pengchang/ws/install/interfaces/lib/python3.8/site-packages/interfaces/__init__.py'...
-- Up-to-date: /home/pengchang/ws/install/interfaces/lib/python3.8/site-packages/interfaces/msg
-- Up-to-date: /home/pengchang/ws/install/interfaces/lib/python3.8/site-packages/interfaces/msg/_debug_light_s.c
-- Up-to-date: /home/pengchang/ws/install/interfaces/lib/python3.8/site-packages/interfaces/msg/_spin_info_s.c
-- Up-to-date: /home/pengchang/ws/install/interfaces/lib/python3.8/site-packages/interfaces/msg/_debug_armors.py
-- Up-to-date: /home/pengchang/ws/install/interfaces/lib/python3.8/site-packages/interfaces/msg/_armor_s.c
-- Up-to-date: /home/pengchang/ws/install/interfaces/lib/python3.8/site-packages/interfaces/msg/_armors.py
-- Up-to-date: /home/pengchang/ws/install/interfaces/lib/python3.8/site-packages/interfaces/msg/_debug_armor.py
-- Up-to-date: /home/pengchang/ws/install/interfaces/lib/python3.8/site-packages/interfaces/msg/_armors_s.c
-- Up-to-date: /home/pengchang/ws/install/interfaces/lib/python3.8/site-packages/interfaces/msg/_debug_armor_s.c
-- Up-to-date: /home/pengchang/ws/install/interfaces/lib/python3.8/site-packages/interfaces/msg/_debug_lights.py
-- Up-to-date: /home/pengchang/ws/install/interfaces/lib/python3.8/site-packages/interfaces/msg/_spin_info.py
-- Up-to-date: /home/pengchang/ws/install/interfaces/lib/python3.8/site-packages/interfaces/msg/_debug_armors_s.c
-- Up-to-date: /home/pengchang/ws/install/interfaces/lib/python3.8/site-packages/interfaces/msg/_target.py
-- Up-to-date: /home/pengchang/ws/install/interfaces/lib/python3.8/site-packages/interfaces/msg/_debug_light.py
-- Up-to-date: /home/pengchang/ws/install/interfaces/lib/python3.8/site-packages/interfaces/msg/_target_s.c
-- Up-to-date: /home/pengchang/ws/install/interfaces/lib/python3.8/site-packages/interfaces/msg/_debug_lights_s.c
-- Up-to-date: /home/pengchang/ws/install/interfaces/lib/python3.8/site-packages/interfaces/msg/__init__.py
-- Up-to-date: /home/pengchang/ws/install/interfaces/lib/python3.8/site-packages/interfaces/msg/_armor.py
-- Up-to-date: /home/pengchang/ws/install/interfaces/lib/python3.8/site-packages/interfaces/interfaces_s__rosidl_typesupport_fastrtps_c.cpython-38-x86_64-linux-gnu.so
-- Up-to-date: /home/pengchang/ws/install/interfaces/lib/python3.8/site-packages/interfaces/interfaces_s__rosidl_typesupport_introspection_c.cpython-38-x86_64-linux-gnu.so
-- Up-to-date: /home/pengchang/ws/install/interfaces/lib/python3.8/site-packages/interfaces/interfaces_s__rosidl_typesupport_c.cpython-38-x86_64-linux-gnu.so
-- Up-to-date: /home/pengchang/ws/install/interfaces/lib/libinterfaces__python.so
-- Up-to-date: /home/pengchang/ws/install/interfaces/share/interfaces/msg/Armor.idl
-- Up-to-date: /home/pengchang/ws/install/interfaces/share/interfaces/msg/Armors.idl
-- Up-to-date: /home/pengchang/ws/install/interfaces/share/interfaces/msg/Target.idl
-- Up-to-date: /home/pengchang/ws/install/interfaces/share/interfaces/msg/DebugLight.idl
-- Up-to-date: /home/pengchang/ws/install/interfaces/share/interfaces/msg/DebugLights.idl
-- Up-to-date: /home/pengchang/ws/install/interfaces/share/interfaces/msg/DebugArmor.idl
-- Up-to-date: /home/pengchang/ws/install/interfaces/share/interfaces/msg/DebugArmors.idl
-- Up-to-date: /home/pengchang/ws/install/interfaces/share/interfaces/msg/SpinInfo.idl
-- Up-to-date: /home/pengchang/ws/install/interfaces/share/interfaces/msg/Armor.msg
-- Up-to-date: /home/pengchang/ws/install/interfaces/share/interfaces/msg/Armors.msg
-- Up-to-date: /home/pengchang/ws/install/interfaces/share/interfaces/msg/Target.msg
-- Up-to-date: /home/pengchang/ws/install/interfaces/share/interfaces/msg/DebugLight.msg
-- Up-to-date: /home/pengchang/ws/install/interfaces/share/interfaces/msg/DebugLights.msg
-- Up-to-date: /home/pengchang/ws/install/interfaces/share/interfaces/msg/DebugArmor.msg
-- Up-to-date: /home/pengchang/ws/install/interfaces/share/interfaces/msg/DebugArmors.msg
-- Up-to-date: /home/pengchang/ws/install/interfaces/share/interfaces/msg/SpinInfo.msg
-- Up-to-date: /home/pengchang/ws/install/interfaces/share/ament_index/resource_index/package_run_dependencies/interfaces
-- Installing: /home/pengchang/ws/install/interfaces/share/ament_index/resource_index/parent_prefix_path/interfaces
-- Up-to-date: /home/pengchang/ws/install/interfaces/share/interfaces/environment/ament_prefix_path.sh
-- Installing: /home/pengchang/ws/install/interfaces/share/interfaces/environment/ament_prefix_path.dsv
-- Up-to-date: /home/pengchang/ws/install/interfaces/share/interfaces/environment/path.sh
-- Installing: /home/pengchang/ws/install/interfaces/share/interfaces/environment/path.dsv
-- Up-to-date: /home/pengchang/ws/install/interfaces/share/interfaces/local_setup.bash
-- Up-to-date: /home/pengchang/ws/install/interfaces/share/interfaces/local_setup.sh
-- Up-to-date: /home/pengchang/ws/install/interfaces/share/interfaces/local_setup.zsh
-- Installing: /home/pengchang/ws/install/interfaces/share/interfaces/local_setup.dsv
-- Installing: /home/pengchang/ws/install/interfaces/share/interfaces/package.dsv
-- Up-to-date: /home/pengchang/ws/install/interfaces/share/ament_index/resource_index/packages/interfaces
-- Up-to-date: /home/pengchang/ws/install/interfaces/share/interfaces/cmake/interfaces__rosidl_generator_cExport.cmake
-- Installing: /home/pengchang/ws/install/interfaces/share/interfaces/cmake/interfaces__rosidl_generator_cExport-noconfig.cmake
-- Up-to-date: /home/pengchang/ws/install/interfaces/share/interfaces/cmake/interfaces__rosidl_typesupport_introspection_cExport.cmake
-- Installing: /home/pengchang/ws/install/interfaces/share/interfaces/cmake/interfaces__rosidl_typesupport_introspection_cExport-noconfig.cmake
-- Up-to-date: /home/pengchang/ws/install/interfaces/share/interfaces/cmake/interfaces__rosidl_typesupport_cExport.cmake
-- Installing: /home/pengchang/ws/install/interfaces/share/interfaces/cmake/interfaces__rosidl_typesupport_cExport-noconfig.cmake
-- Up-to-date: /home/pengchang/ws/install/interfaces/share/interfaces/cmake/interfaces__rosidl_generator_cppExport.cmake
-- Up-to-date: /home/pengchang/ws/install/interfaces/share/interfaces/cmake/interfaces__rosidl_typesupport_introspection_cppExport.cmake
-- Installing: /home/pengchang/ws/install/interfaces/share/interfaces/cmake/interfaces__rosidl_typesupport_introspection_cppExport-noconfig.cmake
-- Up-to-date: /home/pengchang/ws/install/interfaces/share/interfaces/cmake/interfaces__rosidl_typesupport_cppExport.cmake
-- Installing: /home/pengchang/ws/install/interfaces/share/interfaces/cmake/interfaces__rosidl_typesupport_cppExport-noconfig.cmake
-- Up-to-date: /home/pengchang/ws/install/interfaces/share/interfaces/cmake/rosidl_cmake-extras.cmake
-- Up-to-date: /home/pengchang/ws/install/interfaces/share/interfaces/cmake/ament_cmake_export_dependencies-extras.cmake
-- Up-to-date: /home/pengchang/ws/install/interfaces/share/interfaces/cmake/ament_cmake_export_libraries-extras.cmake
-- Up-to-date: /home/pengchang/ws/install/interfaces/share/interfaces/cmake/ament_cmake_export_targets-extras.cmake
-- Up-to-date: /home/pengchang/ws/install/interfaces/share/interfaces/cmake/ament_cmake_export_include_directories-extras.cmake
-- Up-to-date: /home/pengchang/ws/install/interfaces/share/interfaces/cmake/rosidl_cmake_export_typesupport_libraries-extras.cmake
-- Up-to-date: /home/pengchang/ws/install/interfaces/share/interfaces/cmake/rosidl_cmake_export_typesupport_targets-extras.cmake
-- Up-to-date: /home/pengchang/ws/install/interfaces/share/interfaces/cmake/interfacesConfig.cmake
-- Up-to-date: /home/pengchang/ws/install/interfaces/share/interfaces/cmake/interfacesConfig-version.cmake
-- Installing: /home/pengchang/ws/install/interfaces/share/interfaces/package.xml
