[0.019s] Invoking command in '/home/pengchang/ws/build/interfaces': CMAKE_PREFIX_PATH=${CMAKE_PREFIX_PATH}:/opt/ros/galactic /usr/bin/cmake --build /home/pengchang/ws/build/interfaces -- -j8 -l8
[0.058s] -- Found ament_cmake: 1.1.5 (/opt/ros/galactic/share/ament_cmake/cmake)
[0.080s] -- Found PythonInterp: /usr/bin/python3 (found suitable version "3.8.10", minimum required is "3") 
[0.081s] -- Using PYTHON_EXECUTABLE: /usr/bin/python3
[0.151s] -- Found rosidl_default_generators: 1.1.1 (/opt/ros/galactic/share/rosidl_default_generators/cmake)
[0.154s] -- Using all available rosidl_typesupport_c: rosidl_typesupport_fastrtps_c;rosidl_typesupport_introspection_c
[0.157s] -- Found rosidl_adapter: 2.2.2 (/opt/ros/galactic/share/rosidl_adapter/cmake)
[0.303s] -- Using all available rosidl_typesupport_cpp: rosidl_typesupport_fastrtps_cpp;rosidl_typesupport_introspection_cpp
[0.322s] -- Found geometry_msgs: 2.2.4 (/opt/ros/galactic/share/geometry_msgs/cmake)
[0.420s] -- Found PythonInterp: /usr/bin/python3 (found version "3.8.10") 
[0.622s] -- Found ament_cmake_ros: 0.9.2 (/opt/ros/galactic/share/ament_cmake_ros/cmake)
[0.859s] -- Using all available rosidl_typesupport_c: rosidl_typesupport_fastrtps_c;rosidl_typesupport_introspection_c
[0.952s] -- Using all available rosidl_typesupport_cpp: rosidl_typesupport_fastrtps_cpp;rosidl_typesupport_introspection_cpp
[0.985s] -- Found PythonInterp: /usr/bin/python3 (found suitable version "3.8.10", minimum required is "3.5") 
[0.985s] -- Found python_cmake_module: 0.8.1 (/opt/ros/galactic/share/python_cmake_module/cmake)
[1.021s] -- Using PYTHON_EXECUTABLE: /usr/bin/python3
[1.021s] -- Using PYTHON_INCLUDE_DIRS: /usr/include/python3.8
[1.022s] -- Using PYTHON_LIBRARIES: /usr/lib/x86_64-linux-gnu/libpython3.8.so
[1.073s] -- Configuring done
[1.135s] -- Generating done
[1.138s] -- Build files have been written to: /home/pengchang/ws/build/interfaces
[1.188s] [  1%] Built target interfaces__cpp
[1.191s] [ 12%] Built target interfaces__rosidl_generator_c
[1.218s] [ 24%] Built target interfaces__rosidl_typesupport_cpp
[1.219s] [ 40%] Built target interfaces__rosidl_typesupport_introspection_cpp
[1.219s] [ 47%] Built target interfaces__rosidl_typesupport_c
[1.227s] [ 58%] Built target interfaces__rosidl_typesupport_introspection_c
[1.232s] [ 70%] Built target interfaces__rosidl_typesupport_fastrtps_cpp
[1.275s] [ 81%] Built target interfaces__rosidl_typesupport_fastrtps_c
[1.304s] [ 81%] Built target interfaces
[1.342s] [ 82%] Built target interfaces__py
[1.380s] [ 93%] Built target interfaces__python
[1.414s] [ 95%] Built target interfaces__rosidl_typesupport_fastrtps_c__pyext
[1.415s] [ 97%] Built target interfaces__rosidl_typesupport_c__pyext
[1.419s] [100%] Built target interfaces__rosidl_typesupport_introspection_c__pyext
[1.436s] Invoked command in '/home/pengchang/ws/build/interfaces' returned '0': CMAKE_PREFIX_PATH=${CMAKE_PREFIX_PATH}:/opt/ros/galactic /usr/bin/cmake --build /home/pengchang/ws/build/interfaces -- -j8 -l8
[1.705s] Invoking command in '/home/pengchang/ws/build/interfaces': CMAKE_PREFIX_PATH=${CMAKE_PREFIX_PATH}:/opt/ros/galactic /usr/bin/cmake --install /home/pengchang/ws/build/interfaces
[1.717s] -- Install configuration: ""
[1.718s] -- Up-to-date: /home/pengchang/ws/install/interfaces/share/ament_index/resource_index/rosidl_interfaces/interfaces
[1.718s] -- Up-to-date: /home/pengchang/ws/install/interfaces/include/interfaces
[1.718s] -- Up-to-date: /home/pengchang/ws/install/interfaces/include/interfaces/msg
[1.718s] -- Up-to-date: /home/pengchang/ws/install/interfaces/include/interfaces/msg/debug_armors.h
[1.718s] -- Up-to-date: /home/pengchang/ws/install/interfaces/include/interfaces/msg/spin_info.h
[1.718s] -- Up-to-date: /home/pengchang/ws/install/interfaces/include/interfaces/msg/debug_light.h
[1.719s] -- Up-to-date: /home/pengchang/ws/install/interfaces/include/interfaces/msg/armors.h
[1.719s] -- Up-to-date: /home/pengchang/ws/install/interfaces/include/interfaces/msg/rosidl_generator_c__visibility_control.h
[1.720s] -- Up-to-date: /home/pengchang/ws/install/interfaces/include/interfaces/msg/armor.h
[1.721s] -- Up-to-date: /home/pengchang/ws/install/interfaces/include/interfaces/msg/debug_lights.h
[1.721s] -- Up-to-date: /home/pengchang/ws/install/interfaces/include/interfaces/msg/target.h
[1.721s] -- Up-to-date: /home/pengchang/ws/install/interfaces/include/interfaces/msg/detail
[1.721s] -- Up-to-date: /home/pengchang/ws/install/interfaces/include/interfaces/msg/detail/armor__functions.h
[1.721s] -- Up-to-date: /home/pengchang/ws/install/interfaces/include/interfaces/msg/detail/debug_light__functions.c
[1.721s] -- Up-to-date: /home/pengchang/ws/install/interfaces/include/interfaces/msg/detail/armor__type_support.h
[1.721s] -- Up-to-date: /home/pengchang/ws/install/interfaces/include/interfaces/msg/detail/armor__functions.c
[1.722s] -- Up-to-date: /home/pengchang/ws/install/interfaces/include/interfaces/msg/detail/armors__functions.c
[1.722s] -- Up-to-date: /home/pengchang/ws/install/interfaces/include/interfaces/msg/detail/armors__type_support.h
[1.722s] -- Up-to-date: /home/pengchang/ws/install/interfaces/include/interfaces/msg/detail/debug_armors__functions.h
[1.722s] -- Up-to-date: /home/pengchang/ws/install/interfaces/include/interfaces/msg/detail/debug_lights__functions.h
[1.722s] -- Up-to-date: /home/pengchang/ws/install/interfaces/include/interfaces/msg/detail/debug_light__type_support.h
[1.722s] -- Up-to-date: /home/pengchang/ws/install/interfaces/include/interfaces/msg/detail/spin_info__struct.h
[1.722s] -- Up-to-date: /home/pengchang/ws/install/interfaces/include/interfaces/msg/detail/debug_lights__struct.h
[1.723s] -- Up-to-date: /home/pengchang/ws/install/interfaces/include/interfaces/msg/detail/target__functions.c
[1.723s] -- Up-to-date: /home/pengchang/ws/install/interfaces/include/interfaces/msg/detail/target__type_support.h
[1.723s] -- Up-to-date: /home/pengchang/ws/install/interfaces/include/interfaces/msg/detail/armors__functions.h
[1.723s] -- Up-to-date: /home/pengchang/ws/install/interfaces/include/interfaces/msg/detail/debug_armor__functions.h
[1.723s] -- Up-to-date: /home/pengchang/ws/install/interfaces/include/interfaces/msg/detail/debug_armors__type_support.h
[1.723s] -- Up-to-date: /home/pengchang/ws/install/interfaces/include/interfaces/msg/detail/armors__struct.h
[1.723s] -- Up-to-date: /home/pengchang/ws/install/interfaces/include/interfaces/msg/detail/debug_armor__type_support.h
[1.723s] -- Up-to-date: /home/pengchang/ws/install/interfaces/include/interfaces/msg/detail/debug_light__struct.h
[1.723s] -- Up-to-date: /home/pengchang/ws/install/interfaces/include/interfaces/msg/detail/debug_armor__functions.c
[1.724s] -- Up-to-date: /home/pengchang/ws/install/interfaces/include/interfaces/msg/detail/target__struct.h
[1.724s] -- Up-to-date: /home/pengchang/ws/install/interfaces/include/interfaces/msg/detail/spin_info__functions.c
[1.724s] -- Up-to-date: /home/pengchang/ws/install/interfaces/include/interfaces/msg/detail/spin_info__functions.h
[1.724s] -- Up-to-date: /home/pengchang/ws/install/interfaces/include/interfaces/msg/detail/debug_armors__functions.c
[1.724s] -- Up-to-date: /home/pengchang/ws/install/interfaces/include/interfaces/msg/detail/target__functions.h
[1.724s] -- Up-to-date: /home/pengchang/ws/install/interfaces/include/interfaces/msg/detail/debug_armors__struct.h
[1.724s] -- Up-to-date: /home/pengchang/ws/install/interfaces/include/interfaces/msg/detail/spin_info__type_support.h
[1.724s] -- Up-to-date: /home/pengchang/ws/install/interfaces/include/interfaces/msg/detail/debug_lights__type_support.h
[1.724s] -- Up-to-date: /home/pengchang/ws/install/interfaces/include/interfaces/msg/detail/debug_lights__functions.c
[1.725s] -- Up-to-date: /home/pengchang/ws/install/interfaces/include/interfaces/msg/detail/debug_light__functions.h
[1.725s] -- Up-to-date: /home/pengchang/ws/install/interfaces/include/interfaces/msg/detail/armor__struct.h
[1.725s] -- Up-to-date: /home/pengchang/ws/install/interfaces/include/interfaces/msg/detail/debug_armor__struct.h
[1.725s] -- Up-to-date: /home/pengchang/ws/install/interfaces/include/interfaces/msg/debug_armor.h
[1.725s] -- Up-to-date: /home/pengchang/ws/install/interfaces/share/interfaces/environment/library_path.sh
[1.725s] -- Installing: /home/pengchang/ws/install/interfaces/share/interfaces/environment/library_path.dsv
[1.725s] -- Up-to-date: /home/pengchang/ws/install/interfaces/lib/libinterfaces__rosidl_generator_c.so
[1.725s] -- Up-to-date: /home/pengchang/ws/install/interfaces/include/interfaces
[1.725s] -- Up-to-date: /home/pengchang/ws/install/interfaces/include/interfaces/msg
[1.726s] -- Up-to-date: /home/pengchang/ws/install/interfaces/include/interfaces/msg/detail
[1.726s] -- Up-to-date: /home/pengchang/ws/install/interfaces/include/interfaces/msg/detail/debug_light__rosidl_typesupport_fastrtps_c.h
[1.726s] -- Up-to-date: /home/pengchang/ws/install/interfaces/include/interfaces/msg/detail/debug_armor__rosidl_typesupport_fastrtps_c.h
[1.726s] -- Up-to-date: /home/pengchang/ws/install/interfaces/include/interfaces/msg/detail/armors__rosidl_typesupport_fastrtps_c.h
[1.726s] -- Up-to-date: /home/pengchang/ws/install/interfaces/include/interfaces/msg/detail/spin_info__rosidl_typesupport_fastrtps_c.h
[1.726s] -- Up-to-date: /home/pengchang/ws/install/interfaces/include/interfaces/msg/detail/debug_armors__rosidl_typesupport_fastrtps_c.h
[1.726s] -- Up-to-date: /home/pengchang/ws/install/interfaces/include/interfaces/msg/detail/debug_lights__rosidl_typesupport_fastrtps_c.h
[1.726s] -- Up-to-date: /home/pengchang/ws/install/interfaces/include/interfaces/msg/detail/target__rosidl_typesupport_fastrtps_c.h
[1.726s] -- Up-to-date: /home/pengchang/ws/install/interfaces/include/interfaces/msg/detail/armor__rosidl_typesupport_fastrtps_c.h
[1.726s] -- Up-to-date: /home/pengchang/ws/install/interfaces/include/interfaces/msg/rosidl_typesupport_fastrtps_c__visibility_control.h
[1.727s] -- Up-to-date: /home/pengchang/ws/install/interfaces/lib/libinterfaces__rosidl_typesupport_fastrtps_c.so
[1.727s] -- Up-to-date: /home/pengchang/ws/install/interfaces/include/interfaces
[1.727s] -- Up-to-date: /home/pengchang/ws/install/interfaces/include/interfaces/msg
[1.727s] -- Up-to-date: /home/pengchang/ws/install/interfaces/include/interfaces/msg/detail
[1.727s] -- Up-to-date: /home/pengchang/ws/install/interfaces/include/interfaces/msg/detail/debug_armor__rosidl_typesupport_fastrtps_cpp.hpp
[1.727s] -- Up-to-date: /home/pengchang/ws/install/interfaces/include/interfaces/msg/detail/armors__rosidl_typesupport_fastrtps_cpp.hpp
[1.727s] -- Up-to-date: /home/pengchang/ws/install/interfaces/include/interfaces/msg/detail/debug_light__rosidl_typesupport_fastrtps_cpp.hpp
[1.727s] -- Up-to-date: /home/pengchang/ws/install/interfaces/include/interfaces/msg/detail/debug_lights__rosidl_typesupport_fastrtps_cpp.hpp
[1.727s] -- Up-to-date: /home/pengchang/ws/install/interfaces/include/interfaces/msg/detail/dds_fastrtps
[1.727s] -- Up-to-date: /home/pengchang/ws/install/interfaces/include/interfaces/msg/detail/target__rosidl_typesupport_fastrtps_cpp.hpp
[1.728s] -- Up-to-date: /home/pengchang/ws/install/interfaces/include/interfaces/msg/detail/armor__rosidl_typesupport_fastrtps_cpp.hpp
[1.728s] -- Up-to-date: /home/pengchang/ws/install/interfaces/include/interfaces/msg/detail/debug_armors__rosidl_typesupport_fastrtps_cpp.hpp
[1.728s] -- Up-to-date: /home/pengchang/ws/install/interfaces/include/interfaces/msg/detail/spin_info__rosidl_typesupport_fastrtps_cpp.hpp
[1.728s] -- Up-to-date: /home/pengchang/ws/install/interfaces/include/interfaces/msg/rosidl_typesupport_fastrtps_cpp__visibility_control.h
[1.728s] -- Up-to-date: /home/pengchang/ws/install/interfaces/lib/libinterfaces__rosidl_typesupport_fastrtps_cpp.so
[1.728s] -- Up-to-date: /home/pengchang/ws/install/interfaces/include/interfaces
[1.728s] -- Up-to-date: /home/pengchang/ws/install/interfaces/include/interfaces/msg
[1.728s] -- Up-to-date: /home/pengchang/ws/install/interfaces/include/interfaces/msg/rosidl_typesupport_introspection_c__visibility_control.h
[1.728s] -- Up-to-date: /home/pengchang/ws/install/interfaces/include/interfaces/msg/detail
[1.729s] -- Up-to-date: /home/pengchang/ws/install/interfaces/include/interfaces/msg/detail/target__type_support.c
[1.729s] -- Up-to-date: /home/pengchang/ws/install/interfaces/include/interfaces/msg/detail/debug_light__type_support.c
[1.729s] -- Up-to-date: /home/pengchang/ws/install/interfaces/include/interfaces/msg/detail/armors__type_support.c
[1.729s] -- Up-to-date: /home/pengchang/ws/install/interfaces/include/interfaces/msg/detail/debug_lights__type_support.c
[1.729s] -- Up-to-date: /home/pengchang/ws/install/interfaces/include/interfaces/msg/detail/debug_armor__rosidl_typesupport_introspection_c.h
[1.729s] -- Up-to-date: /home/pengchang/ws/install/interfaces/include/interfaces/msg/detail/target__rosidl_typesupport_introspection_c.h
[1.729s] -- Up-to-date: /home/pengchang/ws/install/interfaces/include/interfaces/msg/detail/debug_armor__type_support.c
[1.729s] -- Up-to-date: /home/pengchang/ws/install/interfaces/include/interfaces/msg/detail/debug_lights__rosidl_typesupport_introspection_c.h
[1.729s] -- Up-to-date: /home/pengchang/ws/install/interfaces/include/interfaces/msg/detail/spin_info__rosidl_typesupport_introspection_c.h
[1.730s] -- Up-to-date: /home/pengchang/ws/install/interfaces/include/interfaces/msg/detail/debug_light__rosidl_typesupport_introspection_c.h
[1.730s] -- Up-to-date: /home/pengchang/ws/install/interfaces/include/interfaces/msg/detail/spin_info__type_support.c
[1.730s] -- Up-to-date: /home/pengchang/ws/install/interfaces/include/interfaces/msg/detail/armors__rosidl_typesupport_introspection_c.h
[1.730s] -- Up-to-date: /home/pengchang/ws/install/interfaces/include/interfaces/msg/detail/armor__type_support.c
[1.730s] -- Up-to-date: /home/pengchang/ws/install/interfaces/include/interfaces/msg/detail/armor__rosidl_typesupport_introspection_c.h
[1.730s] -- Up-to-date: /home/pengchang/ws/install/interfaces/include/interfaces/msg/detail/debug_armors__rosidl_typesupport_introspection_c.h
[1.730s] -- Up-to-date: /home/pengchang/ws/install/interfaces/include/interfaces/msg/detail/debug_armors__type_support.c
[1.730s] -- Up-to-date: /home/pengchang/ws/install/interfaces/lib/libinterfaces__rosidl_typesupport_introspection_c.so
[1.730s] -- Up-to-date: /home/pengchang/ws/install/interfaces/lib/libinterfaces__rosidl_typesupport_c.so
[1.731s] -- Up-to-date: /home/pengchang/ws/install/interfaces/include/interfaces
[1.731s] -- Up-to-date: /home/pengchang/ws/install/interfaces/include/interfaces/msg
[1.731s] -- Up-to-date: /home/pengchang/ws/install/interfaces/include/interfaces/msg/armors.hpp
[1.731s] -- Up-to-date: /home/pengchang/ws/install/interfaces/include/interfaces/msg/debug_armor.hpp
[1.731s] -- Up-to-date: /home/pengchang/ws/install/interfaces/include/interfaces/msg/spin_info.hpp
[1.731s] -- Up-to-date: /home/pengchang/ws/install/interfaces/include/interfaces/msg/target.hpp
[1.731s] -- Up-to-date: /home/pengchang/ws/install/interfaces/include/interfaces/msg/armor.hpp
[1.731s] -- Up-to-date: /home/pengchang/ws/install/interfaces/include/interfaces/msg/detail
[1.731s] -- Up-to-date: /home/pengchang/ws/install/interfaces/include/interfaces/msg/detail/debug_armors__traits.hpp
[1.732s] -- Up-to-date: /home/pengchang/ws/install/interfaces/include/interfaces/msg/detail/armors__traits.hpp
[1.732s] -- Up-to-date: /home/pengchang/ws/install/interfaces/include/interfaces/msg/detail/armor__traits.hpp
[1.732s] -- Up-to-date: /home/pengchang/ws/install/interfaces/include/interfaces/msg/detail/debug_light__builder.hpp
[1.732s] -- Up-to-date: /home/pengchang/ws/install/interfaces/include/interfaces/msg/detail/debug_lights__builder.hpp
[1.732s] -- Up-to-date: /home/pengchang/ws/install/interfaces/include/interfaces/msg/detail/debug_lights__struct.hpp
[1.732s] -- Up-to-date: /home/pengchang/ws/install/interfaces/include/interfaces/msg/detail/target__traits.hpp
[1.732s] -- Up-to-date: /home/pengchang/ws/install/interfaces/include/interfaces/msg/detail/armors__struct.hpp
[1.732s] -- Up-to-date: /home/pengchang/ws/install/interfaces/include/interfaces/msg/detail/target__struct.hpp
[1.733s] -- Up-to-date: /home/pengchang/ws/install/interfaces/include/interfaces/msg/detail/debug_armors__struct.hpp
[1.733s] -- Up-to-date: /home/pengchang/ws/install/interfaces/include/interfaces/msg/detail/spin_info__struct.hpp
[1.733s] -- Up-to-date: /home/pengchang/ws/install/interfaces/include/interfaces/msg/detail/debug_armor__traits.hpp
[1.733s] -- Up-to-date: /home/pengchang/ws/install/interfaces/include/interfaces/msg/detail/armor__builder.hpp
[1.733s] -- Up-to-date: /home/pengchang/ws/install/interfaces/include/interfaces/msg/detail/debug_lights__traits.hpp
[1.733s] -- Up-to-date: /home/pengchang/ws/install/interfaces/include/interfaces/msg/detail/spin_info__traits.hpp
[1.733s] -- Up-to-date: /home/pengchang/ws/install/interfaces/include/interfaces/msg/detail/armor__struct.hpp
[1.733s] -- Up-to-date: /home/pengchang/ws/install/interfaces/include/interfaces/msg/detail/target__builder.hpp
[1.733s] -- Up-to-date: /home/pengchang/ws/install/interfaces/include/interfaces/msg/detail/debug_armor__builder.hpp
[1.734s] -- Up-to-date: /home/pengchang/ws/install/interfaces/include/interfaces/msg/detail/armors__builder.hpp
[1.734s] -- Up-to-date: /home/pengchang/ws/install/interfaces/include/interfaces/msg/detail/debug_armor__struct.hpp
[1.734s] -- Up-to-date: /home/pengchang/ws/install/interfaces/include/interfaces/msg/detail/debug_light__traits.hpp
[1.734s] -- Up-to-date: /home/pengchang/ws/install/interfaces/include/interfaces/msg/detail/spin_info__builder.hpp
[1.734s] -- Up-to-date: /home/pengchang/ws/install/interfaces/include/interfaces/msg/detail/debug_light__struct.hpp
[1.734s] -- Up-to-date: /home/pengchang/ws/install/interfaces/include/interfaces/msg/detail/debug_armors__builder.hpp
[1.734s] -- Up-to-date: /home/pengchang/ws/install/interfaces/include/interfaces/msg/debug_armors.hpp
[1.734s] -- Up-to-date: /home/pengchang/ws/install/interfaces/include/interfaces/msg/debug_light.hpp
[1.734s] -- Up-to-date: /home/pengchang/ws/install/interfaces/include/interfaces/msg/debug_lights.hpp
[1.735s] -- Up-to-date: /home/pengchang/ws/install/interfaces/include/interfaces
[1.735s] -- Up-to-date: /home/pengchang/ws/install/interfaces/include/interfaces/msg
[1.735s] -- Up-to-date: /home/pengchang/ws/install/interfaces/include/interfaces/msg/detail
[1.735s] -- Up-to-date: /home/pengchang/ws/install/interfaces/include/interfaces/msg/detail/spin_info__type_support.cpp
[1.735s] -- Up-to-date: /home/pengchang/ws/install/interfaces/include/interfaces/msg/detail/debug_light__type_support.cpp
[1.735s] -- Up-to-date: /home/pengchang/ws/install/interfaces/include/interfaces/msg/detail/armors__type_support.cpp
[1.735s] -- Up-to-date: /home/pengchang/ws/install/interfaces/include/interfaces/msg/detail/armors__rosidl_typesupport_introspection_cpp.hpp
[1.735s] -- Up-to-date: /home/pengchang/ws/install/interfaces/include/interfaces/msg/detail/armor__rosidl_typesupport_introspection_cpp.hpp
[1.735s] -- Up-to-date: /home/pengchang/ws/install/interfaces/include/interfaces/msg/detail/debug_armors__rosidl_typesupport_introspection_cpp.hpp
[1.736s] -- Up-to-date: /home/pengchang/ws/install/interfaces/include/interfaces/msg/detail/target__rosidl_typesupport_introspection_cpp.hpp
[1.736s] -- Up-to-date: /home/pengchang/ws/install/interfaces/include/interfaces/msg/detail/debug_armor__rosidl_typesupport_introspection_cpp.hpp
[1.736s] -- Up-to-date: /home/pengchang/ws/install/interfaces/include/interfaces/msg/detail/debug_armors__type_support.cpp
[1.736s] -- Up-to-date: /home/pengchang/ws/install/interfaces/include/interfaces/msg/detail/debug_armor__type_support.cpp
[1.736s] -- Up-to-date: /home/pengchang/ws/install/interfaces/include/interfaces/msg/detail/spin_info__rosidl_typesupport_introspection_cpp.hpp
[1.736s] -- Up-to-date: /home/pengchang/ws/install/interfaces/include/interfaces/msg/detail/target__type_support.cpp
[1.736s] -- Up-to-date: /home/pengchang/ws/install/interfaces/include/interfaces/msg/detail/debug_light__rosidl_typesupport_introspection_cpp.hpp
[1.736s] -- Up-to-date: /home/pengchang/ws/install/interfaces/include/interfaces/msg/detail/debug_lights__type_support.cpp
[1.737s] -- Up-to-date: /home/pengchang/ws/install/interfaces/include/interfaces/msg/detail/armor__type_support.cpp
[1.737s] -- Up-to-date: /home/pengchang/ws/install/interfaces/include/interfaces/msg/detail/debug_lights__rosidl_typesupport_introspection_cpp.hpp
[1.737s] -- Up-to-date: /home/pengchang/ws/install/interfaces/lib/libinterfaces__rosidl_typesupport_introspection_cpp.so
[1.737s] -- Up-to-date: /home/pengchang/ws/install/interfaces/lib/libinterfaces__rosidl_typesupport_cpp.so
[1.737s] -- Up-to-date: /home/pengchang/ws/install/interfaces/share/interfaces/environment/pythonpath.sh
[1.737s] -- Installing: /home/pengchang/ws/install/interfaces/share/interfaces/environment/pythonpath.dsv
[1.737s] -- Installing: /home/pengchang/ws/install/interfaces/lib/python3.8/site-packages/interfaces/__init__.py
[1.771s] Compiling '/home/pengchang/ws/install/interfaces/lib/python3.8/site-packages/interfaces/__init__.py'...
[1.776s] -- Up-to-date: /home/pengchang/ws/install/interfaces/lib/python3.8/site-packages/interfaces/msg
[1.776s] -- Up-to-date: /home/pengchang/ws/install/interfaces/lib/python3.8/site-packages/interfaces/msg/_debug_light_s.c
[1.776s] -- Up-to-date: /home/pengchang/ws/install/interfaces/lib/python3.8/site-packages/interfaces/msg/_spin_info_s.c
[1.776s] -- Up-to-date: /home/pengchang/ws/install/interfaces/lib/python3.8/site-packages/interfaces/msg/_debug_armors.py
[1.777s] -- Up-to-date: /home/pengchang/ws/install/interfaces/lib/python3.8/site-packages/interfaces/msg/_armor_s.c
[1.777s] -- Up-to-date: /home/pengchang/ws/install/interfaces/lib/python3.8/site-packages/interfaces/msg/_armors.py
[1.777s] -- Up-to-date: /home/pengchang/ws/install/interfaces/lib/python3.8/site-packages/interfaces/msg/_debug_armor.py
[1.777s] -- Up-to-date: /home/pengchang/ws/install/interfaces/lib/python3.8/site-packages/interfaces/msg/_armors_s.c
[1.777s] -- Up-to-date: /home/pengchang/ws/install/interfaces/lib/python3.8/site-packages/interfaces/msg/_debug_armor_s.c
[1.777s] -- Up-to-date: /home/pengchang/ws/install/interfaces/lib/python3.8/site-packages/interfaces/msg/_debug_lights.py
[1.778s] -- Up-to-date: /home/pengchang/ws/install/interfaces/lib/python3.8/site-packages/interfaces/msg/_spin_info.py
[1.778s] -- Up-to-date: /home/pengchang/ws/install/interfaces/lib/python3.8/site-packages/interfaces/msg/_debug_armors_s.c
[1.779s] -- Up-to-date: /home/pengchang/ws/install/interfaces/lib/python3.8/site-packages/interfaces/msg/_target.py
[1.779s] -- Up-to-date: /home/pengchang/ws/install/interfaces/lib/python3.8/site-packages/interfaces/msg/_debug_light.py
[1.779s] -- Up-to-date: /home/pengchang/ws/install/interfaces/lib/python3.8/site-packages/interfaces/msg/_target_s.c
[1.779s] -- Up-to-date: /home/pengchang/ws/install/interfaces/lib/python3.8/site-packages/interfaces/msg/_debug_lights_s.c
[1.779s] -- Up-to-date: /home/pengchang/ws/install/interfaces/lib/python3.8/site-packages/interfaces/msg/__init__.py
[1.779s] -- Up-to-date: /home/pengchang/ws/install/interfaces/lib/python3.8/site-packages/interfaces/msg/_armor.py
[1.780s] -- Up-to-date: /home/pengchang/ws/install/interfaces/lib/python3.8/site-packages/interfaces/interfaces_s__rosidl_typesupport_fastrtps_c.cpython-38-x86_64-linux-gnu.so
[1.780s] -- Up-to-date: /home/pengchang/ws/install/interfaces/lib/python3.8/site-packages/interfaces/interfaces_s__rosidl_typesupport_introspection_c.cpython-38-x86_64-linux-gnu.so
[1.780s] -- Up-to-date: /home/pengchang/ws/install/interfaces/lib/python3.8/site-packages/interfaces/interfaces_s__rosidl_typesupport_c.cpython-38-x86_64-linux-gnu.so
[1.780s] -- Up-to-date: /home/pengchang/ws/install/interfaces/lib/libinterfaces__python.so
[1.780s] -- Up-to-date: /home/pengchang/ws/install/interfaces/share/interfaces/msg/Armor.idl
[1.781s] -- Up-to-date: /home/pengchang/ws/install/interfaces/share/interfaces/msg/Armors.idl
[1.781s] -- Up-to-date: /home/pengchang/ws/install/interfaces/share/interfaces/msg/Target.idl
[1.781s] -- Up-to-date: /home/pengchang/ws/install/interfaces/share/interfaces/msg/DebugLight.idl
[1.781s] -- Up-to-date: /home/pengchang/ws/install/interfaces/share/interfaces/msg/DebugLights.idl
[1.781s] -- Up-to-date: /home/pengchang/ws/install/interfaces/share/interfaces/msg/DebugArmor.idl
[1.782s] -- Up-to-date: /home/pengchang/ws/install/interfaces/share/interfaces/msg/DebugArmors.idl
[1.782s] -- Up-to-date: /home/pengchang/ws/install/interfaces/share/interfaces/msg/SpinInfo.idl
[1.782s] -- Up-to-date: /home/pengchang/ws/install/interfaces/share/interfaces/msg/Armor.msg
[1.782s] -- Up-to-date: /home/pengchang/ws/install/interfaces/share/interfaces/msg/Armors.msg
[1.782s] -- Up-to-date: /home/pengchang/ws/install/interfaces/share/interfaces/msg/Target.msg
[1.783s] -- Up-to-date: /home/pengchang/ws/install/interfaces/share/interfaces/msg/DebugLight.msg
[1.783s] -- Up-to-date: /home/pengchang/ws/install/interfaces/share/interfaces/msg/DebugLights.msg
[1.783s] -- Up-to-date: /home/pengchang/ws/install/interfaces/share/interfaces/msg/DebugArmor.msg
[1.783s] -- Up-to-date: /home/pengchang/ws/install/interfaces/share/interfaces/msg/DebugArmors.msg
[1.783s] -- Up-to-date: /home/pengchang/ws/install/interfaces/share/interfaces/msg/SpinInfo.msg
[1.783s] -- Up-to-date: /home/pengchang/ws/install/interfaces/share/ament_index/resource_index/package_run_dependencies/interfaces
[1.784s] -- Installing: /home/pengchang/ws/install/interfaces/share/ament_index/resource_index/parent_prefix_path/interfaces
[1.784s] -- Up-to-date: /home/pengchang/ws/install/interfaces/share/interfaces/environment/ament_prefix_path.sh
[1.784s] -- Installing: /home/pengchang/ws/install/interfaces/share/interfaces/environment/ament_prefix_path.dsv
[1.784s] -- Up-to-date: /home/pengchang/ws/install/interfaces/share/interfaces/environment/path.sh
[1.784s] -- Installing: /home/pengchang/ws/install/interfaces/share/interfaces/environment/path.dsv
[1.784s] -- Up-to-date: /home/pengchang/ws/install/interfaces/share/interfaces/local_setup.bash
[1.785s] -- Up-to-date: /home/pengchang/ws/install/interfaces/share/interfaces/local_setup.sh
[1.785s] -- Up-to-date: /home/pengchang/ws/install/interfaces/share/interfaces/local_setup.zsh
[1.785s] -- Installing: /home/pengchang/ws/install/interfaces/share/interfaces/local_setup.dsv
[1.785s] -- Installing: /home/pengchang/ws/install/interfaces/share/interfaces/package.dsv
[1.785s] -- Up-to-date: /home/pengchang/ws/install/interfaces/share/ament_index/resource_index/packages/interfaces
[1.785s] -- Up-to-date: /home/pengchang/ws/install/interfaces/share/interfaces/cmake/interfaces__rosidl_generator_cExport.cmake
[1.785s] -- Installing: /home/pengchang/ws/install/interfaces/share/interfaces/cmake/interfaces__rosidl_generator_cExport-noconfig.cmake
[1.785s] -- Up-to-date: /home/pengchang/ws/install/interfaces/share/interfaces/cmake/interfaces__rosidl_typesupport_introspection_cExport.cmake
[1.786s] -- Installing: /home/pengchang/ws/install/interfaces/share/interfaces/cmake/interfaces__rosidl_typesupport_introspection_cExport-noconfig.cmake
[1.786s] -- Up-to-date: /home/pengchang/ws/install/interfaces/share/interfaces/cmake/interfaces__rosidl_typesupport_cExport.cmake
[1.786s] -- Installing: /home/pengchang/ws/install/interfaces/share/interfaces/cmake/interfaces__rosidl_typesupport_cExport-noconfig.cmake
[1.786s] -- Up-to-date: /home/pengchang/ws/install/interfaces/share/interfaces/cmake/interfaces__rosidl_generator_cppExport.cmake
[1.786s] -- Up-to-date: /home/pengchang/ws/install/interfaces/share/interfaces/cmake/interfaces__rosidl_typesupport_introspection_cppExport.cmake
[1.786s] -- Installing: /home/pengchang/ws/install/interfaces/share/interfaces/cmake/interfaces__rosidl_typesupport_introspection_cppExport-noconfig.cmake
[1.786s] -- Up-to-date: /home/pengchang/ws/install/interfaces/share/interfaces/cmake/interfaces__rosidl_typesupport_cppExport.cmake
[1.786s] -- Installing: /home/pengchang/ws/install/interfaces/share/interfaces/cmake/interfaces__rosidl_typesupport_cppExport-noconfig.cmake
[1.787s] -- Up-to-date: /home/pengchang/ws/install/interfaces/share/interfaces/cmake/rosidl_cmake-extras.cmake
[1.787s] -- Up-to-date: /home/pengchang/ws/install/interfaces/share/interfaces/cmake/ament_cmake_export_dependencies-extras.cmake
[1.787s] -- Up-to-date: /home/pengchang/ws/install/interfaces/share/interfaces/cmake/ament_cmake_export_libraries-extras.cmake
[1.788s] -- Up-to-date: /home/pengchang/ws/install/interfaces/share/interfaces/cmake/ament_cmake_export_targets-extras.cmake
[1.788s] -- Up-to-date: /home/pengchang/ws/install/interfaces/share/interfaces/cmake/ament_cmake_export_include_directories-extras.cmake
[1.788s] -- Up-to-date: /home/pengchang/ws/install/interfaces/share/interfaces/cmake/rosidl_cmake_export_typesupport_libraries-extras.cmake
[1.788s] -- Up-to-date: /home/pengchang/ws/install/interfaces/share/interfaces/cmake/rosidl_cmake_export_typesupport_targets-extras.cmake
[1.788s] -- Up-to-date: /home/pengchang/ws/install/interfaces/share/interfaces/cmake/interfacesConfig.cmake
[1.789s] -- Up-to-date: /home/pengchang/ws/install/interfaces/share/interfaces/cmake/interfacesConfig-version.cmake
[1.789s] -- Installing: /home/pengchang/ws/install/interfaces/share/interfaces/package.xml
[1.789s] Invoked command in '/home/pengchang/ws/build/interfaces' returned '0': CMAKE_PREFIX_PATH=${CMAKE_PREFIX_PATH}:/opt/ros/galactic /usr/bin/cmake --install /home/pengchang/ws/build/interfaces
