[0.033s] Invoking command in '/home/pengchang/ws/build/vision': CMAKE_PREFIX_PATH=/home/pengchang/ws/install/interfaces:/home/pengchang/ws/install/vision:/opt/ros/galactic LD_LIBRARY_PATH=/home/pengchang/ws/install/interfaces/lib:/home/pengchang/ws/install/vision/lib:/opt/ros/galactic/opt/yaml_cpp_vendor/lib:/opt/ros/galactic/opt/rviz_ogre_vendor/lib:/opt/ros/galactic/lib/x86_64-linux-gnu:/opt/ros/galactic/lib /usr/bin/cmake --build /home/pengchang/ws/build/vision -- -j8 -l8
[0.073s] -- Found ament_cmake_auto: 1.1.5 (/opt/ros/galactic/share/ament_cmake_auto/cmake)
[0.108s] -- Using PYTHON_EXECUTABLE: /usr/bin/python3
[0.179s] -- Override CMake install command with custom implementation using symlinks instead of copying resources
[0.265s] -- Using all available rosidl_typesupport_c: rosidl_typesupport_fastrtps_c;rosidl_typesupport_introspection_c
[0.274s] -- Found rosidl_adapter: 2.2.2 (/opt/ros/galactic/share/rosidl_adapter/cmake)
[0.455s] -- Using all available rosidl_typesupport_cpp: rosidl_typesupport_fastrtps_cpp;rosidl_typesupport_introspection_cpp
[0.580s] -- Found rmw_implementation_cmake: 3.3.1 (/opt/ros/galactic/share/rmw_implementation_cmake/cmake)
[0.582s] -- Found rmw_cyclonedds_cpp: 0.22.5 (/opt/ros/galactic/share/rmw_cyclonedds_cpp/cmake)
[0.609s] -- Using RMW implementation 'rmw_cyclonedds_cpp' as default
[1.239s] -- Found eigen3_cmake_module: 0.1.1 (/opt/ros/galactic/share/eigen3_cmake_module/cmake)
[1.242s] -- Found Eigen3: TRUE (found version "3.3.7") 
[1.691s] -- Found ament_lint_auto: 0.10.7 (/opt/ros/galactic/share/ament_lint_auto/cmake)
[1.722s] -- Found ament_cmake_gtest: 1.1.5 (/opt/ros/galactic/share/ament_cmake_gtest/cmake)
[1.734s] -- Added test 'cppcheck' to perform static code analysis on C / C++ code
[1.734s] -- Configured cppcheck include dirs: /home/pengchang/ws/src/vision/include
[1.734s] -- Configured cppcheck exclude dirs and/or files: 
[1.735s] -- Added test 'cpplint' to check C / C++ code against the Google style
[1.735s] -- Configured cpplint exclude dirs and/or files: 
[1.735s] -- Added test 'flake8' to check Python code syntax and style conventions
[1.736s] -- Added test 'lint_cmake' to check CMake code style
[1.736s] -- Added test 'pep257' to check Python code against some of the style conventions in PEP 257
[1.737s] -- Added test 'xmllint' to check XML markup files
[1.743s] -- Configuring done
[1.809s] -- Generating done
[1.814s] -- Build files have been written to: /home/pengchang/ws/build/vision
[1.861s] [35m[1mScanning dependencies of target vision[0m
[1.884s] [ 20%] Built target camera_node
[1.887s] [ 40%] Built target detector_node
[1.892s] [ 60%] Built target processor_node
[1.900s] [ 70%] [32mBuilding CXX object CMakeFiles/vision.dir/src/detector_node.cpp.o[0m
[1.900s] [ 80%] [32mBuilding CXX object CMakeFiles/vision.dir/src/processor_node.cpp.o[0m
[1.902s] [ 90%] [32mBuilding CXX object CMakeFiles/vision.dir/src/camera_node.cpp.o[0m
[2.333s] [100%] [32m[1mLinking CXX shared library libvision.so[0m
[3.906s] [100%] Built target vision
[3.957s] Invoked command in '/home/pengchang/ws/build/vision' returned '0': CMAKE_PREFIX_PATH=/home/pengchang/ws/install/interfaces:/home/pengchang/ws/install/vision:/opt/ros/galactic LD_LIBRARY_PATH=/home/pengchang/ws/install/interfaces/lib:/home/pengchang/ws/install/vision/lib:/opt/ros/galactic/opt/yaml_cpp_vendor/lib:/opt/ros/galactic/opt/rviz_ogre_vendor/lib:/opt/ros/galactic/lib/x86_64-linux-gnu:/opt/ros/galactic/lib /usr/bin/cmake --build /home/pengchang/ws/build/vision -- -j8 -l8
[4.037s] Invoking command in '/home/pengchang/ws/build/vision': CMAKE_PREFIX_PATH=/home/pengchang/ws/install/interfaces:/home/pengchang/ws/install/vision:/opt/ros/galactic LD_LIBRARY_PATH=/home/pengchang/ws/install/interfaces/lib:/home/pengchang/ws/install/vision/lib:/opt/ros/galactic/opt/yaml_cpp_vendor/lib:/opt/ros/galactic/opt/rviz_ogre_vendor/lib:/opt/ros/galactic/lib/x86_64-linux-gnu:/opt/ros/galactic/lib /usr/bin/cmake --install /home/pengchang/ws/build/vision
[4.049s] -- Install configuration: ""
[4.049s] -- Execute custom install script
[4.050s] -- Up-to-date symlink: /home/pengchang/ws/install/vision/lib/vision/camera_node
[4.050s] -- Up-to-date symlink: /home/pengchang/ws/install/vision/lib/vision/detector_node
[4.051s] -- Up-to-date symlink: /home/pengchang/ws/install/vision/lib/vision/processor_node
[4.052s] -- Up-to-date symlink: /home/pengchang/ws/install/vision/share/vision/environment/library_path.sh
[4.052s] -- Up-to-date symlink: /home/pengchang/ws/install/vision/share/vision/environment/library_path.dsv
[4.053s] -- Up-to-date symlink: /home/pengchang/ws/install/vision/lib/libvision.so
[4.054s] -- Up-to-date symlink: /home/pengchang/ws/install/vision/share/vision/config/camera_info.yaml
[4.054s] -- Up-to-date symlink: /home/pengchang/ws/install/vision/share/vision/config/camera_params.yaml
[4.054s] -- Up-to-date symlink: /home/pengchang/ws/install/vision/share/vision/config/default.yaml
[4.054s] -- Up-to-date symlink: /home/pengchang/ws/install/vision/share/vision/launch/launch.py
[4.055s] -- Up-to-date symlink: /home/pengchang/ws/install/vision/share/ament_index/resource_index/package_run_dependencies/vision
[4.055s] -- Up-to-date symlink: /home/pengchang/ws/install/vision/share/ament_index/resource_index/parent_prefix_path/vision
[4.055s] -- Up-to-date symlink: /home/pengchang/ws/install/vision/share/vision/environment/ament_prefix_path.sh
[4.055s] -- Up-to-date symlink: /home/pengchang/ws/install/vision/share/vision/environment/ament_prefix_path.dsv
[4.056s] -- Up-to-date symlink: /home/pengchang/ws/install/vision/share/vision/environment/path.sh
[4.056s] -- Up-to-date symlink: /home/pengchang/ws/install/vision/share/vision/environment/path.dsv
[4.056s] -- Up-to-date symlink: /home/pengchang/ws/install/vision/share/vision/local_setup.bash
[4.056s] -- Up-to-date symlink: /home/pengchang/ws/install/vision/share/vision/local_setup.sh
[4.057s] -- Up-to-date symlink: /home/pengchang/ws/install/vision/share/vision/local_setup.zsh
[4.057s] -- Up-to-date symlink: /home/pengchang/ws/install/vision/share/vision/local_setup.dsv
[4.057s] -- Symlinking: /home/pengchang/ws/install/vision/share/vision/package.dsv
[4.074s] -- Up-to-date symlink: /home/pengchang/ws/install/vision/share/ament_index/resource_index/packages/vision
[4.074s] -- Up-to-date symlink: /home/pengchang/ws/install/vision/share/ament_index/resource_index/rclcpp_components/vision
[4.076s] -- Up-to-date symlink: /home/pengchang/ws/install/vision/share/vision/cmake/ament_cmake_export_dependencies-extras.cmake
[4.079s] -- Up-to-date symlink: /home/pengchang/ws/install/vision/share/vision/cmake/ament_cmake_export_include_directories-extras.cmake
[4.079s] -- Up-to-date symlink: /home/pengchang/ws/install/vision/share/vision/cmake/ament_cmake_export_libraries-extras.cmake
[4.079s] -- Up-to-date symlink: /home/pengchang/ws/install/vision/share/vision/cmake/visionConfig.cmake
[4.079s] -- Up-to-date symlink: /home/pengchang/ws/install/vision/share/vision/cmake/visionConfig-version.cmake
[4.080s] -- Up-to-date symlink: /home/pengchang/ws/install/vision/share/vision/package.xml
[4.082s] Invoked command in '/home/pengchang/ws/build/vision' returned '0': CMAKE_PREFIX_PATH=/home/pengchang/ws/install/interfaces:/home/pengchang/ws/install/vision:/opt/ros/galactic LD_LIBRARY_PATH=/home/pengchang/ws/install/interfaces/lib:/home/pengchang/ws/install/vision/lib:/opt/ros/galactic/opt/yaml_cpp_vendor/lib:/opt/ros/galactic/opt/rviz_ogre_vendor/lib:/opt/ros/galactic/lib/x86_64-linux-gnu:/opt/ros/galactic/lib /usr/bin/cmake --install /home/pengchang/ws/build/vision
