[0.016s] Invoking command in '/home/pengchang/ws/build/vision': AMENT_PREFIX_PATH=/home/pengchang/ws/install/interfaces:${AMENT_PREFIX_PATH} CMAKE_PREFIX_PATH=/home/pengchang/ws/install/interfaces:/opt/ros/galactic LD_LIBRARY_PATH=/home/pengchang/ws/install/interfaces/lib:${LD_LIBRARY_PATH} PYTHONPATH=/home/pengchang/ws/install/interfaces/lib/python3.8/site-packages:${PYTHONPATH} /usr/bin/cmake --build /home/pengchang/ws/build/vision -- -j8 -l8
[0.089s] [ 12%] Built target gtest_main
[0.092s] [ 25%] Built target gtest
[0.096s] [ 37%] Built target detector_node
[0.096s] [35m[1mScanning dependencies of target vision[0m
[0.101s] [ 50%] Built target camera_node
[0.102s] [ 62%] Built target processor_node
[0.165s] [ 68%] [32mBuilding CXX object CMakeFiles/vision.dir/src/detector_node.cpp.o[0m
[0.362s] [ 75%] [32m[1mLinking CXX shared library libvision.so[0m
[1.698s] [ 87%] Built target vision
[1.753s] [ 93%] [32m[1mLinking CXX executable test_node[0m
[3.023s] /usr/bin/ld: warning: libopencv_imgproc.so.4.2, needed by /opt/ros/galactic/lib/libcv_bridge.so, may conflict with libopencv_imgproc.so.4.4
[3.024s] /usr/bin/ld: warning: libopencv_core.so.4.2, needed by /opt/ros/galactic/lib/libcv_bridge.so, may conflict with libopencv_core.so.4.4
[3.573s] [100%] Built target test_node
[3.591s] Invoked command in '/home/pengchang/ws/build/vision' returned '0': AMENT_PREFIX_PATH=/home/pengchang/ws/install/interfaces:${AMENT_PREFIX_PATH} CMAKE_PREFIX_PATH=/home/pengchang/ws/install/interfaces:/opt/ros/galactic LD_LIBRARY_PATH=/home/pengchang/ws/install/interfaces/lib:${LD_LIBRARY_PATH} PYTHONPATH=/home/pengchang/ws/install/interfaces/lib/python3.8/site-packages:${PYTHONPATH} /usr/bin/cmake --build /home/pengchang/ws/build/vision -- -j8 -l8
[3.653s] Invoking command in '/home/pengchang/ws/build/vision': AMENT_PREFIX_PATH=/home/pengchang/ws/install/interfaces:${AMENT_PREFIX_PATH} CMAKE_PREFIX_PATH=/home/pengchang/ws/install/interfaces:/opt/ros/galactic LD_LIBRARY_PATH=/home/pengchang/ws/install/interfaces/lib:${LD_LIBRARY_PATH} PYTHONPATH=/home/pengchang/ws/install/interfaces/lib/python3.8/site-packages:${PYTHONPATH} /usr/bin/cmake --install /home/pengchang/ws/build/vision
[3.669s] -- Install configuration: ""
[3.669s] -- Execute custom install script
[3.675s] -- Up-to-date symlink: /home/pengchang/ws/install/vision/lib/vision/camera_node
[3.676s] -- Up-to-date symlink: /home/pengchang/ws/install/vision/lib/vision/detector_node
[3.676s] -- Up-to-date symlink: /home/pengchang/ws/install/vision/lib/vision/processor_node
[3.677s] -- Up-to-date symlink: /home/pengchang/ws/install/vision/include/vision/detector_node.hpp
[3.677s] -- Up-to-date symlink: /home/pengchang/ws/install/vision/share/vision/environment/library_path.sh
[3.677s] -- Up-to-date symlink: /home/pengchang/ws/install/vision/share/vision/environment/library_path.dsv
[3.682s] -- Up-to-date symlink: /home/pengchang/ws/install/vision/lib/libvision.so
[3.688s] -- Up-to-date symlink: /home/pengchang/ws/install/vision/share/vision/config/camera_info.yaml
[3.688s] -- Up-to-date symlink: /home/pengchang/ws/install/vision/share/vision/config/camera_params.yaml
[3.688s] -- Up-to-date symlink: /home/pengchang/ws/install/vision/share/vision/config/default.yaml
[3.689s] -- Up-to-date symlink: /home/pengchang/ws/install/vision/share/vision/launch/launch.py
[3.689s] -- Up-to-date symlink: /home/pengchang/ws/install/vision/share/ament_index/resource_index/package_run_dependencies/vision
[3.690s] -- Up-to-date symlink: /home/pengchang/ws/install/vision/share/ament_index/resource_index/parent_prefix_path/vision
[3.690s] -- Up-to-date symlink: /home/pengchang/ws/install/vision/share/vision/environment/ament_prefix_path.sh
[3.690s] -- Up-to-date symlink: /home/pengchang/ws/install/vision/share/vision/environment/ament_prefix_path.dsv
[3.691s] -- Up-to-date symlink: /home/pengchang/ws/install/vision/share/vision/environment/path.sh
[3.691s] -- Up-to-date symlink: /home/pengchang/ws/install/vision/share/vision/environment/path.dsv
[3.692s] -- Up-to-date symlink: /home/pengchang/ws/install/vision/share/vision/local_setup.bash
[3.692s] -- Up-to-date symlink: /home/pengchang/ws/install/vision/share/vision/local_setup.sh
[3.693s] -- Up-to-date symlink: /home/pengchang/ws/install/vision/share/vision/local_setup.zsh
[3.693s] -- Up-to-date symlink: /home/pengchang/ws/install/vision/share/vision/local_setup.dsv
[3.693s] -- Symlinking: /home/pengchang/ws/install/vision/share/vision/package.dsv
[3.705s] -- Up-to-date symlink: /home/pengchang/ws/install/vision/share/ament_index/resource_index/packages/vision
[3.706s] -- Up-to-date symlink: /home/pengchang/ws/install/vision/share/ament_index/resource_index/rclcpp_components/vision
[3.706s] -- Up-to-date symlink: /home/pengchang/ws/install/vision/share/vision/cmake/ament_cmake_export_dependencies-extras.cmake
[3.707s] -- Up-to-date symlink: /home/pengchang/ws/install/vision/share/vision/cmake/ament_cmake_export_include_directories-extras.cmake
[3.708s] -- Up-to-date symlink: /home/pengchang/ws/install/vision/share/vision/cmake/ament_cmake_export_libraries-extras.cmake
[3.708s] -- Up-to-date symlink: /home/pengchang/ws/install/vision/share/vision/cmake/visionConfig.cmake
[3.709s] -- Up-to-date symlink: /home/pengchang/ws/install/vision/share/vision/cmake/visionConfig-version.cmake
[3.709s] -- Up-to-date symlink: /home/pengchang/ws/install/vision/share/vision/package.xml
[3.713s] Invoked command in '/home/pengchang/ws/build/vision' returned '0': AMENT_PREFIX_PATH=/home/pengchang/ws/install/interfaces:${AMENT_PREFIX_PATH} CMAKE_PREFIX_PATH=/home/pengchang/ws/install/interfaces:/opt/ros/galactic LD_LIBRARY_PATH=/home/pengchang/ws/install/interfaces/lib:${LD_LIBRARY_PATH} PYTHONPATH=/home/pengchang/ws/install/interfaces/lib/python3.8/site-packages:${PYTHONPATH} /usr/bin/cmake --install /home/pengchang/ws/build/vision
