-- Found ament_cmake: 1.1.5 (/opt/ros/galactic/share/ament_cmake/cmake)
-- Using PYTHON_EXECUTABLE: /usr/bin/python3
-- Override CMake install command with custom implementation using symlinks instead of copying resources
-- Found ament_lint_auto: 0.10.7 (/opt/ros/galactic/share/ament_lint_auto/cmake)
-- Added test 'flake8' to check Python code syntax and style conventions
-- Added test 'lint_cmake' to check CMake code style
-- Added test 'pep257' to check Python code against some of the style conventions in PEP 257
-- Added test 'xmllint' to check XML markup files
-- Configuring done
-- Generating done
-- Build files have been written to: /home/pengchang/ws/build/description
-- Install configuration: ""
-- Execute custom install script
-- Symlinking: /home/pengchang/ws/install/description/share/description/launch/view_model.launch.py
-- Symlinking: /home/pengchang/ws/install/description/share/description/launch/view_model.rviz
-- Symlinking: /home/pengchang/ws/install/description/share/description/meshes/camera_base_link.STL
-- Symlinking: /home/pengchang/ws/install/description/share/description/meshes/pitch_link.STL
-- Symlinking: /home/pengchang/ws/install/description/share/description/meshes/yaw_link.STL
-- Symlinking: /home/pengchang/ws/install/description/share/description/urdf/gimbal.urdf.xacro
-- Symlinking: /home/pengchang/ws/install/description/share/ament_index/resource_index/package_run_dependencies/description
-- Symlinking: /home/pengchang/ws/install/description/share/ament_index/resource_index/parent_prefix_path/description
-- Symlinking: /home/pengchang/ws/install/description/share/description/environment/ament_prefix_path.sh
-- Symlinking: /home/pengchang/ws/install/description/share/description/environment/ament_prefix_path.dsv
-- Symlinking: /home/pengchang/ws/install/description/share/description/environment/path.sh
-- Symlinking: /home/pengchang/ws/install/description/share/description/environment/path.dsv
-- Symlinking: /home/pengchang/ws/install/description/share/description/local_setup.bash
-- Symlinking: /home/pengchang/ws/install/description/share/description/local_setup.sh
-- Symlinking: /home/pengchang/ws/install/description/share/description/local_setup.zsh
-- Symlinking: /home/pengchang/ws/install/description/share/description/local_setup.dsv
-- Symlinking: /home/pengchang/ws/install/description/share/description/package.dsv
-- Symlinking: /home/pengchang/ws/install/description/share/ament_index/resource_index/packages/description
-- Symlinking: /home/pengchang/ws/install/description/share/description/cmake/descriptionConfig.cmake
-- Symlinking: /home/pengchang/ws/install/description/share/description/cmake/descriptionConfig-version.cmake
-- Symlinking: /home/pengchang/ws/install/description/share/description/package.xml
