[0.039s] Invoking command in '/home/pengchang/ws/build/description': CMAKE_PREFIX_PATH=/opt/ros/galactic /usr/bin/cmake /home/pengchang/ws/src/description -DAMENT_CMAKE_SYMLINK_INSTALL=1 -DCMAKE_INSTALL_PREFIX=/home/pengchang/ws/install/description
[0.057s] -- Found ament_cmake: 1.1.5 (/opt/ros/galactic/share/ament_cmake/cmake)
[0.082s] -- Using PYTHON_EXECUTABLE: /usr/bin/python3
[0.134s] -- Override CMake install command with custom implementation using symlinks instead of copying resources
[0.145s] -- Found ament_lint_auto: 0.10.7 (/opt/ros/galactic/share/ament_lint_auto/cmake)
[0.204s] -- Added test 'flake8' to check Python code syntax and style conventions
[0.204s] -- Added test 'lint_cmake' to check CMake code style
[0.204s] -- Added test 'pep257' to check Python code against some of the style conventions in PEP 257
[0.205s] -- Added test 'xmllint' to check XML markup files
[0.206s] -- Configuring done
[0.208s] -- Generating done
[0.208s] -- Build files have been written to: /home/pengchang/ws/build/description
[0.210s] Invoked command in '/home/pengchang/ws/build/description' returned '0': CMAKE_PREFIX_PATH=/opt/ros/galactic /usr/bin/cmake /home/pengchang/ws/src/description -DAMENT_CMAKE_SYMLINK_INSTALL=1 -DCMAKE_INSTALL_PREFIX=/home/pengchang/ws/install/description
[0.213s] Invoking command in '/home/pengchang/ws/build/description': CMAKE_PREFIX_PATH=/opt/ros/galactic /usr/bin/cmake --build /home/pengchang/ws/build/description -- -j8 -l8
[0.254s] Invoked command in '/home/pengchang/ws/build/description' returned '0': CMAKE_PREFIX_PATH=/opt/ros/galactic /usr/bin/cmake --build /home/pengchang/ws/build/description -- -j8 -l8
[0.297s] Invoking command in '/home/pengchang/ws/build/description': CMAKE_PREFIX_PATH=/opt/ros/galactic /usr/bin/cmake --install /home/pengchang/ws/build/description
[0.305s] -- Install configuration: ""
[0.306s] -- Execute custom install script
[0.306s] -- Symlinking: /home/pengchang/ws/install/description/share/description/launch/view_model.launch.py
[0.318s] -- Symlinking: /home/pengchang/ws/install/description/share/description/launch/view_model.rviz
[0.326s] -- Symlinking: /home/pengchang/ws/install/description/share/description/meshes/camera_base_link.STL
[0.333s] -- Symlinking: /home/pengchang/ws/install/description/share/description/meshes/pitch_link.STL
[0.343s] -- Symlinking: /home/pengchang/ws/install/description/share/description/meshes/yaw_link.STL
[0.353s] -- Symlinking: /home/pengchang/ws/install/description/share/description/urdf/gimbal.urdf.xacro
[0.364s] -- Symlinking: /home/pengchang/ws/install/description/share/ament_index/resource_index/package_run_dependencies/description
[0.377s] -- Symlinking: /home/pengchang/ws/install/description/share/ament_index/resource_index/parent_prefix_path/description
[0.385s] -- Symlinking: /home/pengchang/ws/install/description/share/description/environment/ament_prefix_path.sh
[0.394s] -- Symlinking: /home/pengchang/ws/install/description/share/description/environment/ament_prefix_path.dsv
[0.403s] -- Symlinking: /home/pengchang/ws/install/description/share/description/environment/path.sh
[0.411s] -- Symlinking: /home/pengchang/ws/install/description/share/description/environment/path.dsv
[0.425s] -- Symlinking: /home/pengchang/ws/install/description/share/description/local_setup.bash
[0.439s] -- Symlinking: /home/pengchang/ws/install/description/share/description/local_setup.sh
[0.447s] -- Symlinking: /home/pengchang/ws/install/description/share/description/local_setup.zsh
[0.457s] -- Symlinking: /home/pengchang/ws/install/description/share/description/local_setup.dsv
[0.468s] -- Symlinking: /home/pengchang/ws/install/description/share/description/package.dsv
[0.482s] -- Symlinking: /home/pengchang/ws/install/description/share/ament_index/resource_index/packages/description
[0.494s] -- Symlinking: /home/pengchang/ws/install/description/share/description/cmake/descriptionConfig.cmake
[0.507s] -- Symlinking: /home/pengchang/ws/install/description/share/description/cmake/descriptionConfig-version.cmake
[0.516s] -- Symlinking: /home/pengchang/ws/install/description/share/description/package.xml
[0.532s] Invoked command in '/home/pengchang/ws/build/description' returned '0': CMAKE_PREFIX_PATH=/opt/ros/galactic /usr/bin/cmake --install /home/pengchang/ws/build/description
