-- Install configuration: ""
-- Execute custom install script
-- Up-to-date symlink: /home/pengchang/ws/install/description/share/description/launch/view_model.launch.py
-- Up-to-date symlink: /home/pengchang/ws/install/description/share/description/launch/view_model.rviz
-- Up-to-date symlink: /home/pengchang/ws/install/description/share/description/meshes/camera_base_link.STL
-- Up-to-date symlink: /home/pengchang/ws/install/description/share/description/meshes/pitch_link.STL
-- Up-to-date symlink: /home/pengchang/ws/install/description/share/description/meshes/yaw_link.STL
-- Up-to-date symlink: /home/pengchang/ws/install/description/share/description/urdf/gimbal.urdf.xacro
-- Up-to-date symlink: /home/pengchang/ws/install/description/share/ament_index/resource_index/package_run_dependencies/description
-- Up-to-date symlink: /home/pengchang/ws/install/description/share/ament_index/resource_index/parent_prefix_path/description
-- Up-to-date symlink: /home/pengchang/ws/install/description/share/description/environment/ament_prefix_path.sh
-- Up-to-date symlink: /home/pengchang/ws/install/description/share/description/environment/ament_prefix_path.dsv
-- Up-to-date symlink: /home/pengchang/ws/install/description/share/description/environment/path.sh
-- Up-to-date symlink: /home/pengchang/ws/install/description/share/description/environment/path.dsv
-- Up-to-date symlink: /home/pengchang/ws/install/description/share/description/local_setup.bash
-- Up-to-date symlink: /home/pengchang/ws/install/description/share/description/local_setup.sh
-- Up-to-date symlink: /home/pengchang/ws/install/description/share/description/local_setup.zsh
-- Up-to-date symlink: /home/pengchang/ws/install/description/share/description/local_setup.dsv
-- Symlinking: /home/pengchang/ws/install/description/share/description/package.dsv
-- Up-to-date symlink: /home/pengchang/ws/install/description/share/ament_index/resource_index/packages/description
-- Up-to-date symlink: /home/pengchang/ws/install/description/share/description/cmake/descriptionConfig.cmake
-- Up-to-date symlink: /home/pengchang/ws/install/description/share/description/cmake/descriptionConfig-version.cmake
-- Up-to-date symlink: /home/pengchang/ws/install/description/share/description/package.xml
