[0.119s] DEBUG:colcon:Command line arguments: ['/usr/bin/colcon', 'build', '--symlink-install']
[0.119s] DEBUG:colcon:Parsed command line arguments: Namespace(allow_overriding=[], ament_cmake_args=None, base_paths=['.'], build_base='build', catkin_cmake_args=None, catkin_skip_building_tests=False, cmake_args=None, cmake_clean_cache=False, cmake_clean_first=False, cmake_force_configure=False, cmake_target=None, cmake_target_skip_unavailable=False, continue_on_error=False, event_handlers=None, executor='parallel', ignore_user_meta=False, install_base='install', log_base=None, log_level=None, main=<bound method BuildVerb.main of <colcon_core.verb.build.BuildVerb object at 0x7fd952e04760>>, merge_install=False, metas=['./colcon.meta'], packages_above=None, packages_above_and_dependencies=None, packages_above_depth=None, packages_end=None, packages_ignore=None, packages_ignore_regex=None, packages_select=None, packages_select_build_failed=False, packages_select_by_dep=None, packages_select_regex=None, packages_select_test_failures=False, packages_skip=None, packages_skip_build_finished=False, packages_skip_by_dep=None, packages_skip_regex=None, packages_skip_test_passed=False, packages_skip_up_to=None, packages_start=None, packages_up_to=None, packages_up_to_regex=None, parallel_workers=8, paths=None, symlink_install=True, test_result_base=None, verb_extension=<colcon_core.verb.build.BuildVerb object at 0x7fd952e04760>, verb_name='build', verb_parser=<colcon_defaults.argument_parser.defaults.DefaultArgumentsDecorator object at 0x7fd952e04cd0>)
[0.137s] Level 1:colcon.colcon_core.package_discovery:discover_packages(colcon_meta) check parameters
[0.137s] Level 1:colcon.colcon_core.package_discovery:discover_packages(recursive) check parameters
[0.137s] Level 1:colcon.colcon_core.package_discovery:discover_packages(ignore) check parameters
[0.137s] Level 1:colcon.colcon_core.package_discovery:discover_packages(path) check parameters
[0.137s] Level 1:colcon.colcon_core.package_discovery:discover_packages(colcon_meta) discover
[0.137s] Level 1:colcon.colcon_core.package_discovery:discover_packages(recursive) discover
[0.137s] INFO:colcon.colcon_core.package_discovery:Crawling recursively for packages in '/home/pengchang/ws'
[0.138s] Level 1:colcon.colcon_core.package_identification:_identify(.) by extensions ['ignore', 'ignore_ament_install']
[0.138s] Level 1:colcon.colcon_core.package_identification:_identify(.) by extension 'ignore'
[0.138s] Level 1:colcon.colcon_core.package_identification:_identify(.) by extension 'ignore_ament_install'
[0.138s] Level 1:colcon.colcon_core.package_identification:_identify(.) by extensions ['colcon_pkg']
[0.138s] Level 1:colcon.colcon_core.package_identification:_identify(.) by extension 'colcon_pkg'
[0.138s] Level 1:colcon.colcon_core.package_identification:_identify(.) by extensions ['colcon_meta']
[0.138s] Level 1:colcon.colcon_core.package_identification:_identify(.) by extension 'colcon_meta'
[0.138s] Level 1:colcon.colcon_core.package_identification:_identify(.) by extensions ['ros']
[0.138s] Level 1:colcon.colcon_core.package_identification:_identify(.) by extension 'ros'
[0.157s] Level 1:colcon.colcon_core.package_identification:_identify(.) by extensions ['cmake', 'python']
[0.157s] Level 1:colcon.colcon_core.package_identification:_identify(.) by extension 'cmake'
[0.157s] Level 1:colcon.colcon_core.package_identification:_identify(.) by extension 'python'
[0.157s] Level 1:colcon.colcon_core.package_identification:_identify(.) by extensions ['python_setup_py']
[0.157s] Level 1:colcon.colcon_core.package_identification:_identify(.) by extension 'python_setup_py'
[0.157s] Level 1:colcon.colcon_core.package_identification:_identify(build) by extensions ['ignore', 'ignore_ament_install']
[0.157s] Level 1:colcon.colcon_core.package_identification:_identify(build) by extension 'ignore'
[0.157s] Level 1:colcon.colcon_core.package_identification:_identify(build) ignored
[0.158s] Level 1:colcon.colcon_core.package_identification:_identify(install) by extensions ['ignore', 'ignore_ament_install']
[0.158s] Level 1:colcon.colcon_core.package_identification:_identify(install) by extension 'ignore'
[0.158s] Level 1:colcon.colcon_core.package_identification:_identify(install) ignored
[0.158s] Level 1:colcon.colcon_core.package_identification:_identify(log) by extensions ['ignore', 'ignore_ament_install']
[0.158s] Level 1:colcon.colcon_core.package_identification:_identify(log) by extension 'ignore'
[0.158s] Level 1:colcon.colcon_core.package_identification:_identify(log) ignored
[0.158s] Level 1:colcon.colcon_core.package_identification:_identify(src) by extensions ['ignore', 'ignore_ament_install']
[0.158s] Level 1:colcon.colcon_core.package_identification:_identify(src) by extension 'ignore'
[0.158s] Level 1:colcon.colcon_core.package_identification:_identify(src) by extension 'ignore_ament_install'
[0.158s] Level 1:colcon.colcon_core.package_identification:_identify(src) by extensions ['colcon_pkg']
[0.158s] Level 1:colcon.colcon_core.package_identification:_identify(src) by extension 'colcon_pkg'
[0.158s] Level 1:colcon.colcon_core.package_identification:_identify(src) by extensions ['colcon_meta']
[0.158s] Level 1:colcon.colcon_core.package_identification:_identify(src) by extension 'colcon_meta'
[0.158s] Level 1:colcon.colcon_core.package_identification:_identify(src) by extensions ['ros']
[0.158s] Level 1:colcon.colcon_core.package_identification:_identify(src) by extension 'ros'
[0.158s] Level 1:colcon.colcon_core.package_identification:_identify(src) by extensions ['cmake', 'python']
[0.158s] Level 1:colcon.colcon_core.package_identification:_identify(src) by extension 'cmake'
[0.158s] Level 1:colcon.colcon_core.package_identification:_identify(src) by extension 'python'
[0.158s] Level 1:colcon.colcon_core.package_identification:_identify(src) by extensions ['python_setup_py']
[0.158s] Level 1:colcon.colcon_core.package_identification:_identify(src) by extension 'python_setup_py'
[0.159s] Level 1:colcon.colcon_core.package_identification:_identify(src/bringup) by extensions ['ignore', 'ignore_ament_install']
[0.159s] Level 1:colcon.colcon_core.package_identification:_identify(src/bringup) by extension 'ignore'
[0.159s] Level 1:colcon.colcon_core.package_identification:_identify(src/bringup) by extension 'ignore_ament_install'
[0.159s] Level 1:colcon.colcon_core.package_identification:_identify(src/bringup) by extensions ['colcon_pkg']
[0.159s] Level 1:colcon.colcon_core.package_identification:_identify(src/bringup) by extension 'colcon_pkg'
[0.159s] Level 1:colcon.colcon_core.package_identification:_identify(src/bringup) by extensions ['colcon_meta']
[0.159s] Level 1:colcon.colcon_core.package_identification:_identify(src/bringup) by extension 'colcon_meta'
[0.159s] Level 1:colcon.colcon_core.package_identification:_identify(src/bringup) by extensions ['ros']
[0.159s] Level 1:colcon.colcon_core.package_identification:_identify(src/bringup) by extension 'ros'
[0.161s] DEBUG:colcon.colcon_core.package_identification:Package 'src/bringup' with type 'ros.ament_cmake' and name 'bringup'
[0.161s] Level 1:colcon.colcon_core.package_identification:_identify(src/build) by extensions ['ignore', 'ignore_ament_install']
[0.161s] Level 1:colcon.colcon_core.package_identification:_identify(src/build) by extension 'ignore'
[0.161s] Level 1:colcon.colcon_core.package_identification:_identify(src/build) ignored
[0.161s] Level 1:colcon.colcon_core.package_identification:_identify(src/description) by extensions ['ignore', 'ignore_ament_install']
[0.161s] Level 1:colcon.colcon_core.package_identification:_identify(src/description) by extension 'ignore'
[0.161s] Level 1:colcon.colcon_core.package_identification:_identify(src/description) by extension 'ignore_ament_install'
[0.161s] Level 1:colcon.colcon_core.package_identification:_identify(src/description) by extensions ['colcon_pkg']
[0.161s] Level 1:colcon.colcon_core.package_identification:_identify(src/description) by extension 'colcon_pkg'
[0.162s] Level 1:colcon.colcon_core.package_identification:_identify(src/description) by extensions ['colcon_meta']
[0.162s] Level 1:colcon.colcon_core.package_identification:_identify(src/description) by extension 'colcon_meta'
[0.162s] Level 1:colcon.colcon_core.package_identification:_identify(src/description) by extensions ['ros']
[0.162s] Level 1:colcon.colcon_core.package_identification:_identify(src/description) by extension 'ros'
[0.162s] DEBUG:colcon.colcon_core.package_identification:Package 'src/description' with type 'ros.ament_cmake' and name 'description'
[0.162s] Level 1:colcon.colcon_core.package_identification:_identify(src/install) by extensions ['ignore', 'ignore_ament_install']
[0.162s] Level 1:colcon.colcon_core.package_identification:_identify(src/install) by extension 'ignore'
[0.162s] Level 1:colcon.colcon_core.package_identification:_identify(src/install) ignored
[0.162s] Level 1:colcon.colcon_core.package_identification:_identify(src/interfaces) by extensions ['ignore', 'ignore_ament_install']
[0.162s] Level 1:colcon.colcon_core.package_identification:_identify(src/interfaces) by extension 'ignore'
[0.162s] Level 1:colcon.colcon_core.package_identification:_identify(src/interfaces) by extension 'ignore_ament_install'
[0.162s] Level 1:colcon.colcon_core.package_identification:_identify(src/interfaces) by extensions ['colcon_pkg']
[0.162s] Level 1:colcon.colcon_core.package_identification:_identify(src/interfaces) by extension 'colcon_pkg'
[0.163s] Level 1:colcon.colcon_core.package_identification:_identify(src/interfaces) by extensions ['colcon_meta']
[0.163s] Level 1:colcon.colcon_core.package_identification:_identify(src/interfaces) by extension 'colcon_meta'
[0.163s] Level 1:colcon.colcon_core.package_identification:_identify(src/interfaces) by extensions ['ros']
[0.163s] Level 1:colcon.colcon_core.package_identification:_identify(src/interfaces) by extension 'ros'
[0.163s] DEBUG:colcon.colcon_core.package_identification:Package 'src/interfaces' with type 'ros.ament_cmake' and name 'interfaces'
[0.163s] Level 1:colcon.colcon_core.package_identification:_identify(src/log) by extensions ['ignore', 'ignore_ament_install']
[0.163s] Level 1:colcon.colcon_core.package_identification:_identify(src/log) by extension 'ignore'
[0.163s] Level 1:colcon.colcon_core.package_identification:_identify(src/log) ignored
[0.163s] Level 1:colcon.colcon_core.package_identification:_identify(src/vision) by extensions ['ignore', 'ignore_ament_install']
[0.163s] Level 1:colcon.colcon_core.package_identification:_identify(src/vision) by extension 'ignore'
[0.163s] Level 1:colcon.colcon_core.package_identification:_identify(src/vision) by extension 'ignore_ament_install'
[0.163s] Level 1:colcon.colcon_core.package_identification:_identify(src/vision) by extensions ['colcon_pkg']
[0.163s] Level 1:colcon.colcon_core.package_identification:_identify(src/vision) by extension 'colcon_pkg'
[0.164s] Level 1:colcon.colcon_core.package_identification:_identify(src/vision) by extensions ['colcon_meta']
[0.164s] Level 1:colcon.colcon_core.package_identification:_identify(src/vision) by extension 'colcon_meta'
[0.164s] Level 1:colcon.colcon_core.package_identification:_identify(src/vision) by extensions ['ros']
[0.164s] Level 1:colcon.colcon_core.package_identification:_identify(src/vision) by extension 'ros'
[0.165s] DEBUG:colcon.colcon_core.package_identification:Package 'src/vision' with type 'ros.ament_cmake' and name 'vision'
[0.165s] Level 1:colcon.colcon_core.package_discovery:discover_packages(recursive) using defaults
[0.165s] Level 1:colcon.colcon_core.package_discovery:discover_packages(ignore) discover
[0.165s] Level 1:colcon.colcon_core.package_discovery:discover_packages(ignore) using defaults
[0.165s] Level 1:colcon.colcon_core.package_discovery:discover_packages(path) discover
[0.165s] Level 1:colcon.colcon_core.package_discovery:discover_packages(path) using defaults
[0.180s] Level 1:colcon.colcon_core.package_discovery:discover_packages(prefix_path) check parameters
[0.180s] Level 1:colcon.colcon_core.package_discovery:discover_packages(prefix_path) discover
[0.182s] DEBUG:colcon.colcon_installed_package_information.package_discovery:Found 5 installed packages in /home/pengchang/ws/install
[0.184s] DEBUG:colcon.colcon_installed_package_information.package_discovery:Found 283 installed packages in /opt/ros/galactic
[0.186s] Level 1:colcon.colcon_core.package_discovery:discover_packages(prefix_path) using defaults
[0.242s] Level 5:colcon.colcon_core.verb:set package 'description' build argument 'cmake_args' from command line to 'None'
[0.242s] Level 5:colcon.colcon_core.verb:set package 'description' build argument 'cmake_target' from command line to 'None'
[0.242s] Level 5:colcon.colcon_core.verb:set package 'description' build argument 'cmake_target_skip_unavailable' from command line to 'False'
[0.242s] Level 5:colcon.colcon_core.verb:set package 'description' build argument 'cmake_clean_cache' from command line to 'False'
[0.242s] Level 5:colcon.colcon_core.verb:set package 'description' build argument 'cmake_clean_first' from command line to 'False'
[0.242s] Level 5:colcon.colcon_core.verb:set package 'description' build argument 'cmake_force_configure' from command line to 'False'
[0.242s] Level 5:colcon.colcon_core.verb:set package 'description' build argument 'ament_cmake_args' from command line to 'None'
[0.242s] Level 5:colcon.colcon_core.verb:set package 'description' build argument 'catkin_cmake_args' from command line to 'None'
[0.242s] Level 5:colcon.colcon_core.verb:set package 'description' build argument 'catkin_skip_building_tests' from command line to 'False'
[0.243s] DEBUG:colcon.colcon_core.verb:Building package 'description' with the following arguments: {'ament_cmake_args': None, 'build_base': '/home/pengchang/ws/build/description', 'catkin_cmake_args': None, 'catkin_skip_building_tests': False, 'cmake_args': None, 'cmake_clean_cache': False, 'cmake_clean_first': False, 'cmake_force_configure': False, 'cmake_target': None, 'cmake_target_skip_unavailable': False, 'install_base': '/home/pengchang/ws/install/description', 'merge_install': False, 'path': '/home/pengchang/ws/src/description', 'symlink_install': True, 'test_result_base': None}
[0.243s] Level 5:colcon.colcon_core.verb:set package 'interfaces' build argument 'cmake_args' from command line to 'None'
[0.243s] Level 5:colcon.colcon_core.verb:set package 'interfaces' build argument 'cmake_target' from command line to 'None'
[0.243s] Level 5:colcon.colcon_core.verb:set package 'interfaces' build argument 'cmake_target_skip_unavailable' from command line to 'False'
[0.243s] Level 5:colcon.colcon_core.verb:set package 'interfaces' build argument 'cmake_clean_cache' from command line to 'False'
[0.243s] Level 5:colcon.colcon_core.verb:set package 'interfaces' build argument 'cmake_clean_first' from command line to 'False'
[0.243s] Level 5:colcon.colcon_core.verb:set package 'interfaces' build argument 'cmake_force_configure' from command line to 'False'
[0.243s] Level 5:colcon.colcon_core.verb:set package 'interfaces' build argument 'ament_cmake_args' from command line to 'None'
[0.243s] Level 5:colcon.colcon_core.verb:set package 'interfaces' build argument 'catkin_cmake_args' from command line to 'None'
[0.243s] Level 5:colcon.colcon_core.verb:set package 'interfaces' build argument 'catkin_skip_building_tests' from command line to 'False'
[0.243s] DEBUG:colcon.colcon_core.verb:Building package 'interfaces' with the following arguments: {'ament_cmake_args': None, 'build_base': '/home/pengchang/ws/build/interfaces', 'catkin_cmake_args': None, 'catkin_skip_building_tests': False, 'cmake_args': None, 'cmake_clean_cache': False, 'cmake_clean_first': False, 'cmake_force_configure': False, 'cmake_target': None, 'cmake_target_skip_unavailable': False, 'install_base': '/home/pengchang/ws/install/interfaces', 'merge_install': False, 'path': '/home/pengchang/ws/src/interfaces', 'symlink_install': True, 'test_result_base': None}
[0.244s] Level 5:colcon.colcon_core.verb:set package 'vision' build argument 'cmake_args' from command line to 'None'
[0.244s] Level 5:colcon.colcon_core.verb:set package 'vision' build argument 'cmake_target' from command line to 'None'
[0.244s] Level 5:colcon.colcon_core.verb:set package 'vision' build argument 'cmake_target_skip_unavailable' from command line to 'False'
[0.244s] Level 5:colcon.colcon_core.verb:set package 'vision' build argument 'cmake_clean_cache' from command line to 'False'
[0.244s] Level 5:colcon.colcon_core.verb:set package 'vision' build argument 'cmake_clean_first' from command line to 'False'
[0.244s] Level 5:colcon.colcon_core.verb:set package 'vision' build argument 'cmake_force_configure' from command line to 'False'
[0.244s] Level 5:colcon.colcon_core.verb:set package 'vision' build argument 'ament_cmake_args' from command line to 'None'
[0.244s] Level 5:colcon.colcon_core.verb:set package 'vision' build argument 'catkin_cmake_args' from command line to 'None'
[0.244s] Level 5:colcon.colcon_core.verb:set package 'vision' build argument 'catkin_skip_building_tests' from command line to 'False'
[0.244s] DEBUG:colcon.colcon_core.verb:Building package 'vision' with the following arguments: {'ament_cmake_args': None, 'build_base': '/home/pengchang/ws/build/vision', 'catkin_cmake_args': None, 'catkin_skip_building_tests': False, 'cmake_args': None, 'cmake_clean_cache': False, 'cmake_clean_first': False, 'cmake_force_configure': False, 'cmake_target': None, 'cmake_target_skip_unavailable': False, 'install_base': '/home/pengchang/ws/install/vision', 'merge_install': False, 'path': '/home/pengchang/ws/src/vision', 'symlink_install': True, 'test_result_base': None}
[0.245s] Level 5:colcon.colcon_core.verb:set package 'bringup' build argument 'cmake_args' from command line to 'None'
[0.246s] Level 5:colcon.colcon_core.verb:set package 'bringup' build argument 'cmake_target' from command line to 'None'
[0.246s] Level 5:colcon.colcon_core.verb:set package 'bringup' build argument 'cmake_target_skip_unavailable' from command line to 'False'
[0.246s] Level 5:colcon.colcon_core.verb:set package 'bringup' build argument 'cmake_clean_cache' from command line to 'False'
[0.246s] Level 5:colcon.colcon_core.verb:set package 'bringup' build argument 'cmake_clean_first' from command line to 'False'
[0.246s] Level 5:colcon.colcon_core.verb:set package 'bringup' build argument 'cmake_force_configure' from command line to 'False'
[0.246s] Level 5:colcon.colcon_core.verb:set package 'bringup' build argument 'ament_cmake_args' from command line to 'None'
[0.246s] Level 5:colcon.colcon_core.verb:set package 'bringup' build argument 'catkin_cmake_args' from command line to 'None'
[0.246s] Level 5:colcon.colcon_core.verb:set package 'bringup' build argument 'catkin_skip_building_tests' from command line to 'False'
[0.246s] DEBUG:colcon.colcon_core.verb:Building package 'bringup' with the following arguments: {'ament_cmake_args': None, 'build_base': '/home/pengchang/ws/build/bringup', 'catkin_cmake_args': None, 'catkin_skip_building_tests': False, 'cmake_args': None, 'cmake_clean_cache': False, 'cmake_clean_first': False, 'cmake_force_configure': False, 'cmake_target': None, 'cmake_target_skip_unavailable': False, 'install_base': '/home/pengchang/ws/install/bringup', 'merge_install': False, 'path': '/home/pengchang/ws/src/bringup', 'symlink_install': True, 'test_result_base': None}
[0.246s] INFO:colcon.colcon_core.executor:Executing jobs using 'parallel' executor
[0.250s] DEBUG:colcon.colcon_parallel_executor.executor.parallel:run_until_complete
[0.250s] INFO:colcon.colcon_ros.task.ament_cmake.build:Building ROS package in '/home/pengchang/ws/src/interfaces' with build type 'ament_cmake'
[0.250s] INFO:colcon.colcon_cmake.task.cmake.build:Building CMake package in '/home/pengchang/ws/src/interfaces'
[0.254s] INFO:colcon.colcon_core.plugin_system:Skipping extension 'colcon_core.shell.bat': Not used on non-Windows systems
[0.254s] INFO:colcon.colcon_core.shell:Skip shell extension 'powershell' for command environment: Not usable outside of PowerShell
[0.254s] DEBUG:colcon.colcon_core.shell:Skip shell extension 'dsv' for command environment
[0.261s] INFO:colcon.colcon_ros.task.ament_cmake.build:Building ROS package in '/home/pengchang/ws/src/description' with build type 'ament_cmake'
[0.261s] INFO:colcon.colcon_cmake.task.cmake.build:Building CMake package in '/home/pengchang/ws/src/description'
[0.263s] INFO:colcon.colcon_core.shell:Skip shell extension 'powershell' for command environment: Not usable outside of PowerShell
[0.263s] DEBUG:colcon.colcon_core.shell:Skip shell extension 'dsv' for command environment
[0.283s] DEBUG:colcon.colcon_core.event_handler.log_command:Invoking command in '/home/pengchang/ws/build/interfaces': CMAKE_PREFIX_PATH=${CMAKE_PREFIX_PATH}:/opt/ros/galactic /usr/bin/cmake --build /home/pengchang/ws/build/interfaces -- -j8 -l8
[0.297s] DEBUG:colcon.colcon_core.event_handler.log_command:Invoking command in '/home/pengchang/ws/build/description': CMAKE_PREFIX_PATH=${CMAKE_PREFIX_PATH}:/opt/ros/galactic /usr/bin/cmake --build /home/pengchang/ws/build/description -- -j8 -l8
[0.356s] DEBUG:colcon.colcon_core.event_handler.log_command:Invoked command in '/home/pengchang/ws/build/description' returned '0': CMAKE_PREFIX_PATH=${CMAKE_PREFIX_PATH}:/opt/ros/galactic /usr/bin/cmake --build /home/pengchang/ws/build/description -- -j8 -l8
[0.401s] DEBUG:colcon.colcon_core.event_handler.log_command:Invoking command in '/home/pengchang/ws/build/description': CMAKE_PREFIX_PATH=${CMAKE_PREFIX_PATH}:/opt/ros/galactic /usr/bin/cmake --install /home/pengchang/ws/build/description
[0.426s] Level 1:colcon.colcon_core.environment:create_environment_scripts_only(description)
[0.427s] DEBUG:colcon.colcon_core.event_handler.log_command:Invoked command in '/home/pengchang/ws/build/description' returned '0': CMAKE_PREFIX_PATH=${CMAKE_PREFIX_PATH}:/opt/ros/galactic /usr/bin/cmake --install /home/pengchang/ws/build/description
[0.435s] Level 1:colcon.colcon_core.environment:checking '/home/pengchang/ws/install/description' for CMake module files
[0.436s] Level 1:colcon.colcon_core.environment:checking '/home/pengchang/ws/install/description' for CMake config files
[0.436s] Level 1:colcon.colcon_core.shell:create_environment_hook('description', 'cmake_prefix_path')
[0.438s] INFO:colcon.colcon_core.shell:Creating environment hook '/home/pengchang/ws/install/description/share/description/hook/cmake_prefix_path.ps1'
[0.440s] INFO:colcon.colcon_core.shell:Creating environment descriptor '/home/pengchang/ws/install/description/share/description/hook/cmake_prefix_path.dsv'
[0.440s] INFO:colcon.colcon_core.shell:Creating environment hook '/home/pengchang/ws/install/description/share/description/hook/cmake_prefix_path.sh'
[0.441s] Level 1:colcon.colcon_core.environment:checking '/home/pengchang/ws/install/description/bin'
[0.441s] Level 1:colcon.colcon_core.environment:checking '/home/pengchang/ws/install/description/lib/pkgconfig/description.pc'
[0.441s] Level 1:colcon.colcon_core.environment:checking '/home/pengchang/ws/install/description/lib/python3.8/site-packages'
[0.441s] Level 1:colcon.colcon_core.environment:checking '/home/pengchang/ws/install/description/bin'
[0.442s] INFO:colcon.colcon_core.shell:Creating package script '/home/pengchang/ws/install/description/share/description/package.ps1'
[0.443s] INFO:colcon.colcon_core.shell:Creating package descriptor '/home/pengchang/ws/install/description/share/description/package.dsv'
[0.443s] INFO:colcon.colcon_core.shell:Creating package script '/home/pengchang/ws/install/description/share/description/package.sh'
[0.444s] INFO:colcon.colcon_core.shell:Creating package script '/home/pengchang/ws/install/description/share/description/package.bash'
[0.444s] INFO:colcon.colcon_core.shell:Creating package script '/home/pengchang/ws/install/description/share/description/package.zsh'
[0.445s] Level 1:colcon.colcon_core.environment:create_file_with_runtime_dependencies(/home/pengchang/ws/install/description/share/colcon-core/packages/description)
[0.471s] Level 1:colcon.colcon_core.environment:create_environment_scripts_only(description)
[0.474s] Level 1:colcon.colcon_core.environment:checking '/home/pengchang/ws/install/description' for CMake module files
[0.475s] Level 1:colcon.colcon_core.environment:checking '/home/pengchang/ws/install/description' for CMake config files
[0.475s] Level 1:colcon.colcon_core.shell:create_environment_hook('description', 'cmake_prefix_path')
[0.477s] INFO:colcon.colcon_core.shell:Creating environment hook '/home/pengchang/ws/install/description/share/description/hook/cmake_prefix_path.ps1'
[0.478s] INFO:colcon.colcon_core.shell:Creating environment descriptor '/home/pengchang/ws/install/description/share/description/hook/cmake_prefix_path.dsv'
[0.479s] INFO:colcon.colcon_core.shell:Creating environment hook '/home/pengchang/ws/install/description/share/description/hook/cmake_prefix_path.sh'
[0.479s] Level 1:colcon.colcon_core.environment:checking '/home/pengchang/ws/install/description/bin'
[0.479s] Level 1:colcon.colcon_core.environment:checking '/home/pengchang/ws/install/description/lib/pkgconfig/description.pc'
[0.480s] Level 1:colcon.colcon_core.environment:checking '/home/pengchang/ws/install/description/lib/python3.8/site-packages'
[0.480s] Level 1:colcon.colcon_core.environment:checking '/home/pengchang/ws/install/description/bin'
[0.481s] INFO:colcon.colcon_core.shell:Creating package script '/home/pengchang/ws/install/description/share/description/package.ps1'
[0.481s] INFO:colcon.colcon_core.shell:Creating package descriptor '/home/pengchang/ws/install/description/share/description/package.dsv'
[0.482s] INFO:colcon.colcon_core.shell:Creating package script '/home/pengchang/ws/install/description/share/description/package.sh'
[0.482s] INFO:colcon.colcon_core.shell:Creating package script '/home/pengchang/ws/install/description/share/description/package.bash'
[0.482s] INFO:colcon.colcon_core.shell:Creating package script '/home/pengchang/ws/install/description/share/description/package.zsh'
[0.482s] Level 1:colcon.colcon_core.environment:create_file_with_runtime_dependencies(/home/pengchang/ws/install/description/share/colcon-core/packages/description)
[0.606s] DEBUG:colcon.colcon_core.event_handler.log_command:Invoked command in '/home/pengchang/ws/build/interfaces' returned '0': CMAKE_PREFIX_PATH=${CMAKE_PREFIX_PATH}:/opt/ros/galactic /usr/bin/cmake --build /home/pengchang/ws/build/interfaces -- -j8 -l8
[0.776s] DEBUG:colcon.colcon_core.event_handler.log_command:Invoking command in '/home/pengchang/ws/build/interfaces': CMAKE_PREFIX_PATH=${CMAKE_PREFIX_PATH}:/opt/ros/galactic /usr/bin/cmake --install /home/pengchang/ws/build/interfaces
[0.868s] Level 1:colcon.colcon_core.environment:create_environment_scripts_only(interfaces)
[0.872s] Level 1:colcon.colcon_core.environment:checking '/home/pengchang/ws/install/interfaces' for CMake module files
[0.873s] DEBUG:colcon.colcon_core.event_handler.log_command:Invoked command in '/home/pengchang/ws/build/interfaces' returned '0': CMAKE_PREFIX_PATH=${CMAKE_PREFIX_PATH}:/opt/ros/galactic /usr/bin/cmake --install /home/pengchang/ws/build/interfaces
[0.874s] Level 1:colcon.colcon_core.environment:checking '/home/pengchang/ws/install/interfaces' for CMake config files
[0.876s] Level 1:colcon.colcon_core.shell:create_environment_hook('interfaces', 'cmake_prefix_path')
[0.878s] INFO:colcon.colcon_core.shell:Creating environment hook '/home/pengchang/ws/install/interfaces/share/interfaces/hook/cmake_prefix_path.ps1'
[0.879s] INFO:colcon.colcon_core.shell:Creating environment descriptor '/home/pengchang/ws/install/interfaces/share/interfaces/hook/cmake_prefix_path.dsv'
[0.880s] INFO:colcon.colcon_core.shell:Creating environment hook '/home/pengchang/ws/install/interfaces/share/interfaces/hook/cmake_prefix_path.sh'
[0.880s] Level 1:colcon.colcon_core.environment:checking '/home/pengchang/ws/install/interfaces/lib'
[0.881s] Level 1:colcon.colcon_core.shell:create_environment_hook('interfaces', 'ld_library_path_lib')
[0.882s] INFO:colcon.colcon_core.shell:Creating environment hook '/home/pengchang/ws/install/interfaces/share/interfaces/hook/ld_library_path_lib.ps1'
[0.882s] INFO:colcon.colcon_core.shell:Creating environment descriptor '/home/pengchang/ws/install/interfaces/share/interfaces/hook/ld_library_path_lib.dsv'
[0.882s] INFO:colcon.colcon_core.shell:Creating environment hook '/home/pengchang/ws/install/interfaces/share/interfaces/hook/ld_library_path_lib.sh'
[0.883s] Level 1:colcon.colcon_core.environment:checking '/home/pengchang/ws/install/interfaces/bin'
[0.883s] Level 1:colcon.colcon_core.environment:checking '/home/pengchang/ws/install/interfaces/lib/pkgconfig/interfaces.pc'
[0.883s] Level 1:colcon.colcon_core.environment:checking '/home/pengchang/ws/install/interfaces/lib/python3.8/site-packages'
[0.883s] Level 1:colcon.colcon_core.shell:create_environment_hook('interfaces', 'pythonpath')
[0.884s] INFO:colcon.colcon_core.shell:Creating environment hook '/home/pengchang/ws/install/interfaces/share/interfaces/hook/pythonpath.ps1'
[0.885s] INFO:colcon.colcon_core.shell:Creating environment descriptor '/home/pengchang/ws/install/interfaces/share/interfaces/hook/pythonpath.dsv'
[0.885s] INFO:colcon.colcon_core.shell:Creating environment hook '/home/pengchang/ws/install/interfaces/share/interfaces/hook/pythonpath.sh'
[0.885s] Level 1:colcon.colcon_core.environment:checking '/home/pengchang/ws/install/interfaces/bin'
[0.887s] INFO:colcon.colcon_core.shell:Creating package script '/home/pengchang/ws/install/interfaces/share/interfaces/package.ps1'
[0.888s] INFO:colcon.colcon_core.shell:Creating package descriptor '/home/pengchang/ws/install/interfaces/share/interfaces/package.dsv'
[0.888s] INFO:colcon.colcon_core.shell:Creating package script '/home/pengchang/ws/install/interfaces/share/interfaces/package.sh'
[0.889s] INFO:colcon.colcon_core.shell:Creating package script '/home/pengchang/ws/install/interfaces/share/interfaces/package.bash'
[0.889s] INFO:colcon.colcon_core.shell:Creating package script '/home/pengchang/ws/install/interfaces/share/interfaces/package.zsh'
[0.889s] Level 1:colcon.colcon_core.environment:create_file_with_runtime_dependencies(/home/pengchang/ws/install/interfaces/share/colcon-core/packages/interfaces)
[1.041s] Level 1:colcon.colcon_core.environment:create_environment_scripts_only(interfaces)
[1.044s] Level 1:colcon.colcon_core.environment:checking '/home/pengchang/ws/install/interfaces' for CMake module files
[1.046s] Level 1:colcon.colcon_core.environment:checking '/home/pengchang/ws/install/interfaces' for CMake config files
[1.047s] Level 1:colcon.colcon_core.shell:create_environment_hook('interfaces', 'cmake_prefix_path')
[1.048s] INFO:colcon.colcon_core.shell:Creating environment hook '/home/pengchang/ws/install/interfaces/share/interfaces/hook/cmake_prefix_path.ps1'
[1.049s] INFO:colcon.colcon_core.shell:Creating environment descriptor '/home/pengchang/ws/install/interfaces/share/interfaces/hook/cmake_prefix_path.dsv'
[1.049s] INFO:colcon.colcon_core.shell:Creating environment hook '/home/pengchang/ws/install/interfaces/share/interfaces/hook/cmake_prefix_path.sh'
[1.049s] Level 1:colcon.colcon_core.environment:checking '/home/pengchang/ws/install/interfaces/lib'
[1.049s] Level 1:colcon.colcon_core.shell:create_environment_hook('interfaces', 'ld_library_path_lib')
[1.050s] INFO:colcon.colcon_core.shell:Creating environment hook '/home/pengchang/ws/install/interfaces/share/interfaces/hook/ld_library_path_lib.ps1'
[1.051s] INFO:colcon.colcon_core.shell:Creating environment descriptor '/home/pengchang/ws/install/interfaces/share/interfaces/hook/ld_library_path_lib.dsv'
[1.051s] INFO:colcon.colcon_core.shell:Creating environment hook '/home/pengchang/ws/install/interfaces/share/interfaces/hook/ld_library_path_lib.sh'
[1.052s] Level 1:colcon.colcon_core.environment:checking '/home/pengchang/ws/install/interfaces/bin'
[1.052s] Level 1:colcon.colcon_core.environment:checking '/home/pengchang/ws/install/interfaces/lib/pkgconfig/interfaces.pc'
[1.052s] Level 1:colcon.colcon_core.environment:checking '/home/pengchang/ws/install/interfaces/lib/python3.8/site-packages'
[1.052s] Level 1:colcon.colcon_core.shell:create_environment_hook('interfaces', 'pythonpath')
[1.053s] INFO:colcon.colcon_core.shell:Creating environment hook '/home/pengchang/ws/install/interfaces/share/interfaces/hook/pythonpath.ps1'
[1.053s] INFO:colcon.colcon_core.shell:Creating environment descriptor '/home/pengchang/ws/install/interfaces/share/interfaces/hook/pythonpath.dsv'
[1.054s] INFO:colcon.colcon_core.shell:Creating environment hook '/home/pengchang/ws/install/interfaces/share/interfaces/hook/pythonpath.sh'
[1.054s] Level 1:colcon.colcon_core.environment:checking '/home/pengchang/ws/install/interfaces/bin'
[1.055s] INFO:colcon.colcon_core.shell:Creating package script '/home/pengchang/ws/install/interfaces/share/interfaces/package.ps1'
[1.056s] INFO:colcon.colcon_core.shell:Creating package descriptor '/home/pengchang/ws/install/interfaces/share/interfaces/package.dsv'
[1.057s] INFO:colcon.colcon_core.shell:Creating package script '/home/pengchang/ws/install/interfaces/share/interfaces/package.sh'
[1.057s] INFO:colcon.colcon_core.shell:Creating package script '/home/pengchang/ws/install/interfaces/share/interfaces/package.bash'
[1.058s] INFO:colcon.colcon_core.shell:Creating package script '/home/pengchang/ws/install/interfaces/share/interfaces/package.zsh'
[1.058s] Level 1:colcon.colcon_core.environment:create_file_with_runtime_dependencies(/home/pengchang/ws/install/interfaces/share/colcon-core/packages/interfaces)
[1.059s] INFO:colcon.colcon_ros.task.ament_cmake.build:Building ROS package in '/home/pengchang/ws/src/vision' with build type 'ament_cmake'
[1.059s] INFO:colcon.colcon_cmake.task.cmake.build:Building CMake package in '/home/pengchang/ws/src/vision'
[1.060s] INFO:colcon.colcon_core.shell:Skip shell extension 'powershell' for command environment: Not usable outside of PowerShell
[1.060s] DEBUG:colcon.colcon_core.shell:Skip shell extension 'dsv' for command environment
[1.078s] DEBUG:colcon.colcon_core.event_handler.log_command:Invoking command in '/home/pengchang/ws/build/vision': CMAKE_PREFIX_PATH=/home/pengchang/ws/install/interfaces:/home/pengchang/ws/install/bringup:/home/pengchang/ws/install/vision:/home/pengchang/ws/install/rm_description:/home/pengchang/ws/install/description:/opt/ros/galactic LD_LIBRARY_PATH=/home/pengchang/ws/install/interfaces/lib:/home/pengchang/ws/install/vision/lib:/opt/ros/galactic/opt/yaml_cpp_vendor/lib:/opt/ros/galactic/opt/rviz_ogre_vendor/lib:/opt/ros/galactic/lib/x86_64-linux-gnu:/opt/ros/galactic/lib /usr/bin/cmake --build /home/pengchang/ws/build/vision -- -j8 -l8
[1.196s] DEBUG:colcon.colcon_core.event_handler.log_command:Invoked command in '/home/pengchang/ws/build/vision' returned '0': CMAKE_PREFIX_PATH=/home/pengchang/ws/install/interfaces:/home/pengchang/ws/install/bringup:/home/pengchang/ws/install/vision:/home/pengchang/ws/install/rm_description:/home/pengchang/ws/install/description:/opt/ros/galactic LD_LIBRARY_PATH=/home/pengchang/ws/install/interfaces/lib:/home/pengchang/ws/install/vision/lib:/opt/ros/galactic/opt/yaml_cpp_vendor/lib:/opt/ros/galactic/opt/rviz_ogre_vendor/lib:/opt/ros/galactic/lib/x86_64-linux-gnu:/opt/ros/galactic/lib /usr/bin/cmake --build /home/pengchang/ws/build/vision -- -j8 -l8
[1.255s] DEBUG:colcon.colcon_core.event_handler.log_command:Invoking command in '/home/pengchang/ws/build/vision': CMAKE_PREFIX_PATH=/home/pengchang/ws/install/interfaces:/home/pengchang/ws/install/bringup:/home/pengchang/ws/install/vision:/home/pengchang/ws/install/rm_description:/home/pengchang/ws/install/description:/opt/ros/galactic LD_LIBRARY_PATH=/home/pengchang/ws/install/interfaces/lib:/home/pengchang/ws/install/vision/lib:/opt/ros/galactic/opt/yaml_cpp_vendor/lib:/opt/ros/galactic/opt/rviz_ogre_vendor/lib:/opt/ros/galactic/lib/x86_64-linux-gnu:/opt/ros/galactic/lib /usr/bin/cmake --install /home/pengchang/ws/build/vision
[1.288s] Level 1:colcon.colcon_core.environment:create_environment_scripts_only(vision)
[1.292s] Level 1:colcon.colcon_core.environment:checking '/home/pengchang/ws/install/vision' for CMake module files
[1.293s] DEBUG:colcon.colcon_core.event_handler.log_command:Invoked command in '/home/pengchang/ws/build/vision' returned '0': CMAKE_PREFIX_PATH=/home/pengchang/ws/install/interfaces:/home/pengchang/ws/install/bringup:/home/pengchang/ws/install/vision:/home/pengchang/ws/install/rm_description:/home/pengchang/ws/install/description:/opt/ros/galactic LD_LIBRARY_PATH=/home/pengchang/ws/install/interfaces/lib:/home/pengchang/ws/install/vision/lib:/opt/ros/galactic/opt/yaml_cpp_vendor/lib:/opt/ros/galactic/opt/rviz_ogre_vendor/lib:/opt/ros/galactic/lib/x86_64-linux-gnu:/opt/ros/galactic/lib /usr/bin/cmake --install /home/pengchang/ws/build/vision
[1.293s] Level 1:colcon.colcon_core.environment:checking '/home/pengchang/ws/install/vision' for CMake config files
[1.293s] Level 1:colcon.colcon_core.shell:create_environment_hook('vision', 'cmake_prefix_path')
[1.295s] INFO:colcon.colcon_core.shell:Creating environment hook '/home/pengchang/ws/install/vision/share/vision/hook/cmake_prefix_path.ps1'
[1.295s] INFO:colcon.colcon_core.shell:Creating environment descriptor '/home/pengchang/ws/install/vision/share/vision/hook/cmake_prefix_path.dsv'
[1.295s] INFO:colcon.colcon_core.shell:Creating environment hook '/home/pengchang/ws/install/vision/share/vision/hook/cmake_prefix_path.sh'
[1.296s] Level 1:colcon.colcon_core.environment:checking '/home/pengchang/ws/install/vision/lib'
[1.296s] Level 1:colcon.colcon_core.shell:create_environment_hook('vision', 'ld_library_path_lib')
[1.297s] INFO:colcon.colcon_core.shell:Creating environment hook '/home/pengchang/ws/install/vision/share/vision/hook/ld_library_path_lib.ps1'
[1.297s] INFO:colcon.colcon_core.shell:Creating environment descriptor '/home/pengchang/ws/install/vision/share/vision/hook/ld_library_path_lib.dsv'
[1.297s] INFO:colcon.colcon_core.shell:Creating environment hook '/home/pengchang/ws/install/vision/share/vision/hook/ld_library_path_lib.sh'
[1.297s] Level 1:colcon.colcon_core.environment:checking '/home/pengchang/ws/install/vision/bin'
[1.298s] Level 1:colcon.colcon_core.environment:checking '/home/pengchang/ws/install/vision/lib/pkgconfig/vision.pc'
[1.298s] Level 1:colcon.colcon_core.environment:checking '/home/pengchang/ws/install/vision/lib/python3.8/site-packages'
[1.298s] Level 1:colcon.colcon_core.environment:checking '/home/pengchang/ws/install/vision/bin'
[1.299s] INFO:colcon.colcon_core.shell:Creating package script '/home/pengchang/ws/install/vision/share/vision/package.ps1'
[1.299s] INFO:colcon.colcon_core.shell:Creating package descriptor '/home/pengchang/ws/install/vision/share/vision/package.dsv'
[1.300s] INFO:colcon.colcon_core.shell:Creating package script '/home/pengchang/ws/install/vision/share/vision/package.sh'
[1.300s] INFO:colcon.colcon_core.shell:Creating package script '/home/pengchang/ws/install/vision/share/vision/package.bash'
[1.300s] INFO:colcon.colcon_core.shell:Creating package script '/home/pengchang/ws/install/vision/share/vision/package.zsh'
[1.300s] Level 1:colcon.colcon_core.environment:create_file_with_runtime_dependencies(/home/pengchang/ws/install/vision/share/colcon-core/packages/vision)
[1.340s] Level 1:colcon.colcon_core.environment:create_environment_scripts_only(vision)
[1.343s] Level 1:colcon.colcon_core.environment:checking '/home/pengchang/ws/install/vision' for CMake module files
[1.344s] Level 1:colcon.colcon_core.environment:checking '/home/pengchang/ws/install/vision' for CMake config files
[1.345s] Level 1:colcon.colcon_core.shell:create_environment_hook('vision', 'cmake_prefix_path')
[1.347s] INFO:colcon.colcon_core.shell:Creating environment hook '/home/pengchang/ws/install/vision/share/vision/hook/cmake_prefix_path.ps1'
[1.348s] INFO:colcon.colcon_core.shell:Creating environment descriptor '/home/pengchang/ws/install/vision/share/vision/hook/cmake_prefix_path.dsv'
[1.348s] INFO:colcon.colcon_core.shell:Creating environment hook '/home/pengchang/ws/install/vision/share/vision/hook/cmake_prefix_path.sh'
[1.348s] Level 1:colcon.colcon_core.environment:checking '/home/pengchang/ws/install/vision/lib'
[1.349s] Level 1:colcon.colcon_core.shell:create_environment_hook('vision', 'ld_library_path_lib')
[1.350s] INFO:colcon.colcon_core.shell:Creating environment hook '/home/pengchang/ws/install/vision/share/vision/hook/ld_library_path_lib.ps1'
[1.350s] INFO:colcon.colcon_core.shell:Creating environment descriptor '/home/pengchang/ws/install/vision/share/vision/hook/ld_library_path_lib.dsv'
[1.350s] INFO:colcon.colcon_core.shell:Creating environment hook '/home/pengchang/ws/install/vision/share/vision/hook/ld_library_path_lib.sh'
[1.350s] Level 1:colcon.colcon_core.environment:checking '/home/pengchang/ws/install/vision/bin'
[1.350s] Level 1:colcon.colcon_core.environment:checking '/home/pengchang/ws/install/vision/lib/pkgconfig/vision.pc'
[1.351s] Level 1:colcon.colcon_core.environment:checking '/home/pengchang/ws/install/vision/lib/python3.8/site-packages'
[1.351s] Level 1:colcon.colcon_core.environment:checking '/home/pengchang/ws/install/vision/bin'
[1.352s] INFO:colcon.colcon_core.shell:Creating package script '/home/pengchang/ws/install/vision/share/vision/package.ps1'
[1.352s] INFO:colcon.colcon_core.shell:Creating package descriptor '/home/pengchang/ws/install/vision/share/vision/package.dsv'
[1.353s] INFO:colcon.colcon_core.shell:Creating package script '/home/pengchang/ws/install/vision/share/vision/package.sh'
[1.353s] INFO:colcon.colcon_core.shell:Creating package script '/home/pengchang/ws/install/vision/share/vision/package.bash'
[1.353s] INFO:colcon.colcon_core.shell:Creating package script '/home/pengchang/ws/install/vision/share/vision/package.zsh'
[1.353s] Level 1:colcon.colcon_core.environment:create_file_with_runtime_dependencies(/home/pengchang/ws/install/vision/share/colcon-core/packages/vision)
[1.354s] INFO:colcon.colcon_ros.task.ament_cmake.build:Building ROS package in '/home/pengchang/ws/src/bringup' with build type 'ament_cmake'
[1.354s] INFO:colcon.colcon_cmake.task.cmake.build:Building CMake package in '/home/pengchang/ws/src/bringup'
[1.355s] INFO:colcon.colcon_core.shell:Skip shell extension 'powershell' for command environment: Not usable outside of PowerShell
[1.355s] DEBUG:colcon.colcon_core.shell:Skip shell extension 'dsv' for command environment
[1.377s] DEBUG:colcon.colcon_core.event_handler.log_command:Invoking command in '/home/pengchang/ws/build/bringup': CMAKE_PREFIX_PATH=/home/pengchang/ws/install/vision:/home/pengchang/ws/install/interfaces:/home/pengchang/ws/install/description:/home/pengchang/ws/install/bringup:/home/pengchang/ws/install/rm_description:/opt/ros/galactic /usr/bin/cmake --build /home/pengchang/ws/build/bringup -- -j8 -l8
[1.428s] DEBUG:colcon.colcon_core.event_handler.log_command:Invoked command in '/home/pengchang/ws/build/bringup' returned '0': CMAKE_PREFIX_PATH=/home/pengchang/ws/install/vision:/home/pengchang/ws/install/interfaces:/home/pengchang/ws/install/description:/home/pengchang/ws/install/bringup:/home/pengchang/ws/install/rm_description:/opt/ros/galactic /usr/bin/cmake --build /home/pengchang/ws/build/bringup -- -j8 -l8
[1.459s] DEBUG:colcon.colcon_core.event_handler.log_command:Invoking command in '/home/pengchang/ws/build/bringup': CMAKE_PREFIX_PATH=/home/pengchang/ws/install/vision:/home/pengchang/ws/install/interfaces:/home/pengchang/ws/install/description:/home/pengchang/ws/install/bringup:/home/pengchang/ws/install/rm_description:/opt/ros/galactic /usr/bin/cmake --install /home/pengchang/ws/build/bringup
[1.487s] Level 1:colcon.colcon_core.environment:create_environment_scripts_only(bringup)
[1.490s] Level 1:colcon.colcon_core.environment:checking '/home/pengchang/ws/install/bringup' for CMake module files
[1.491s] DEBUG:colcon.colcon_core.event_handler.log_command:Invoked command in '/home/pengchang/ws/build/bringup' returned '0': CMAKE_PREFIX_PATH=/home/pengchang/ws/install/vision:/home/pengchang/ws/install/interfaces:/home/pengchang/ws/install/description:/home/pengchang/ws/install/bringup:/home/pengchang/ws/install/rm_description:/opt/ros/galactic /usr/bin/cmake --install /home/pengchang/ws/build/bringup
[1.491s] Level 1:colcon.colcon_core.environment:checking '/home/pengchang/ws/install/bringup' for CMake config files
[1.492s] Level 1:colcon.colcon_core.shell:create_environment_hook('bringup', 'cmake_prefix_path')
[1.494s] INFO:colcon.colcon_core.shell:Creating environment hook '/home/pengchang/ws/install/bringup/share/bringup/hook/cmake_prefix_path.ps1'
[1.495s] INFO:colcon.colcon_core.shell:Creating environment descriptor '/home/pengchang/ws/install/bringup/share/bringup/hook/cmake_prefix_path.dsv'
[1.496s] INFO:colcon.colcon_core.shell:Creating environment hook '/home/pengchang/ws/install/bringup/share/bringup/hook/cmake_prefix_path.sh'
[1.496s] Level 1:colcon.colcon_core.environment:checking '/home/pengchang/ws/install/bringup/bin'
[1.497s] Level 1:colcon.colcon_core.environment:checking '/home/pengchang/ws/install/bringup/lib/pkgconfig/bringup.pc'
[1.497s] Level 1:colcon.colcon_core.environment:checking '/home/pengchang/ws/install/bringup/lib/python3.8/site-packages'
[1.497s] Level 1:colcon.colcon_core.environment:checking '/home/pengchang/ws/install/bringup/bin'
[1.499s] INFO:colcon.colcon_core.shell:Creating package script '/home/pengchang/ws/install/bringup/share/bringup/package.ps1'
[1.500s] INFO:colcon.colcon_core.shell:Creating package descriptor '/home/pengchang/ws/install/bringup/share/bringup/package.dsv'
[1.500s] INFO:colcon.colcon_core.shell:Creating package script '/home/pengchang/ws/install/bringup/share/bringup/package.sh'
[1.500s] INFO:colcon.colcon_core.shell:Creating package script '/home/pengchang/ws/install/bringup/share/bringup/package.bash'
[1.501s] INFO:colcon.colcon_core.shell:Creating package script '/home/pengchang/ws/install/bringup/share/bringup/package.zsh'
[1.501s] Level 1:colcon.colcon_core.environment:create_file_with_runtime_dependencies(/home/pengchang/ws/install/bringup/share/colcon-core/packages/bringup)
[1.530s] Level 1:colcon.colcon_core.environment:create_environment_scripts_only(bringup)
[1.534s] Level 1:colcon.colcon_core.environment:checking '/home/pengchang/ws/install/bringup' for CMake module files
[1.535s] Level 1:colcon.colcon_core.environment:checking '/home/pengchang/ws/install/bringup' for CMake config files
[1.536s] Level 1:colcon.colcon_core.shell:create_environment_hook('bringup', 'cmake_prefix_path')
[1.536s] INFO:colcon.colcon_core.shell:Creating environment hook '/home/pengchang/ws/install/bringup/share/bringup/hook/cmake_prefix_path.ps1'
[1.537s] INFO:colcon.colcon_core.shell:Creating environment descriptor '/home/pengchang/ws/install/bringup/share/bringup/hook/cmake_prefix_path.dsv'
[1.537s] INFO:colcon.colcon_core.shell:Creating environment hook '/home/pengchang/ws/install/bringup/share/bringup/hook/cmake_prefix_path.sh'
[1.538s] Level 1:colcon.colcon_core.environment:checking '/home/pengchang/ws/install/bringup/bin'
[1.538s] Level 1:colcon.colcon_core.environment:checking '/home/pengchang/ws/install/bringup/lib/pkgconfig/bringup.pc'
[1.538s] Level 1:colcon.colcon_core.environment:checking '/home/pengchang/ws/install/bringup/lib/python3.8/site-packages'
[1.538s] Level 1:colcon.colcon_core.environment:checking '/home/pengchang/ws/install/bringup/bin'
[1.539s] INFO:colcon.colcon_core.shell:Creating package script '/home/pengchang/ws/install/bringup/share/bringup/package.ps1'
[1.540s] INFO:colcon.colcon_core.shell:Creating package descriptor '/home/pengchang/ws/install/bringup/share/bringup/package.dsv'
[1.540s] INFO:colcon.colcon_core.shell:Creating package script '/home/pengchang/ws/install/bringup/share/bringup/package.sh'
[1.540s] INFO:colcon.colcon_core.shell:Creating package script '/home/pengchang/ws/install/bringup/share/bringup/package.bash'
[1.541s] INFO:colcon.colcon_core.shell:Creating package script '/home/pengchang/ws/install/bringup/share/bringup/package.zsh'
[1.541s] Level 1:colcon.colcon_core.environment:create_file_with_runtime_dependencies(/home/pengchang/ws/install/bringup/share/colcon-core/packages/bringup)
[1.541s] DEBUG:colcon.colcon_parallel_executor.executor.parallel:closing loop
[1.541s] DEBUG:colcon.colcon_parallel_executor.executor.parallel:loop closed
[1.541s] DEBUG:colcon.colcon_parallel_executor.executor.parallel:run_until_complete finished with '0'
[1.541s] DEBUG:colcon.colcon_core.event_reactor:joining thread
[1.553s] INFO:colcon.colcon_core.plugin_system:Skipping extension 'colcon_notification.desktop_notification.terminal_notifier': Not used on non-Darwin systems
[1.553s] INFO:colcon.colcon_core.plugin_system:Skipping extension 'colcon_notification.desktop_notification.win32': Not used on non-Windows systems
[1.553s] INFO:colcon.colcon_notification.desktop_notification:Sending desktop notification using 'notify2'
[1.580s] DEBUG:colcon.colcon_core.event_reactor:joined thread
[1.583s] INFO:colcon.colcon_core.shell:Creating prefix script '/home/pengchang/ws/install/local_setup.ps1'
[1.585s] INFO:colcon.colcon_core.shell:Creating prefix util module '/home/pengchang/ws/install/_local_setup_util_ps1.py'
[1.588s] INFO:colcon.colcon_core.shell:Creating prefix chain script '/home/pengchang/ws/install/setup.ps1'
[1.590s] INFO:colcon.colcon_core.shell:Creating prefix script '/home/pengchang/ws/install/local_setup.sh'
[1.591s] INFO:colcon.colcon_core.shell:Creating prefix util module '/home/pengchang/ws/install/_local_setup_util_sh.py'
[1.592s] INFO:colcon.colcon_core.shell:Creating prefix chain script '/home/pengchang/ws/install/setup.sh'
[1.594s] INFO:colcon.colcon_core.shell:Creating prefix script '/home/pengchang/ws/install/local_setup.bash'
[1.595s] INFO:colcon.colcon_core.shell:Creating prefix chain script '/home/pengchang/ws/install/setup.bash'
[1.598s] INFO:colcon.colcon_core.shell:Creating prefix script '/home/pengchang/ws/install/local_setup.zsh'
[1.599s] INFO:colcon.colcon_core.shell:Creating prefix chain script '/home/pengchang/ws/install/setup.zsh'
