[0.020s] Invoking command in '/home/pengchang/ws/build/vision': CMAKE_PREFIX_PATH=${CMAKE_PREFIX_PATH}:/opt/ros/galactic /usr/bin/cmake --build /home/pengchang/ws/build/vision -- -j8 -l8
[0.047s] -- Found ament_cmake_auto: 1.1.5 (/opt/ros/galactic/share/ament_cmake_auto/cmake)
[0.077s] -- Found PythonInterp: /usr/bin/python3 (found suitable version "3.8.10", minimum required is "3") 
[0.077s] -- Using PYTHON_EXECUTABLE: /usr/bin/python3
[0.128s] -- Override CMake install command with custom implementation using symlinks instead of copying resources
[0.225s] -- Using all available rosidl_typesupport_c: rosidl_typesupport_fastrtps_c;rosidl_typesupport_introspection_c
[0.228s] -- Found rosidl_adapter: 2.2.2 (/opt/ros/galactic/share/rosidl_adapter/cmake)
[0.342s] -- Using all available rosidl_typesupport_cpp: rosidl_typesupport_fastrtps_cpp;rosidl_typesupport_introspection_cpp
[0.386s] -- Found rmw_implementation_cmake: 3.3.1 (/opt/ros/galactic/share/rmw_implementation_cmake/cmake)
[0.387s] -- Found rmw_cyclonedds_cpp: 0.22.5 (/opt/ros/galactic/share/rmw_cyclonedds_cpp/cmake)
[0.402s] -- Using RMW implementation 'rmw_cyclonedds_cpp' as default
[0.894s] -- Found ament_lint_auto: 0.10.7 (/opt/ros/galactic/share/ament_lint_auto/cmake)
[0.907s] -- Found ament_cmake_gtest: 1.1.5 (/opt/ros/galactic/share/ament_cmake_gtest/cmake)
[0.916s] -- Added test 'cppcheck' to perform static code analysis on C / C++ code
[0.916s] -- Configured cppcheck include dirs: /home/pengchang/ws/src/vision/include
[0.916s] -- Configured cppcheck exclude dirs and/or files: 
[0.916s] -- Added test 'cpplint' to check C / C++ code against the Google style
[0.917s] -- Configured cpplint exclude dirs and/or files: 
[0.917s] -- Added test 'flake8' to check Python code syntax and style conventions
[0.917s] -- Added test 'lint_cmake' to check CMake code style
[0.918s] -- Added test 'pep257' to check Python code against some of the style conventions in PEP 257
[0.918s] -- Added test 'xmllint' to check XML markup files
[0.922s] -- Configuring done
[0.958s] -- Generating done
[0.959s] -- Build files have been written to: /home/pengchang/ws/build/vision
[0.991s] [35m[1mScanning dependencies of target vision[0m
[1.009s] [ 25%] Built target detector_node
[1.011s] [ 50%] Built target camera_node
[1.052s] [ 62%] [32mBuilding CXX object CMakeFiles/vision.dir/src/process_node.cpp.o[0m
[3.504s] [ 75%] [32m[1mLinking CXX shared library libvision.so[0m
[4.208s] [100%] Built target vision
[4.223s] Invoked command in '/home/pengchang/ws/build/vision' returned '0': CMAKE_PREFIX_PATH=${CMAKE_PREFIX_PATH}:/opt/ros/galactic /usr/bin/cmake --build /home/pengchang/ws/build/vision -- -j8 -l8
[4.294s] Invoking command in '/home/pengchang/ws/build/vision': CMAKE_PREFIX_PATH=${CMAKE_PREFIX_PATH}:/opt/ros/galactic /usr/bin/cmake --install /home/pengchang/ws/build/vision
[4.307s] -- Install configuration: ""
[4.307s] -- Execute custom install script
[4.308s] -- Up-to-date symlink: /home/pengchang/ws/install/vision/lib/vision/camera_node
[4.308s] -- Up-to-date symlink: /home/pengchang/ws/install/vision/lib/vision/detector_node
[4.308s] -- Up-to-date symlink: /home/pengchang/ws/install/vision/share/vision/environment/library_path.sh
[4.308s] -- Up-to-date symlink: /home/pengchang/ws/install/vision/share/vision/environment/library_path.dsv
[4.308s] -- Up-to-date symlink: /home/pengchang/ws/install/vision/lib/libvision.so
[4.309s] -- Up-to-date symlink: /home/pengchang/ws/install/vision/share/vision/config/camera_info.yaml
[4.309s] -- Up-to-date symlink: /home/pengchang/ws/install/vision/share/vision/config/camera_params.yaml
[4.309s] -- Up-to-date symlink: /home/pengchang/ws/install/vision/share/vision/config/default.yaml
[4.309s] -- Up-to-date symlink: /home/pengchang/ws/install/vision/share/vision/launch/launch.py
[4.310s] -- Up-to-date symlink: /home/pengchang/ws/install/vision/share/ament_index/resource_index/package_run_dependencies/vision
[4.310s] -- Up-to-date symlink: /home/pengchang/ws/install/vision/share/ament_index/resource_index/parent_prefix_path/vision
[4.310s] -- Up-to-date symlink: /home/pengchang/ws/install/vision/share/vision/environment/ament_prefix_path.sh
[4.310s] -- Up-to-date symlink: /home/pengchang/ws/install/vision/share/vision/environment/ament_prefix_path.dsv
[4.310s] -- Up-to-date symlink: /home/pengchang/ws/install/vision/share/vision/environment/path.sh
[4.311s] -- Up-to-date symlink: /home/pengchang/ws/install/vision/share/vision/environment/path.dsv
[4.311s] -- Up-to-date symlink: /home/pengchang/ws/install/vision/share/vision/local_setup.bash
[4.311s] -- Up-to-date symlink: /home/pengchang/ws/install/vision/share/vision/local_setup.sh
[4.311s] -- Up-to-date symlink: /home/pengchang/ws/install/vision/share/vision/local_setup.zsh
[4.311s] -- Up-to-date symlink: /home/pengchang/ws/install/vision/share/vision/local_setup.dsv
[4.312s] -- Symlinking: /home/pengchang/ws/install/vision/share/vision/package.dsv
[4.326s] -- Up-to-date symlink: /home/pengchang/ws/install/vision/share/ament_index/resource_index/packages/vision
[4.326s] -- Up-to-date symlink: /home/pengchang/ws/install/vision/share/ament_index/resource_index/rclcpp_components/vision
[4.327s] -- Up-to-date symlink: /home/pengchang/ws/install/vision/share/vision/cmake/ament_cmake_export_dependencies-extras.cmake
[4.327s] -- Up-to-date symlink: /home/pengchang/ws/install/vision/share/vision/cmake/ament_cmake_export_include_directories-extras.cmake
[4.328s] -- Up-to-date symlink: /home/pengchang/ws/install/vision/share/vision/cmake/ament_cmake_export_libraries-extras.cmake
[4.328s] -- Up-to-date symlink: /home/pengchang/ws/install/vision/share/vision/cmake/visionConfig.cmake
[4.329s] -- Up-to-date symlink: /home/pengchang/ws/install/vision/share/vision/cmake/visionConfig-version.cmake
[4.330s] -- Up-to-date symlink: /home/pengchang/ws/install/vision/share/vision/package.xml
[4.334s] Invoked command in '/home/pengchang/ws/build/vision' returned '0': CMAKE_PREFIX_PATH=${CMAKE_PREFIX_PATH}:/opt/ros/galactic /usr/bin/cmake --install /home/pengchang/ws/build/vision
