[0.024s] Invoking command in '/home/pengchang/ws/build/description': CMAKE_PREFIX_PATH=/opt/ros/galactic /usr/bin/cmake /home/pengchang/ws/src/description -DCMAKE_INSTALL_PREFIX=/home/pengchang/ws/install/description
[0.099s] -- The C compiler identification is GNU 9.4.0
[0.152s] -- The CXX compiler identification is GNU 9.4.0
[0.160s] -- Check for working C compiler: /usr/bin/cc
[0.251s] -- Check for working C compiler: /usr/bin/cc -- works
[0.252s] -- Detecting C compiler ABI info
[0.328s] -- Detecting C compiler ABI info - done
[0.347s] -- Detecting C compile features
[0.347s] -- Detecting C compile features - done
[0.349s] -- Check for working CXX compiler: /usr/bin/c++
[0.434s] -- Check for working CXX compiler: /usr/bin/c++ -- works
[0.436s] -- Detecting CXX compiler ABI info
[0.541s] -- Detecting CXX compiler ABI info - done
[0.553s] -- Detecting CXX compile features
[0.555s] -- Detecting CXX compile features - done
[0.556s] -- Found ament_cmake: 1.1.5 (/opt/ros/galactic/share/ament_cmake/cmake)
[0.583s] -- Found PythonInterp: /usr/bin/python3 (found suitable version "3.8.10", minimum required is "3") 
[0.583s] -- Using PYTHON_EXECUTABLE: /usr/bin/python3
[0.680s] -- Found ament_lint_auto: 0.10.7 (/opt/ros/galactic/share/ament_lint_auto/cmake)
[0.773s] -- Added test 'flake8' to check Python code syntax and style conventions
[0.774s] -- Added test 'lint_cmake' to check CMake code style
[0.774s] -- Added test 'pep257' to check Python code against some of the style conventions in PEP 257
[0.775s] -- Added test 'xmllint' to check XML markup files
[0.778s] -- Configuring done
[0.781s] -- Generating done
[0.781s] -- Build files have been written to: /home/pengchang/ws/build/description
[0.813s] Invoked command in '/home/pengchang/ws/build/description' returned '0': CMAKE_PREFIX_PATH=/opt/ros/galactic /usr/bin/cmake /home/pengchang/ws/src/description -DCMAKE_INSTALL_PREFIX=/home/pengchang/ws/install/description
[0.817s] Invoking command in '/home/pengchang/ws/build/description': CMAKE_PREFIX_PATH=/opt/ros/galactic /usr/bin/cmake --build /home/pengchang/ws/build/description -- -j8 -l8
[0.874s] Invoked command in '/home/pengchang/ws/build/description' returned '0': CMAKE_PREFIX_PATH=/opt/ros/galactic /usr/bin/cmake --build /home/pengchang/ws/build/description -- -j8 -l8
[0.897s] Invoking command in '/home/pengchang/ws/build/description': CMAKE_PREFIX_PATH=/opt/ros/galactic /usr/bin/cmake --install /home/pengchang/ws/build/description
[0.911s] -- Install configuration: ""
[0.911s] -- Installing: /home/pengchang/ws/install/description/share/description/launch
[0.912s] -- Installing: /home/pengchang/ws/install/description/share/description/launch/view_model.rviz
[0.912s] -- Installing: /home/pengchang/ws/install/description/share/description/launch/view_model.launch.py
[0.912s] -- Installing: /home/pengchang/ws/install/description/share/description/meshes
[0.912s] -- Installing: /home/pengchang/ws/install/description/share/description/meshes/yaw_link.STL
[0.918s] -- Installing: /home/pengchang/ws/install/description/share/description/meshes/camera_base_link.STL
[0.918s] -- Installing: /home/pengchang/ws/install/description/share/description/meshes/pitch_link.STL
[0.928s] -- Installing: /home/pengchang/ws/install/description/share/description/urdf
[0.928s] -- Installing: /home/pengchang/ws/install/description/share/description/urdf/gimbal.urdf.xacro
[0.928s] -- Installing: /home/pengchang/ws/install/description/share/ament_index/resource_index/package_run_dependencies/description
[0.929s] -- Installing: /home/pengchang/ws/install/description/share/ament_index/resource_index/parent_prefix_path/description
[0.929s] -- Installing: /home/pengchang/ws/install/description/share/description/environment/ament_prefix_path.sh
[0.929s] -- Installing: /home/pengchang/ws/install/description/share/description/environment/ament_prefix_path.dsv
[0.929s] -- Installing: /home/pengchang/ws/install/description/share/description/environment/path.sh
[0.929s] -- Installing: /home/pengchang/ws/install/description/share/description/environment/path.dsv
[0.929s] -- Installing: /home/pengchang/ws/install/description/share/description/local_setup.bash
[0.930s] -- Installing: /home/pengchang/ws/install/description/share/description/local_setup.sh
[0.930s] -- Installing: /home/pengchang/ws/install/description/share/description/local_setup.zsh
[0.930s] -- Installing: /home/pengchang/ws/install/description/share/description/local_setup.dsv
[0.930s] -- Installing: /home/pengchang/ws/install/description/share/description/package.dsv
[0.930s] -- Installing: /home/pengchang/ws/install/description/share/ament_index/resource_index/packages/description
[0.930s] -- Installing: /home/pengchang/ws/install/description/share/description/cmake/descriptionConfig.cmake
[0.930s] -- Installing: /home/pengchang/ws/install/description/share/description/cmake/descriptionConfig-version.cmake
[0.930s] -- Installing: /home/pengchang/ws/install/description/share/description/package.xml
[0.937s] Invoked command in '/home/pengchang/ws/build/description' returned '0': CMAKE_PREFIX_PATH=/opt/ros/galactic /usr/bin/cmake --install /home/pengchang/ws/build/description
