[35m[1mScanning dependencies of target vision[0m
[ 28%] Built target detector_node
[ 57%] Built target camera_node
[ 71%] [32mBuilding CXX object CMakeFiles/vision.dir/src/detector_node.cpp.o[0m
[ 85%] [32m[1mLinking CXX shared library libvision.so[0m
[100%] Built target vision
-- Install configuration: ""
-- Up-to-date: /home/pengchang/ws/install/vision/lib/vision/camera_node
-- Up-to-date: /home/pengchang/ws/install/vision/lib/vision/detector_node
-- Up-to-date: /home/pengchang/ws/install/vision/include
-- Up-to-date: /home/pengchang/ws/install/vision/include/vision
-- Up-to-date: /home/pengchang/ws/install/vision/share/vision/environment/library_path.sh
-- Up-to-date: /home/pengchang/ws/install/vision/share/vision/environment/library_path.dsv
-- Installing: /home/pengchang/ws/install/vision/lib/libvision.so
-- Set runtime path of "/home/pengchang/ws/install/vision/lib/libvision.so" to ""
-- Up-to-date: /home/pengchang/ws/install/vision/share/vision/config
-- Up-to-date: /home/pengchang/ws/install/vision/share/vision/config/camera_info.yaml
-- Up-to-date: /home/pengchang/ws/install/vision/share/vision/config/camera_params.yaml
-- Up-to-date: /home/pengchang/ws/install/vision/share/vision/config/default.yaml
-- Up-to-date: /home/pengchang/ws/install/vision/share/vision/launch
-- Up-to-date: /home/pengchang/ws/install/vision/share/vision/launch/launch.py
-- Up-to-date: /home/pengchang/ws/install/vision/share/ament_index/resource_index/package_run_dependencies/vision
-- Up-to-date: /home/pengchang/ws/install/vision/share/ament_index/resource_index/parent_prefix_path/vision
-- Up-to-date: /home/pengchang/ws/install/vision/share/vision/environment/ament_prefix_path.sh
-- Up-to-date: /home/pengchang/ws/install/vision/share/vision/environment/ament_prefix_path.dsv
-- Up-to-date: /home/pengchang/ws/install/vision/share/vision/environment/path.sh
-- Up-to-date: /home/pengchang/ws/install/vision/share/vision/environment/path.dsv
-- Up-to-date: /home/pengchang/ws/install/vision/share/vision/local_setup.bash
-- Up-to-date: /home/pengchang/ws/install/vision/share/vision/local_setup.sh
-- Up-to-date: /home/pengchang/ws/install/vision/share/vision/local_setup.zsh
-- Up-to-date: /home/pengchang/ws/install/vision/share/vision/local_setup.dsv
-- Installing: /home/pengchang/ws/install/vision/share/vision/package.dsv
-- Up-to-date: /home/pengchang/ws/install/vision/share/ament_index/resource_index/packages/vision
-- Up-to-date: /home/pengchang/ws/install/vision/share/ament_index/resource_index/rclcpp_components/vision
-- Up-to-date: /home/pengchang/ws/install/vision/share/vision/cmake/ament_cmake_export_dependencies-extras.cmake
-- Up-to-date: /home/pengchang/ws/install/vision/share/vision/cmake/ament_cmake_export_include_directories-extras.cmake
-- Up-to-date: /home/pengchang/ws/install/vision/share/vision/cmake/ament_cmake_export_libraries-extras.cmake
-- Up-to-date: /home/pengchang/ws/install/vision/share/vision/cmake/visionConfig.cmake
-- Up-to-date: /home/pengchang/ws/install/vision/share/vision/cmake/visionConfig-version.cmake
-- Up-to-date: /home/pengchang/ws/install/vision/share/vision/package.xml
