[0.025s] Invoking command in '/home/pengchang/ws/build/vision': CMAKE_PREFIX_PATH=${CMAKE_PREFIX_PATH}:/opt/ros/galactic /usr/bin/cmake --build /home/pengchang/ws/build/vision -- -j8 -l8
[0.098s] [35m[1mScanning dependencies of target vision[0m
[0.112s] [ 28%] Built target detector_node
[0.117s] [ 57%] Built target camera_node
[0.162s] [ 71%] [32mBuilding CXX object CMakeFiles/vision.dir/src/detector_node.cpp.o[0m
[12.569s] [ 85%] [32m[1mLinking CXX shared library libvision.so[0m
[13.294s] [100%] Built target vision
[13.313s] Invoked command in '/home/pengchang/ws/build/vision' returned '0': CMAKE_PREFIX_PATH=${CMAKE_PREFIX_PATH}:/opt/ros/galactic /usr/bin/cmake --build /home/pengchang/ws/build/vision -- -j8 -l8
[13.381s] Invoking command in '/home/pengchang/ws/build/vision': CMAKE_PREFIX_PATH=${CMAKE_PREFIX_PATH}:/opt/ros/galactic /usr/bin/cmake --install /home/pengchang/ws/build/vision
[13.393s] -- Install configuration: ""
[13.393s] -- Up-to-date: /home/pengchang/ws/install/vision/lib/vision/camera_node
[13.393s] -- Up-to-date: /home/pengchang/ws/install/vision/lib/vision/detector_node
[13.393s] -- Up-to-date: /home/pengchang/ws/install/vision/include
[13.393s] -- Up-to-date: /home/pengchang/ws/install/vision/include/vision
[13.393s] -- Up-to-date: /home/pengchang/ws/install/vision/share/vision/environment/library_path.sh
[13.394s] -- Up-to-date: /home/pengchang/ws/install/vision/share/vision/environment/library_path.dsv
[13.394s] -- Installing: /home/pengchang/ws/install/vision/lib/libvision.so
[13.401s] -- Set runtime path of "/home/pengchang/ws/install/vision/lib/libvision.so" to ""
[13.401s] -- Up-to-date: /home/pengchang/ws/install/vision/share/vision/config
[13.401s] -- Up-to-date: /home/pengchang/ws/install/vision/share/vision/config/camera_info.yaml
[13.402s] -- Up-to-date: /home/pengchang/ws/install/vision/share/vision/config/camera_params.yaml
[13.402s] -- Up-to-date: /home/pengchang/ws/install/vision/share/vision/config/default.yaml
[13.402s] -- Up-to-date: /home/pengchang/ws/install/vision/share/vision/launch
[13.402s] -- Up-to-date: /home/pengchang/ws/install/vision/share/vision/launch/launch.py
[13.403s] -- Up-to-date: /home/pengchang/ws/install/vision/share/ament_index/resource_index/package_run_dependencies/vision
[13.403s] -- Up-to-date: /home/pengchang/ws/install/vision/share/ament_index/resource_index/parent_prefix_path/vision
[13.403s] -- Up-to-date: /home/pengchang/ws/install/vision/share/vision/environment/ament_prefix_path.sh
[13.403s] -- Up-to-date: /home/pengchang/ws/install/vision/share/vision/environment/ament_prefix_path.dsv
[13.403s] -- Up-to-date: /home/pengchang/ws/install/vision/share/vision/environment/path.sh
[13.403s] -- Up-to-date: /home/pengchang/ws/install/vision/share/vision/environment/path.dsv
[13.404s] -- Up-to-date: /home/pengchang/ws/install/vision/share/vision/local_setup.bash
[13.404s] -- Up-to-date: /home/pengchang/ws/install/vision/share/vision/local_setup.sh
[13.404s] -- Up-to-date: /home/pengchang/ws/install/vision/share/vision/local_setup.zsh
[13.406s] -- Up-to-date: /home/pengchang/ws/install/vision/share/vision/local_setup.dsv
[13.406s] -- Installing: /home/pengchang/ws/install/vision/share/vision/package.dsv
[13.406s] -- Up-to-date: /home/pengchang/ws/install/vision/share/ament_index/resource_index/packages/vision
[13.406s] -- Up-to-date: /home/pengchang/ws/install/vision/share/ament_index/resource_index/rclcpp_components/vision
[13.406s] -- Up-to-date: /home/pengchang/ws/install/vision/share/vision/cmake/ament_cmake_export_dependencies-extras.cmake
[13.406s] -- Up-to-date: /home/pengchang/ws/install/vision/share/vision/cmake/ament_cmake_export_include_directories-extras.cmake
[13.406s] -- Up-to-date: /home/pengchang/ws/install/vision/share/vision/cmake/ament_cmake_export_libraries-extras.cmake
[13.407s] -- Up-to-date: /home/pengchang/ws/install/vision/share/vision/cmake/visionConfig.cmake
[13.407s] -- Up-to-date: /home/pengchang/ws/install/vision/share/vision/cmake/visionConfig-version.cmake
[13.407s] -- Up-to-date: /home/pengchang/ws/install/vision/share/vision/package.xml
[13.408s] Invoked command in '/home/pengchang/ws/build/vision' returned '0': CMAKE_PREFIX_PATH=${CMAKE_PREFIX_PATH}:/opt/ros/galactic /usr/bin/cmake --install /home/pengchang/ws/build/vision
