[0.017s] Invoking command in '/home/pengchang/ws/build/vision': CMAKE_PREFIX_PATH=${CMAKE_PREFIX_PATH}:/opt/ros/galactic /usr/bin/cmake --build /home/pengchang/ws/build/vision -- -j8 -l8
[0.079s] [35m[1mScanning dependencies of target vision[0m
[0.091s] [ 28%] Built target detector_node
[0.100s] [ 57%] Built target camera_node
[0.120s] [ 71%] [32mBuilding CXX object CMakeFiles/vision.dir/src/camera_node.cpp.o[0m
[3.796s] [ 85%] [32m[1mLinking CXX shared library libvision.so[0m
[4.437s] [100%] Built target vision
[4.456s] Invoked command in '/home/pengchang/ws/build/vision' returned '0': CMAKE_PREFIX_PATH=${CMAKE_PREFIX_PATH}:/opt/ros/galactic /usr/bin/cmake --build /home/pengchang/ws/build/vision -- -j8 -l8
[4.521s] Invoking command in '/home/pengchang/ws/build/vision': CMAKE_PREFIX_PATH=${CMAKE_PREFIX_PATH}:/opt/ros/galactic /usr/bin/cmake --install /home/pengchang/ws/build/vision
[4.535s] -- Install configuration: ""
[4.535s] -- Up-to-date: /home/pengchang/ws/install/vision/lib/vision/camera_node
[4.536s] -- Up-to-date: /home/pengchang/ws/install/vision/lib/vision/detector_node
[4.536s] -- Up-to-date: /home/pengchang/ws/install/vision/include
[4.536s] -- Up-to-date: /home/pengchang/ws/install/vision/include/vision
[4.536s] -- Up-to-date: /home/pengchang/ws/install/vision/share/vision/environment/library_path.sh
[4.537s] -- Up-to-date: /home/pengchang/ws/install/vision/share/vision/environment/library_path.dsv
[4.537s] -- Installing: /home/pengchang/ws/install/vision/lib/libvision.so
[4.543s] -- Set runtime path of "/home/pengchang/ws/install/vision/lib/libvision.so" to ""
[4.543s] -- Up-to-date: /home/pengchang/ws/install/vision/share/vision/config
[4.544s] -- Up-to-date: /home/pengchang/ws/install/vision/share/vision/config/camera_info.yaml
[4.544s] -- Up-to-date: /home/pengchang/ws/install/vision/share/vision/config/camera_params.yaml
[4.544s] -- Up-to-date: /home/pengchang/ws/install/vision/share/vision/config/default.yaml
[4.544s] -- Up-to-date: /home/pengchang/ws/install/vision/share/vision/launch
[4.544s] -- Up-to-date: /home/pengchang/ws/install/vision/share/vision/launch/launch.py
[4.544s] -- Up-to-date: /home/pengchang/ws/install/vision/share/ament_index/resource_index/package_run_dependencies/vision
[4.545s] -- Up-to-date: /home/pengchang/ws/install/vision/share/ament_index/resource_index/parent_prefix_path/vision
[4.545s] -- Up-to-date: /home/pengchang/ws/install/vision/share/vision/environment/ament_prefix_path.sh
[4.545s] -- Up-to-date: /home/pengchang/ws/install/vision/share/vision/environment/ament_prefix_path.dsv
[4.545s] -- Up-to-date: /home/pengchang/ws/install/vision/share/vision/environment/path.sh
[4.545s] -- Up-to-date: /home/pengchang/ws/install/vision/share/vision/environment/path.dsv
[4.545s] -- Up-to-date: /home/pengchang/ws/install/vision/share/vision/local_setup.bash
[4.546s] -- Up-to-date: /home/pengchang/ws/install/vision/share/vision/local_setup.sh
[4.546s] -- Up-to-date: /home/pengchang/ws/install/vision/share/vision/local_setup.zsh
[4.546s] -- Up-to-date: /home/pengchang/ws/install/vision/share/vision/local_setup.dsv
[4.547s] -- Installing: /home/pengchang/ws/install/vision/share/vision/package.dsv
[4.547s] -- Up-to-date: /home/pengchang/ws/install/vision/share/ament_index/resource_index/packages/vision
[4.547s] -- Up-to-date: /home/pengchang/ws/install/vision/share/ament_index/resource_index/rclcpp_components/vision
[4.547s] -- Up-to-date: /home/pengchang/ws/install/vision/share/vision/cmake/ament_cmake_export_dependencies-extras.cmake
[4.547s] -- Up-to-date: /home/pengchang/ws/install/vision/share/vision/cmake/ament_cmake_export_include_directories-extras.cmake
[4.547s] -- Up-to-date: /home/pengchang/ws/install/vision/share/vision/cmake/ament_cmake_export_libraries-extras.cmake
[4.548s] -- Up-to-date: /home/pengchang/ws/install/vision/share/vision/cmake/visionConfig.cmake
[4.548s] -- Up-to-date: /home/pengchang/ws/install/vision/share/vision/cmake/visionConfig-version.cmake
[4.548s] -- Up-to-date: /home/pengchang/ws/install/vision/share/vision/package.xml
[4.550s] Invoked command in '/home/pengchang/ws/build/vision' returned '0': CMAKE_PREFIX_PATH=${CMAKE_PREFIX_PATH}:/opt/ros/galactic /usr/bin/cmake --install /home/pengchang/ws/build/vision
