-- The C compiler identification is GNU 9.4.0
-- The CXX compiler identification is GNU 9.4.0
-- Check for working C compiler: /usr/bin/cc
-- Check for working C compiler: /usr/bin/cc -- works
-- Detecting C compiler ABI info
-- Detecting C compiler ABI info - done
-- Detecting C compile features
-- Detecting C compile features - done
-- Check for working CXX compiler: /usr/bin/c++
-- Check for working CXX compiler: /usr/bin/c++ -- works
-- Detecting CXX compiler ABI info
-- Detecting CXX compiler ABI info - done
-- Detecting CXX compile features
-- Detecting CXX compile features - done
-- Found ament_cmake: 1.1.5 (/opt/ros/galactic/share/ament_cmake/cmake)
-- Found PythonInterp: /usr/bin/python3 (found suitable version "3.8.10", minimum required is "3") 
-- Using PYTHON_EXECUTABLE: /usr/bin/python3
-- Found rosidl_default_generators: 1.1.1 (/opt/ros/galactic/share/rosidl_default_generators/cmake)
-- Using all available rosidl_typesupport_c: rosidl_typesupport_fastrtps_c;rosidl_typesupport_introspection_c
-- Found rosidl_adapter: 2.2.2 (/opt/ros/galactic/share/rosidl_adapter/cmake)
-- Found OpenSSL: /usr/lib/x86_64-linux-gnu/libcrypto.so (found version "1.1.1f")  
-- Found FastRTPS: /opt/ros/galactic/include  
-- Using all available rosidl_typesupport_cpp: rosidl_typesupport_fastrtps_cpp;rosidl_typesupport_introspection_cpp
-- Found geometry_msgs: 2.2.4 (/opt/ros/galactic/share/geometry_msgs/cmake)
-- Found PythonInterp: /usr/bin/python3 (found version "3.8.10") 
-- Found ament_cmake_ros: 0.9.2 (/opt/ros/galactic/share/ament_cmake_ros/cmake)
-- Using all available rosidl_typesupport_c: rosidl_typesupport_fastrtps_c;rosidl_typesupport_introspection_c
-- Using all available rosidl_typesupport_cpp: rosidl_typesupport_fastrtps_cpp;rosidl_typesupport_introspection_cpp
-- Found PythonInterp: /usr/bin/python3 (found suitable version "3.8.10", minimum required is "3.5") 
-- Found python_cmake_module: 0.8.1 (/opt/ros/galactic/share/python_cmake_module/cmake)
-- Found PythonLibs: /usr/lib/x86_64-linux-gnu/libpython3.8.so (found suitable version "3.8.10", minimum required is "3.5") 
-- Using PYTHON_EXECUTABLE: /usr/bin/python3
-- Using PYTHON_INCLUDE_DIRS: /usr/include/python3.8
-- Using PYTHON_LIBRARIES: /usr/lib/x86_64-linux-gnu/libpython3.8.so
-- Found PythonExtra: .so  
-- Configuring done
-- Generating done
-- Build files have been written to: /home/pengchang/ws/build/interfaces
[  1%] [34m[1mGenerating C code for ROS interfaces[0m
[35m[1mScanning dependencies of target interfaces__cpp[0m
[  2%] [34m[1mGenerating C++ code for ROS interfaces[0m
[  2%] Built target interfaces__cpp
[  3%] [34m[1mGenerating C++ introspection for ROS interfaces[0m
[  4%] [34m[1mGenerating C++ type support dispatch for ROS interfaces[0m
[  5%] [34m[1mGenerating C++ type support for eProsima Fast-RTPS[0m
[35m[1mScanning dependencies of target interfaces__rosidl_generator_c[0m
[  6%] [32mBuilding C object CMakeFiles/interfaces__rosidl_generator_c.dir/rosidl_generator_c/interfaces/msg/detail/debug_light__functions.c.o[0m
[  8%] [32mBuilding C object CMakeFiles/interfaces__rosidl_generator_c.dir/rosidl_generator_c/interfaces/msg/detail/target__functions.c.o[0m
[  9%] [32mBuilding C object CMakeFiles/interfaces__rosidl_generator_c.dir/rosidl_generator_c/interfaces/msg/detail/debug_lights__functions.c.o[0m
[ 10%] [32mBuilding C object CMakeFiles/interfaces__rosidl_generator_c.dir/rosidl_generator_c/interfaces/msg/detail/armors__functions.c.o[0m
[ 11%] [32mBuilding C object CMakeFiles/interfaces__rosidl_generator_c.dir/rosidl_generator_c/interfaces/msg/detail/armor__functions.c.o[0m
[ 13%] [32mBuilding C object CMakeFiles/interfaces__rosidl_generator_c.dir/rosidl_generator_c/interfaces/msg/detail/debug_armors__functions.c.o[0m
[ 13%] [32mBuilding C object CMakeFiles/interfaces__rosidl_generator_c.dir/rosidl_generator_c/interfaces/msg/detail/spin_info__functions.c.o[0m
[ 14%] [32mBuilding C object CMakeFiles/interfaces__rosidl_generator_c.dir/rosidl_generator_c/interfaces/msg/detail/debug_armor__functions.c.o[0m
[ 16%] [32m[1mLinking C shared library libinterfaces__rosidl_generator_c.so[0m
[ 16%] Built target interfaces__rosidl_generator_c
[ 17%] [34m[1mGenerating C introspection for ROS interfaces[0m
[ 18%] [34m[1mGenerating C type support dispatch for ROS interfaces[0m
[35m[1mScanning dependencies of target interfaces__rosidl_typesupport_cpp[0m
[ 19%] [32mBuilding CXX object CMakeFiles/interfaces__rosidl_typesupport_cpp.dir/rosidl_typesupport_cpp/interfaces/msg/armors__type_support.cpp.o[0m
[ 20%] [32mBuilding CXX object CMakeFiles/interfaces__rosidl_typesupport_cpp.dir/rosidl_typesupport_cpp/interfaces/msg/armor__type_support.cpp.o[0m
[ 22%] [32mBuilding CXX object CMakeFiles/interfaces__rosidl_typesupport_cpp.dir/rosidl_typesupport_cpp/interfaces/msg/target__type_support.cpp.o[0m
[ 22%] [32mBuilding CXX object CMakeFiles/interfaces__rosidl_typesupport_cpp.dir/rosidl_typesupport_cpp/interfaces/msg/debug_light__type_support.cpp.o[0m
[35m[1mScanning dependencies of target interfaces__rosidl_typesupport_introspection_cpp[0m
[ 24%] [32mBuilding CXX object CMakeFiles/interfaces__rosidl_typesupport_introspection_cpp.dir/rosidl_typesupport_introspection_cpp/interfaces/msg/detail/armor__type_support.cpp.o[0m
[ 25%] [32mBuilding CXX object CMakeFiles/interfaces__rosidl_typesupport_cpp.dir/rosidl_typesupport_cpp/interfaces/msg/debug_lights__type_support.cpp.o[0m
[35m[1mScanning dependencies of target interfaces__rosidl_typesupport_c[0m
[ 26%] [32mBuilding CXX object CMakeFiles/interfaces__rosidl_typesupport_cpp.dir/rosidl_typesupport_cpp/interfaces/msg/debug_armor__type_support.cpp.o[0m
[35m[1mScanning dependencies of target interfaces__rosidl_typesupport_fastrtps_cpp[0m
[ 27%] [32mBuilding CXX object CMakeFiles/interfaces__rosidl_typesupport_c.dir/rosidl_typesupport_c/interfaces/msg/armor__type_support.cpp.o[0m
[ 28%] [32mBuilding CXX object CMakeFiles/interfaces__rosidl_typesupport_introspection_cpp.dir/rosidl_typesupport_introspection_cpp/interfaces/msg/detail/armors__type_support.cpp.o[0m
[ 29%] [32mBuilding CXX object CMakeFiles/interfaces__rosidl_typesupport_fastrtps_cpp.dir/rosidl_typesupport_fastrtps_cpp/interfaces/msg/detail/dds_fastrtps/armor__type_support.cpp.o[0m
[ 31%] [32mBuilding CXX object CMakeFiles/interfaces__rosidl_typesupport_c.dir/rosidl_typesupport_c/interfaces/msg/armors__type_support.cpp.o[0m
[ 32%] [32mBuilding CXX object CMakeFiles/interfaces__rosidl_typesupport_cpp.dir/rosidl_typesupport_cpp/interfaces/msg/debug_armors__type_support.cpp.o[0m
[ 33%] [32mBuilding CXX object CMakeFiles/interfaces__rosidl_typesupport_c.dir/rosidl_typesupport_c/interfaces/msg/target__type_support.cpp.o[0m
[ 34%] [32mBuilding CXX object CMakeFiles/interfaces__rosidl_typesupport_c.dir/rosidl_typesupport_c/interfaces/msg/debug_light__type_support.cpp.o[0m
[35m[1mScanning dependencies of target interfaces__rosidl_typesupport_introspection_c[0m
[ 35%] [32mBuilding C object CMakeFiles/interfaces__rosidl_typesupport_introspection_c.dir/rosidl_typesupport_introspection_c/interfaces/msg/detail/armor__type_support.c.o[0m
[ 36%] [32mBuilding CXX object CMakeFiles/interfaces__rosidl_typesupport_c.dir/rosidl_typesupport_c/interfaces/msg/debug_lights__type_support.cpp.o[0m
[ 39%] [32mBuilding C object CMakeFiles/interfaces__rosidl_typesupport_introspection_c.dir/rosidl_typesupport_introspection_c/interfaces/msg/detail/armors__type_support.c.o[0m
[ 39%] [32mBuilding CXX object CMakeFiles/interfaces__rosidl_typesupport_c.dir/rosidl_typesupport_c/interfaces/msg/debug_armor__type_support.cpp.o[0m
[ 40%] [32mBuilding CXX object CMakeFiles/interfaces__rosidl_typesupport_introspection_cpp.dir/rosidl_typesupport_introspection_cpp/interfaces/msg/detail/target__type_support.cpp.o[0m
[ 41%] [32mBuilding CXX object CMakeFiles/interfaces__rosidl_typesupport_c.dir/rosidl_typesupport_c/interfaces/msg/debug_armors__type_support.cpp.o[0m
[ 42%] [32mBuilding C object CMakeFiles/interfaces__rosidl_typesupport_introspection_c.dir/rosidl_typesupport_introspection_c/interfaces/msg/detail/target__type_support.c.o[0m
[ 43%] [32mBuilding CXX object CMakeFiles/interfaces__rosidl_typesupport_c.dir/rosidl_typesupport_c/interfaces/msg/spin_info__type_support.cpp.o[0m
[ 44%] [32mBuilding C object CMakeFiles/interfaces__rosidl_typesupport_introspection_c.dir/rosidl_typesupport_introspection_c/interfaces/msg/detail/debug_light__type_support.c.o[0m
[ 45%] [32mBuilding CXX object CMakeFiles/interfaces__rosidl_typesupport_cpp.dir/rosidl_typesupport_cpp/interfaces/msg/spin_info__type_support.cpp.o[0m
[ 47%] [32m[1mLinking CXX shared library libinterfaces__rosidl_typesupport_c.so[0m
[ 48%] [32mBuilding C object CMakeFiles/interfaces__rosidl_typesupport_introspection_c.dir/rosidl_typesupport_introspection_c/interfaces/msg/detail/debug_lights__type_support.c.o[0m
[ 49%] [32mBuilding C object CMakeFiles/interfaces__rosidl_typesupport_introspection_c.dir/rosidl_typesupport_introspection_c/interfaces/msg/detail/debug_armor__type_support.c.o[0m
[ 50%] [32mBuilding C object CMakeFiles/interfaces__rosidl_typesupport_introspection_c.dir/rosidl_typesupport_introspection_c/interfaces/msg/detail/debug_armors__type_support.c.o[0m
[ 51%] [32mBuilding C object CMakeFiles/interfaces__rosidl_typesupport_introspection_c.dir/rosidl_typesupport_introspection_c/interfaces/msg/detail/spin_info__type_support.c.o[0m
[ 52%] [32mBuilding CXX object CMakeFiles/interfaces__rosidl_typesupport_introspection_cpp.dir/rosidl_typesupport_introspection_cpp/interfaces/msg/detail/debug_light__type_support.cpp.o[0m
[ 52%] Built target interfaces__rosidl_typesupport_c
[ 54%] [32mBuilding CXX object CMakeFiles/interfaces__rosidl_typesupport_introspection_cpp.dir/rosidl_typesupport_introspection_cpp/interfaces/msg/detail/debug_lights__type_support.cpp.o[0m
[ 55%] [32mBuilding CXX object CMakeFiles/interfaces__rosidl_typesupport_introspection_cpp.dir/rosidl_typesupport_introspection_cpp/interfaces/msg/detail/debug_armor__type_support.cpp.o[0m
[ 56%] [32mBuilding CXX object CMakeFiles/interfaces__rosidl_typesupport_introspection_cpp.dir/rosidl_typesupport_introspection_cpp/interfaces/msg/detail/debug_armors__type_support.cpp.o[0m
[ 57%] [32m[1mLinking C shared library libinterfaces__rosidl_typesupport_introspection_c.so[0m
[ 57%] Built target interfaces__rosidl_typesupport_introspection_c
[ 58%] [32mBuilding CXX object CMakeFiles/interfaces__rosidl_typesupport_introspection_cpp.dir/rosidl_typesupport_introspection_cpp/interfaces/msg/detail/spin_info__type_support.cpp.o[0m
[ 59%] [32mBuilding CXX object CMakeFiles/interfaces__rosidl_typesupport_fastrtps_cpp.dir/rosidl_typesupport_fastrtps_cpp/interfaces/msg/detail/dds_fastrtps/armors__type_support.cpp.o[0m
[ 60%] [32mBuilding CXX object CMakeFiles/interfaces__rosidl_typesupport_fastrtps_cpp.dir/rosidl_typesupport_fastrtps_cpp/interfaces/msg/detail/dds_fastrtps/target__type_support.cpp.o[0m
[ 62%] [32m[1mLinking CXX shared library libinterfaces__rosidl_typesupport_cpp.so[0m
[ 63%] [32mBuilding CXX object CMakeFiles/interfaces__rosidl_typesupport_fastrtps_cpp.dir/rosidl_typesupport_fastrtps_cpp/interfaces/msg/detail/dds_fastrtps/debug_light__type_support.cpp.o[0m
[ 63%] Built target interfaces__rosidl_typesupport_cpp
[ 64%] [32mBuilding CXX object CMakeFiles/interfaces__rosidl_typesupport_fastrtps_cpp.dir/rosidl_typesupport_fastrtps_cpp/interfaces/msg/detail/dds_fastrtps/debug_lights__type_support.cpp.o[0m
[ 65%] [32mBuilding CXX object CMakeFiles/interfaces__rosidl_typesupport_fastrtps_cpp.dir/rosidl_typesupport_fastrtps_cpp/interfaces/msg/detail/dds_fastrtps/debug_armor__type_support.cpp.o[0m
[ 66%] [32mBuilding CXX object CMakeFiles/interfaces__rosidl_typesupport_fastrtps_cpp.dir/rosidl_typesupport_fastrtps_cpp/interfaces/msg/detail/dds_fastrtps/debug_armors__type_support.cpp.o[0m
[ 67%] [32mBuilding CXX object CMakeFiles/interfaces__rosidl_typesupport_fastrtps_cpp.dir/rosidl_typesupport_fastrtps_cpp/interfaces/msg/detail/dds_fastrtps/spin_info__type_support.cpp.o[0m
[ 68%] [32m[1mLinking CXX shared library libinterfaces__rosidl_typesupport_introspection_cpp.so[0m
[ 68%] Built target interfaces__rosidl_typesupport_introspection_cpp
[ 70%] [32m[1mLinking CXX shared library libinterfaces__rosidl_typesupport_fastrtps_cpp.so[0m
[ 70%] Built target interfaces__rosidl_typesupport_fastrtps_cpp
[ 71%] [34m[1mGenerating C type support for eProsima Fast-RTPS[0m
[35m[1mScanning dependencies of target interfaces__rosidl_typesupport_fastrtps_c[0m
[ 72%] [32mBuilding CXX object CMakeFiles/interfaces__rosidl_typesupport_fastrtps_c.dir/rosidl_typesupport_fastrtps_c/interfaces/msg/detail/armor__type_support_c.cpp.o[0m
[ 73%] [32mBuilding CXX object CMakeFiles/interfaces__rosidl_typesupport_fastrtps_c.dir/rosidl_typesupport_fastrtps_c/interfaces/msg/detail/target__type_support_c.cpp.o[0m
[ 74%] [32mBuilding CXX object CMakeFiles/interfaces__rosidl_typesupport_fastrtps_c.dir/rosidl_typesupport_fastrtps_c/interfaces/msg/detail/spin_info__type_support_c.cpp.o[0m
[ 75%] [32mBuilding CXX object CMakeFiles/interfaces__rosidl_typesupport_fastrtps_c.dir/rosidl_typesupport_fastrtps_c/interfaces/msg/detail/debug_lights__type_support_c.cpp.o[0m
[ 77%] [32mBuilding CXX object CMakeFiles/interfaces__rosidl_typesupport_fastrtps_c.dir/rosidl_typesupport_fastrtps_c/interfaces/msg/detail/debug_light__type_support_c.cpp.o[0m
[ 78%] [32mBuilding CXX object CMakeFiles/interfaces__rosidl_typesupport_fastrtps_c.dir/rosidl_typesupport_fastrtps_c/interfaces/msg/detail/armors__type_support_c.cpp.o[0m
[ 79%] [32mBuilding CXX object CMakeFiles/interfaces__rosidl_typesupport_fastrtps_c.dir/rosidl_typesupport_fastrtps_c/interfaces/msg/detail/debug_armors__type_support_c.cpp.o[0m
[ 80%] [32mBuilding CXX object CMakeFiles/interfaces__rosidl_typesupport_fastrtps_c.dir/rosidl_typesupport_fastrtps_c/interfaces/msg/detail/debug_armor__type_support_c.cpp.o[0m
[ 81%] [32m[1mLinking CXX shared library libinterfaces__rosidl_typesupport_fastrtps_c.so[0m
[ 81%] Built target interfaces__rosidl_typesupport_fastrtps_c
[35m[1mScanning dependencies of target interfaces[0m
[ 81%] Built target interfaces
[35m[1mScanning dependencies of target interfaces__py[0m
[ 82%] [34m[1mGenerating Python code for ROS interfaces[0m
[ 82%] Built target interfaces__py
[35m[1mScanning dependencies of target interfaces__python[0m
[ 83%] [32mBuilding C object CMakeFiles/interfaces__python.dir/rosidl_generator_py/interfaces/msg/_debug_light_s.c.o[0m
[ 85%] [32mBuilding C object CMakeFiles/interfaces__python.dir/rosidl_generator_py/interfaces/msg/_armors_s.c.o[0m
[ 88%] [32mBuilding C object CMakeFiles/interfaces__python.dir/rosidl_generator_py/interfaces/msg/_debug_armors_s.c.o[0m
[ 88%] [32mBuilding C object CMakeFiles/interfaces__python.dir/rosidl_generator_py/interfaces/msg/_debug_lights_s.c.o[0m
[ 88%] [32mBuilding C object CMakeFiles/interfaces__python.dir/rosidl_generator_py/interfaces/msg/_armor_s.c.o[0m
[ 89%] [32mBuilding C object CMakeFiles/interfaces__python.dir/rosidl_generator_py/interfaces/msg/_target_s.c.o[0m
[ 90%] [32mBuilding C object CMakeFiles/interfaces__python.dir/rosidl_generator_py/interfaces/msg/_debug_armor_s.c.o[0m
[ 91%] [32mBuilding C object CMakeFiles/interfaces__python.dir/rosidl_generator_py/interfaces/msg/_spin_info_s.c.o[0m
[ 93%] [32m[1mLinking C shared library rosidl_generator_py/interfaces/libinterfaces__python.so[0m
[ 93%] Built target interfaces__python
[35m[1mScanning dependencies of target interfaces__rosidl_typesupport_introspection_c__pyext[0m
[35m[1mScanning dependencies of target interfaces__rosidl_typesupport_fastrtps_c__pyext[0m
[35m[1mScanning dependencies of target interfaces__rosidl_typesupport_c__pyext[0m
[ 94%] [32mBuilding C object CMakeFiles/interfaces__rosidl_typesupport_fastrtps_c__pyext.dir/rosidl_generator_py/interfaces/_interfaces_s.ep.rosidl_typesupport_fastrtps_c.c.o[0m
[ 95%] [32mBuilding C object CMakeFiles/interfaces__rosidl_typesupport_introspection_c__pyext.dir/rosidl_generator_py/interfaces/_interfaces_s.ep.rosidl_typesupport_introspection_c.c.o[0m
[ 96%] [32mBuilding C object CMakeFiles/interfaces__rosidl_typesupport_c__pyext.dir/rosidl_generator_py/interfaces/_interfaces_s.ep.rosidl_typesupport_c.c.o[0m
[ 97%] [32m[1mLinking C shared library rosidl_generator_py/interfaces/interfaces_s__rosidl_typesupport_introspection_c.cpython-38-x86_64-linux-gnu.so[0m
[ 98%] [32m[1mLinking C shared library rosidl_generator_py/interfaces/interfaces_s__rosidl_typesupport_c.cpython-38-x86_64-linux-gnu.so[0m
[100%] [32m[1mLinking CXX shared library rosidl_generator_py/interfaces/interfaces_s__rosidl_typesupport_fastrtps_c.cpython-38-x86_64-linux-gnu.so[0m
[100%] Built target interfaces__rosidl_typesupport_c__pyext
[100%] Built target interfaces__rosidl_typesupport_introspection_c__pyext
[100%] Built target interfaces__rosidl_typesupport_fastrtps_c__pyext
-- Install configuration: ""
-- Installing: /home/pengchang/ws/install/interfaces/share/ament_index/resource_index/rosidl_interfaces/interfaces
-- Installing: /home/pengchang/ws/install/interfaces/include/interfaces
-- Installing: /home/pengchang/ws/install/interfaces/include/interfaces/msg
-- Installing: /home/pengchang/ws/install/interfaces/include/interfaces/msg/debug_armors.h
-- Installing: /home/pengchang/ws/install/interfaces/include/interfaces/msg/spin_info.h
-- Installing: /home/pengchang/ws/install/interfaces/include/interfaces/msg/debug_light.h
-- Installing: /home/pengchang/ws/install/interfaces/include/interfaces/msg/armors.h
-- Installing: /home/pengchang/ws/install/interfaces/include/interfaces/msg/rosidl_generator_c__visibility_control.h
-- Installing: /home/pengchang/ws/install/interfaces/include/interfaces/msg/armor.h
-- Installing: /home/pengchang/ws/install/interfaces/include/interfaces/msg/debug_lights.h
-- Installing: /home/pengchang/ws/install/interfaces/include/interfaces/msg/target.h
-- Installing: /home/pengchang/ws/install/interfaces/include/interfaces/msg/detail
-- Installing: /home/pengchang/ws/install/interfaces/include/interfaces/msg/detail/armor__functions.h
-- Installing: /home/pengchang/ws/install/interfaces/include/interfaces/msg/detail/debug_light__functions.c
-- Installing: /home/pengchang/ws/install/interfaces/include/interfaces/msg/detail/armor__type_support.h
-- Installing: /home/pengchang/ws/install/interfaces/include/interfaces/msg/detail/armor__functions.c
-- Installing: /home/pengchang/ws/install/interfaces/include/interfaces/msg/detail/armors__functions.c
-- Installing: /home/pengchang/ws/install/interfaces/include/interfaces/msg/detail/armors__type_support.h
-- Installing: /home/pengchang/ws/install/interfaces/include/interfaces/msg/detail/debug_armors__functions.h
-- Installing: /home/pengchang/ws/install/interfaces/include/interfaces/msg/detail/debug_lights__functions.h
-- Installing: /home/pengchang/ws/install/interfaces/include/interfaces/msg/detail/debug_light__type_support.h
-- Installing: /home/pengchang/ws/install/interfaces/include/interfaces/msg/detail/spin_info__struct.h
-- Installing: /home/pengchang/ws/install/interfaces/include/interfaces/msg/detail/debug_lights__struct.h
-- Installing: /home/pengchang/ws/install/interfaces/include/interfaces/msg/detail/target__functions.c
-- Installing: /home/pengchang/ws/install/interfaces/include/interfaces/msg/detail/target__type_support.h
-- Installing: /home/pengchang/ws/install/interfaces/include/interfaces/msg/detail/armors__functions.h
-- Installing: /home/pengchang/ws/install/interfaces/include/interfaces/msg/detail/debug_armor__functions.h
-- Installing: /home/pengchang/ws/install/interfaces/include/interfaces/msg/detail/debug_armors__type_support.h
-- Installing: /home/pengchang/ws/install/interfaces/include/interfaces/msg/detail/armors__struct.h
-- Installing: /home/pengchang/ws/install/interfaces/include/interfaces/msg/detail/debug_armor__type_support.h
-- Installing: /home/pengchang/ws/install/interfaces/include/interfaces/msg/detail/debug_light__struct.h
-- Installing: /home/pengchang/ws/install/interfaces/include/interfaces/msg/detail/debug_armor__functions.c
-- Installing: /home/pengchang/ws/install/interfaces/include/interfaces/msg/detail/target__struct.h
-- Installing: /home/pengchang/ws/install/interfaces/include/interfaces/msg/detail/spin_info__functions.c
-- Installing: /home/pengchang/ws/install/interfaces/include/interfaces/msg/detail/spin_info__functions.h
-- Installing: /home/pengchang/ws/install/interfaces/include/interfaces/msg/detail/debug_armors__functions.c
-- Installing: /home/pengchang/ws/install/interfaces/include/interfaces/msg/detail/target__functions.h
-- Installing: /home/pengchang/ws/install/interfaces/include/interfaces/msg/detail/debug_armors__struct.h
-- Installing: /home/pengchang/ws/install/interfaces/include/interfaces/msg/detail/spin_info__type_support.h
-- Installing: /home/pengchang/ws/install/interfaces/include/interfaces/msg/detail/debug_lights__type_support.h
-- Installing: /home/pengchang/ws/install/interfaces/include/interfaces/msg/detail/debug_lights__functions.c
-- Installing: /home/pengchang/ws/install/interfaces/include/interfaces/msg/detail/debug_light__functions.h
-- Installing: /home/pengchang/ws/install/interfaces/include/interfaces/msg/detail/armor__struct.h
-- Installing: /home/pengchang/ws/install/interfaces/include/interfaces/msg/detail/debug_armor__struct.h
-- Installing: /home/pengchang/ws/install/interfaces/include/interfaces/msg/debug_armor.h
-- Installing: /home/pengchang/ws/install/interfaces/share/interfaces/environment/library_path.sh
-- Installing: /home/pengchang/ws/install/interfaces/share/interfaces/environment/library_path.dsv
-- Installing: /home/pengchang/ws/install/interfaces/lib/libinterfaces__rosidl_generator_c.so
-- Set runtime path of "/home/pengchang/ws/install/interfaces/lib/libinterfaces__rosidl_generator_c.so" to ""
-- Up-to-date: /home/pengchang/ws/install/interfaces/include/interfaces
-- Up-to-date: /home/pengchang/ws/install/interfaces/include/interfaces/msg
-- Up-to-date: /home/pengchang/ws/install/interfaces/include/interfaces/msg/detail
-- Installing: /home/pengchang/ws/install/interfaces/include/interfaces/msg/detail/debug_light__rosidl_typesupport_fastrtps_c.h
-- Installing: /home/pengchang/ws/install/interfaces/include/interfaces/msg/detail/debug_armor__rosidl_typesupport_fastrtps_c.h
-- Installing: /home/pengchang/ws/install/interfaces/include/interfaces/msg/detail/armors__rosidl_typesupport_fastrtps_c.h
-- Installing: /home/pengchang/ws/install/interfaces/include/interfaces/msg/detail/spin_info__rosidl_typesupport_fastrtps_c.h
-- Installing: /home/pengchang/ws/install/interfaces/include/interfaces/msg/detail/debug_armors__rosidl_typesupport_fastrtps_c.h
-- Installing: /home/pengchang/ws/install/interfaces/include/interfaces/msg/detail/debug_lights__rosidl_typesupport_fastrtps_c.h
-- Installing: /home/pengchang/ws/install/interfaces/include/interfaces/msg/detail/target__rosidl_typesupport_fastrtps_c.h
-- Installing: /home/pengchang/ws/install/interfaces/include/interfaces/msg/detail/armor__rosidl_typesupport_fastrtps_c.h
-- Installing: /home/pengchang/ws/install/interfaces/include/interfaces/msg/rosidl_typesupport_fastrtps_c__visibility_control.h
-- Installing: /home/pengchang/ws/install/interfaces/lib/libinterfaces__rosidl_typesupport_fastrtps_c.so
-- Set runtime path of "/home/pengchang/ws/install/interfaces/lib/libinterfaces__rosidl_typesupport_fastrtps_c.so" to ""
-- Up-to-date: /home/pengchang/ws/install/interfaces/include/interfaces
-- Up-to-date: /home/pengchang/ws/install/interfaces/include/interfaces/msg
-- Up-to-date: /home/pengchang/ws/install/interfaces/include/interfaces/msg/detail
-- Installing: /home/pengchang/ws/install/interfaces/include/interfaces/msg/detail/debug_armor__rosidl_typesupport_fastrtps_cpp.hpp
-- Installing: /home/pengchang/ws/install/interfaces/include/interfaces/msg/detail/armors__rosidl_typesupport_fastrtps_cpp.hpp
-- Installing: /home/pengchang/ws/install/interfaces/include/interfaces/msg/detail/debug_light__rosidl_typesupport_fastrtps_cpp.hpp
-- Installing: /home/pengchang/ws/install/interfaces/include/interfaces/msg/detail/debug_lights__rosidl_typesupport_fastrtps_cpp.hpp
-- Installing: /home/pengchang/ws/install/interfaces/include/interfaces/msg/detail/dds_fastrtps
-- Installing: /home/pengchang/ws/install/interfaces/include/interfaces/msg/detail/target__rosidl_typesupport_fastrtps_cpp.hpp
-- Installing: /home/pengchang/ws/install/interfaces/include/interfaces/msg/detail/armor__rosidl_typesupport_fastrtps_cpp.hpp
-- Installing: /home/pengchang/ws/install/interfaces/include/interfaces/msg/detail/debug_armors__rosidl_typesupport_fastrtps_cpp.hpp
-- Installing: /home/pengchang/ws/install/interfaces/include/interfaces/msg/detail/spin_info__rosidl_typesupport_fastrtps_cpp.hpp
-- Installing: /home/pengchang/ws/install/interfaces/include/interfaces/msg/rosidl_typesupport_fastrtps_cpp__visibility_control.h
-- Installing: /home/pengchang/ws/install/interfaces/lib/libinterfaces__rosidl_typesupport_fastrtps_cpp.so
-- Set runtime path of "/home/pengchang/ws/install/interfaces/lib/libinterfaces__rosidl_typesupport_fastrtps_cpp.so" to ""
-- Up-to-date: /home/pengchang/ws/install/interfaces/include/interfaces
-- Up-to-date: /home/pengchang/ws/install/interfaces/include/interfaces/msg
-- Installing: /home/pengchang/ws/install/interfaces/include/interfaces/msg/rosidl_typesupport_introspection_c__visibility_control.h
-- Up-to-date: /home/pengchang/ws/install/interfaces/include/interfaces/msg/detail
-- Installing: /home/pengchang/ws/install/interfaces/include/interfaces/msg/detail/target__type_support.c
-- Installing: /home/pengchang/ws/install/interfaces/include/interfaces/msg/detail/debug_light__type_support.c
-- Installing: /home/pengchang/ws/install/interfaces/include/interfaces/msg/detail/armors__type_support.c
-- Installing: /home/pengchang/ws/install/interfaces/include/interfaces/msg/detail/debug_lights__type_support.c
-- Installing: /home/pengchang/ws/install/interfaces/include/interfaces/msg/detail/debug_armor__rosidl_typesupport_introspection_c.h
-- Installing: /home/pengchang/ws/install/interfaces/include/interfaces/msg/detail/target__rosidl_typesupport_introspection_c.h
-- Installing: /home/pengchang/ws/install/interfaces/include/interfaces/msg/detail/debug_armor__type_support.c
-- Installing: /home/pengchang/ws/install/interfaces/include/interfaces/msg/detail/debug_lights__rosidl_typesupport_introspection_c.h
-- Installing: /home/pengchang/ws/install/interfaces/include/interfaces/msg/detail/spin_info__rosidl_typesupport_introspection_c.h
-- Installing: /home/pengchang/ws/install/interfaces/include/interfaces/msg/detail/debug_light__rosidl_typesupport_introspection_c.h
-- Installing: /home/pengchang/ws/install/interfaces/include/interfaces/msg/detail/spin_info__type_support.c
-- Installing: /home/pengchang/ws/install/interfaces/include/interfaces/msg/detail/armors__rosidl_typesupport_introspection_c.h
-- Installing: /home/pengchang/ws/install/interfaces/include/interfaces/msg/detail/armor__type_support.c
-- Installing: /home/pengchang/ws/install/interfaces/include/interfaces/msg/detail/armor__rosidl_typesupport_introspection_c.h
-- Installing: /home/pengchang/ws/install/interfaces/include/interfaces/msg/detail/debug_armors__rosidl_typesupport_introspection_c.h
-- Installing: /home/pengchang/ws/install/interfaces/include/interfaces/msg/detail/debug_armors__type_support.c
-- Installing: /home/pengchang/ws/install/interfaces/lib/libinterfaces__rosidl_typesupport_introspection_c.so
-- Set runtime path of "/home/pengchang/ws/install/interfaces/lib/libinterfaces__rosidl_typesupport_introspection_c.so" to ""
-- Installing: /home/pengchang/ws/install/interfaces/lib/libinterfaces__rosidl_typesupport_c.so
-- Set runtime path of "/home/pengchang/ws/install/interfaces/lib/libinterfaces__rosidl_typesupport_c.so" to ""
-- Up-to-date: /home/pengchang/ws/install/interfaces/include/interfaces
-- Up-to-date: /home/pengchang/ws/install/interfaces/include/interfaces/msg
-- Installing: /home/pengchang/ws/install/interfaces/include/interfaces/msg/armors.hpp
-- Installing: /home/pengchang/ws/install/interfaces/include/interfaces/msg/debug_armor.hpp
-- Installing: /home/pengchang/ws/install/interfaces/include/interfaces/msg/spin_info.hpp
-- Installing: /home/pengchang/ws/install/interfaces/include/interfaces/msg/target.hpp
-- Installing: /home/pengchang/ws/install/interfaces/include/interfaces/msg/armor.hpp
-- Up-to-date: /home/pengchang/ws/install/interfaces/include/interfaces/msg/detail
-- Installing: /home/pengchang/ws/install/interfaces/include/interfaces/msg/detail/debug_armors__traits.hpp
-- Installing: /home/pengchang/ws/install/interfaces/include/interfaces/msg/detail/armors__traits.hpp
-- Installing: /home/pengchang/ws/install/interfaces/include/interfaces/msg/detail/armor__traits.hpp
-- Installing: /home/pengchang/ws/install/interfaces/include/interfaces/msg/detail/debug_light__builder.hpp
-- Installing: /home/pengchang/ws/install/interfaces/include/interfaces/msg/detail/debug_lights__builder.hpp
-- Installing: /home/pengchang/ws/install/interfaces/include/interfaces/msg/detail/debug_lights__struct.hpp
-- Installing: /home/pengchang/ws/install/interfaces/include/interfaces/msg/detail/target__traits.hpp
-- Installing: /home/pengchang/ws/install/interfaces/include/interfaces/msg/detail/armors__struct.hpp
-- Installing: /home/pengchang/ws/install/interfaces/include/interfaces/msg/detail/target__struct.hpp
-- Installing: /home/pengchang/ws/install/interfaces/include/interfaces/msg/detail/debug_armors__struct.hpp
-- Installing: /home/pengchang/ws/install/interfaces/include/interfaces/msg/detail/spin_info__struct.hpp
-- Installing: /home/pengchang/ws/install/interfaces/include/interfaces/msg/detail/debug_armor__traits.hpp
-- Installing: /home/pengchang/ws/install/interfaces/include/interfaces/msg/detail/armor__builder.hpp
-- Installing: /home/pengchang/ws/install/interfaces/include/interfaces/msg/detail/debug_lights__traits.hpp
-- Installing: /home/pengchang/ws/install/interfaces/include/interfaces/msg/detail/spin_info__traits.hpp
-- Installing: /home/pengchang/ws/install/interfaces/include/interfaces/msg/detail/armor__struct.hpp
-- Installing: /home/pengchang/ws/install/interfaces/include/interfaces/msg/detail/target__builder.hpp
-- Installing: /home/pengchang/ws/install/interfaces/include/interfaces/msg/detail/debug_armor__builder.hpp
-- Installing: /home/pengchang/ws/install/interfaces/include/interfaces/msg/detail/armors__builder.hpp
-- Installing: /home/pengchang/ws/install/interfaces/include/interfaces/msg/detail/debug_armor__struct.hpp
-- Installing: /home/pengchang/ws/install/interfaces/include/interfaces/msg/detail/debug_light__traits.hpp
-- Installing: /home/pengchang/ws/install/interfaces/include/interfaces/msg/detail/spin_info__builder.hpp
-- Installing: /home/pengchang/ws/install/interfaces/include/interfaces/msg/detail/debug_light__struct.hpp
-- Installing: /home/pengchang/ws/install/interfaces/include/interfaces/msg/detail/debug_armors__builder.hpp
-- Installing: /home/pengchang/ws/install/interfaces/include/interfaces/msg/debug_armors.hpp
-- Installing: /home/pengchang/ws/install/interfaces/include/interfaces/msg/debug_light.hpp
-- Installing: /home/pengchang/ws/install/interfaces/include/interfaces/msg/debug_lights.hpp
-- Up-to-date: /home/pengchang/ws/install/interfaces/include/interfaces
-- Up-to-date: /home/pengchang/ws/install/interfaces/include/interfaces/msg
-- Up-to-date: /home/pengchang/ws/install/interfaces/include/interfaces/msg/detail
-- Installing: /home/pengchang/ws/install/interfaces/include/interfaces/msg/detail/spin_info__type_support.cpp
-- Installing: /home/pengchang/ws/install/interfaces/include/interfaces/msg/detail/debug_light__type_support.cpp
-- Installing: /home/pengchang/ws/install/interfaces/include/interfaces/msg/detail/armors__type_support.cpp
-- Installing: /home/pengchang/ws/install/interfaces/include/interfaces/msg/detail/armors__rosidl_typesupport_introspection_cpp.hpp
-- Installing: /home/pengchang/ws/install/interfaces/include/interfaces/msg/detail/armor__rosidl_typesupport_introspection_cpp.hpp
-- Installing: /home/pengchang/ws/install/interfaces/include/interfaces/msg/detail/debug_armors__rosidl_typesupport_introspection_cpp.hpp
-- Installing: /home/pengchang/ws/install/interfaces/include/interfaces/msg/detail/target__rosidl_typesupport_introspection_cpp.hpp
-- Installing: /home/pengchang/ws/install/interfaces/include/interfaces/msg/detail/debug_armor__rosidl_typesupport_introspection_cpp.hpp
-- Installing: /home/pengchang/ws/install/interfaces/include/interfaces/msg/detail/debug_armors__type_support.cpp
-- Installing: /home/pengchang/ws/install/interfaces/include/interfaces/msg/detail/debug_armor__type_support.cpp
-- Installing: /home/pengchang/ws/install/interfaces/include/interfaces/msg/detail/spin_info__rosidl_typesupport_introspection_cpp.hpp
-- Installing: /home/pengchang/ws/install/interfaces/include/interfaces/msg/detail/target__type_support.cpp
-- Installing: /home/pengchang/ws/install/interfaces/include/interfaces/msg/detail/debug_light__rosidl_typesupport_introspection_cpp.hpp
-- Installing: /home/pengchang/ws/install/interfaces/include/interfaces/msg/detail/debug_lights__type_support.cpp
-- Installing: /home/pengchang/ws/install/interfaces/include/interfaces/msg/detail/armor__type_support.cpp
-- Installing: /home/pengchang/ws/install/interfaces/include/interfaces/msg/detail/debug_lights__rosidl_typesupport_introspection_cpp.hpp
-- Installing: /home/pengchang/ws/install/interfaces/lib/libinterfaces__rosidl_typesupport_introspection_cpp.so
-- Set runtime path of "/home/pengchang/ws/install/interfaces/lib/libinterfaces__rosidl_typesupport_introspection_cpp.so" to ""
-- Installing: /home/pengchang/ws/install/interfaces/lib/libinterfaces__rosidl_typesupport_cpp.so
-- Set runtime path of "/home/pengchang/ws/install/interfaces/lib/libinterfaces__rosidl_typesupport_cpp.so" to ""
-- Installing: /home/pengchang/ws/install/interfaces/share/interfaces/environment/pythonpath.sh
-- Installing: /home/pengchang/ws/install/interfaces/share/interfaces/environment/pythonpath.dsv
-- Installing: /home/pengchang/ws/install/interfaces/lib/python3.8/site-packages/interfaces/__init__.py
Compiling '/home/pengchang/ws/install/interfaces/lib/python3.8/site-packages/interfaces/__init__.py'...
-- Installing: /home/pengchang/ws/install/interfaces/lib/python3.8/site-packages/interfaces/msg
-- Installing: /home/pengchang/ws/install/interfaces/lib/python3.8/site-packages/interfaces/msg/_debug_light_s.c
-- Installing: /home/pengchang/ws/install/interfaces/lib/python3.8/site-packages/interfaces/msg/_spin_info_s.c
-- Installing: /home/pengchang/ws/install/interfaces/lib/python3.8/site-packages/interfaces/msg/_debug_armors.py
-- Installing: /home/pengchang/ws/install/interfaces/lib/python3.8/site-packages/interfaces/msg/_armor_s.c
-- Installing: /home/pengchang/ws/install/interfaces/lib/python3.8/site-packages/interfaces/msg/_armors.py
-- Installing: /home/pengchang/ws/install/interfaces/lib/python3.8/site-packages/interfaces/msg/_debug_armor.py
-- Installing: /home/pengchang/ws/install/interfaces/lib/python3.8/site-packages/interfaces/msg/_armors_s.c
-- Installing: /home/pengchang/ws/install/interfaces/lib/python3.8/site-packages/interfaces/msg/_debug_armor_s.c
-- Installing: /home/pengchang/ws/install/interfaces/lib/python3.8/site-packages/interfaces/msg/_debug_lights.py
-- Installing: /home/pengchang/ws/install/interfaces/lib/python3.8/site-packages/interfaces/msg/_spin_info.py
-- Installing: /home/pengchang/ws/install/interfaces/lib/python3.8/site-packages/interfaces/msg/_debug_armors_s.c
-- Installing: /home/pengchang/ws/install/interfaces/lib/python3.8/site-packages/interfaces/msg/_target.py
-- Installing: /home/pengchang/ws/install/interfaces/lib/python3.8/site-packages/interfaces/msg/_debug_light.py
-- Installing: /home/pengchang/ws/install/interfaces/lib/python3.8/site-packages/interfaces/msg/_target_s.c
-- Installing: /home/pengchang/ws/install/interfaces/lib/python3.8/site-packages/interfaces/msg/_debug_lights_s.c
-- Installing: /home/pengchang/ws/install/interfaces/lib/python3.8/site-packages/interfaces/msg/__init__.py
-- Installing: /home/pengchang/ws/install/interfaces/lib/python3.8/site-packages/interfaces/msg/_armor.py
-- Installing: /home/pengchang/ws/install/interfaces/lib/python3.8/site-packages/interfaces/interfaces_s__rosidl_typesupport_fastrtps_c.cpython-38-x86_64-linux-gnu.so
-- Set runtime path of "/home/pengchang/ws/install/interfaces/lib/python3.8/site-packages/interfaces/interfaces_s__rosidl_typesupport_fastrtps_c.cpython-38-x86_64-linux-gnu.so" to ""
-- Installing: /home/pengchang/ws/install/interfaces/lib/python3.8/site-packages/interfaces/interfaces_s__rosidl_typesupport_introspection_c.cpython-38-x86_64-linux-gnu.so
-- Set runtime path of "/home/pengchang/ws/install/interfaces/lib/python3.8/site-packages/interfaces/interfaces_s__rosidl_typesupport_introspection_c.cpython-38-x86_64-linux-gnu.so" to ""
-- Installing: /home/pengchang/ws/install/interfaces/lib/python3.8/site-packages/interfaces/interfaces_s__rosidl_typesupport_c.cpython-38-x86_64-linux-gnu.so
-- Set runtime path of "/home/pengchang/ws/install/interfaces/lib/python3.8/site-packages/interfaces/interfaces_s__rosidl_typesupport_c.cpython-38-x86_64-linux-gnu.so" to ""
-- Installing: /home/pengchang/ws/install/interfaces/lib/libinterfaces__python.so
-- Set runtime path of "/home/pengchang/ws/install/interfaces/lib/libinterfaces__python.so" to ""
-- Installing: /home/pengchang/ws/install/interfaces/share/interfaces/msg/Armor.idl
-- Installing: /home/pengchang/ws/install/interfaces/share/interfaces/msg/Armors.idl
-- Installing: /home/pengchang/ws/install/interfaces/share/interfaces/msg/Target.idl
-- Installing: /home/pengchang/ws/install/interfaces/share/interfaces/msg/DebugLight.idl
-- Installing: /home/pengchang/ws/install/interfaces/share/interfaces/msg/DebugLights.idl
-- Installing: /home/pengchang/ws/install/interfaces/share/interfaces/msg/DebugArmor.idl
-- Installing: /home/pengchang/ws/install/interfaces/share/interfaces/msg/DebugArmors.idl
-- Installing: /home/pengchang/ws/install/interfaces/share/interfaces/msg/SpinInfo.idl
-- Installing: /home/pengchang/ws/install/interfaces/share/interfaces/msg/Armor.msg
-- Installing: /home/pengchang/ws/install/interfaces/share/interfaces/msg/Armors.msg
-- Installing: /home/pengchang/ws/install/interfaces/share/interfaces/msg/Target.msg
-- Installing: /home/pengchang/ws/install/interfaces/share/interfaces/msg/DebugLight.msg
-- Installing: /home/pengchang/ws/install/interfaces/share/interfaces/msg/DebugLights.msg
-- Installing: /home/pengchang/ws/install/interfaces/share/interfaces/msg/DebugArmor.msg
-- Installing: /home/pengchang/ws/install/interfaces/share/interfaces/msg/DebugArmors.msg
-- Installing: /home/pengchang/ws/install/interfaces/share/interfaces/msg/SpinInfo.msg
-- Installing: /home/pengchang/ws/install/interfaces/share/ament_index/resource_index/package_run_dependencies/interfaces
-- Installing: /home/pengchang/ws/install/interfaces/share/ament_index/resource_index/parent_prefix_path/interfaces
-- Installing: /home/pengchang/ws/install/interfaces/share/interfaces/environment/ament_prefix_path.sh
-- Installing: /home/pengchang/ws/install/interfaces/share/interfaces/environment/ament_prefix_path.dsv
-- Installing: /home/pengchang/ws/install/interfaces/share/interfaces/environment/path.sh
-- Installing: /home/pengchang/ws/install/interfaces/share/interfaces/environment/path.dsv
-- Installing: /home/pengchang/ws/install/interfaces/share/interfaces/local_setup.bash
-- Installing: /home/pengchang/ws/install/interfaces/share/interfaces/local_setup.sh
-- Installing: /home/pengchang/ws/install/interfaces/share/interfaces/local_setup.zsh
-- Installing: /home/pengchang/ws/install/interfaces/share/interfaces/local_setup.dsv
-- Installing: /home/pengchang/ws/install/interfaces/share/interfaces/package.dsv
-- Installing: /home/pengchang/ws/install/interfaces/share/ament_index/resource_index/packages/interfaces
-- Installing: /home/pengchang/ws/install/interfaces/share/interfaces/cmake/interfaces__rosidl_generator_cExport.cmake
-- Installing: /home/pengchang/ws/install/interfaces/share/interfaces/cmake/interfaces__rosidl_generator_cExport-noconfig.cmake
-- Installing: /home/pengchang/ws/install/interfaces/share/interfaces/cmake/interfaces__rosidl_typesupport_introspection_cExport.cmake
-- Installing: /home/pengchang/ws/install/interfaces/share/interfaces/cmake/interfaces__rosidl_typesupport_introspection_cExport-noconfig.cmake
-- Installing: /home/pengchang/ws/install/interfaces/share/interfaces/cmake/interfaces__rosidl_typesupport_cExport.cmake
-- Installing: /home/pengchang/ws/install/interfaces/share/interfaces/cmake/interfaces__rosidl_typesupport_cExport-noconfig.cmake
-- Installing: /home/pengchang/ws/install/interfaces/share/interfaces/cmake/interfaces__rosidl_generator_cppExport.cmake
-- Installing: /home/pengchang/ws/install/interfaces/share/interfaces/cmake/interfaces__rosidl_typesupport_introspection_cppExport.cmake
-- Installing: /home/pengchang/ws/install/interfaces/share/interfaces/cmake/interfaces__rosidl_typesupport_introspection_cppExport-noconfig.cmake
-- Installing: /home/pengchang/ws/install/interfaces/share/interfaces/cmake/interfaces__rosidl_typesupport_cppExport.cmake
-- Installing: /home/pengchang/ws/install/interfaces/share/interfaces/cmake/interfaces__rosidl_typesupport_cppExport-noconfig.cmake
-- Installing: /home/pengchang/ws/install/interfaces/share/interfaces/cmake/rosidl_cmake-extras.cmake
-- Installing: /home/pengchang/ws/install/interfaces/share/interfaces/cmake/ament_cmake_export_dependencies-extras.cmake
-- Installing: /home/pengchang/ws/install/interfaces/share/interfaces/cmake/ament_cmake_export_libraries-extras.cmake
-- Installing: /home/pengchang/ws/install/interfaces/share/interfaces/cmake/ament_cmake_export_targets-extras.cmake
-- Installing: /home/pengchang/ws/install/interfaces/share/interfaces/cmake/ament_cmake_export_include_directories-extras.cmake
-- Installing: /home/pengchang/ws/install/interfaces/share/interfaces/cmake/rosidl_cmake_export_typesupport_libraries-extras.cmake
-- Installing: /home/pengchang/ws/install/interfaces/share/interfaces/cmake/rosidl_cmake_export_typesupport_targets-extras.cmake
-- Installing: /home/pengchang/ws/install/interfaces/share/interfaces/cmake/interfacesConfig.cmake
-- Installing: /home/pengchang/ws/install/interfaces/share/interfaces/cmake/interfacesConfig-version.cmake
-- Installing: /home/pengchang/ws/install/interfaces/share/interfaces/package.xml
