[0.025s] Invoking command in '/home/pengchang/ws/build/description': CMAKE_PREFIX_PATH=${CMAKE_PREFIX_PATH}:/opt/ros/galactic /usr/bin/cmake --build /home/pengchang/ws/build/description -- -j8 -l8
[0.065s] Invoked command in '/home/pengchang/ws/build/description' returned '0': CMAKE_PREFIX_PATH=${CMAKE_PREFIX_PATH}:/opt/ros/galactic /usr/bin/cmake --build /home/pengchang/ws/build/description -- -j8 -l8
[0.108s] Invoking command in '/home/pengchang/ws/build/description': CMAKE_PREFIX_PATH=${CMAKE_PREFIX_PATH}:/opt/ros/galactic /usr/bin/cmake --install /home/pengchang/ws/build/description
[0.119s] -- Install configuration: ""
[0.120s] -- Execute custom install script
[0.121s] -- Up-to-date symlink: /home/pengchang/ws/install/description/share/description/launch/view_model.launch.py
[0.121s] -- Up-to-date symlink: /home/pengchang/ws/install/description/share/description/launch/view_model.rviz
[0.122s] -- Up-to-date symlink: /home/pengchang/ws/install/description/share/description/meshes/camera_base_link.STL
[0.122s] -- Up-to-date symlink: /home/pengchang/ws/install/description/share/description/meshes/pitch_link.STL
[0.122s] -- Up-to-date symlink: /home/pengchang/ws/install/description/share/description/meshes/yaw_link.STL
[0.122s] -- Up-to-date symlink: /home/pengchang/ws/install/description/share/description/urdf/gimbal.urdf.xacro
[0.122s] -- Up-to-date symlink: /home/pengchang/ws/install/description/share/ament_index/resource_index/package_run_dependencies/description
[0.122s] -- Up-to-date symlink: /home/pengchang/ws/install/description/share/ament_index/resource_index/parent_prefix_path/description
[0.123s] -- Up-to-date symlink: /home/pengchang/ws/install/description/share/description/environment/ament_prefix_path.sh
[0.123s] -- Up-to-date symlink: /home/pengchang/ws/install/description/share/description/environment/ament_prefix_path.dsv
[0.123s] -- Up-to-date symlink: /home/pengchang/ws/install/description/share/description/environment/path.sh
[0.123s] -- Up-to-date symlink: /home/pengchang/ws/install/description/share/description/environment/path.dsv
[0.123s] -- Up-to-date symlink: /home/pengchang/ws/install/description/share/description/local_setup.bash
[0.123s] -- Up-to-date symlink: /home/pengchang/ws/install/description/share/description/local_setup.sh
[0.123s] -- Up-to-date symlink: /home/pengchang/ws/install/description/share/description/local_setup.zsh
[0.123s] -- Up-to-date symlink: /home/pengchang/ws/install/description/share/description/local_setup.dsv
[0.123s] -- Symlinking: /home/pengchang/ws/install/description/share/description/package.dsv
[0.134s] -- Up-to-date symlink: /home/pengchang/ws/install/description/share/ament_index/resource_index/packages/description
[0.134s] -- Up-to-date symlink: /home/pengchang/ws/install/description/share/description/cmake/descriptionConfig.cmake
[0.135s] -- Up-to-date symlink: /home/pengchang/ws/install/description/share/description/cmake/descriptionConfig-version.cmake
[0.135s] -- Up-to-date symlink: /home/pengchang/ws/install/description/share/description/package.xml
[0.141s] Invoked command in '/home/pengchang/ws/build/description' returned '0': CMAKE_PREFIX_PATH=${CMAKE_PREFIX_PATH}:/opt/ros/galactic /usr/bin/cmake --install /home/pengchang/ws/build/description
