[0.046s] Invoking command in '/home/pengchang/ws/build/bringup': AMENT_PREFIX_PATH=/home/pengchang/ws/install/vision:/home/pengchang/ws/install/interfaces:/home/pengchang/ws/install/description:${AMENT_PREFIX_PATH} CMAKE_PREFIX_PATH=/home/pengchang/ws/install/vision:/home/pengchang/ws/install/interfaces:/home/pengchang/ws/install/description:/opt/ros/galactic LD_LIBRARY_PATH=/home/pengchang/ws/install/vision/lib:/home/pengchang/ws/install/interfaces/lib:${LD_LIBRARY_PATH} PYTHONPATH=/home/pengchang/ws/install/interfaces/lib/python3.8/site-packages:${PYTHONPATH} /usr/bin/cmake --build /home/pengchang/ws/build/bringup -- -j8 -l8
[0.284s] Invoked command in '/home/pengchang/ws/build/bringup' returned '0': AMENT_PREFIX_PATH=/home/pengchang/ws/install/vision:/home/pengchang/ws/install/interfaces:/home/pengchang/ws/install/description:${AMENT_PREFIX_PATH} CMAKE_PREFIX_PATH=/home/pengchang/ws/install/vision:/home/pengchang/ws/install/interfaces:/home/pengchang/ws/install/description:/opt/ros/galactic LD_LIBRARY_PATH=/home/pengchang/ws/install/vision/lib:/home/pengchang/ws/install/interfaces/lib:${LD_LIBRARY_PATH} PYTHONPATH=/home/pengchang/ws/install/interfaces/lib/python3.8/site-packages:${PYTHONPATH} /usr/bin/cmake --build /home/pengchang/ws/build/bringup -- -j8 -l8
[0.314s] Invoking command in '/home/pengchang/ws/build/bringup': AMENT_PREFIX_PATH=/home/pengchang/ws/install/vision:/home/pengchang/ws/install/interfaces:/home/pengchang/ws/install/description:${AMENT_PREFIX_PATH} CMAKE_PREFIX_PATH=/home/pengchang/ws/install/vision:/home/pengchang/ws/install/interfaces:/home/pengchang/ws/install/description:/opt/ros/galactic LD_LIBRARY_PATH=/home/pengchang/ws/install/vision/lib:/home/pengchang/ws/install/interfaces/lib:${LD_LIBRARY_PATH} PYTHONPATH=/home/pengchang/ws/install/interfaces/lib/python3.8/site-packages:${PYTHONPATH} /usr/bin/cmake --install /home/pengchang/ws/build/bringup
[0.335s] -- Install configuration: ""
[0.352s] -- Execute custom install script
[0.366s] -- Up-to-date symlink: /home/pengchang/ws/install/bringup/share/bringup/launch/launch.py
[0.367s] -- Up-to-date symlink: /home/pengchang/ws/install/bringup/share/bringup/config/camera_info.yaml
[0.367s] -- Up-to-date symlink: /home/pengchang/ws/install/bringup/share/bringup/config/params.yaml
[0.368s] -- Up-to-date symlink: /home/pengchang/ws/install/bringup/share/ament_index/resource_index/package_run_dependencies/bringup
[0.368s] -- Up-to-date symlink: /home/pengchang/ws/install/bringup/share/ament_index/resource_index/parent_prefix_path/bringup
[0.369s] -- Up-to-date symlink: /home/pengchang/ws/install/bringup/share/bringup/environment/ament_prefix_path.sh
[0.369s] -- Up-to-date symlink: /home/pengchang/ws/install/bringup/share/bringup/environment/ament_prefix_path.dsv
[0.370s] -- Up-to-date symlink: /home/pengchang/ws/install/bringup/share/bringup/environment/path.sh
[0.370s] -- Up-to-date symlink: /home/pengchang/ws/install/bringup/share/bringup/environment/path.dsv
[0.371s] -- Up-to-date symlink: /home/pengchang/ws/install/bringup/share/bringup/local_setup.bash
[0.371s] -- Up-to-date symlink: /home/pengchang/ws/install/bringup/share/bringup/local_setup.sh
[0.372s] -- Up-to-date symlink: /home/pengchang/ws/install/bringup/share/bringup/local_setup.zsh
[0.372s] -- Up-to-date symlink: /home/pengchang/ws/install/bringup/share/bringup/local_setup.dsv
[0.373s] -- Symlinking: /home/pengchang/ws/install/bringup/share/bringup/package.dsv
[0.393s] -- Up-to-date symlink: /home/pengchang/ws/install/bringup/share/ament_index/resource_index/packages/bringup
[0.394s] -- Up-to-date symlink: /home/pengchang/ws/install/bringup/share/bringup/cmake/ament_cmake_export_include_directories-extras.cmake
[0.394s] -- Up-to-date symlink: /home/pengchang/ws/install/bringup/share/bringup/cmake/bringupConfig.cmake
[0.394s] -- Up-to-date symlink: /home/pengchang/ws/install/bringup/share/bringup/cmake/bringupConfig-version.cmake
[0.394s] -- Up-to-date symlink: /home/pengchang/ws/install/bringup/share/bringup/package.xml
[0.402s] Invoked command in '/home/pengchang/ws/build/bringup' returned '0': AMENT_PREFIX_PATH=/home/pengchang/ws/install/vision:/home/pengchang/ws/install/interfaces:/home/pengchang/ws/install/description:${AMENT_PREFIX_PATH} CMAKE_PREFIX_PATH=/home/pengchang/ws/install/vision:/home/pengchang/ws/install/interfaces:/home/pengchang/ws/install/description:/opt/ros/galactic LD_LIBRARY_PATH=/home/pengchang/ws/install/vision/lib:/home/pengchang/ws/install/interfaces/lib:${LD_LIBRARY_PATH} PYTHONPATH=/home/pengchang/ws/install/interfaces/lib/python3.8/site-packages:${PYTHONPATH} /usr/bin/cmake --install /home/pengchang/ws/build/bringup
