[0.017s] Invoking command in '/home/pengchang/ws/build/vision': CMAKE_PREFIX_PATH=${CMAKE_PREFIX_PATH}:/opt/ros/galactic /usr/bin/cmake --build /home/pengchang/ws/build/vision -- -j8 -l8
[0.088s] [ 28%] Built target detector_node
[0.089s] [ 57%] Built target camera_node
[0.104s] [100%] Built target vision
[0.121s] Invoked command in '/home/pengchang/ws/build/vision' returned '0': CMAKE_PREFIX_PATH=${CMAKE_PREFIX_PATH}:/opt/ros/galactic /usr/bin/cmake --build /home/pengchang/ws/build/vision -- -j8 -l8
[0.177s] Invoking command in '/home/pengchang/ws/build/vision': CMAKE_PREFIX_PATH=${CMAKE_PREFIX_PATH}:/opt/ros/galactic /usr/bin/cmake --install /home/pengchang/ws/build/vision
[0.190s] -- Install configuration: ""
[0.190s] -- Up-to-date: /home/pengchang/ws/install/vision/lib/vision/camera_node
[0.191s] -- Up-to-date: /home/pengchang/ws/install/vision/lib/vision/detector_node
[0.191s] -- Up-to-date: /home/pengchang/ws/install/vision/include
[0.191s] -- Up-to-date: /home/pengchang/ws/install/vision/include/vision
[0.191s] -- Up-to-date: /home/pengchang/ws/install/vision/share/vision/environment/library_path.sh
[0.192s] -- Up-to-date: /home/pengchang/ws/install/vision/share/vision/environment/library_path.dsv
[0.192s] -- Up-to-date: /home/pengchang/ws/install/vision/lib/libvision.so
[0.192s] -- Up-to-date: /home/pengchang/ws/install/vision/share/vision/config
[0.192s] -- Up-to-date: /home/pengchang/ws/install/vision/share/vision/config/camera_info.yaml
[0.193s] -- Up-to-date: /home/pengchang/ws/install/vision/share/vision/config/camera_params.yaml
[0.193s] -- Up-to-date: /home/pengchang/ws/install/vision/share/vision/config/default.yaml
[0.193s] -- Up-to-date: /home/pengchang/ws/install/vision/share/vision/launch
[0.193s] -- Up-to-date: /home/pengchang/ws/install/vision/share/vision/launch/launch.py
[0.193s] -- Up-to-date: /home/pengchang/ws/install/vision/share/ament_index/resource_index/package_run_dependencies/vision
[0.193s] -- Up-to-date: /home/pengchang/ws/install/vision/share/ament_index/resource_index/parent_prefix_path/vision
[0.193s] -- Up-to-date: /home/pengchang/ws/install/vision/share/vision/environment/ament_prefix_path.sh
[0.194s] -- Up-to-date: /home/pengchang/ws/install/vision/share/vision/environment/ament_prefix_path.dsv
[0.194s] -- Up-to-date: /home/pengchang/ws/install/vision/share/vision/environment/path.sh
[0.194s] -- Up-to-date: /home/pengchang/ws/install/vision/share/vision/environment/path.dsv
[0.194s] -- Up-to-date: /home/pengchang/ws/install/vision/share/vision/local_setup.bash
[0.194s] -- Up-to-date: /home/pengchang/ws/install/vision/share/vision/local_setup.sh
[0.195s] -- Up-to-date: /home/pengchang/ws/install/vision/share/vision/local_setup.zsh
[0.195s] -- Up-to-date: /home/pengchang/ws/install/vision/share/vision/local_setup.dsv
[0.195s] -- Installing: /home/pengchang/ws/install/vision/share/vision/package.dsv
[0.195s] -- Up-to-date: /home/pengchang/ws/install/vision/share/ament_index/resource_index/packages/vision
[0.195s] -- Up-to-date: /home/pengchang/ws/install/vision/share/ament_index/resource_index/rclcpp_components/vision
[0.195s] -- Up-to-date: /home/pengchang/ws/install/vision/share/vision/cmake/ament_cmake_export_dependencies-extras.cmake
[0.196s] -- Up-to-date: /home/pengchang/ws/install/vision/share/vision/cmake/ament_cmake_export_include_directories-extras.cmake
[0.196s] -- Up-to-date: /home/pengchang/ws/install/vision/share/vision/cmake/ament_cmake_export_libraries-extras.cmake
[0.196s] -- Up-to-date: /home/pengchang/ws/install/vision/share/vision/cmake/visionConfig.cmake
[0.196s] -- Up-to-date: /home/pengchang/ws/install/vision/share/vision/cmake/visionConfig-version.cmake
[0.196s] -- Up-to-date: /home/pengchang/ws/install/vision/share/vision/package.xml
[0.198s] Invoked command in '/home/pengchang/ws/build/vision' returned '0': CMAKE_PREFIX_PATH=${CMAKE_PREFIX_PATH}:/opt/ros/galactic /usr/bin/cmake --install /home/pengchang/ws/build/vision
