-- The C compiler identification is GNU 9.4.0
-- The CXX compiler identification is GNU 9.4.0
-- Check for working C compiler: /usr/bin/cc
-- Check for working C compiler: /usr/bin/cc -- works
-- Detecting C compiler ABI info
-- Detecting C compiler ABI info - done
-- Detecting C compile features
-- Detecting C compile features - done
-- Check for working CXX compiler: /usr/bin/c++
-- Check for working CXX compiler: /usr/bin/c++ -- works
-- Detecting CXX compiler ABI info
-- Detecting CXX compiler ABI info - done
-- Detecting CXX compile features
-- Detecting CXX compile features - done
-- Found ament_cmake_auto: 1.1.5 (/opt/ros/galactic/share/ament_cmake_auto/cmake)
-- Found PythonInterp: /usr/bin/python3 (found suitable version "3.8.10", minimum required is "3") 
-- Using PYTHON_EXECUTABLE: /usr/bin/python3
-- Using all available rosidl_typesupport_c: rosidl_typesupport_fastrtps_c;rosidl_typesupport_introspection_c
-- Found rosidl_adapter: 2.2.2 (/opt/ros/galactic/share/rosidl_adapter/cmake)
-- Found OpenSSL: /usr/lib/x86_64-linux-gnu/libcrypto.so (found version "1.1.1f")  
-- Found FastRTPS: /opt/ros/galactic/include  
-- Using all available rosidl_typesupport_cpp: rosidl_typesupport_fastrtps_cpp;rosidl_typesupport_introspection_cpp
-- Found rmw_implementation_cmake: 3.3.1 (/opt/ros/galactic/share/rmw_implementation_cmake/cmake)
-- Found rmw_cyclonedds_cpp: 0.22.5 (/opt/ros/galactic/share/rmw_cyclonedds_cpp/cmake)
-- Using RMW implementation 'rmw_cyclonedds_cpp' as default
-- Looking for pthread.h
-- Looking for pthread.h - found
-- Performing Test CMAKE_HAVE_LIBC_PTHREAD
-- Performing Test CMAKE_HAVE_LIBC_PTHREAD - Failed
-- Looking for pthread_create in pthreads
-- Looking for pthread_create in pthreads - not found
-- Looking for pthread_create in pthread
-- Looking for pthread_create in pthread - found
-- Found Threads: TRUE  
-- Found ament_lint_auto: 0.10.7 (/opt/ros/galactic/share/ament_lint_auto/cmake)
-- Found ament_cmake_gtest: 1.1.5 (/opt/ros/galactic/share/ament_cmake_gtest/cmake)
-- Added test 'cppcheck' to perform static code analysis on C / C++ code
-- Configured cppcheck include dirs: /home/pengchang/ws/src/vision/include
-- Configured cppcheck exclude dirs and/or files: 
-- Added test 'cpplint' to check C / C++ code against the Google style
-- Configured cpplint exclude dirs and/or files: 
-- Added test 'flake8' to check Python code syntax and style conventions
-- Added test 'lint_cmake' to check CMake code style
-- Added test 'pep257' to check Python code against some of the style conventions in PEP 257
-- Added test 'xmllint' to check XML markup files
-- Configuring done
-- Generating done
-- Build files have been written to: /home/pengchang/ws/src/build/vision
[35m[1mScanning dependencies of target camera_node[0m
[35m[1mScanning dependencies of target vision[0m
[35m[1mScanning dependencies of target detector_node[0m
[ 14%] [32mBuilding CXX object CMakeFiles/camera_node.dir/rclcpp_components/node_main_camera_node.cpp.o[0m
[ 28%] [32mBuilding CXX object CMakeFiles/detector_node.dir/rclcpp_components/node_main_detector_node.cpp.o[0m
[ 42%] [32mBuilding CXX object CMakeFiles/vision.dir/src/camera_node.cpp.o[0m
[ 57%] [32mBuilding CXX object CMakeFiles/vision.dir/src/detector_node.cpp.o[0m
[ 71%] [32m[1mLinking CXX executable camera_node[0m
[ 85%] [32m[1mLinking CXX executable detector_node[0m
[ 85%] Built target camera_node
[ 85%] Built target detector_node
[100%] [32m[1mLinking CXX shared library libvision.so[0m
[100%] Built target vision
-- Install configuration: ""
-- Installing: /home/pengchang/ws/src/install/vision/lib/vision/camera_node
-- Set runtime path of "/home/pengchang/ws/src/install/vision/lib/vision/camera_node" to ""
-- Installing: /home/pengchang/ws/src/install/vision/lib/vision/detector_node
-- Set runtime path of "/home/pengchang/ws/src/install/vision/lib/vision/detector_node" to ""
-- Installing: /home/pengchang/ws/src/install/vision/include
-- Installing: /home/pengchang/ws/src/install/vision/include/vision
-- Installing: /home/pengchang/ws/src/install/vision/share/vision/environment/library_path.sh
-- Installing: /home/pengchang/ws/src/install/vision/share/vision/environment/library_path.dsv
-- Installing: /home/pengchang/ws/src/install/vision/lib/libvision.so
-- Set runtime path of "/home/pengchang/ws/src/install/vision/lib/libvision.so" to ""
-- Installing: /home/pengchang/ws/src/install/vision/share/vision/config
-- Installing: /home/pengchang/ws/src/install/vision/share/vision/config/camera_info.yaml
-- Installing: /home/pengchang/ws/src/install/vision/share/vision/config/camera_params.yaml
-- Installing: /home/pengchang/ws/src/install/vision/share/vision/config/default.yaml
-- Installing: /home/pengchang/ws/src/install/vision/share/vision/launch
-- Installing: /home/pengchang/ws/src/install/vision/share/vision/launch/launch.py
-- Installing: /home/pengchang/ws/src/install/vision/share/ament_index/resource_index/package_run_dependencies/vision
-- Installing: /home/pengchang/ws/src/install/vision/share/ament_index/resource_index/parent_prefix_path/vision
-- Installing: /home/pengchang/ws/src/install/vision/share/vision/environment/ament_prefix_path.sh
-- Installing: /home/pengchang/ws/src/install/vision/share/vision/environment/ament_prefix_path.dsv
-- Installing: /home/pengchang/ws/src/install/vision/share/vision/environment/path.sh
-- Installing: /home/pengchang/ws/src/install/vision/share/vision/environment/path.dsv
-- Installing: /home/pengchang/ws/src/install/vision/share/vision/local_setup.bash
-- Installing: /home/pengchang/ws/src/install/vision/share/vision/local_setup.sh
-- Installing: /home/pengchang/ws/src/install/vision/share/vision/local_setup.zsh
-- Installing: /home/pengchang/ws/src/install/vision/share/vision/local_setup.dsv
-- Installing: /home/pengchang/ws/src/install/vision/share/vision/package.dsv
-- Installing: /home/pengchang/ws/src/install/vision/share/ament_index/resource_index/packages/vision
-- Installing: /home/pengchang/ws/src/install/vision/share/ament_index/resource_index/rclcpp_components/vision
-- Installing: /home/pengchang/ws/src/install/vision/share/vision/cmake/ament_cmake_export_dependencies-extras.cmake
-- Installing: /home/pengchang/ws/src/install/vision/share/vision/cmake/ament_cmake_export_include_directories-extras.cmake
-- Installing: /home/pengchang/ws/src/install/vision/share/vision/cmake/ament_cmake_export_libraries-extras.cmake
-- Installing: /home/pengchang/ws/src/install/vision/share/vision/cmake/visionConfig.cmake
-- Installing: /home/pengchang/ws/src/install/vision/share/vision/cmake/visionConfig-version.cmake
-- Installing: /home/pengchang/ws/src/install/vision/share/vision/package.xml
