[0.023s] Invoking command in '/home/pengchang/ws/build/bringup': AMENT_PREFIX_PATH=/home/pengchang/ws/install/vision:/home/pengchang/ws/install/interfaces:/home/pengchang/ws/install/description:${AMENT_PREFIX_PATH} CMAKE_PREFIX_PATH=/home/pengchang/ws/install/vision:/home/pengchang/ws/install/interfaces:/home/pengchang/ws/install/description:/opt/ros/galactic LD_LIBRARY_PATH=/home/pengchang/ws/install/vision/lib:/home/pengchang/ws/install/interfaces/lib:${LD_LIBRARY_PATH} PYTHONPATH=/home/pengchang/ws/install/interfaces/lib/python3.8/site-packages:${PYTHONPATH} /usr/bin/cmake --build /home/pengchang/ws/build/bringup -- -j8 -l8
[0.087s] Invoked command in '/home/pengchang/ws/build/bringup' returned '0': AMENT_PREFIX_PATH=/home/pengchang/ws/install/vision:/home/pengchang/ws/install/interfaces:/home/pengchang/ws/install/description:${AMENT_PREFIX_PATH} CMAKE_PREFIX_PATH=/home/pengchang/ws/install/vision:/home/pengchang/ws/install/interfaces:/home/pengchang/ws/install/description:/opt/ros/galactic LD_LIBRARY_PATH=/home/pengchang/ws/install/vision/lib:/home/pengchang/ws/install/interfaces/lib:${LD_LIBRARY_PATH} PYTHONPATH=/home/pengchang/ws/install/interfaces/lib/python3.8/site-packages:${PYTHONPATH} /usr/bin/cmake --build /home/pengchang/ws/build/bringup -- -j8 -l8
[0.123s] Invoking command in '/home/pengchang/ws/build/bringup': AMENT_PREFIX_PATH=/home/pengchang/ws/install/vision:/home/pengchang/ws/install/interfaces:/home/pengchang/ws/install/description:${AMENT_PREFIX_PATH} CMAKE_PREFIX_PATH=/home/pengchang/ws/install/vision:/home/pengchang/ws/install/interfaces:/home/pengchang/ws/install/description:/opt/ros/galactic LD_LIBRARY_PATH=/home/pengchang/ws/install/vision/lib:/home/pengchang/ws/install/interfaces/lib:${LD_LIBRARY_PATH} PYTHONPATH=/home/pengchang/ws/install/interfaces/lib/python3.8/site-packages:${PYTHONPATH} /usr/bin/cmake --install /home/pengchang/ws/build/bringup
[0.134s] -- Install configuration: ""
[0.135s] -- Execute custom install script
[0.135s] -- Up-to-date symlink: /home/pengchang/ws/install/bringup/share/bringup/launch/launch.py
[0.135s] -- Up-to-date symlink: /home/pengchang/ws/install/bringup/share/bringup/config/camera_info.yaml
[0.136s] -- Up-to-date symlink: /home/pengchang/ws/install/bringup/share/bringup/config/params.yaml
[0.136s] -- Up-to-date symlink: /home/pengchang/ws/install/bringup/share/ament_index/resource_index/package_run_dependencies/bringup
[0.136s] -- Up-to-date symlink: /home/pengchang/ws/install/bringup/share/ament_index/resource_index/parent_prefix_path/bringup
[0.136s] -- Up-to-date symlink: /home/pengchang/ws/install/bringup/share/bringup/environment/ament_prefix_path.sh
[0.136s] -- Up-to-date symlink: /home/pengchang/ws/install/bringup/share/bringup/environment/ament_prefix_path.dsv
[0.137s] -- Up-to-date symlink: /home/pengchang/ws/install/bringup/share/bringup/environment/path.sh
[0.137s] -- Up-to-date symlink: /home/pengchang/ws/install/bringup/share/bringup/environment/path.dsv
[0.137s] -- Up-to-date symlink: /home/pengchang/ws/install/bringup/share/bringup/local_setup.bash
[0.137s] -- Up-to-date symlink: /home/pengchang/ws/install/bringup/share/bringup/local_setup.sh
[0.137s] -- Up-to-date symlink: /home/pengchang/ws/install/bringup/share/bringup/local_setup.zsh
[0.138s] -- Up-to-date symlink: /home/pengchang/ws/install/bringup/share/bringup/local_setup.dsv
[0.138s] -- Symlinking: /home/pengchang/ws/install/bringup/share/bringup/package.dsv
[0.150s] -- Up-to-date symlink: /home/pengchang/ws/install/bringup/share/ament_index/resource_index/packages/bringup
[0.150s] -- Up-to-date symlink: /home/pengchang/ws/install/bringup/share/bringup/cmake/ament_cmake_export_include_directories-extras.cmake
[0.151s] -- Up-to-date symlink: /home/pengchang/ws/install/bringup/share/bringup/cmake/bringupConfig.cmake
[0.151s] -- Up-to-date symlink: /home/pengchang/ws/install/bringup/share/bringup/cmake/bringupConfig-version.cmake
[0.152s] -- Up-to-date symlink: /home/pengchang/ws/install/bringup/share/bringup/package.xml
[0.161s] Invoked command in '/home/pengchang/ws/build/bringup' returned '0': AMENT_PREFIX_PATH=/home/pengchang/ws/install/vision:/home/pengchang/ws/install/interfaces:/home/pengchang/ws/install/description:${AMENT_PREFIX_PATH} CMAKE_PREFIX_PATH=/home/pengchang/ws/install/vision:/home/pengchang/ws/install/interfaces:/home/pengchang/ws/install/description:/opt/ros/galactic LD_LIBRARY_PATH=/home/pengchang/ws/install/vision/lib:/home/pengchang/ws/install/interfaces/lib:${LD_LIBRARY_PATH} PYTHONPATH=/home/pengchang/ws/install/interfaces/lib/python3.8/site-packages:${PYTHONPATH} /usr/bin/cmake --install /home/pengchang/ws/build/bringup
