[0.030s] Invoking command in '/home/pengchang/ws/build/vision': CMAKE_PREFIX_PATH=/home/pengchang/ws/install/interfaces:/home/pengchang/ws/install/vision:/opt/ros/galactic LD_LIBRARY_PATH=/home/pengchang/ws/install/interfaces/lib:/home/pengchang/ws/install/vision/lib:/opt/ros/galactic/opt/yaml_cpp_vendor/lib:/opt/ros/galactic/opt/rviz_ogre_vendor/lib:/opt/ros/galactic/lib/x86_64-linux-gnu:/opt/ros/galactic/lib /usr/bin/cmake --build /home/pengchang/ws/build/vision -- -j8 -l8
[0.069s] -- Found ament_cmake_auto: 1.1.5 (/opt/ros/galactic/share/ament_cmake_auto/cmake)
[0.099s] -- Using PYTHON_EXECUTABLE: /usr/bin/python3
[0.154s] -- Override CMake install command with custom implementation using symlinks instead of copying resources
[0.226s] -- Using all available rosidl_typesupport_c: rosidl_typesupport_fastrtps_c;rosidl_typesupport_introspection_c
[0.232s] -- Found rosidl_adapter: 2.2.2 (/opt/ros/galactic/share/rosidl_adapter/cmake)
[0.368s] -- Using all available rosidl_typesupport_cpp: rosidl_typesupport_fastrtps_cpp;rosidl_typesupport_introspection_cpp
[0.436s] -- Found rmw_implementation_cmake: 3.3.1 (/opt/ros/galactic/share/rmw_implementation_cmake/cmake)
[0.437s] -- Found rmw_cyclonedds_cpp: 0.22.5 (/opt/ros/galactic/share/rmw_cyclonedds_cpp/cmake)
[0.452s] -- Using RMW implementation 'rmw_cyclonedds_cpp' as default
[1.022s] -- Found ament_lint_auto: 0.10.7 (/opt/ros/galactic/share/ament_lint_auto/cmake)
[1.035s] -- Found ament_cmake_gtest: 1.1.5 (/opt/ros/galactic/share/ament_cmake_gtest/cmake)
[1.042s] -- Added test 'cppcheck' to perform static code analysis on C / C++ code
[1.043s] -- Configured cppcheck include dirs: /home/pengchang/ws/src/vision/include
[1.043s] -- Configured cppcheck exclude dirs and/or files: 
[1.043s] -- Added test 'cpplint' to check C / C++ code against the Google style
[1.043s] -- Configured cpplint exclude dirs and/or files: 
[1.043s] -- Added test 'flake8' to check Python code syntax and style conventions
[1.044s] -- Added test 'lint_cmake' to check CMake code style
[1.044s] -- Added test 'pep257' to check Python code against some of the style conventions in PEP 257
[1.044s] -- Added test 'xmllint' to check XML markup files
[1.049s] -- Configuring done
[1.072s] -- Generating done
[1.073s] -- Build files have been written to: /home/pengchang/ws/build/vision
[1.113s] [35m[1mScanning dependencies of target vision[0m
[1.125s] [ 25%] Built target detector_node
[1.132s] [ 50%] Built target camera_node
[1.147s] [ 62%] [32mBuilding CXX object CMakeFiles/vision.dir/src/detector_node.cpp.o[0m
[1.149s] [ 75%] [32mBuilding CXX object CMakeFiles/vision.dir/src/camera_node.cpp.o[0m
[1.149s] [ 87%] [32mBuilding CXX object CMakeFiles/vision.dir/src/process_node.cpp.o[0m
[3.632s] [100%] [32m[1mLinking CXX shared library libvision.so[0m
[4.419s] [100%] Built target vision
[4.431s] Invoked command in '/home/pengchang/ws/build/vision' returned '0': CMAKE_PREFIX_PATH=/home/pengchang/ws/install/interfaces:/home/pengchang/ws/install/vision:/opt/ros/galactic LD_LIBRARY_PATH=/home/pengchang/ws/install/interfaces/lib:/home/pengchang/ws/install/vision/lib:/opt/ros/galactic/opt/yaml_cpp_vendor/lib:/opt/ros/galactic/opt/rviz_ogre_vendor/lib:/opt/ros/galactic/lib/x86_64-linux-gnu:/opt/ros/galactic/lib /usr/bin/cmake --build /home/pengchang/ws/build/vision -- -j8 -l8
[4.503s] Invoking command in '/home/pengchang/ws/build/vision': CMAKE_PREFIX_PATH=/home/pengchang/ws/install/interfaces:/home/pengchang/ws/install/vision:/opt/ros/galactic LD_LIBRARY_PATH=/home/pengchang/ws/install/interfaces/lib:/home/pengchang/ws/install/vision/lib:/opt/ros/galactic/opt/yaml_cpp_vendor/lib:/opt/ros/galactic/opt/rviz_ogre_vendor/lib:/opt/ros/galactic/lib/x86_64-linux-gnu:/opt/ros/galactic/lib /usr/bin/cmake --install /home/pengchang/ws/build/vision
[4.515s] -- Install configuration: ""
[4.516s] -- Execute custom install script
[4.516s] -- Up-to-date symlink: /home/pengchang/ws/install/vision/lib/vision/camera_node
[4.516s] -- Up-to-date symlink: /home/pengchang/ws/install/vision/lib/vision/detector_node
[4.517s] -- Up-to-date symlink: /home/pengchang/ws/install/vision/share/vision/environment/library_path.sh
[4.517s] -- Up-to-date symlink: /home/pengchang/ws/install/vision/share/vision/environment/library_path.dsv
[4.517s] -- Up-to-date symlink: /home/pengchang/ws/install/vision/lib/libvision.so
[4.518s] -- Up-to-date symlink: /home/pengchang/ws/install/vision/share/vision/config/camera_info.yaml
[4.518s] -- Up-to-date symlink: /home/pengchang/ws/install/vision/share/vision/config/camera_params.yaml
[4.518s] -- Up-to-date symlink: /home/pengchang/ws/install/vision/share/vision/config/default.yaml
[4.518s] -- Up-to-date symlink: /home/pengchang/ws/install/vision/share/vision/launch/launch.py
[4.518s] -- Up-to-date symlink: /home/pengchang/ws/install/vision/share/ament_index/resource_index/package_run_dependencies/vision
[4.518s] -- Up-to-date symlink: /home/pengchang/ws/install/vision/share/ament_index/resource_index/parent_prefix_path/vision
[4.519s] -- Up-to-date symlink: /home/pengchang/ws/install/vision/share/vision/environment/ament_prefix_path.sh
[4.519s] -- Up-to-date symlink: /home/pengchang/ws/install/vision/share/vision/environment/ament_prefix_path.dsv
[4.519s] -- Up-to-date symlink: /home/pengchang/ws/install/vision/share/vision/environment/path.sh
[4.519s] -- Up-to-date symlink: /home/pengchang/ws/install/vision/share/vision/environment/path.dsv
[4.519s] -- Up-to-date symlink: /home/pengchang/ws/install/vision/share/vision/local_setup.bash
[4.519s] -- Up-to-date symlink: /home/pengchang/ws/install/vision/share/vision/local_setup.sh
[4.520s] -- Up-to-date symlink: /home/pengchang/ws/install/vision/share/vision/local_setup.zsh
[4.520s] -- Up-to-date symlink: /home/pengchang/ws/install/vision/share/vision/local_setup.dsv
[4.520s] -- Symlinking: /home/pengchang/ws/install/vision/share/vision/package.dsv
[4.536s] -- Up-to-date symlink: /home/pengchang/ws/install/vision/share/ament_index/resource_index/packages/vision
[4.536s] -- Up-to-date symlink: /home/pengchang/ws/install/vision/share/ament_index/resource_index/rclcpp_components/vision
[4.536s] -- Up-to-date symlink: /home/pengchang/ws/install/vision/share/vision/cmake/ament_cmake_export_dependencies-extras.cmake
[4.537s] -- Up-to-date symlink: /home/pengchang/ws/install/vision/share/vision/cmake/ament_cmake_export_include_directories-extras.cmake
[4.537s] -- Up-to-date symlink: /home/pengchang/ws/install/vision/share/vision/cmake/ament_cmake_export_libraries-extras.cmake
[4.537s] -- Up-to-date symlink: /home/pengchang/ws/install/vision/share/vision/cmake/visionConfig.cmake
[4.538s] -- Up-to-date symlink: /home/pengchang/ws/install/vision/share/vision/cmake/visionConfig-version.cmake
[4.538s] -- Up-to-date symlink: /home/pengchang/ws/install/vision/share/vision/package.xml
[4.542s] Invoked command in '/home/pengchang/ws/build/vision' returned '0': CMAKE_PREFIX_PATH=/home/pengchang/ws/install/interfaces:/home/pengchang/ws/install/vision:/opt/ros/galactic LD_LIBRARY_PATH=/home/pengchang/ws/install/interfaces/lib:/home/pengchang/ws/install/vision/lib:/opt/ros/galactic/opt/yaml_cpp_vendor/lib:/opt/ros/galactic/opt/rviz_ogre_vendor/lib:/opt/ros/galactic/lib/x86_64-linux-gnu:/opt/ros/galactic/lib /usr/bin/cmake --install /home/pengchang/ws/build/vision
