[0.023s] Invoking command in '/home/pengchang/ws/build/vision': CMAKE_PREFIX_PATH=/home/pengchang/ws/install/interfaces:/home/pengchang/ws/install/vision:/home/pengchang/ws/install/rm_description:/home/pengchang/ws/install/description:/opt/ros/galactic LD_LIBRARY_PATH=/home/pengchang/ws/install/interfaces/lib:/home/pengchang/ws/install/vision/lib:/opt/ros/galactic/opt/yaml_cpp_vendor/lib:/opt/ros/galactic/opt/rviz_ogre_vendor/lib:/opt/ros/galactic/lib/x86_64-linux-gnu:/opt/ros/galactic/lib /usr/bin/cmake /home/pengchang/ws/src/vision -DCMAKE_INSTALL_PREFIX=/home/pengchang/ws/install/vision
[0.037s] -- Found ament_cmake_auto: 1.1.5 (/opt/ros/galactic/share/ament_cmake_auto/cmake)
[0.062s] -- Using PYTHON_EXECUTABLE: /usr/bin/python3
[0.124s] -- Override CMake install command with custom implementation using symlinks instead of copying resources
[0.194s] -- Using all available rosidl_typesupport_c: rosidl_typesupport_fastrtps_c;rosidl_typesupport_introspection_c
[0.201s] -- Found rosidl_adapter: 2.2.2 (/opt/ros/galactic/share/rosidl_adapter/cmake)
[0.344s] -- Using all available rosidl_typesupport_cpp: rosidl_typesupport_fastrtps_cpp;rosidl_typesupport_introspection_cpp
[0.407s] -- Found rmw_implementation_cmake: 3.3.1 (/opt/ros/galactic/share/rmw_implementation_cmake/cmake)
[0.408s] -- Found rmw_cyclonedds_cpp: 0.22.5 (/opt/ros/galactic/share/rmw_cyclonedds_cpp/cmake)
[0.424s] -- Using RMW implementation 'rmw_cyclonedds_cpp' as default
[0.925s] -- Found eigen3_cmake_module: 0.1.1 (/opt/ros/galactic/share/eigen3_cmake_module/cmake)
[1.263s] -- Found ament_lint_auto: 0.10.7 (/opt/ros/galactic/share/ament_lint_auto/cmake)
[1.276s] -- Found ament_cmake_gtest: 1.1.5 (/opt/ros/galactic/share/ament_cmake_gtest/cmake)
[1.283s] -- Added test 'cppcheck' to perform static code analysis on C / C++ code
[1.284s] -- Configured cppcheck include dirs: /home/pengchang/ws/src/vision/include
[1.284s] -- Configured cppcheck exclude dirs and/or files: 
[1.284s] -- Added test 'cpplint' to check C / C++ code against the Google style
[1.284s] -- Configured cpplint exclude dirs and/or files: 
[1.285s] -- Added test 'flake8' to check Python code syntax and style conventions
[1.285s] -- Added test 'lint_cmake' to check CMake code style
[1.285s] -- Added test 'pep257' to check Python code against some of the style conventions in PEP 257
[1.286s] -- Added test 'xmllint' to check XML markup files
[1.290s] -- Configuring done
[1.318s] -- Generating done
[1.320s] -- Build files have been written to: /home/pengchang/ws/build/vision
[1.328s] Invoked command in '/home/pengchang/ws/build/vision' returned '0': CMAKE_PREFIX_PATH=/home/pengchang/ws/install/interfaces:/home/pengchang/ws/install/vision:/home/pengchang/ws/install/rm_description:/home/pengchang/ws/install/description:/opt/ros/galactic LD_LIBRARY_PATH=/home/pengchang/ws/install/interfaces/lib:/home/pengchang/ws/install/vision/lib:/opt/ros/galactic/opt/yaml_cpp_vendor/lib:/opt/ros/galactic/opt/rviz_ogre_vendor/lib:/opt/ros/galactic/lib/x86_64-linux-gnu:/opt/ros/galactic/lib /usr/bin/cmake /home/pengchang/ws/src/vision -DCMAKE_INSTALL_PREFIX=/home/pengchang/ws/install/vision
[1.333s] Invoking command in '/home/pengchang/ws/build/vision': CMAKE_PREFIX_PATH=/home/pengchang/ws/install/interfaces:/home/pengchang/ws/install/vision:/home/pengchang/ws/install/rm_description:/home/pengchang/ws/install/description:/opt/ros/galactic LD_LIBRARY_PATH=/home/pengchang/ws/install/interfaces/lib:/home/pengchang/ws/install/vision/lib:/opt/ros/galactic/opt/yaml_cpp_vendor/lib:/opt/ros/galactic/opt/rviz_ogre_vendor/lib:/opt/ros/galactic/lib/x86_64-linux-gnu:/opt/ros/galactic/lib /usr/bin/cmake --build /home/pengchang/ws/build/vision -- -j8 -l8
[1.394s] [35m[1mScanning dependencies of target vision[0m
[1.395s] [ 20%] Built target processor_node
[1.401s] [ 40%] Built target camera_node
[1.410s] [ 60%] Built target detector_node
[1.450s] [ 70%] [32mBuilding CXX object CMakeFiles/vision.dir/src/processor_node.cpp.o[0m
[8.521s] [ 80%] [32m[1mLinking CXX shared library libvision.so[0m
[9.625s] [100%] Built target vision
[9.639s] Invoked command in '/home/pengchang/ws/build/vision' returned '0': CMAKE_PREFIX_PATH=/home/pengchang/ws/install/interfaces:/home/pengchang/ws/install/vision:/home/pengchang/ws/install/rm_description:/home/pengchang/ws/install/description:/opt/ros/galactic LD_LIBRARY_PATH=/home/pengchang/ws/install/interfaces/lib:/home/pengchang/ws/install/vision/lib:/opt/ros/galactic/opt/yaml_cpp_vendor/lib:/opt/ros/galactic/opt/rviz_ogre_vendor/lib:/opt/ros/galactic/lib/x86_64-linux-gnu:/opt/ros/galactic/lib /usr/bin/cmake --build /home/pengchang/ws/build/vision -- -j8 -l8
[9.694s] Invoking command in '/home/pengchang/ws/build/vision': CMAKE_PREFIX_PATH=/home/pengchang/ws/install/interfaces:/home/pengchang/ws/install/vision:/home/pengchang/ws/install/rm_description:/home/pengchang/ws/install/description:/opt/ros/galactic LD_LIBRARY_PATH=/home/pengchang/ws/install/interfaces/lib:/home/pengchang/ws/install/vision/lib:/opt/ros/galactic/opt/yaml_cpp_vendor/lib:/opt/ros/galactic/opt/rviz_ogre_vendor/lib:/opt/ros/galactic/lib/x86_64-linux-gnu:/opt/ros/galactic/lib /usr/bin/cmake --install /home/pengchang/ws/build/vision
[9.709s] -- Install configuration: ""
[9.709s] -- Execute custom install script
[9.710s] -- Up-to-date symlink: /home/pengchang/ws/install/vision/lib/vision/camera_node
[9.710s] -- Up-to-date symlink: /home/pengchang/ws/install/vision/lib/vision/detector_node
[9.710s] -- Up-to-date symlink: /home/pengchang/ws/install/vision/lib/vision/processor_node
[9.711s] -- Up-to-date symlink: /home/pengchang/ws/install/vision/share/vision/environment/library_path.sh
[9.711s] -- Up-to-date symlink: /home/pengchang/ws/install/vision/share/vision/environment/library_path.dsv
[9.711s] -- Up-to-date symlink: /home/pengchang/ws/install/vision/lib/libvision.so
[9.711s] -- Up-to-date symlink: /home/pengchang/ws/install/vision/share/vision/config/camera_info.yaml
[9.712s] -- Up-to-date symlink: /home/pengchang/ws/install/vision/share/vision/config/camera_params.yaml
[9.712s] -- Up-to-date symlink: /home/pengchang/ws/install/vision/share/vision/config/default.yaml
[9.712s] -- Up-to-date symlink: /home/pengchang/ws/install/vision/share/vision/launch/launch.py
[9.712s] -- Up-to-date symlink: /home/pengchang/ws/install/vision/share/ament_index/resource_index/package_run_dependencies/vision
[9.712s] -- Up-to-date symlink: /home/pengchang/ws/install/vision/share/ament_index/resource_index/parent_prefix_path/vision
[9.713s] -- Up-to-date symlink: /home/pengchang/ws/install/vision/share/vision/environment/ament_prefix_path.sh
[9.713s] -- Up-to-date symlink: /home/pengchang/ws/install/vision/share/vision/environment/ament_prefix_path.dsv
[9.713s] -- Up-to-date symlink: /home/pengchang/ws/install/vision/share/vision/environment/path.sh
[9.713s] -- Up-to-date symlink: /home/pengchang/ws/install/vision/share/vision/environment/path.dsv
[9.714s] -- Up-to-date symlink: /home/pengchang/ws/install/vision/share/vision/local_setup.bash
[9.714s] -- Up-to-date symlink: /home/pengchang/ws/install/vision/share/vision/local_setup.sh
[9.714s] -- Up-to-date symlink: /home/pengchang/ws/install/vision/share/vision/local_setup.zsh
[9.714s] -- Up-to-date symlink: /home/pengchang/ws/install/vision/share/vision/local_setup.dsv
[9.714s] -- Symlinking: /home/pengchang/ws/install/vision/share/vision/package.dsv
[9.730s] -- Up-to-date symlink: /home/pengchang/ws/install/vision/share/ament_index/resource_index/packages/vision
[9.730s] -- Up-to-date symlink: /home/pengchang/ws/install/vision/share/ament_index/resource_index/rclcpp_components/vision
[9.731s] -- Up-to-date symlink: /home/pengchang/ws/install/vision/share/vision/cmake/ament_cmake_export_dependencies-extras.cmake
[9.731s] -- Up-to-date symlink: /home/pengchang/ws/install/vision/share/vision/cmake/ament_cmake_export_include_directories-extras.cmake
[9.732s] -- Up-to-date symlink: /home/pengchang/ws/install/vision/share/vision/cmake/ament_cmake_export_libraries-extras.cmake
[9.732s] -- Up-to-date symlink: /home/pengchang/ws/install/vision/share/vision/cmake/visionConfig.cmake
[9.733s] -- Up-to-date symlink: /home/pengchang/ws/install/vision/share/vision/cmake/visionConfig-version.cmake
[9.733s] -- Up-to-date symlink: /home/pengchang/ws/install/vision/share/vision/package.xml
[9.737s] Invoked command in '/home/pengchang/ws/build/vision' returned '0': CMAKE_PREFIX_PATH=/home/pengchang/ws/install/interfaces:/home/pengchang/ws/install/vision:/home/pengchang/ws/install/rm_description:/home/pengchang/ws/install/description:/opt/ros/galactic LD_LIBRARY_PATH=/home/pengchang/ws/install/interfaces/lib:/home/pengchang/ws/install/vision/lib:/opt/ros/galactic/opt/yaml_cpp_vendor/lib:/opt/ros/galactic/opt/rviz_ogre_vendor/lib:/opt/ros/galactic/lib/x86_64-linux-gnu:/opt/ros/galactic/lib /usr/bin/cmake --install /home/pengchang/ws/build/vision
