[0.117s] DEBUG:colcon:Command line arguments: ['/usr/bin/colcon', 'build']
[0.117s] DEBUG:colcon:Parsed command line arguments: Namespace(allow_overriding=[], ament_cmake_args=None, base_paths=['.'], build_base='build', catkin_cmake_args=None, catkin_skip_building_tests=False, cmake_args=None, cmake_clean_cache=False, cmake_clean_first=False, cmake_force_configure=False, cmake_target=None, cmake_target_skip_unavailable=False, continue_on_error=False, event_handlers=None, executor='parallel', ignore_user_meta=False, install_base='install', log_base=None, log_level=None, main=<bound method BuildVerb.main of <colcon_core.verb.build.BuildVerb object at 0x7f026b8ac040>>, merge_install=False, metas=['./colcon.meta'], packages_above=None, packages_above_and_dependencies=None, packages_above_depth=None, packages_end=None, packages_ignore=None, packages_ignore_regex=None, packages_select=None, packages_select_build_failed=False, packages_select_by_dep=None, packages_select_regex=None, packages_select_test_failures=False, packages_skip=None, packages_skip_build_finished=False, packages_skip_by_dep=None, packages_skip_regex=None, packages_skip_test_passed=False, packages_skip_up_to=None, packages_start=None, packages_up_to=None, packages_up_to_regex=None, parallel_workers=8, paths=None, symlink_install=False, test_result_base=None, verb_extension=<colcon_core.verb.build.BuildVerb object at 0x7f026b8ac040>, verb_name='build', verb_parser=<colcon_defaults.argument_parser.defaults.DefaultArgumentsDecorator object at 0x7f026b8ac550>)
[0.134s] Level 1:colcon.colcon_core.package_discovery:discover_packages(colcon_meta) check parameters
[0.135s] Level 1:colcon.colcon_core.package_discovery:discover_packages(recursive) check parameters
[0.135s] Level 1:colcon.colcon_core.package_discovery:discover_packages(ignore) check parameters
[0.135s] Level 1:colcon.colcon_core.package_discovery:discover_packages(path) check parameters
[0.135s] Level 1:colcon.colcon_core.package_discovery:discover_packages(colcon_meta) discover
[0.135s] Level 1:colcon.colcon_core.package_discovery:discover_packages(recursive) discover
[0.135s] INFO:colcon.colcon_core.package_discovery:Crawling recursively for packages in '/home/pengchang/ws/src'
[0.135s] Level 1:colcon.colcon_core.package_identification:_identify(.) by extensions ['ignore', 'ignore_ament_install']
[0.135s] Level 1:colcon.colcon_core.package_identification:_identify(.) by extension 'ignore'
[0.135s] Level 1:colcon.colcon_core.package_identification:_identify(.) by extension 'ignore_ament_install'
[0.135s] Level 1:colcon.colcon_core.package_identification:_identify(.) by extensions ['colcon_pkg']
[0.135s] Level 1:colcon.colcon_core.package_identification:_identify(.) by extension 'colcon_pkg'
[0.135s] Level 1:colcon.colcon_core.package_identification:_identify(.) by extensions ['colcon_meta']
[0.135s] Level 1:colcon.colcon_core.package_identification:_identify(.) by extension 'colcon_meta'
[0.135s] Level 1:colcon.colcon_core.package_identification:_identify(.) by extensions ['ros']
[0.135s] Level 1:colcon.colcon_core.package_identification:_identify(.) by extension 'ros'
[0.154s] Level 1:colcon.colcon_core.package_identification:_identify(.) by extensions ['cmake', 'python']
[0.154s] Level 1:colcon.colcon_core.package_identification:_identify(.) by extension 'cmake'
[0.154s] Level 1:colcon.colcon_core.package_identification:_identify(.) by extension 'python'
[0.154s] Level 1:colcon.colcon_core.package_identification:_identify(.) by extensions ['python_setup_py']
[0.154s] Level 1:colcon.colcon_core.package_identification:_identify(.) by extension 'python_setup_py'
[0.154s] Level 1:colcon.colcon_core.package_identification:_identify(build) by extensions ['ignore', 'ignore_ament_install']
[0.155s] Level 1:colcon.colcon_core.package_identification:_identify(build) by extension 'ignore'
[0.155s] Level 1:colcon.colcon_core.package_identification:_identify(build) ignored
[0.155s] Level 1:colcon.colcon_core.package_identification:_identify(install) by extensions ['ignore', 'ignore_ament_install']
[0.155s] Level 1:colcon.colcon_core.package_identification:_identify(install) by extension 'ignore'
[0.155s] Level 1:colcon.colcon_core.package_identification:_identify(install) ignored
[0.155s] Level 1:colcon.colcon_core.package_identification:_identify(log) by extensions ['ignore', 'ignore_ament_install']
[0.155s] Level 1:colcon.colcon_core.package_identification:_identify(log) by extension 'ignore'
[0.155s] Level 1:colcon.colcon_core.package_identification:_identify(log) ignored
[0.155s] Level 1:colcon.colcon_core.package_identification:_identify(vision) by extensions ['ignore', 'ignore_ament_install']
[0.155s] Level 1:colcon.colcon_core.package_identification:_identify(vision) by extension 'ignore'
[0.155s] Level 1:colcon.colcon_core.package_identification:_identify(vision) by extension 'ignore_ament_install'
[0.155s] Level 1:colcon.colcon_core.package_identification:_identify(vision) by extensions ['colcon_pkg']
[0.155s] Level 1:colcon.colcon_core.package_identification:_identify(vision) by extension 'colcon_pkg'
[0.155s] Level 1:colcon.colcon_core.package_identification:_identify(vision) by extensions ['colcon_meta']
[0.155s] Level 1:colcon.colcon_core.package_identification:_identify(vision) by extension 'colcon_meta'
[0.155s] Level 1:colcon.colcon_core.package_identification:_identify(vision) by extensions ['ros']
[0.155s] Level 1:colcon.colcon_core.package_identification:_identify(vision) by extension 'ros'
[0.158s] DEBUG:colcon.colcon_core.package_identification:Package 'vision' with type 'ros.ament_cmake' and name 'vision'
[0.158s] Level 1:colcon.colcon_core.package_discovery:discover_packages(recursive) using defaults
[0.158s] Level 1:colcon.colcon_core.package_discovery:discover_packages(ignore) discover
[0.158s] Level 1:colcon.colcon_core.package_discovery:discover_packages(ignore) using defaults
[0.158s] Level 1:colcon.colcon_core.package_discovery:discover_packages(path) discover
[0.158s] Level 1:colcon.colcon_core.package_discovery:discover_packages(path) using defaults
[0.173s] Level 1:colcon.colcon_core.package_discovery:discover_packages(prefix_path) check parameters
[0.173s] Level 1:colcon.colcon_core.package_discovery:discover_packages(prefix_path) discover
[0.175s] DEBUG:colcon.colcon_installed_package_information.package_discovery:Found 270 installed packages in /opt/ros/galactic
[0.176s] Level 1:colcon.colcon_core.package_discovery:discover_packages(prefix_path) using defaults
[0.230s] Level 5:colcon.colcon_core.verb:set package 'vision' build argument 'cmake_args' from command line to 'None'
[0.230s] Level 5:colcon.colcon_core.verb:set package 'vision' build argument 'cmake_target' from command line to 'None'
[0.230s] Level 5:colcon.colcon_core.verb:set package 'vision' build argument 'cmake_target_skip_unavailable' from command line to 'False'
[0.230s] Level 5:colcon.colcon_core.verb:set package 'vision' build argument 'cmake_clean_cache' from command line to 'False'
[0.230s] Level 5:colcon.colcon_core.verb:set package 'vision' build argument 'cmake_clean_first' from command line to 'False'
[0.230s] Level 5:colcon.colcon_core.verb:set package 'vision' build argument 'cmake_force_configure' from command line to 'False'
[0.230s] Level 5:colcon.colcon_core.verb:set package 'vision' build argument 'ament_cmake_args' from command line to 'None'
[0.230s] Level 5:colcon.colcon_core.verb:set package 'vision' build argument 'catkin_cmake_args' from command line to 'None'
[0.230s] Level 5:colcon.colcon_core.verb:set package 'vision' build argument 'catkin_skip_building_tests' from command line to 'False'
[0.230s] DEBUG:colcon.colcon_core.verb:Building package 'vision' with the following arguments: {'ament_cmake_args': None, 'build_base': '/home/pengchang/ws/src/build/vision', 'catkin_cmake_args': None, 'catkin_skip_building_tests': False, 'cmake_args': None, 'cmake_clean_cache': False, 'cmake_clean_first': False, 'cmake_force_configure': False, 'cmake_target': None, 'cmake_target_skip_unavailable': False, 'install_base': '/home/pengchang/ws/src/install/vision', 'merge_install': False, 'path': '/home/pengchang/ws/src/vision', 'symlink_install': False, 'test_result_base': None}
[0.231s] INFO:colcon.colcon_core.executor:Executing jobs using 'parallel' executor
[0.234s] DEBUG:colcon.colcon_parallel_executor.executor.parallel:run_until_complete
[0.235s] INFO:colcon.colcon_ros.task.ament_cmake.build:Building ROS package in '/home/pengchang/ws/src/vision' with build type 'ament_cmake'
[0.235s] INFO:colcon.colcon_cmake.task.cmake.build:Building CMake package in '/home/pengchang/ws/src/vision'
[0.239s] INFO:colcon.colcon_core.plugin_system:Skipping extension 'colcon_core.shell.bat': Not used on non-Windows systems
[0.239s] INFO:colcon.colcon_core.shell:Skip shell extension 'powershell' for command environment: Not usable outside of PowerShell
[0.239s] DEBUG:colcon.colcon_core.shell:Skip shell extension 'dsv' for command environment
[0.252s] DEBUG:colcon.colcon_core.event_handler.log_command:Invoking command in '/home/pengchang/ws/src/build/vision': CMAKE_PREFIX_PATH=/opt/ros/galactic /usr/bin/cmake /home/pengchang/ws/src/vision -DCMAKE_INSTALL_PREFIX=/home/pengchang/ws/src/install/vision
[2.208s] DEBUG:colcon.colcon_core.event_handler.log_command:Invoked command in '/home/pengchang/ws/src/build/vision' returned '0': CMAKE_PREFIX_PATH=/opt/ros/galactic /usr/bin/cmake /home/pengchang/ws/src/vision -DCMAKE_INSTALL_PREFIX=/home/pengchang/ws/src/install/vision
[2.214s] DEBUG:colcon.colcon_core.event_handler.log_command:Invoking command in '/home/pengchang/ws/src/build/vision': CMAKE_PREFIX_PATH=/opt/ros/galactic /usr/bin/cmake --build /home/pengchang/ws/src/build/vision -- -j8 -l8
[12.668s] DEBUG:colcon.colcon_core.event_handler.log_command:Invoked command in '/home/pengchang/ws/src/build/vision' returned '0': CMAKE_PREFIX_PATH=/opt/ros/galactic /usr/bin/cmake --build /home/pengchang/ws/src/build/vision -- -j8 -l8
[12.731s] DEBUG:colcon.colcon_core.event_handler.log_command:Invoking command in '/home/pengchang/ws/src/build/vision': CMAKE_PREFIX_PATH=/opt/ros/galactic /usr/bin/cmake --install /home/pengchang/ws/src/build/vision
[12.763s] Level 1:colcon.colcon_core.environment:create_environment_scripts_only(vision)
[12.764s] DEBUG:colcon.colcon_core.event_handler.log_command:Invoked command in '/home/pengchang/ws/src/build/vision' returned '0': CMAKE_PREFIX_PATH=/opt/ros/galactic /usr/bin/cmake --install /home/pengchang/ws/src/build/vision
[12.773s] Level 1:colcon.colcon_core.environment:checking '/home/pengchang/ws/src/install/vision' for CMake module files
[12.773s] Level 1:colcon.colcon_core.environment:checking '/home/pengchang/ws/src/install/vision' for CMake config files
[12.773s] Level 1:colcon.colcon_core.shell:create_environment_hook('vision', 'cmake_prefix_path')
[12.775s] INFO:colcon.colcon_core.shell:Creating environment hook '/home/pengchang/ws/src/install/vision/share/vision/hook/cmake_prefix_path.ps1'
[12.775s] INFO:colcon.colcon_core.shell:Creating environment descriptor '/home/pengchang/ws/src/install/vision/share/vision/hook/cmake_prefix_path.dsv'
[12.775s] INFO:colcon.colcon_core.shell:Creating environment hook '/home/pengchang/ws/src/install/vision/share/vision/hook/cmake_prefix_path.sh'
[12.776s] Level 1:colcon.colcon_core.environment:checking '/home/pengchang/ws/src/install/vision/lib'
[12.776s] Level 1:colcon.colcon_core.shell:create_environment_hook('vision', 'ld_library_path_lib')
[12.777s] INFO:colcon.colcon_core.shell:Creating environment hook '/home/pengchang/ws/src/install/vision/share/vision/hook/ld_library_path_lib.ps1'
[12.777s] INFO:colcon.colcon_core.shell:Creating environment descriptor '/home/pengchang/ws/src/install/vision/share/vision/hook/ld_library_path_lib.dsv'
[12.778s] INFO:colcon.colcon_core.shell:Creating environment hook '/home/pengchang/ws/src/install/vision/share/vision/hook/ld_library_path_lib.sh'
[12.778s] Level 1:colcon.colcon_core.environment:checking '/home/pengchang/ws/src/install/vision/bin'
[12.778s] Level 1:colcon.colcon_core.environment:checking '/home/pengchang/ws/src/install/vision/lib/pkgconfig/vision.pc'
[12.778s] Level 1:colcon.colcon_core.environment:checking '/home/pengchang/ws/src/install/vision/lib/python3.8/site-packages'
[12.778s] Level 1:colcon.colcon_core.environment:checking '/home/pengchang/ws/src/install/vision/bin'
[12.779s] INFO:colcon.colcon_core.shell:Creating package script '/home/pengchang/ws/src/install/vision/share/vision/package.ps1'
[12.780s] INFO:colcon.colcon_core.shell:Creating package descriptor '/home/pengchang/ws/src/install/vision/share/vision/package.dsv'
[12.780s] INFO:colcon.colcon_core.shell:Creating package script '/home/pengchang/ws/src/install/vision/share/vision/package.sh'
[12.781s] INFO:colcon.colcon_core.shell:Creating package script '/home/pengchang/ws/src/install/vision/share/vision/package.bash'
[12.781s] INFO:colcon.colcon_core.shell:Creating package script '/home/pengchang/ws/src/install/vision/share/vision/package.zsh'
[12.781s] Level 1:colcon.colcon_core.environment:create_file_with_runtime_dependencies(/home/pengchang/ws/src/install/vision/share/colcon-core/packages/vision)
[12.828s] Level 1:colcon.colcon_core.environment:create_environment_scripts_only(vision)
[12.831s] Level 1:colcon.colcon_core.environment:checking '/home/pengchang/ws/src/install/vision' for CMake module files
[12.832s] Level 1:colcon.colcon_core.environment:checking '/home/pengchang/ws/src/install/vision' for CMake config files
[12.833s] Level 1:colcon.colcon_core.shell:create_environment_hook('vision', 'cmake_prefix_path')
[12.835s] INFO:colcon.colcon_core.shell:Creating environment hook '/home/pengchang/ws/src/install/vision/share/vision/hook/cmake_prefix_path.ps1'
[12.836s] INFO:colcon.colcon_core.shell:Creating environment descriptor '/home/pengchang/ws/src/install/vision/share/vision/hook/cmake_prefix_path.dsv'
[12.836s] INFO:colcon.colcon_core.shell:Creating environment hook '/home/pengchang/ws/src/install/vision/share/vision/hook/cmake_prefix_path.sh'
[12.837s] Level 1:colcon.colcon_core.environment:checking '/home/pengchang/ws/src/install/vision/lib'
[12.838s] Level 1:colcon.colcon_core.shell:create_environment_hook('vision', 'ld_library_path_lib')
[12.840s] INFO:colcon.colcon_core.shell:Creating environment hook '/home/pengchang/ws/src/install/vision/share/vision/hook/ld_library_path_lib.ps1'
[12.840s] INFO:colcon.colcon_core.shell:Creating environment descriptor '/home/pengchang/ws/src/install/vision/share/vision/hook/ld_library_path_lib.dsv'
[12.841s] INFO:colcon.colcon_core.shell:Creating environment hook '/home/pengchang/ws/src/install/vision/share/vision/hook/ld_library_path_lib.sh'
[12.841s] Level 1:colcon.colcon_core.environment:checking '/home/pengchang/ws/src/install/vision/bin'
[12.841s] Level 1:colcon.colcon_core.environment:checking '/home/pengchang/ws/src/install/vision/lib/pkgconfig/vision.pc'
[12.841s] Level 1:colcon.colcon_core.environment:checking '/home/pengchang/ws/src/install/vision/lib/python3.8/site-packages'
[12.841s] Level 1:colcon.colcon_core.environment:checking '/home/pengchang/ws/src/install/vision/bin'
[12.842s] INFO:colcon.colcon_core.shell:Creating package script '/home/pengchang/ws/src/install/vision/share/vision/package.ps1'
[12.843s] INFO:colcon.colcon_core.shell:Creating package descriptor '/home/pengchang/ws/src/install/vision/share/vision/package.dsv'
[12.843s] INFO:colcon.colcon_core.shell:Creating package script '/home/pengchang/ws/src/install/vision/share/vision/package.sh'
[12.843s] INFO:colcon.colcon_core.shell:Creating package script '/home/pengchang/ws/src/install/vision/share/vision/package.bash'
[12.844s] INFO:colcon.colcon_core.shell:Creating package script '/home/pengchang/ws/src/install/vision/share/vision/package.zsh'
[12.844s] Level 1:colcon.colcon_core.environment:create_file_with_runtime_dependencies(/home/pengchang/ws/src/install/vision/share/colcon-core/packages/vision)
[12.844s] DEBUG:colcon.colcon_parallel_executor.executor.parallel:closing loop
[12.844s] DEBUG:colcon.colcon_parallel_executor.executor.parallel:loop closed
[12.844s] DEBUG:colcon.colcon_parallel_executor.executor.parallel:run_until_complete finished with '0'
[12.844s] DEBUG:colcon.colcon_core.event_reactor:joining thread
[12.855s] INFO:colcon.colcon_core.plugin_system:Skipping extension 'colcon_notification.desktop_notification.terminal_notifier': Not used on non-Darwin systems
[12.855s] INFO:colcon.colcon_core.plugin_system:Skipping extension 'colcon_notification.desktop_notification.win32': Not used on non-Windows systems
[12.855s] INFO:colcon.colcon_notification.desktop_notification:Sending desktop notification using 'notify2'
[12.881s] DEBUG:colcon.colcon_core.event_reactor:joined thread
[12.884s] INFO:colcon.colcon_core.shell:Creating prefix script '/home/pengchang/ws/src/install/local_setup.ps1'
[12.886s] INFO:colcon.colcon_core.shell:Creating prefix util module '/home/pengchang/ws/src/install/_local_setup_util_ps1.py'
[12.889s] INFO:colcon.colcon_core.shell:Creating prefix chain script '/home/pengchang/ws/src/install/setup.ps1'
[12.891s] INFO:colcon.colcon_core.shell:Creating prefix script '/home/pengchang/ws/src/install/local_setup.sh'
[12.891s] INFO:colcon.colcon_core.shell:Creating prefix util module '/home/pengchang/ws/src/install/_local_setup_util_sh.py'
[12.892s] INFO:colcon.colcon_core.shell:Creating prefix chain script '/home/pengchang/ws/src/install/setup.sh'
[12.893s] INFO:colcon.colcon_core.shell:Creating prefix script '/home/pengchang/ws/src/install/local_setup.bash'
[12.893s] INFO:colcon.colcon_core.shell:Creating prefix chain script '/home/pengchang/ws/src/install/setup.bash'
[12.894s] INFO:colcon.colcon_core.shell:Creating prefix script '/home/pengchang/ws/src/install/local_setup.zsh'
[12.894s] INFO:colcon.colcon_core.shell:Creating prefix chain script '/home/pengchang/ws/src/install/setup.zsh'
