[0.022s] Invoking command in '/home/pengchang/ws/build/bringup': CMAKE_PREFIX_PATH=/home/pengchang/ws/install/vision:/home/pengchang/ws/install/interfaces:/home/pengchang/ws/install/description:/home/pengchang/ws/install/bringup:/home/pengchang/ws/install/rm_description:/opt/ros/galactic /usr/bin/cmake --build /home/pengchang/ws/build/bringup -- -j8 -l8
[0.071s] Invoked command in '/home/pengchang/ws/build/bringup' returned '0': CMAKE_PREFIX_PATH=/home/pengchang/ws/install/vision:/home/pengchang/ws/install/interfaces:/home/pengchang/ws/install/description:/home/pengchang/ws/install/bringup:/home/pengchang/ws/install/rm_description:/opt/ros/galactic /usr/bin/cmake --build /home/pengchang/ws/build/bringup -- -j8 -l8
[0.100s] Invoking command in '/home/pengchang/ws/build/bringup': CMAKE_PREFIX_PATH=/home/pengchang/ws/install/vision:/home/pengchang/ws/install/interfaces:/home/pengchang/ws/install/description:/home/pengchang/ws/install/bringup:/home/pengchang/ws/install/rm_description:/opt/ros/galactic /usr/bin/cmake --install /home/pengchang/ws/build/bringup
[0.110s] -- Install configuration: ""
[0.110s] -- Execute custom install script
[0.111s] -- Up-to-date symlink: /home/pengchang/ws/install/bringup/share/bringup/launch/launch.py
[0.111s] -- Up-to-date symlink: /home/pengchang/ws/install/bringup/share/bringup/config/camera_info.yaml
[0.111s] -- Up-to-date symlink: /home/pengchang/ws/install/bringup/share/bringup/config/params.yaml
[0.111s] -- Up-to-date symlink: /home/pengchang/ws/install/bringup/share/ament_index/resource_index/package_run_dependencies/bringup
[0.112s] -- Up-to-date symlink: /home/pengchang/ws/install/bringup/share/ament_index/resource_index/parent_prefix_path/bringup
[0.112s] -- Up-to-date symlink: /home/pengchang/ws/install/bringup/share/bringup/environment/ament_prefix_path.sh
[0.112s] -- Up-to-date symlink: /home/pengchang/ws/install/bringup/share/bringup/environment/ament_prefix_path.dsv
[0.112s] -- Up-to-date symlink: /home/pengchang/ws/install/bringup/share/bringup/environment/path.sh
[0.112s] -- Up-to-date symlink: /home/pengchang/ws/install/bringup/share/bringup/environment/path.dsv
[0.112s] -- Up-to-date symlink: /home/pengchang/ws/install/bringup/share/bringup/local_setup.bash
[0.113s] -- Up-to-date symlink: /home/pengchang/ws/install/bringup/share/bringup/local_setup.sh
[0.113s] -- Up-to-date symlink: /home/pengchang/ws/install/bringup/share/bringup/local_setup.zsh
[0.113s] -- Up-to-date symlink: /home/pengchang/ws/install/bringup/share/bringup/local_setup.dsv
[0.113s] -- Symlinking: /home/pengchang/ws/install/bringup/share/bringup/package.dsv
[0.129s] -- Up-to-date symlink: /home/pengchang/ws/install/bringup/share/ament_index/resource_index/packages/bringup
[0.129s] -- Up-to-date symlink: /home/pengchang/ws/install/bringup/share/bringup/cmake/ament_cmake_export_include_directories-extras.cmake
[0.129s] -- Up-to-date symlink: /home/pengchang/ws/install/bringup/share/bringup/cmake/bringupConfig.cmake
[0.129s] -- Up-to-date symlink: /home/pengchang/ws/install/bringup/share/bringup/cmake/bringupConfig-version.cmake
[0.129s] -- Up-to-date symlink: /home/pengchang/ws/install/bringup/share/bringup/package.xml
[0.131s] Invoked command in '/home/pengchang/ws/build/bringup' returned '0': CMAKE_PREFIX_PATH=/home/pengchang/ws/install/vision:/home/pengchang/ws/install/interfaces:/home/pengchang/ws/install/description:/home/pengchang/ws/install/bringup:/home/pengchang/ws/install/rm_description:/opt/ros/galactic /usr/bin/cmake --install /home/pengchang/ws/build/bringup
