[0.050s] Invoking command in '/home/pengchang/ws/build/vision': CMAKE_PREFIX_PATH=/home/pengchang/ws/install/interfaces:/home/pengchang/ws/install/vision:/opt/ros/galactic LD_LIBRARY_PATH=/home/pengchang/ws/install/interfaces/lib:/home/pengchang/ws/install/vision/lib:/opt/ros/galactic/opt/yaml_cpp_vendor/lib:/opt/ros/galactic/opt/rviz_ogre_vendor/lib:/opt/ros/galactic/lib/x86_64-linux-gnu:/opt/ros/galactic/lib /usr/bin/cmake --build /home/pengchang/ws/build/vision -- -j8 -l8
[0.104s] [35m[1mScanning dependencies of target vision[0m
[0.116s] [ 20%] Built target camera_node
[0.116s] [ 40%] Built target detector_node
[0.124s] [ 60%] Built target processor_node
[0.171s] [ 70%] [32mBuilding CXX object CMakeFiles/vision.dir/src/processor_node.cpp.o[0m
[7.608s] [ 80%] [32m[1mLinking CXX shared library libvision.so[0m
[8.662s] [100%] Built target vision
[8.681s] Invoked command in '/home/pengchang/ws/build/vision' returned '0': CMAKE_PREFIX_PATH=/home/pengchang/ws/install/interfaces:/home/pengchang/ws/install/vision:/opt/ros/galactic LD_LIBRARY_PATH=/home/pengchang/ws/install/interfaces/lib:/home/pengchang/ws/install/vision/lib:/opt/ros/galactic/opt/yaml_cpp_vendor/lib:/opt/ros/galactic/opt/rviz_ogre_vendor/lib:/opt/ros/galactic/lib/x86_64-linux-gnu:/opt/ros/galactic/lib /usr/bin/cmake --build /home/pengchang/ws/build/vision -- -j8 -l8
[8.742s] Invoking command in '/home/pengchang/ws/build/vision': CMAKE_PREFIX_PATH=/home/pengchang/ws/install/interfaces:/home/pengchang/ws/install/vision:/opt/ros/galactic LD_LIBRARY_PATH=/home/pengchang/ws/install/interfaces/lib:/home/pengchang/ws/install/vision/lib:/opt/ros/galactic/opt/yaml_cpp_vendor/lib:/opt/ros/galactic/opt/rviz_ogre_vendor/lib:/opt/ros/galactic/lib/x86_64-linux-gnu:/opt/ros/galactic/lib /usr/bin/cmake --install /home/pengchang/ws/build/vision
[8.754s] -- Install configuration: ""
[8.754s] -- Execute custom install script
[8.754s] -- Up-to-date symlink: /home/pengchang/ws/install/vision/lib/vision/camera_node
[8.755s] -- Up-to-date symlink: /home/pengchang/ws/install/vision/lib/vision/detector_node
[8.755s] -- Up-to-date symlink: /home/pengchang/ws/install/vision/lib/vision/processor_node
[8.757s] -- Up-to-date symlink: /home/pengchang/ws/install/vision/share/vision/environment/library_path.sh
[8.757s] -- Up-to-date symlink: /home/pengchang/ws/install/vision/share/vision/environment/library_path.dsv
[8.757s] -- Up-to-date symlink: /home/pengchang/ws/install/vision/lib/libvision.so
[8.758s] -- Up-to-date symlink: /home/pengchang/ws/install/vision/share/vision/config/camera_info.yaml
[8.758s] -- Up-to-date symlink: /home/pengchang/ws/install/vision/share/vision/config/camera_params.yaml
[8.758s] -- Up-to-date symlink: /home/pengchang/ws/install/vision/share/vision/config/default.yaml
[8.758s] -- Up-to-date symlink: /home/pengchang/ws/install/vision/share/vision/launch/launch.py
[8.759s] -- Up-to-date symlink: /home/pengchang/ws/install/vision/share/ament_index/resource_index/package_run_dependencies/vision
[8.759s] -- Up-to-date symlink: /home/pengchang/ws/install/vision/share/ament_index/resource_index/parent_prefix_path/vision
[8.759s] -- Up-to-date symlink: /home/pengchang/ws/install/vision/share/vision/environment/ament_prefix_path.sh
[8.759s] -- Up-to-date symlink: /home/pengchang/ws/install/vision/share/vision/environment/ament_prefix_path.dsv
[8.759s] -- Up-to-date symlink: /home/pengchang/ws/install/vision/share/vision/environment/path.sh
[8.759s] -- Up-to-date symlink: /home/pengchang/ws/install/vision/share/vision/environment/path.dsv
[8.759s] -- Up-to-date symlink: /home/pengchang/ws/install/vision/share/vision/local_setup.bash
[8.759s] -- Up-to-date symlink: /home/pengchang/ws/install/vision/share/vision/local_setup.sh
[8.760s] -- Up-to-date symlink: /home/pengchang/ws/install/vision/share/vision/local_setup.zsh
[8.760s] -- Up-to-date symlink: /home/pengchang/ws/install/vision/share/vision/local_setup.dsv
[8.760s] -- Symlinking: /home/pengchang/ws/install/vision/share/vision/package.dsv
[8.773s] -- Up-to-date symlink: /home/pengchang/ws/install/vision/share/ament_index/resource_index/packages/vision
[8.773s] -- Up-to-date symlink: /home/pengchang/ws/install/vision/share/ament_index/resource_index/rclcpp_components/vision
[8.773s] -- Up-to-date symlink: /home/pengchang/ws/install/vision/share/vision/cmake/ament_cmake_export_dependencies-extras.cmake
[8.774s] -- Up-to-date symlink: /home/pengchang/ws/install/vision/share/vision/cmake/ament_cmake_export_include_directories-extras.cmake
[8.774s] -- Up-to-date symlink: /home/pengchang/ws/install/vision/share/vision/cmake/ament_cmake_export_libraries-extras.cmake
[8.774s] -- Up-to-date symlink: /home/pengchang/ws/install/vision/share/vision/cmake/visionConfig.cmake
[8.774s] -- Up-to-date symlink: /home/pengchang/ws/install/vision/share/vision/cmake/visionConfig-version.cmake
[8.774s] -- Up-to-date symlink: /home/pengchang/ws/install/vision/share/vision/package.xml
[8.778s] Invoked command in '/home/pengchang/ws/build/vision' returned '0': CMAKE_PREFIX_PATH=/home/pengchang/ws/install/interfaces:/home/pengchang/ws/install/vision:/opt/ros/galactic LD_LIBRARY_PATH=/home/pengchang/ws/install/interfaces/lib:/home/pengchang/ws/install/vision/lib:/opt/ros/galactic/opt/yaml_cpp_vendor/lib:/opt/ros/galactic/opt/rviz_ogre_vendor/lib:/opt/ros/galactic/lib/x86_64-linux-gnu:/opt/ros/galactic/lib /usr/bin/cmake --install /home/pengchang/ws/build/vision
