[0.038s] Invoking command in '/home/pengchang/ws/build/vision': CMAKE_PREFIX_PATH=/home/pengchang/ws/install/interfaces:/home/pengchang/ws/install/vision:/opt/ros/galactic LD_LIBRARY_PATH=/home/pengchang/ws/install/interfaces/lib:/home/pengchang/ws/install/vision/lib:/opt/ros/galactic/opt/yaml_cpp_vendor/lib:/opt/ros/galactic/opt/rviz_ogre_vendor/lib:/opt/ros/galactic/lib/x86_64-linux-gnu:/opt/ros/galactic/lib /usr/bin/cmake --build /home/pengchang/ws/build/vision -- -j8 -l8
[0.094s] -- Found ament_cmake_auto: 1.1.5 (/opt/ros/galactic/share/ament_cmake_auto/cmake)
[0.123s] -- Using PYTHON_EXECUTABLE: /usr/bin/python3
[0.179s] -- Override CMake install command with custom implementation using symlinks instead of copying resources
[0.255s] -- Using all available rosidl_typesupport_c: rosidl_typesupport_fastrtps_c;rosidl_typesupport_introspection_c
[0.260s] -- Found rosidl_adapter: 2.2.2 (/opt/ros/galactic/share/rosidl_adapter/cmake)
[0.410s] -- Using all available rosidl_typesupport_cpp: rosidl_typesupport_fastrtps_cpp;rosidl_typesupport_introspection_cpp
[0.504s] -- Found rmw_implementation_cmake: 3.3.1 (/opt/ros/galactic/share/rmw_implementation_cmake/cmake)
[0.507s] -- Found rmw_cyclonedds_cpp: 0.22.5 (/opt/ros/galactic/share/rmw_cyclonedds_cpp/cmake)
[0.534s] -- Using RMW implementation 'rmw_cyclonedds_cpp' as default
[1.142s] -- Found ament_lint_auto: 0.10.7 (/opt/ros/galactic/share/ament_lint_auto/cmake)
[1.159s] -- Found ament_cmake_gtest: 1.1.5 (/opt/ros/galactic/share/ament_cmake_gtest/cmake)
[1.169s] -- Added test 'cppcheck' to perform static code analysis on C / C++ code
[1.169s] -- Configured cppcheck include dirs: /home/pengchang/ws/src/vision/include
[1.169s] -- Configured cppcheck exclude dirs and/or files: 
[1.170s] -- Added test 'cpplint' to check C / C++ code against the Google style
[1.170s] -- Configured cpplint exclude dirs and/or files: 
[1.170s] -- Added test 'flake8' to check Python code syntax and style conventions
[1.170s] -- Added test 'lint_cmake' to check CMake code style
[1.171s] -- Added test 'pep257' to check Python code against some of the style conventions in PEP 257
[1.171s] -- Added test 'xmllint' to check XML markup files
[1.177s] -- Configuring done
[1.215s] -- Generating done
[1.219s] -- Build files have been written to: /home/pengchang/ws/build/vision
[1.258s] [35m[1mScanning dependencies of target process_node[0m
[1.268s] [35m[1mScanning dependencies of target vision[0m
[1.274s] [ 10%] [32mBuilding CXX object CMakeFiles/detector_node.dir/rclcpp_components/node_main_detector_node.cpp.o[0m
[1.279s] [ 20%] [32mBuilding CXX object CMakeFiles/camera_node.dir/rclcpp_components/node_main_camera_node.cpp.o[0m
[1.299s] [ 30%] [32mBuilding CXX object CMakeFiles/process_node.dir/rclcpp_components/node_main_process_node.cpp.o[0m
[1.410s] [ 50%] [32mBuilding CXX object CMakeFiles/vision.dir/src/detector_node.cpp.o[0m
[1.410s] [ 50%] [32mBuilding CXX object CMakeFiles/vision.dir/src/camera_node.cpp.o[0m
[1.411s] [ 60%] [32mBuilding CXX object CMakeFiles/vision.dir/src/process_node.cpp.o[0m
[4.445s] [ 70%] [32m[1mLinking CXX executable camera_node[0m
[4.446s] [ 80%] [32m[1mLinking CXX executable process_node[0m
[4.454s] [ 90%] [32m[1mLinking CXX executable detector_node[0m
[4.689s] [ 90%] Built target camera_node
[4.689s] [ 90%] Built target detector_node
[4.691s] [ 90%] Built target process_node
[13.334s] [100%] [32m[1mLinking CXX shared library libvision.so[0m
[14.129s] [100%] Built target vision
[14.145s] Invoked command in '/home/pengchang/ws/build/vision' returned '0': CMAKE_PREFIX_PATH=/home/pengchang/ws/install/interfaces:/home/pengchang/ws/install/vision:/opt/ros/galactic LD_LIBRARY_PATH=/home/pengchang/ws/install/interfaces/lib:/home/pengchang/ws/install/vision/lib:/opt/ros/galactic/opt/yaml_cpp_vendor/lib:/opt/ros/galactic/opt/rviz_ogre_vendor/lib:/opt/ros/galactic/lib/x86_64-linux-gnu:/opt/ros/galactic/lib /usr/bin/cmake --build /home/pengchang/ws/build/vision -- -j8 -l8
[14.224s] Invoking command in '/home/pengchang/ws/build/vision': CMAKE_PREFIX_PATH=/home/pengchang/ws/install/interfaces:/home/pengchang/ws/install/vision:/opt/ros/galactic LD_LIBRARY_PATH=/home/pengchang/ws/install/interfaces/lib:/home/pengchang/ws/install/vision/lib:/opt/ros/galactic/opt/yaml_cpp_vendor/lib:/opt/ros/galactic/opt/rviz_ogre_vendor/lib:/opt/ros/galactic/lib/x86_64-linux-gnu:/opt/ros/galactic/lib /usr/bin/cmake --install /home/pengchang/ws/build/vision
[14.236s] -- Install configuration: ""
[14.236s] -- Execute custom install script
[14.237s] -- Up-to-date symlink: /home/pengchang/ws/install/vision/lib/vision/camera_node
[14.237s] -- Up-to-date symlink: /home/pengchang/ws/install/vision/lib/vision/detector_node
[14.237s] -- Symlinking: /home/pengchang/ws/install/vision/lib/vision/process_node
[14.252s] -- Up-to-date symlink: /home/pengchang/ws/install/vision/share/vision/environment/library_path.sh
[14.252s] -- Up-to-date symlink: /home/pengchang/ws/install/vision/share/vision/environment/library_path.dsv
[14.253s] -- Up-to-date symlink: /home/pengchang/ws/install/vision/lib/libvision.so
[14.254s] -- Up-to-date symlink: /home/pengchang/ws/install/vision/share/vision/config/camera_info.yaml
[14.255s] -- Up-to-date symlink: /home/pengchang/ws/install/vision/share/vision/config/camera_params.yaml
[14.255s] -- Up-to-date symlink: /home/pengchang/ws/install/vision/share/vision/config/default.yaml
[14.256s] -- Up-to-date symlink: /home/pengchang/ws/install/vision/share/vision/launch/launch.py
[14.257s] -- Up-to-date symlink: /home/pengchang/ws/install/vision/share/ament_index/resource_index/package_run_dependencies/vision
[14.257s] -- Up-to-date symlink: /home/pengchang/ws/install/vision/share/ament_index/resource_index/parent_prefix_path/vision
[14.257s] -- Up-to-date symlink: /home/pengchang/ws/install/vision/share/vision/environment/ament_prefix_path.sh
[14.258s] -- Up-to-date symlink: /home/pengchang/ws/install/vision/share/vision/environment/ament_prefix_path.dsv
[14.258s] -- Up-to-date symlink: /home/pengchang/ws/install/vision/share/vision/environment/path.sh
[14.259s] -- Up-to-date symlink: /home/pengchang/ws/install/vision/share/vision/environment/path.dsv
[14.259s] -- Up-to-date symlink: /home/pengchang/ws/install/vision/share/vision/local_setup.bash
[14.260s] -- Up-to-date symlink: /home/pengchang/ws/install/vision/share/vision/local_setup.sh
[14.261s] -- Up-to-date symlink: /home/pengchang/ws/install/vision/share/vision/local_setup.zsh
[14.261s] -- Up-to-date symlink: /home/pengchang/ws/install/vision/share/vision/local_setup.dsv
[14.261s] -- Symlinking: /home/pengchang/ws/install/vision/share/vision/package.dsv
[14.276s] -- Up-to-date symlink: /home/pengchang/ws/install/vision/share/ament_index/resource_index/packages/vision
[14.276s] -- Up-to-date symlink: /home/pengchang/ws/install/vision/share/ament_index/resource_index/rclcpp_components/vision
[14.277s] -- Up-to-date symlink: /home/pengchang/ws/install/vision/share/vision/cmake/ament_cmake_export_dependencies-extras.cmake
[14.277s] -- Up-to-date symlink: /home/pengchang/ws/install/vision/share/vision/cmake/ament_cmake_export_include_directories-extras.cmake
[14.278s] -- Up-to-date symlink: /home/pengchang/ws/install/vision/share/vision/cmake/ament_cmake_export_libraries-extras.cmake
[14.278s] -- Up-to-date symlink: /home/pengchang/ws/install/vision/share/vision/cmake/visionConfig.cmake
[14.279s] -- Up-to-date symlink: /home/pengchang/ws/install/vision/share/vision/cmake/visionConfig-version.cmake
[14.279s] -- Up-to-date symlink: /home/pengchang/ws/install/vision/share/vision/package.xml
[14.284s] Invoked command in '/home/pengchang/ws/build/vision' returned '0': CMAKE_PREFIX_PATH=/home/pengchang/ws/install/interfaces:/home/pengchang/ws/install/vision:/opt/ros/galactic LD_LIBRARY_PATH=/home/pengchang/ws/install/interfaces/lib:/home/pengchang/ws/install/vision/lib:/opt/ros/galactic/opt/yaml_cpp_vendor/lib:/opt/ros/galactic/opt/rviz_ogre_vendor/lib:/opt/ros/galactic/lib/x86_64-linux-gnu:/opt/ros/galactic/lib /usr/bin/cmake --install /home/pengchang/ws/build/vision
