[0.125s] DEBUG:colcon:Command line arguments: ['/usr/bin/colcon', 'build', '--packages-select', 'vision']
[0.125s] DEBUG:colcon:Parsed command line arguments: Namespace(allow_overriding=[], ament_cmake_args=None, base_paths=['.'], build_base='build', catkin_cmake_args=None, catkin_skip_building_tests=False, cmake_args=None, cmake_clean_cache=False, cmake_clean_first=False, cmake_force_configure=False, cmake_target=None, cmake_target_skip_unavailable=False, continue_on_error=False, event_handlers=None, executor='parallel', ignore_user_meta=False, install_base='install', log_base=None, log_level=None, main=<bound method BuildVerb.main of <colcon_core.verb.build.BuildVerb object at 0x7ff1df15afd0>>, merge_install=False, metas=['./colcon.meta'], packages_above=None, packages_above_and_dependencies=None, packages_above_depth=None, packages_end=None, packages_ignore=None, packages_ignore_regex=None, packages_select=['vision'], packages_select_build_failed=False, packages_select_by_dep=None, packages_select_regex=None, packages_select_test_failures=False, packages_skip=None, packages_skip_build_finished=False, packages_skip_by_dep=None, packages_skip_regex=None, packages_skip_test_passed=False, packages_skip_up_to=None, packages_start=None, packages_up_to=None, packages_up_to_regex=None, parallel_workers=8, paths=None, symlink_install=False, test_result_base=None, verb_extension=<colcon_core.verb.build.BuildVerb object at 0x7ff1df15afd0>, verb_name='build', verb_parser=<colcon_defaults.argument_parser.defaults.DefaultArgumentsDecorator object at 0x7ff1df164520>)
[0.144s] Level 1:colcon.colcon_core.package_discovery:discover_packages(colcon_meta) check parameters
[0.145s] Level 1:colcon.colcon_core.package_discovery:discover_packages(recursive) check parameters
[0.145s] Level 1:colcon.colcon_core.package_discovery:discover_packages(ignore) check parameters
[0.145s] Level 1:colcon.colcon_core.package_discovery:discover_packages(path) check parameters
[0.145s] Level 1:colcon.colcon_core.package_discovery:discover_packages(colcon_meta) discover
[0.145s] Level 1:colcon.colcon_core.package_discovery:discover_packages(recursive) discover
[0.145s] INFO:colcon.colcon_core.package_discovery:Crawling recursively for packages in '/home/pengchang/ws'
[0.145s] Level 1:colcon.colcon_core.package_identification:_identify(.) by extensions ['ignore', 'ignore_ament_install']
[0.145s] Level 1:colcon.colcon_core.package_identification:_identify(.) by extension 'ignore'
[0.145s] Level 1:colcon.colcon_core.package_identification:_identify(.) by extension 'ignore_ament_install'
[0.145s] Level 1:colcon.colcon_core.package_identification:_identify(.) by extensions ['colcon_pkg']
[0.145s] Level 1:colcon.colcon_core.package_identification:_identify(.) by extension 'colcon_pkg'
[0.145s] Level 1:colcon.colcon_core.package_identification:_identify(.) by extensions ['colcon_meta']
[0.145s] Level 1:colcon.colcon_core.package_identification:_identify(.) by extension 'colcon_meta'
[0.145s] Level 1:colcon.colcon_core.package_identification:_identify(.) by extensions ['ros']
[0.145s] Level 1:colcon.colcon_core.package_identification:_identify(.) by extension 'ros'
[0.165s] Level 1:colcon.colcon_core.package_identification:_identify(.) by extensions ['cmake', 'python']
[0.165s] Level 1:colcon.colcon_core.package_identification:_identify(.) by extension 'cmake'
[0.165s] Level 1:colcon.colcon_core.package_identification:_identify(.) by extension 'python'
[0.165s] Level 1:colcon.colcon_core.package_identification:_identify(.) by extensions ['python_setup_py']
[0.165s] Level 1:colcon.colcon_core.package_identification:_identify(.) by extension 'python_setup_py'
[0.165s] Level 1:colcon.colcon_core.package_identification:_identify(build) by extensions ['ignore', 'ignore_ament_install']
[0.165s] Level 1:colcon.colcon_core.package_identification:_identify(build) by extension 'ignore'
[0.165s] Level 1:colcon.colcon_core.package_identification:_identify(build) ignored
[0.165s] Level 1:colcon.colcon_core.package_identification:_identify(install) by extensions ['ignore', 'ignore_ament_install']
[0.166s] Level 1:colcon.colcon_core.package_identification:_identify(install) by extension 'ignore'
[0.166s] Level 1:colcon.colcon_core.package_identification:_identify(install) ignored
[0.166s] Level 1:colcon.colcon_core.package_identification:_identify(log) by extensions ['ignore', 'ignore_ament_install']
[0.166s] Level 1:colcon.colcon_core.package_identification:_identify(log) by extension 'ignore'
[0.166s] Level 1:colcon.colcon_core.package_identification:_identify(log) ignored
[0.166s] Level 1:colcon.colcon_core.package_identification:_identify(src) by extensions ['ignore', 'ignore_ament_install']
[0.166s] Level 1:colcon.colcon_core.package_identification:_identify(src) by extension 'ignore'
[0.166s] Level 1:colcon.colcon_core.package_identification:_identify(src) by extension 'ignore_ament_install'
[0.166s] Level 1:colcon.colcon_core.package_identification:_identify(src) by extensions ['colcon_pkg']
[0.166s] Level 1:colcon.colcon_core.package_identification:_identify(src) by extension 'colcon_pkg'
[0.166s] Level 1:colcon.colcon_core.package_identification:_identify(src) by extensions ['colcon_meta']
[0.166s] Level 1:colcon.colcon_core.package_identification:_identify(src) by extension 'colcon_meta'
[0.166s] Level 1:colcon.colcon_core.package_identification:_identify(src) by extensions ['ros']
[0.166s] Level 1:colcon.colcon_core.package_identification:_identify(src) by extension 'ros'
[0.166s] Level 1:colcon.colcon_core.package_identification:_identify(src) by extensions ['cmake', 'python']
[0.166s] Level 1:colcon.colcon_core.package_identification:_identify(src) by extension 'cmake'
[0.166s] Level 1:colcon.colcon_core.package_identification:_identify(src) by extension 'python'
[0.166s] Level 1:colcon.colcon_core.package_identification:_identify(src) by extensions ['python_setup_py']
[0.166s] Level 1:colcon.colcon_core.package_identification:_identify(src) by extension 'python_setup_py'
[0.167s] Level 1:colcon.colcon_core.package_identification:_identify(src/build) by extensions ['ignore', 'ignore_ament_install']
[0.167s] Level 1:colcon.colcon_core.package_identification:_identify(src/build) by extension 'ignore'
[0.167s] Level 1:colcon.colcon_core.package_identification:_identify(src/build) ignored
[0.167s] Level 1:colcon.colcon_core.package_identification:_identify(src/install) by extensions ['ignore', 'ignore_ament_install']
[0.167s] Level 1:colcon.colcon_core.package_identification:_identify(src/install) by extension 'ignore'
[0.167s] Level 1:colcon.colcon_core.package_identification:_identify(src/install) ignored
[0.167s] Level 1:colcon.colcon_core.package_identification:_identify(src/interfaces) by extensions ['ignore', 'ignore_ament_install']
[0.167s] Level 1:colcon.colcon_core.package_identification:_identify(src/interfaces) by extension 'ignore'
[0.167s] Level 1:colcon.colcon_core.package_identification:_identify(src/interfaces) by extension 'ignore_ament_install'
[0.167s] Level 1:colcon.colcon_core.package_identification:_identify(src/interfaces) by extensions ['colcon_pkg']
[0.167s] Level 1:colcon.colcon_core.package_identification:_identify(src/interfaces) by extension 'colcon_pkg'
[0.167s] Level 1:colcon.colcon_core.package_identification:_identify(src/interfaces) by extensions ['colcon_meta']
[0.167s] Level 1:colcon.colcon_core.package_identification:_identify(src/interfaces) by extension 'colcon_meta'
[0.167s] Level 1:colcon.colcon_core.package_identification:_identify(src/interfaces) by extensions ['ros']
[0.167s] Level 1:colcon.colcon_core.package_identification:_identify(src/interfaces) by extension 'ros'
[0.169s] DEBUG:colcon.colcon_core.package_identification:Package 'src/interfaces' with type 'ros.ament_cmake' and name 'interfaces'
[0.170s] Level 1:colcon.colcon_core.package_identification:_identify(src/log) by extensions ['ignore', 'ignore_ament_install']
[0.170s] Level 1:colcon.colcon_core.package_identification:_identify(src/log) by extension 'ignore'
[0.170s] Level 1:colcon.colcon_core.package_identification:_identify(src/log) ignored
[0.170s] Level 1:colcon.colcon_core.package_identification:_identify(src/vision) by extensions ['ignore', 'ignore_ament_install']
[0.170s] Level 1:colcon.colcon_core.package_identification:_identify(src/vision) by extension 'ignore'
[0.170s] Level 1:colcon.colcon_core.package_identification:_identify(src/vision) by extension 'ignore_ament_install'
[0.170s] Level 1:colcon.colcon_core.package_identification:_identify(src/vision) by extensions ['colcon_pkg']
[0.170s] Level 1:colcon.colcon_core.package_identification:_identify(src/vision) by extension 'colcon_pkg'
[0.170s] Level 1:colcon.colcon_core.package_identification:_identify(src/vision) by extensions ['colcon_meta']
[0.170s] Level 1:colcon.colcon_core.package_identification:_identify(src/vision) by extension 'colcon_meta'
[0.170s] Level 1:colcon.colcon_core.package_identification:_identify(src/vision) by extensions ['ros']
[0.170s] Level 1:colcon.colcon_core.package_identification:_identify(src/vision) by extension 'ros'
[0.171s] DEBUG:colcon.colcon_core.package_identification:Package 'src/vision' with type 'ros.ament_cmake' and name 'vision'
[0.171s] Level 1:colcon.colcon_core.package_discovery:discover_packages(recursive) using defaults
[0.171s] Level 1:colcon.colcon_core.package_discovery:discover_packages(ignore) discover
[0.171s] Level 1:colcon.colcon_core.package_discovery:discover_packages(ignore) using defaults
[0.171s] Level 1:colcon.colcon_core.package_discovery:discover_packages(path) discover
[0.171s] Level 1:colcon.colcon_core.package_discovery:discover_packages(path) using defaults
[0.187s] INFO:colcon.colcon_core.package_selection:Skipping not selected package 'interfaces' in 'src/interfaces'
[0.187s] Level 1:colcon.colcon_core.package_discovery:discover_packages(prefix_path) check parameters
[0.188s] Level 1:colcon.colcon_core.package_discovery:discover_packages(prefix_path) discover
[0.189s] DEBUG:colcon.colcon_installed_package_information.package_discovery:Found 2 installed packages in /home/pengchang/ws/install
[0.191s] DEBUG:colcon.colcon_installed_package_information.package_discovery:Found 270 installed packages in /opt/ros/galactic
[0.192s] Level 1:colcon.colcon_core.package_discovery:discover_packages(prefix_path) using defaults
[0.252s] Level 5:colcon.colcon_core.verb:set package 'vision' build argument 'cmake_args' from command line to 'None'
[0.252s] Level 5:colcon.colcon_core.verb:set package 'vision' build argument 'cmake_target' from command line to 'None'
[0.252s] Level 5:colcon.colcon_core.verb:set package 'vision' build argument 'cmake_target_skip_unavailable' from command line to 'False'
[0.252s] Level 5:colcon.colcon_core.verb:set package 'vision' build argument 'cmake_clean_cache' from command line to 'False'
[0.252s] Level 5:colcon.colcon_core.verb:set package 'vision' build argument 'cmake_clean_first' from command line to 'False'
[0.252s] Level 5:colcon.colcon_core.verb:set package 'vision' build argument 'cmake_force_configure' from command line to 'False'
[0.252s] Level 5:colcon.colcon_core.verb:set package 'vision' build argument 'ament_cmake_args' from command line to 'None'
[0.253s] Level 5:colcon.colcon_core.verb:set package 'vision' build argument 'catkin_cmake_args' from command line to 'None'
[0.253s] Level 5:colcon.colcon_core.verb:set package 'vision' build argument 'catkin_skip_building_tests' from command line to 'False'
[0.253s] DEBUG:colcon.colcon_core.verb:Building package 'vision' with the following arguments: {'ament_cmake_args': None, 'build_base': '/home/pengchang/ws/build/vision', 'catkin_cmake_args': None, 'catkin_skip_building_tests': False, 'cmake_args': None, 'cmake_clean_cache': False, 'cmake_clean_first': False, 'cmake_force_configure': False, 'cmake_target': None, 'cmake_target_skip_unavailable': False, 'install_base': '/home/pengchang/ws/install/vision', 'merge_install': False, 'path': '/home/pengchang/ws/src/vision', 'symlink_install': False, 'test_result_base': None}
[0.253s] INFO:colcon.colcon_core.executor:Executing jobs using 'parallel' executor
[0.257s] DEBUG:colcon.colcon_parallel_executor.executor.parallel:run_until_complete
[0.257s] INFO:colcon.colcon_ros.task.ament_cmake.build:Building ROS package in '/home/pengchang/ws/src/vision' with build type 'ament_cmake'
[0.258s] INFO:colcon.colcon_cmake.task.cmake.build:Building CMake package in '/home/pengchang/ws/src/vision'
[0.262s] INFO:colcon.colcon_core.plugin_system:Skipping extension 'colcon_core.shell.bat': Not used on non-Windows systems
[0.262s] INFO:colcon.colcon_core.shell:Skip shell extension 'powershell' for command environment: Not usable outside of PowerShell
[0.262s] DEBUG:colcon.colcon_core.shell:Skip shell extension 'dsv' for command environment
[0.282s] DEBUG:colcon.colcon_core.event_handler.log_command:Invoking command in '/home/pengchang/ws/build/vision': CMAKE_PREFIX_PATH=/home/pengchang/ws/install/interfaces:/home/pengchang/ws/install/vision:/opt/ros/galactic LD_LIBRARY_PATH=/home/pengchang/ws/install/interfaces/lib:/home/pengchang/ws/install/vision/lib:/opt/ros/galactic/opt/yaml_cpp_vendor/lib:/opt/ros/galactic/opt/rviz_ogre_vendor/lib:/opt/ros/galactic/lib/x86_64-linux-gnu:/opt/ros/galactic/lib /usr/bin/cmake --build /home/pengchang/ws/build/vision -- -j8 -l8
[9.923s] DEBUG:colcon.colcon_core.event_handler.log_command:Invoked command in '/home/pengchang/ws/build/vision' returned '0': CMAKE_PREFIX_PATH=/home/pengchang/ws/install/interfaces:/home/pengchang/ws/install/vision:/opt/ros/galactic LD_LIBRARY_PATH=/home/pengchang/ws/install/interfaces/lib:/home/pengchang/ws/install/vision/lib:/opt/ros/galactic/opt/yaml_cpp_vendor/lib:/opt/ros/galactic/opt/rviz_ogre_vendor/lib:/opt/ros/galactic/lib/x86_64-linux-gnu:/opt/ros/galactic/lib /usr/bin/cmake --build /home/pengchang/ws/build/vision -- -j8 -l8
[9.998s] DEBUG:colcon.colcon_core.event_handler.log_command:Invoking command in '/home/pengchang/ws/build/vision': CMAKE_PREFIX_PATH=/home/pengchang/ws/install/interfaces:/home/pengchang/ws/install/vision:/opt/ros/galactic LD_LIBRARY_PATH=/home/pengchang/ws/install/interfaces/lib:/home/pengchang/ws/install/vision/lib:/opt/ros/galactic/opt/yaml_cpp_vendor/lib:/opt/ros/galactic/opt/rviz_ogre_vendor/lib:/opt/ros/galactic/lib/x86_64-linux-gnu:/opt/ros/galactic/lib /usr/bin/cmake --install /home/pengchang/ws/build/vision
[10.034s] Level 1:colcon.colcon_core.environment:create_environment_scripts_only(vision)
[10.036s] DEBUG:colcon.colcon_core.event_handler.log_command:Invoked command in '/home/pengchang/ws/build/vision' returned '0': CMAKE_PREFIX_PATH=/home/pengchang/ws/install/interfaces:/home/pengchang/ws/install/vision:/opt/ros/galactic LD_LIBRARY_PATH=/home/pengchang/ws/install/interfaces/lib:/home/pengchang/ws/install/vision/lib:/opt/ros/galactic/opt/yaml_cpp_vendor/lib:/opt/ros/galactic/opt/rviz_ogre_vendor/lib:/opt/ros/galactic/lib/x86_64-linux-gnu:/opt/ros/galactic/lib /usr/bin/cmake --install /home/pengchang/ws/build/vision
[10.044s] Level 1:colcon.colcon_core.environment:checking '/home/pengchang/ws/install/vision' for CMake module files
[10.045s] Level 1:colcon.colcon_core.environment:checking '/home/pengchang/ws/install/vision' for CMake config files
[10.045s] Level 1:colcon.colcon_core.shell:create_environment_hook('vision', 'cmake_prefix_path')
[10.046s] INFO:colcon.colcon_core.shell:Creating environment hook '/home/pengchang/ws/install/vision/share/vision/hook/cmake_prefix_path.ps1'
[10.047s] INFO:colcon.colcon_core.shell:Creating environment descriptor '/home/pengchang/ws/install/vision/share/vision/hook/cmake_prefix_path.dsv'
[10.047s] INFO:colcon.colcon_core.shell:Creating environment hook '/home/pengchang/ws/install/vision/share/vision/hook/cmake_prefix_path.sh'
[10.048s] Level 1:colcon.colcon_core.environment:checking '/home/pengchang/ws/install/vision/lib'
[10.048s] Level 1:colcon.colcon_core.shell:create_environment_hook('vision', 'ld_library_path_lib')
[10.049s] INFO:colcon.colcon_core.shell:Creating environment hook '/home/pengchang/ws/install/vision/share/vision/hook/ld_library_path_lib.ps1'
[10.049s] INFO:colcon.colcon_core.shell:Creating environment descriptor '/home/pengchang/ws/install/vision/share/vision/hook/ld_library_path_lib.dsv'
[10.050s] INFO:colcon.colcon_core.shell:Creating environment hook '/home/pengchang/ws/install/vision/share/vision/hook/ld_library_path_lib.sh'
[10.050s] Level 1:colcon.colcon_core.environment:checking '/home/pengchang/ws/install/vision/bin'
[10.050s] Level 1:colcon.colcon_core.environment:checking '/home/pengchang/ws/install/vision/lib/pkgconfig/vision.pc'
[10.050s] Level 1:colcon.colcon_core.environment:checking '/home/pengchang/ws/install/vision/lib/python3.8/site-packages'
[10.050s] Level 1:colcon.colcon_core.environment:checking '/home/pengchang/ws/install/vision/bin'
[10.051s] INFO:colcon.colcon_core.shell:Creating package script '/home/pengchang/ws/install/vision/share/vision/package.ps1'
[10.052s] INFO:colcon.colcon_core.shell:Creating package descriptor '/home/pengchang/ws/install/vision/share/vision/package.dsv'
[10.053s] INFO:colcon.colcon_core.shell:Creating package script '/home/pengchang/ws/install/vision/share/vision/package.sh'
[10.053s] INFO:colcon.colcon_core.shell:Creating package script '/home/pengchang/ws/install/vision/share/vision/package.bash'
[10.054s] INFO:colcon.colcon_core.shell:Creating package script '/home/pengchang/ws/install/vision/share/vision/package.zsh'
[10.054s] Level 1:colcon.colcon_core.environment:create_file_with_runtime_dependencies(/home/pengchang/ws/install/vision/share/colcon-core/packages/vision)
[10.114s] Level 1:colcon.colcon_core.environment:create_environment_scripts_only(vision)
[10.119s] Level 1:colcon.colcon_core.environment:checking '/home/pengchang/ws/install/vision' for CMake module files
[10.120s] Level 1:colcon.colcon_core.environment:checking '/home/pengchang/ws/install/vision' for CMake config files
[10.120s] Level 1:colcon.colcon_core.shell:create_environment_hook('vision', 'cmake_prefix_path')
[10.121s] INFO:colcon.colcon_core.shell:Creating environment hook '/home/pengchang/ws/install/vision/share/vision/hook/cmake_prefix_path.ps1'
[10.122s] INFO:colcon.colcon_core.shell:Creating environment descriptor '/home/pengchang/ws/install/vision/share/vision/hook/cmake_prefix_path.dsv'
[10.122s] INFO:colcon.colcon_core.shell:Creating environment hook '/home/pengchang/ws/install/vision/share/vision/hook/cmake_prefix_path.sh'
[10.123s] Level 1:colcon.colcon_core.environment:checking '/home/pengchang/ws/install/vision/lib'
[10.123s] Level 1:colcon.colcon_core.shell:create_environment_hook('vision', 'ld_library_path_lib')
[10.124s] INFO:colcon.colcon_core.shell:Creating environment hook '/home/pengchang/ws/install/vision/share/vision/hook/ld_library_path_lib.ps1'
[10.124s] INFO:colcon.colcon_core.shell:Creating environment descriptor '/home/pengchang/ws/install/vision/share/vision/hook/ld_library_path_lib.dsv'
[10.125s] INFO:colcon.colcon_core.shell:Creating environment hook '/home/pengchang/ws/install/vision/share/vision/hook/ld_library_path_lib.sh'
[10.125s] Level 1:colcon.colcon_core.environment:checking '/home/pengchang/ws/install/vision/bin'
[10.125s] Level 1:colcon.colcon_core.environment:checking '/home/pengchang/ws/install/vision/lib/pkgconfig/vision.pc'
[10.125s] Level 1:colcon.colcon_core.environment:checking '/home/pengchang/ws/install/vision/lib/python3.8/site-packages'
[10.125s] Level 1:colcon.colcon_core.environment:checking '/home/pengchang/ws/install/vision/bin'
[10.127s] INFO:colcon.colcon_core.shell:Creating package script '/home/pengchang/ws/install/vision/share/vision/package.ps1'
[10.127s] INFO:colcon.colcon_core.shell:Creating package descriptor '/home/pengchang/ws/install/vision/share/vision/package.dsv'
[10.128s] INFO:colcon.colcon_core.shell:Creating package script '/home/pengchang/ws/install/vision/share/vision/package.sh'
[10.128s] INFO:colcon.colcon_core.shell:Creating package script '/home/pengchang/ws/install/vision/share/vision/package.bash'
[10.128s] INFO:colcon.colcon_core.shell:Creating package script '/home/pengchang/ws/install/vision/share/vision/package.zsh'
[10.128s] Level 1:colcon.colcon_core.environment:create_file_with_runtime_dependencies(/home/pengchang/ws/install/vision/share/colcon-core/packages/vision)
[10.129s] DEBUG:colcon.colcon_parallel_executor.executor.parallel:closing loop
[10.129s] DEBUG:colcon.colcon_parallel_executor.executor.parallel:loop closed
[10.129s] DEBUG:colcon.colcon_parallel_executor.executor.parallel:run_until_complete finished with '0'
[10.129s] DEBUG:colcon.colcon_core.event_reactor:joining thread
[10.140s] INFO:colcon.colcon_core.plugin_system:Skipping extension 'colcon_notification.desktop_notification.terminal_notifier': Not used on non-Darwin systems
[10.140s] INFO:colcon.colcon_core.plugin_system:Skipping extension 'colcon_notification.desktop_notification.win32': Not used on non-Windows systems
[10.140s] INFO:colcon.colcon_notification.desktop_notification:Sending desktop notification using 'notify2'
[10.166s] DEBUG:colcon.colcon_core.event_reactor:joined thread
[10.168s] INFO:colcon.colcon_core.shell:Creating prefix script '/home/pengchang/ws/install/local_setup.ps1'
[10.170s] INFO:colcon.colcon_core.shell:Creating prefix util module '/home/pengchang/ws/install/_local_setup_util_ps1.py'
[10.172s] INFO:colcon.colcon_core.shell:Creating prefix chain script '/home/pengchang/ws/install/setup.ps1'
[10.174s] INFO:colcon.colcon_core.shell:Creating prefix script '/home/pengchang/ws/install/local_setup.sh'
[10.174s] INFO:colcon.colcon_core.shell:Creating prefix util module '/home/pengchang/ws/install/_local_setup_util_sh.py'
[10.175s] INFO:colcon.colcon_core.shell:Creating prefix chain script '/home/pengchang/ws/install/setup.sh'
[10.177s] INFO:colcon.colcon_core.shell:Creating prefix script '/home/pengchang/ws/install/local_setup.bash'
[10.177s] INFO:colcon.colcon_core.shell:Creating prefix chain script '/home/pengchang/ws/install/setup.bash'
[10.179s] INFO:colcon.colcon_core.shell:Creating prefix script '/home/pengchang/ws/install/local_setup.zsh'
[10.180s] INFO:colcon.colcon_core.shell:Creating prefix chain script '/home/pengchang/ws/install/setup.zsh'
