[0.028s] Invoking command in '/home/pengchang/ws/build/interfaces': CMAKE_PREFIX_PATH=/opt/ros/galactic /usr/bin/cmake --build /home/pengchang/ws/build/interfaces -- -j8 -l8
[0.139s] [ 11%] Built target interfaces__rosidl_generator_c
[0.142s] [ 12%] Built target interfaces__cpp
[0.172s] [ 24%] Built target interfaces__rosidl_typesupport_c
[0.179s] [ 35%] Built target interfaces__rosidl_typesupport_cpp
[0.180s] [ 58%] Built target interfaces__rosidl_typesupport_introspection_cpp
[0.180s] [ 58%] Built target interfaces__rosidl_typesupport_introspection_c
[0.184s] [ 70%] Built target interfaces__rosidl_typesupport_fastrtps_cpp
[0.219s] [ 81%] Built target interfaces__rosidl_typesupport_fastrtps_c
[0.251s] [ 81%] Built target interfaces
[0.289s] [ 82%] Built target interfaces__py
[0.347s] [ 93%] Built target interfaces__python
[0.382s] [ 95%] Built target interfaces__rosidl_typesupport_introspection_c__pyext
[0.383s] [ 97%] Built target interfaces__rosidl_typesupport_fastrtps_c__pyext
[0.389s] [100%] Built target interfaces__rosidl_typesupport_c__pyext
[0.407s] Invoked command in '/home/pengchang/ws/build/interfaces' returned '0': CMAKE_PREFIX_PATH=/opt/ros/galactic /usr/bin/cmake --build /home/pengchang/ws/build/interfaces -- -j8 -l8
[0.650s] Invoking command in '/home/pengchang/ws/build/interfaces': CMAKE_PREFIX_PATH=/opt/ros/galactic /usr/bin/cmake --install /home/pengchang/ws/build/interfaces
[0.665s] -- Install configuration: ""
[0.665s] -- Up-to-date: /home/pengchang/ws/install/interfaces/share/ament_index/resource_index/rosidl_interfaces/interfaces
[0.665s] -- Up-to-date: /home/pengchang/ws/install/interfaces/include/interfaces
[0.665s] -- Up-to-date: /home/pengchang/ws/install/interfaces/include/interfaces/msg
[0.665s] -- Up-to-date: /home/pengchang/ws/install/interfaces/include/interfaces/msg/debug_armors.h
[0.665s] -- Up-to-date: /home/pengchang/ws/install/interfaces/include/interfaces/msg/spin_info.h
[0.665s] -- Up-to-date: /home/pengchang/ws/install/interfaces/include/interfaces/msg/debug_light.h
[0.666s] -- Up-to-date: /home/pengchang/ws/install/interfaces/include/interfaces/msg/armors.h
[0.666s] -- Up-to-date: /home/pengchang/ws/install/interfaces/include/interfaces/msg/rosidl_generator_c__visibility_control.h
[0.666s] -- Up-to-date: /home/pengchang/ws/install/interfaces/include/interfaces/msg/armor.h
[0.666s] -- Up-to-date: /home/pengchang/ws/install/interfaces/include/interfaces/msg/debug_lights.h
[0.666s] -- Up-to-date: /home/pengchang/ws/install/interfaces/include/interfaces/msg/target.h
[0.667s] -- Up-to-date: /home/pengchang/ws/install/interfaces/include/interfaces/msg/detail
[0.667s] -- Up-to-date: /home/pengchang/ws/install/interfaces/include/interfaces/msg/detail/armor__functions.h
[0.667s] -- Up-to-date: /home/pengchang/ws/install/interfaces/include/interfaces/msg/detail/debug_light__functions.c
[0.667s] -- Up-to-date: /home/pengchang/ws/install/interfaces/include/interfaces/msg/detail/armor__type_support.h
[0.667s] -- Up-to-date: /home/pengchang/ws/install/interfaces/include/interfaces/msg/detail/armor__functions.c
[0.667s] -- Up-to-date: /home/pengchang/ws/install/interfaces/include/interfaces/msg/detail/armors__functions.c
[0.667s] -- Up-to-date: /home/pengchang/ws/install/interfaces/include/interfaces/msg/detail/armors__type_support.h
[0.667s] -- Up-to-date: /home/pengchang/ws/install/interfaces/include/interfaces/msg/detail/debug_armors__functions.h
[0.668s] -- Up-to-date: /home/pengchang/ws/install/interfaces/include/interfaces/msg/detail/debug_lights__functions.h
[0.668s] -- Up-to-date: /home/pengchang/ws/install/interfaces/include/interfaces/msg/detail/debug_light__type_support.h
[0.668s] -- Up-to-date: /home/pengchang/ws/install/interfaces/include/interfaces/msg/detail/spin_info__struct.h
[0.668s] -- Up-to-date: /home/pengchang/ws/install/interfaces/include/interfaces/msg/detail/debug_lights__struct.h
[0.668s] -- Up-to-date: /home/pengchang/ws/install/interfaces/include/interfaces/msg/detail/target__functions.c
[0.668s] -- Up-to-date: /home/pengchang/ws/install/interfaces/include/interfaces/msg/detail/target__type_support.h
[0.668s] -- Up-to-date: /home/pengchang/ws/install/interfaces/include/interfaces/msg/detail/armors__functions.h
[0.668s] -- Up-to-date: /home/pengchang/ws/install/interfaces/include/interfaces/msg/detail/debug_armor__functions.h
[0.669s] -- Up-to-date: /home/pengchang/ws/install/interfaces/include/interfaces/msg/detail/debug_armors__type_support.h
[0.669s] -- Up-to-date: /home/pengchang/ws/install/interfaces/include/interfaces/msg/detail/armors__struct.h
[0.669s] -- Up-to-date: /home/pengchang/ws/install/interfaces/include/interfaces/msg/detail/debug_armor__type_support.h
[0.669s] -- Up-to-date: /home/pengchang/ws/install/interfaces/include/interfaces/msg/detail/debug_light__struct.h
[0.669s] -- Up-to-date: /home/pengchang/ws/install/interfaces/include/interfaces/msg/detail/debug_armor__functions.c
[0.670s] -- Up-to-date: /home/pengchang/ws/install/interfaces/include/interfaces/msg/detail/target__struct.h
[0.670s] -- Up-to-date: /home/pengchang/ws/install/interfaces/include/interfaces/msg/detail/spin_info__functions.c
[0.670s] -- Up-to-date: /home/pengchang/ws/install/interfaces/include/interfaces/msg/detail/spin_info__functions.h
[0.670s] -- Up-to-date: /home/pengchang/ws/install/interfaces/include/interfaces/msg/detail/debug_armors__functions.c
[0.670s] -- Up-to-date: /home/pengchang/ws/install/interfaces/include/interfaces/msg/detail/target__functions.h
[0.670s] -- Up-to-date: /home/pengchang/ws/install/interfaces/include/interfaces/msg/detail/debug_armors__struct.h
[0.670s] -- Up-to-date: /home/pengchang/ws/install/interfaces/include/interfaces/msg/detail/spin_info__type_support.h
[0.671s] -- Up-to-date: /home/pengchang/ws/install/interfaces/include/interfaces/msg/detail/debug_lights__type_support.h
[0.671s] -- Up-to-date: /home/pengchang/ws/install/interfaces/include/interfaces/msg/detail/debug_lights__functions.c
[0.671s] -- Up-to-date: /home/pengchang/ws/install/interfaces/include/interfaces/msg/detail/debug_light__functions.h
[0.671s] -- Up-to-date: /home/pengchang/ws/install/interfaces/include/interfaces/msg/detail/armor__struct.h
[0.671s] -- Up-to-date: /home/pengchang/ws/install/interfaces/include/interfaces/msg/detail/debug_armor__struct.h
[0.671s] -- Up-to-date: /home/pengchang/ws/install/interfaces/include/interfaces/msg/debug_armor.h
[0.671s] -- Up-to-date: /home/pengchang/ws/install/interfaces/share/interfaces/environment/library_path.sh
[0.671s] -- Up-to-date: /home/pengchang/ws/install/interfaces/share/interfaces/environment/library_path.dsv
[0.672s] -- Up-to-date: /home/pengchang/ws/install/interfaces/lib/libinterfaces__rosidl_generator_c.so
[0.672s] -- Up-to-date: /home/pengchang/ws/install/interfaces/include/interfaces
[0.672s] -- Up-to-date: /home/pengchang/ws/install/interfaces/include/interfaces/msg
[0.672s] -- Up-to-date: /home/pengchang/ws/install/interfaces/include/interfaces/msg/detail
[0.672s] -- Up-to-date: /home/pengchang/ws/install/interfaces/include/interfaces/msg/detail/debug_light__rosidl_typesupport_fastrtps_c.h
[0.672s] -- Up-to-date: /home/pengchang/ws/install/interfaces/include/interfaces/msg/detail/debug_armor__rosidl_typesupport_fastrtps_c.h
[0.672s] -- Up-to-date: /home/pengchang/ws/install/interfaces/include/interfaces/msg/detail/armors__rosidl_typesupport_fastrtps_c.h
[0.673s] -- Up-to-date: /home/pengchang/ws/install/interfaces/include/interfaces/msg/detail/spin_info__rosidl_typesupport_fastrtps_c.h
[0.673s] -- Up-to-date: /home/pengchang/ws/install/interfaces/include/interfaces/msg/detail/debug_armors__rosidl_typesupport_fastrtps_c.h
[0.673s] -- Up-to-date: /home/pengchang/ws/install/interfaces/include/interfaces/msg/detail/debug_lights__rosidl_typesupport_fastrtps_c.h
[0.673s] -- Up-to-date: /home/pengchang/ws/install/interfaces/include/interfaces/msg/detail/target__rosidl_typesupport_fastrtps_c.h
[0.673s] -- Up-to-date: /home/pengchang/ws/install/interfaces/include/interfaces/msg/detail/armor__rosidl_typesupport_fastrtps_c.h
[0.673s] -- Up-to-date: /home/pengchang/ws/install/interfaces/include/interfaces/msg/rosidl_typesupport_fastrtps_c__visibility_control.h
[0.674s] -- Up-to-date: /home/pengchang/ws/install/interfaces/lib/libinterfaces__rosidl_typesupport_fastrtps_c.so
[0.674s] -- Up-to-date: /home/pengchang/ws/install/interfaces/include/interfaces
[0.674s] -- Up-to-date: /home/pengchang/ws/install/interfaces/include/interfaces/msg
[0.674s] -- Up-to-date: /home/pengchang/ws/install/interfaces/include/interfaces/msg/detail
[0.674s] -- Up-to-date: /home/pengchang/ws/install/interfaces/include/interfaces/msg/detail/debug_armor__rosidl_typesupport_fastrtps_cpp.hpp
[0.674s] -- Up-to-date: /home/pengchang/ws/install/interfaces/include/interfaces/msg/detail/armors__rosidl_typesupport_fastrtps_cpp.hpp
[0.674s] -- Up-to-date: /home/pengchang/ws/install/interfaces/include/interfaces/msg/detail/debug_light__rosidl_typesupport_fastrtps_cpp.hpp
[0.674s] -- Up-to-date: /home/pengchang/ws/install/interfaces/include/interfaces/msg/detail/debug_lights__rosidl_typesupport_fastrtps_cpp.hpp
[0.674s] -- Up-to-date: /home/pengchang/ws/install/interfaces/include/interfaces/msg/detail/dds_fastrtps
[0.674s] -- Up-to-date: /home/pengchang/ws/install/interfaces/include/interfaces/msg/detail/target__rosidl_typesupport_fastrtps_cpp.hpp
[0.675s] -- Up-to-date: /home/pengchang/ws/install/interfaces/include/interfaces/msg/detail/armor__rosidl_typesupport_fastrtps_cpp.hpp
[0.675s] -- Up-to-date: /home/pengchang/ws/install/interfaces/include/interfaces/msg/detail/debug_armors__rosidl_typesupport_fastrtps_cpp.hpp
[0.675s] -- Up-to-date: /home/pengchang/ws/install/interfaces/include/interfaces/msg/detail/spin_info__rosidl_typesupport_fastrtps_cpp.hpp
[0.675s] -- Up-to-date: /home/pengchang/ws/install/interfaces/include/interfaces/msg/rosidl_typesupport_fastrtps_cpp__visibility_control.h
[0.675s] -- Up-to-date: /home/pengchang/ws/install/interfaces/lib/libinterfaces__rosidl_typesupport_fastrtps_cpp.so
[0.675s] -- Up-to-date: /home/pengchang/ws/install/interfaces/include/interfaces
[0.675s] -- Up-to-date: /home/pengchang/ws/install/interfaces/include/interfaces/msg
[0.675s] -- Up-to-date: /home/pengchang/ws/install/interfaces/include/interfaces/msg/rosidl_typesupport_introspection_c__visibility_control.h
[0.675s] -- Up-to-date: /home/pengchang/ws/install/interfaces/include/interfaces/msg/detail
[0.675s] -- Up-to-date: /home/pengchang/ws/install/interfaces/include/interfaces/msg/detail/target__type_support.c
[0.675s] -- Up-to-date: /home/pengchang/ws/install/interfaces/include/interfaces/msg/detail/debug_light__type_support.c
[0.676s] -- Up-to-date: /home/pengchang/ws/install/interfaces/include/interfaces/msg/detail/armors__type_support.c
[0.676s] -- Up-to-date: /home/pengchang/ws/install/interfaces/include/interfaces/msg/detail/debug_lights__type_support.c
[0.676s] -- Up-to-date: /home/pengchang/ws/install/interfaces/include/interfaces/msg/detail/debug_armor__rosidl_typesupport_introspection_c.h
[0.676s] -- Up-to-date: /home/pengchang/ws/install/interfaces/include/interfaces/msg/detail/target__rosidl_typesupport_introspection_c.h
[0.676s] -- Up-to-date: /home/pengchang/ws/install/interfaces/include/interfaces/msg/detail/debug_armor__type_support.c
[0.676s] -- Up-to-date: /home/pengchang/ws/install/interfaces/include/interfaces/msg/detail/debug_lights__rosidl_typesupport_introspection_c.h
[0.676s] -- Up-to-date: /home/pengchang/ws/install/interfaces/include/interfaces/msg/detail/spin_info__rosidl_typesupport_introspection_c.h
[0.676s] -- Up-to-date: /home/pengchang/ws/install/interfaces/include/interfaces/msg/detail/debug_light__rosidl_typesupport_introspection_c.h
[0.676s] -- Up-to-date: /home/pengchang/ws/install/interfaces/include/interfaces/msg/detail/spin_info__type_support.c
[0.676s] -- Up-to-date: /home/pengchang/ws/install/interfaces/include/interfaces/msg/detail/armors__rosidl_typesupport_introspection_c.h
[0.677s] -- Up-to-date: /home/pengchang/ws/install/interfaces/include/interfaces/msg/detail/armor__type_support.c
[0.677s] -- Up-to-date: /home/pengchang/ws/install/interfaces/include/interfaces/msg/detail/armor__rosidl_typesupport_introspection_c.h
[0.677s] -- Up-to-date: /home/pengchang/ws/install/interfaces/include/interfaces/msg/detail/debug_armors__rosidl_typesupport_introspection_c.h
[0.677s] -- Up-to-date: /home/pengchang/ws/install/interfaces/include/interfaces/msg/detail/debug_armors__type_support.c
[0.677s] -- Up-to-date: /home/pengchang/ws/install/interfaces/lib/libinterfaces__rosidl_typesupport_introspection_c.so
[0.677s] -- Up-to-date: /home/pengchang/ws/install/interfaces/lib/libinterfaces__rosidl_typesupport_c.so
[0.677s] -- Up-to-date: /home/pengchang/ws/install/interfaces/include/interfaces
[0.677s] -- Up-to-date: /home/pengchang/ws/install/interfaces/include/interfaces/msg
[0.677s] -- Up-to-date: /home/pengchang/ws/install/interfaces/include/interfaces/msg/armors.hpp
[0.677s] -- Up-to-date: /home/pengchang/ws/install/interfaces/include/interfaces/msg/debug_armor.hpp
[0.677s] -- Up-to-date: /home/pengchang/ws/install/interfaces/include/interfaces/msg/spin_info.hpp
[0.677s] -- Up-to-date: /home/pengchang/ws/install/interfaces/include/interfaces/msg/target.hpp
[0.677s] -- Up-to-date: /home/pengchang/ws/install/interfaces/include/interfaces/msg/armor.hpp
[0.678s] -- Up-to-date: /home/pengchang/ws/install/interfaces/include/interfaces/msg/detail
[0.678s] -- Up-to-date: /home/pengchang/ws/install/interfaces/include/interfaces/msg/detail/debug_armors__traits.hpp
[0.678s] -- Up-to-date: /home/pengchang/ws/install/interfaces/include/interfaces/msg/detail/armors__traits.hpp
[0.678s] -- Up-to-date: /home/pengchang/ws/install/interfaces/include/interfaces/msg/detail/armor__traits.hpp
[0.678s] -- Up-to-date: /home/pengchang/ws/install/interfaces/include/interfaces/msg/detail/debug_light__builder.hpp
[0.678s] -- Up-to-date: /home/pengchang/ws/install/interfaces/include/interfaces/msg/detail/debug_lights__builder.hpp
[0.678s] -- Up-to-date: /home/pengchang/ws/install/interfaces/include/interfaces/msg/detail/debug_lights__struct.hpp
[0.678s] -- Up-to-date: /home/pengchang/ws/install/interfaces/include/interfaces/msg/detail/target__traits.hpp
[0.678s] -- Up-to-date: /home/pengchang/ws/install/interfaces/include/interfaces/msg/detail/armors__struct.hpp
[0.678s] -- Up-to-date: /home/pengchang/ws/install/interfaces/include/interfaces/msg/detail/target__struct.hpp
[0.679s] -- Up-to-date: /home/pengchang/ws/install/interfaces/include/interfaces/msg/detail/debug_armors__struct.hpp
[0.679s] -- Up-to-date: /home/pengchang/ws/install/interfaces/include/interfaces/msg/detail/spin_info__struct.hpp
[0.679s] -- Up-to-date: /home/pengchang/ws/install/interfaces/include/interfaces/msg/detail/debug_armor__traits.hpp
[0.679s] -- Up-to-date: /home/pengchang/ws/install/interfaces/include/interfaces/msg/detail/armor__builder.hpp
[0.679s] -- Up-to-date: /home/pengchang/ws/install/interfaces/include/interfaces/msg/detail/debug_lights__traits.hpp
[0.679s] -- Up-to-date: /home/pengchang/ws/install/interfaces/include/interfaces/msg/detail/spin_info__traits.hpp
[0.679s] -- Up-to-date: /home/pengchang/ws/install/interfaces/include/interfaces/msg/detail/armor__struct.hpp
[0.679s] -- Up-to-date: /home/pengchang/ws/install/interfaces/include/interfaces/msg/detail/target__builder.hpp
[0.679s] -- Up-to-date: /home/pengchang/ws/install/interfaces/include/interfaces/msg/detail/debug_armor__builder.hpp
[0.679s] -- Up-to-date: /home/pengchang/ws/install/interfaces/include/interfaces/msg/detail/armors__builder.hpp
[0.679s] -- Up-to-date: /home/pengchang/ws/install/interfaces/include/interfaces/msg/detail/debug_armor__struct.hpp
[0.679s] -- Up-to-date: /home/pengchang/ws/install/interfaces/include/interfaces/msg/detail/debug_light__traits.hpp
[0.679s] -- Up-to-date: /home/pengchang/ws/install/interfaces/include/interfaces/msg/detail/spin_info__builder.hpp
[0.679s] -- Up-to-date: /home/pengchang/ws/install/interfaces/include/interfaces/msg/detail/debug_light__struct.hpp
[0.679s] -- Up-to-date: /home/pengchang/ws/install/interfaces/include/interfaces/msg/detail/debug_armors__builder.hpp
[0.680s] -- Up-to-date: /home/pengchang/ws/install/interfaces/include/interfaces/msg/debug_armors.hpp
[0.680s] -- Up-to-date: /home/pengchang/ws/install/interfaces/include/interfaces/msg/debug_light.hpp
[0.680s] -- Up-to-date: /home/pengchang/ws/install/interfaces/include/interfaces/msg/debug_lights.hpp
[0.680s] -- Up-to-date: /home/pengchang/ws/install/interfaces/include/interfaces
[0.680s] -- Up-to-date: /home/pengchang/ws/install/interfaces/include/interfaces/msg
[0.680s] -- Up-to-date: /home/pengchang/ws/install/interfaces/include/interfaces/msg/detail
[0.680s] -- Up-to-date: /home/pengchang/ws/install/interfaces/include/interfaces/msg/detail/spin_info__type_support.cpp
[0.680s] -- Up-to-date: /home/pengchang/ws/install/interfaces/include/interfaces/msg/detail/debug_light__type_support.cpp
[0.680s] -- Up-to-date: /home/pengchang/ws/install/interfaces/include/interfaces/msg/detail/armors__type_support.cpp
[0.680s] -- Up-to-date: /home/pengchang/ws/install/interfaces/include/interfaces/msg/detail/armors__rosidl_typesupport_introspection_cpp.hpp
[0.680s] -- Up-to-date: /home/pengchang/ws/install/interfaces/include/interfaces/msg/detail/armor__rosidl_typesupport_introspection_cpp.hpp
[0.680s] -- Up-to-date: /home/pengchang/ws/install/interfaces/include/interfaces/msg/detail/debug_armors__rosidl_typesupport_introspection_cpp.hpp
[0.680s] -- Up-to-date: /home/pengchang/ws/install/interfaces/include/interfaces/msg/detail/target__rosidl_typesupport_introspection_cpp.hpp
[0.680s] -- Up-to-date: /home/pengchang/ws/install/interfaces/include/interfaces/msg/detail/debug_armor__rosidl_typesupport_introspection_cpp.hpp
[0.680s] -- Up-to-date: /home/pengchang/ws/install/interfaces/include/interfaces/msg/detail/debug_armors__type_support.cpp
[0.681s] -- Up-to-date: /home/pengchang/ws/install/interfaces/include/interfaces/msg/detail/debug_armor__type_support.cpp
[0.681s] -- Up-to-date: /home/pengchang/ws/install/interfaces/include/interfaces/msg/detail/spin_info__rosidl_typesupport_introspection_cpp.hpp
[0.681s] -- Up-to-date: /home/pengchang/ws/install/interfaces/include/interfaces/msg/detail/target__type_support.cpp
[0.681s] -- Up-to-date: /home/pengchang/ws/install/interfaces/include/interfaces/msg/detail/debug_light__rosidl_typesupport_introspection_cpp.hpp
[0.681s] -- Up-to-date: /home/pengchang/ws/install/interfaces/include/interfaces/msg/detail/debug_lights__type_support.cpp
[0.681s] -- Up-to-date: /home/pengchang/ws/install/interfaces/include/interfaces/msg/detail/armor__type_support.cpp
[0.681s] -- Up-to-date: /home/pengchang/ws/install/interfaces/include/interfaces/msg/detail/debug_lights__rosidl_typesupport_introspection_cpp.hpp
[0.681s] -- Up-to-date: /home/pengchang/ws/install/interfaces/lib/libinterfaces__rosidl_typesupport_introspection_cpp.so
[0.681s] -- Up-to-date: /home/pengchang/ws/install/interfaces/lib/libinterfaces__rosidl_typesupport_cpp.so
[0.681s] -- Up-to-date: /home/pengchang/ws/install/interfaces/share/interfaces/environment/pythonpath.sh
[0.681s] -- Up-to-date: /home/pengchang/ws/install/interfaces/share/interfaces/environment/pythonpath.dsv
[0.681s] -- Up-to-date: /home/pengchang/ws/install/interfaces/lib/python3.8/site-packages/interfaces/__init__.py
[0.719s] -- Up-to-date: /home/pengchang/ws/install/interfaces/lib/python3.8/site-packages/interfaces/msg
[0.719s] -- Up-to-date: /home/pengchang/ws/install/interfaces/lib/python3.8/site-packages/interfaces/msg/_debug_light_s.c
[0.719s] -- Up-to-date: /home/pengchang/ws/install/interfaces/lib/python3.8/site-packages/interfaces/msg/_spin_info_s.c
[0.719s] -- Up-to-date: /home/pengchang/ws/install/interfaces/lib/python3.8/site-packages/interfaces/msg/_debug_armors.py
[0.720s] -- Up-to-date: /home/pengchang/ws/install/interfaces/lib/python3.8/site-packages/interfaces/msg/_armor_s.c
[0.720s] -- Up-to-date: /home/pengchang/ws/install/interfaces/lib/python3.8/site-packages/interfaces/msg/_armors.py
[0.720s] -- Up-to-date: /home/pengchang/ws/install/interfaces/lib/python3.8/site-packages/interfaces/msg/_debug_armor.py
[0.720s] -- Up-to-date: /home/pengchang/ws/install/interfaces/lib/python3.8/site-packages/interfaces/msg/_armors_s.c
[0.721s] -- Up-to-date: /home/pengchang/ws/install/interfaces/lib/python3.8/site-packages/interfaces/msg/_debug_armor_s.c
[0.721s] -- Up-to-date: /home/pengchang/ws/install/interfaces/lib/python3.8/site-packages/interfaces/msg/_debug_lights.py
[0.721s] -- Up-to-date: /home/pengchang/ws/install/interfaces/lib/python3.8/site-packages/interfaces/msg/_spin_info.py
[0.721s] -- Up-to-date: /home/pengchang/ws/install/interfaces/lib/python3.8/site-packages/interfaces/msg/_debug_armors_s.c
[0.721s] -- Up-to-date: /home/pengchang/ws/install/interfaces/lib/python3.8/site-packages/interfaces/msg/_target.py
[0.721s] -- Up-to-date: /home/pengchang/ws/install/interfaces/lib/python3.8/site-packages/interfaces/msg/_debug_light.py
[0.721s] -- Up-to-date: /home/pengchang/ws/install/interfaces/lib/python3.8/site-packages/interfaces/msg/_target_s.c
[0.722s] -- Up-to-date: /home/pengchang/ws/install/interfaces/lib/python3.8/site-packages/interfaces/msg/_debug_lights_s.c
[0.723s] -- Up-to-date: /home/pengchang/ws/install/interfaces/lib/python3.8/site-packages/interfaces/msg/__init__.py
[0.723s] -- Up-to-date: /home/pengchang/ws/install/interfaces/lib/python3.8/site-packages/interfaces/msg/_armor.py
[0.723s] -- Up-to-date: /home/pengchang/ws/install/interfaces/lib/python3.8/site-packages/interfaces/interfaces_s__rosidl_typesupport_fastrtps_c.cpython-38-x86_64-linux-gnu.so
[0.723s] -- Up-to-date: /home/pengchang/ws/install/interfaces/lib/python3.8/site-packages/interfaces/interfaces_s__rosidl_typesupport_introspection_c.cpython-38-x86_64-linux-gnu.so
[0.724s] -- Up-to-date: /home/pengchang/ws/install/interfaces/lib/python3.8/site-packages/interfaces/interfaces_s__rosidl_typesupport_c.cpython-38-x86_64-linux-gnu.so
[0.724s] -- Up-to-date: /home/pengchang/ws/install/interfaces/lib/libinterfaces__python.so
[0.724s] -- Up-to-date: /home/pengchang/ws/install/interfaces/share/interfaces/msg/Armor.idl
[0.724s] -- Up-to-date: /home/pengchang/ws/install/interfaces/share/interfaces/msg/Armors.idl
[0.724s] -- Up-to-date: /home/pengchang/ws/install/interfaces/share/interfaces/msg/Target.idl
[0.725s] -- Up-to-date: /home/pengchang/ws/install/interfaces/share/interfaces/msg/DebugLight.idl
[0.725s] -- Up-to-date: /home/pengchang/ws/install/interfaces/share/interfaces/msg/DebugLights.idl
[0.725s] -- Up-to-date: /home/pengchang/ws/install/interfaces/share/interfaces/msg/DebugArmor.idl
[0.725s] -- Up-to-date: /home/pengchang/ws/install/interfaces/share/interfaces/msg/DebugArmors.idl
[0.725s] -- Up-to-date: /home/pengchang/ws/install/interfaces/share/interfaces/msg/SpinInfo.idl
[0.725s] -- Up-to-date: /home/pengchang/ws/install/interfaces/share/interfaces/msg/Armor.msg
[0.725s] -- Up-to-date: /home/pengchang/ws/install/interfaces/share/interfaces/msg/Armors.msg
[0.725s] -- Up-to-date: /home/pengchang/ws/install/interfaces/share/interfaces/msg/Target.msg
[0.725s] -- Up-to-date: /home/pengchang/ws/install/interfaces/share/interfaces/msg/DebugLight.msg
[0.725s] -- Up-to-date: /home/pengchang/ws/install/interfaces/share/interfaces/msg/DebugLights.msg
[0.725s] -- Up-to-date: /home/pengchang/ws/install/interfaces/share/interfaces/msg/DebugArmor.msg
[0.725s] -- Up-to-date: /home/pengchang/ws/install/interfaces/share/interfaces/msg/DebugArmors.msg
[0.726s] -- Up-to-date: /home/pengchang/ws/install/interfaces/share/interfaces/msg/SpinInfo.msg
[0.726s] -- Up-to-date: /home/pengchang/ws/install/interfaces/share/ament_index/resource_index/package_run_dependencies/interfaces
[0.726s] -- Up-to-date: /home/pengchang/ws/install/interfaces/share/ament_index/resource_index/parent_prefix_path/interfaces
[0.726s] -- Up-to-date: /home/pengchang/ws/install/interfaces/share/interfaces/environment/ament_prefix_path.sh
[0.726s] -- Up-to-date: /home/pengchang/ws/install/interfaces/share/interfaces/environment/ament_prefix_path.dsv
[0.726s] -- Up-to-date: /home/pengchang/ws/install/interfaces/share/interfaces/environment/path.sh
[0.726s] -- Up-to-date: /home/pengchang/ws/install/interfaces/share/interfaces/environment/path.dsv
[0.726s] -- Up-to-date: /home/pengchang/ws/install/interfaces/share/interfaces/local_setup.bash
[0.726s] -- Up-to-date: /home/pengchang/ws/install/interfaces/share/interfaces/local_setup.sh
[0.726s] -- Up-to-date: /home/pengchang/ws/install/interfaces/share/interfaces/local_setup.zsh
[0.727s] -- Up-to-date: /home/pengchang/ws/install/interfaces/share/interfaces/local_setup.dsv
[0.727s] -- Installing: /home/pengchang/ws/install/interfaces/share/interfaces/package.dsv
[0.727s] -- Up-to-date: /home/pengchang/ws/install/interfaces/share/ament_index/resource_index/packages/interfaces
[0.727s] -- Up-to-date: /home/pengchang/ws/install/interfaces/share/interfaces/cmake/interfaces__rosidl_generator_cExport.cmake
[0.727s] -- Up-to-date: /home/pengchang/ws/install/interfaces/share/interfaces/cmake/interfaces__rosidl_generator_cExport-noconfig.cmake
[0.728s] -- Up-to-date: /home/pengchang/ws/install/interfaces/share/interfaces/cmake/interfaces__rosidl_typesupport_introspection_cExport.cmake
[0.730s] -- Up-to-date: /home/pengchang/ws/install/interfaces/share/interfaces/cmake/interfaces__rosidl_typesupport_introspection_cExport-noconfig.cmake
[0.730s] -- Up-to-date: /home/pengchang/ws/install/interfaces/share/interfaces/cmake/interfaces__rosidl_typesupport_cExport.cmake
[0.730s] -- Up-to-date: /home/pengchang/ws/install/interfaces/share/interfaces/cmake/interfaces__rosidl_typesupport_cExport-noconfig.cmake
[0.730s] -- Up-to-date: /home/pengchang/ws/install/interfaces/share/interfaces/cmake/interfaces__rosidl_generator_cppExport.cmake
[0.730s] -- Up-to-date: /home/pengchang/ws/install/interfaces/share/interfaces/cmake/interfaces__rosidl_typesupport_introspection_cppExport.cmake
[0.730s] -- Up-to-date: /home/pengchang/ws/install/interfaces/share/interfaces/cmake/interfaces__rosidl_typesupport_introspection_cppExport-noconfig.cmake
[0.731s] -- Up-to-date: /home/pengchang/ws/install/interfaces/share/interfaces/cmake/interfaces__rosidl_typesupport_cppExport.cmake
[0.731s] -- Up-to-date: /home/pengchang/ws/install/interfaces/share/interfaces/cmake/interfaces__rosidl_typesupport_cppExport-noconfig.cmake
[0.731s] -- Up-to-date: /home/pengchang/ws/install/interfaces/share/interfaces/cmake/rosidl_cmake-extras.cmake
[0.731s] -- Up-to-date: /home/pengchang/ws/install/interfaces/share/interfaces/cmake/ament_cmake_export_dependencies-extras.cmake
[0.731s] -- Up-to-date: /home/pengchang/ws/install/interfaces/share/interfaces/cmake/ament_cmake_export_libraries-extras.cmake
[0.731s] -- Up-to-date: /home/pengchang/ws/install/interfaces/share/interfaces/cmake/ament_cmake_export_targets-extras.cmake
[0.731s] -- Up-to-date: /home/pengchang/ws/install/interfaces/share/interfaces/cmake/ament_cmake_export_include_directories-extras.cmake
[0.731s] -- Up-to-date: /home/pengchang/ws/install/interfaces/share/interfaces/cmake/rosidl_cmake_export_typesupport_libraries-extras.cmake
[0.731s] -- Up-to-date: /home/pengchang/ws/install/interfaces/share/interfaces/cmake/rosidl_cmake_export_typesupport_targets-extras.cmake
[0.732s] -- Up-to-date: /home/pengchang/ws/install/interfaces/share/interfaces/cmake/interfacesConfig.cmake
[0.732s] -- Up-to-date: /home/pengchang/ws/install/interfaces/share/interfaces/cmake/interfacesConfig-version.cmake
[0.732s] -- Up-to-date: /home/pengchang/ws/install/interfaces/share/interfaces/package.xml
[0.735s] Invoked command in '/home/pengchang/ws/build/interfaces' returned '0': CMAKE_PREFIX_PATH=/opt/ros/galactic /usr/bin/cmake --install /home/pengchang/ws/build/interfaces
