[0.021s] Invoking command in '/home/pengchang/ws/build/vision': CMAKE_PREFIX_PATH=${CMAKE_PREFIX_PATH}:/opt/ros/galactic /usr/bin/cmake /home/pengchang/ws/src/vision -DAMENT_CMAKE_SYMLINK_INSTALL=1 -DCMAKE_INSTALL_PREFIX=/home/pengchang/ws/install/vision
[0.033s] -- Found ament_cmake_auto: 1.1.5 (/opt/ros/galactic/share/ament_cmake_auto/cmake)
[0.058s] -- Found PythonInterp: /usr/bin/python3 (found suitable version "3.8.10", minimum required is "3") 
[0.058s] -- Using PYTHON_EXECUTABLE: /usr/bin/python3
[0.113s] -- Override CMake install command with custom implementation using symlinks instead of copying resources
[0.119s] -- Found rosidl_default_generators: 1.1.1 (/opt/ros/galactic/share/rosidl_default_generators/cmake)
[0.121s] -- Using all available rosidl_typesupport_c: rosidl_typesupport_fastrtps_c;rosidl_typesupport_introspection_c
[0.124s] -- Found rosidl_adapter: 2.2.2 (/opt/ros/galactic/share/rosidl_adapter/cmake)
[0.252s] -- Using all available rosidl_typesupport_cpp: rosidl_typesupport_fastrtps_cpp;rosidl_typesupport_introspection_cpp
[0.270s] -- Found geometry_msgs: 2.2.4 (/opt/ros/galactic/share/geometry_msgs/cmake)
[0.352s] -- Found PythonInterp: /usr/bin/python3 (found version "3.8.10") 
[0.544s] -- Found ament_cmake_ros: 0.9.2 (/opt/ros/galactic/share/ament_cmake_ros/cmake)
[0.774s] -- Using all available rosidl_typesupport_c: rosidl_typesupport_fastrtps_c;rosidl_typesupport_introspection_c
[0.868s] -- Using all available rosidl_typesupport_cpp: rosidl_typesupport_fastrtps_cpp;rosidl_typesupport_introspection_cpp
[0.892s] -- Found PythonInterp: /usr/bin/python3 (found suitable version "3.8.10", minimum required is "3.5") 
[0.892s] -- Found python_cmake_module: 0.8.1 (/opt/ros/galactic/share/python_cmake_module/cmake)
[0.920s] -- Using PYTHON_EXECUTABLE: /usr/bin/python3
[0.921s] -- Using PYTHON_INCLUDE_DIRS: /usr/include/python3.8
[0.921s] -- Using PYTHON_LIBRARIES: /usr/lib/x86_64-linux-gnu/libpython3.8.so
[1.006s] -- Found rmw_implementation_cmake: 3.3.1 (/opt/ros/galactic/share/rmw_implementation_cmake/cmake)
[1.007s] -- Found rmw_cyclonedds_cpp: 0.22.5 (/opt/ros/galactic/share/rmw_cyclonedds_cpp/cmake)
[1.022s] -- Using RMW implementation 'rmw_cyclonedds_cpp' as default
[1.413s] CMake Error at /opt/ros/galactic/share/ament_cmake_auto/cmake/ament_auto_add_library.cmake:66 (add_library):
[1.414s]   add_library cannot create target "vision" because another target with the
[1.414s]   same name already exists.  The existing target is a custom target created
[1.414s]   in source directory "/home/pengchang/ws/src/vision".  See documentation for
[1.414s]   policy CMP0002 for more details.
[1.414s] Call Stack (most recent call first):
[1.414s]   CMakeLists.txt:70 (ament_auto_add_library)
[1.414s] 
[1.414s] 
[1.416s] -- Found ament_lint_auto: 0.10.7 (/opt/ros/galactic/share/ament_lint_auto/cmake)
[1.436s] -- Added test 'cppcheck' to perform static code analysis on C / C++ code
[1.437s] -- Configured cppcheck include dirs: 
[1.437s] -- Configured cppcheck exclude dirs and/or files: 
[1.438s] -- Added test 'cpplint' to check C / C++ code against the Google style
[1.438s] -- Configured cpplint exclude dirs and/or files: 
[1.438s] -- Added test 'flake8' to check Python code syntax and style conventions
[1.439s] -- Added test 'lint_cmake' to check CMake code style
[1.439s] -- Added test 'pep257' to check Python code against some of the style conventions in PEP 257
[1.439s] -- Added test 'xmllint' to check XML markup files
[1.445s] -- Configuring incomplete, errors occurred!
[1.445s] See also "/home/pengchang/ws/build/vision/CMakeFiles/CMakeOutput.log".
[1.445s] See also "/home/pengchang/ws/build/vision/CMakeFiles/CMakeError.log".
[1.453s] Invoked command in '/home/pengchang/ws/build/vision' returned '1': CMAKE_PREFIX_PATH=${CMAKE_PREFIX_PATH}:/opt/ros/galactic /usr/bin/cmake /home/pengchang/ws/src/vision -DAMENT_CMAKE_SYMLINK_INSTALL=1 -DCMAKE_INSTALL_PREFIX=/home/pengchang/ws/install/vision
