[0.033s] Invoking command in '/home/pengchang/ws/build/vision': CMAKE_PREFIX_PATH=${CMAKE_PREFIX_PATH}:/opt/ros/galactic /usr/bin/cmake --build /home/pengchang/ws/build/vision -- -j8 -l8
[0.119s] [35m[1mScanning dependencies of target vision[0m
[0.132s] [ 28%] Built target detector_node
[0.151s] [ 57%] Built target camera_node
[0.191s] [ 71%] [32mBuilding CXX object CMakeFiles/vision.dir/src/detector_node.cpp.o[0m
[12.818s] [ 85%] [32m[1mLinking CXX shared library libvision.so[0m
[13.537s] [100%] Built target vision
[13.555s] Invoked command in '/home/pengchang/ws/build/vision' returned '0': CMAKE_PREFIX_PATH=${CMAKE_PREFIX_PATH}:/opt/ros/galactic /usr/bin/cmake --build /home/pengchang/ws/build/vision -- -j8 -l8
[13.622s] Invoking command in '/home/pengchang/ws/build/vision': CMAKE_PREFIX_PATH=${CMAKE_PREFIX_PATH}:/opt/ros/galactic /usr/bin/cmake --install /home/pengchang/ws/build/vision
[13.633s] -- Install configuration: ""
[13.634s] -- Execute custom install script
[13.634s] -- Up-to-date symlink: /home/pengchang/ws/install/vision/lib/vision/camera_node
[13.634s] -- Up-to-date symlink: /home/pengchang/ws/install/vision/lib/vision/detector_node
[13.634s] -- Up-to-date symlink: /home/pengchang/ws/install/vision/share/vision/environment/library_path.sh
[13.635s] -- Up-to-date symlink: /home/pengchang/ws/install/vision/share/vision/environment/library_path.dsv
[13.635s] -- Up-to-date symlink: /home/pengchang/ws/install/vision/lib/libvision.so
[13.635s] -- Up-to-date symlink: /home/pengchang/ws/install/vision/share/vision/config/camera_info.yaml
[13.636s] -- Up-to-date symlink: /home/pengchang/ws/install/vision/share/vision/config/camera_params.yaml
[13.636s] -- Up-to-date symlink: /home/pengchang/ws/install/vision/share/vision/config/default.yaml
[13.636s] -- Up-to-date symlink: /home/pengchang/ws/install/vision/share/vision/launch/launch.py
[13.636s] -- Up-to-date symlink: /home/pengchang/ws/install/vision/share/ament_index/resource_index/package_run_dependencies/vision
[13.636s] -- Up-to-date symlink: /home/pengchang/ws/install/vision/share/ament_index/resource_index/parent_prefix_path/vision
[13.637s] -- Up-to-date symlink: /home/pengchang/ws/install/vision/share/vision/environment/ament_prefix_path.sh
[13.637s] -- Up-to-date symlink: /home/pengchang/ws/install/vision/share/vision/environment/ament_prefix_path.dsv
[13.637s] -- Up-to-date symlink: /home/pengchang/ws/install/vision/share/vision/environment/path.sh
[13.637s] -- Up-to-date symlink: /home/pengchang/ws/install/vision/share/vision/environment/path.dsv
[13.637s] -- Up-to-date symlink: /home/pengchang/ws/install/vision/share/vision/local_setup.bash
[13.638s] -- Up-to-date symlink: /home/pengchang/ws/install/vision/share/vision/local_setup.sh
[13.638s] -- Up-to-date symlink: /home/pengchang/ws/install/vision/share/vision/local_setup.zsh
[13.638s] -- Up-to-date symlink: /home/pengchang/ws/install/vision/share/vision/local_setup.dsv
[13.638s] -- Symlinking: /home/pengchang/ws/install/vision/share/vision/package.dsv
[13.652s] -- Up-to-date symlink: /home/pengchang/ws/install/vision/share/ament_index/resource_index/packages/vision
[13.652s] -- Up-to-date symlink: /home/pengchang/ws/install/vision/share/ament_index/resource_index/rclcpp_components/vision
[13.652s] -- Up-to-date symlink: /home/pengchang/ws/install/vision/share/vision/cmake/ament_cmake_export_dependencies-extras.cmake
[13.653s] -- Up-to-date symlink: /home/pengchang/ws/install/vision/share/vision/cmake/ament_cmake_export_include_directories-extras.cmake
[13.653s] -- Up-to-date symlink: /home/pengchang/ws/install/vision/share/vision/cmake/ament_cmake_export_libraries-extras.cmake
[13.653s] -- Up-to-date symlink: /home/pengchang/ws/install/vision/share/vision/cmake/visionConfig.cmake
[13.654s] -- Up-to-date symlink: /home/pengchang/ws/install/vision/share/vision/cmake/visionConfig-version.cmake
[13.654s] -- Up-to-date symlink: /home/pengchang/ws/install/vision/share/vision/package.xml
[13.658s] Invoked command in '/home/pengchang/ws/build/vision' returned '0': CMAKE_PREFIX_PATH=${CMAKE_PREFIX_PATH}:/opt/ros/galactic /usr/bin/cmake --install /home/pengchang/ws/build/vision
