[0.021s] Invoking command in '/home/pengchang/ws/build/vision': CMAKE_PREFIX_PATH=${CMAKE_PREFIX_PATH}:/opt/ros/galactic /usr/bin/cmake --build /home/pengchang/ws/build/vision -- -j8 -l8
[0.059s] -- Found ament_cmake_auto: 1.1.5 (/opt/ros/galactic/share/ament_cmake_auto/cmake)
[0.084s] -- Using PYTHON_EXECUTABLE: /usr/bin/python3
[0.134s] -- Override CMake install command with custom implementation using symlinks instead of copying resources
[0.232s] -- Using all available rosidl_typesupport_c: rosidl_typesupport_fastrtps_c;rosidl_typesupport_introspection_c
[0.234s] -- Found rosidl_adapter: 2.2.2 (/opt/ros/galactic/share/rosidl_adapter/cmake)
[0.353s] -- Using all available rosidl_typesupport_cpp: rosidl_typesupport_fastrtps_cpp;rosidl_typesupport_introspection_cpp
[0.394s] -- Found rmw_implementation_cmake: 3.3.1 (/opt/ros/galactic/share/rmw_implementation_cmake/cmake)
[0.395s] -- Found rmw_cyclonedds_cpp: 0.22.5 (/opt/ros/galactic/share/rmw_cyclonedds_cpp/cmake)
[0.410s] -- Using RMW implementation 'rmw_cyclonedds_cpp' as default
[0.889s] -- Found ament_lint_auto: 0.10.7 (/opt/ros/galactic/share/ament_lint_auto/cmake)
[0.902s] -- Found ament_cmake_gtest: 1.1.5 (/opt/ros/galactic/share/ament_cmake_gtest/cmake)
[0.910s] -- Added test 'cppcheck' to perform static code analysis on C / C++ code
[0.910s] -- Configured cppcheck include dirs: /home/pengchang/ws/src/vision/include
[0.910s] -- Configured cppcheck exclude dirs and/or files: 
[0.911s] -- Added test 'cpplint' to check C / C++ code against the Google style
[0.911s] -- Configured cpplint exclude dirs and/or files: 
[0.911s] -- Added test 'flake8' to check Python code syntax and style conventions
[0.911s] -- Added test 'lint_cmake' to check CMake code style
[0.912s] -- Added test 'pep257' to check Python code against some of the style conventions in PEP 257
[0.912s] -- Added test 'xmllint' to check XML markup files
[0.916s] -- Configuring done
[0.936s] -- Generating done
[0.938s] -- Build files have been written to: /home/pengchang/ws/build/vision
[0.986s] [35m[1mScanning dependencies of target vision[0m
[1.002s] [ 25%] Built target camera_node
[1.003s] [ 50%] Built target detector_node
[1.032s] [ 62%] [32mBuilding CXX object CMakeFiles/vision.dir/src/process_node.cpp.o[0m
[1.295s] [01m[K/home/pengchang/ws/src/vision/src/process_node.cpp:17:10:[m[K [01;31m[Kfatal error: [m[K/home/pengchang/ws/src/vision/msg/armors.hpp: 没有那个文件或目录
[1.296s]    17 | #include [01;31m[K"/home/pengchang/ws/src/vision/msg/armors.hpp"[m[K
[1.296s]       |          [01;31m[K^~~~~~~~~~~~~~~~~~~~~~~~~~~~~~~~~~~~~~~~~~~~~~[m[K
[1.296s] compilation terminated.
[1.304s] make[2]: *** [CMakeFiles/vision.dir/build.make:89：CMakeFiles/vision.dir/src/process_node.cpp.o] 错误 1
[1.305s] make[1]: *** [CMakeFiles/Makefile2:136：CMakeFiles/vision.dir/all] 错误 2
[1.305s] make: *** [Makefile:141：all] 错误 2
[1.309s] Invoked command in '/home/pengchang/ws/build/vision' returned '2': CMAKE_PREFIX_PATH=${CMAKE_PREFIX_PATH}:/opt/ros/galactic /usr/bin/cmake --build /home/pengchang/ws/build/vision -- -j8 -l8
