-- Found ament_cmake_auto: 1.1.5 (/opt/ros/galactic/share/ament_cmake_auto/cmake)
-- Using PYTHON_EXECUTABLE: /usr/bin/python3
-- Override CMake install command with custom implementation using symlinks instead of copying resources
-- Using all available rosidl_typesupport_c: rosidl_typesupport_fastrtps_c;rosidl_typesupport_introspection_c
-- Found rosidl_adapter: 2.2.2 (/opt/ros/galactic/share/rosidl_adapter/cmake)
-- Using all available rosidl_typesupport_cpp: rosidl_typesupport_fastrtps_cpp;rosidl_typesupport_introspection_cpp
-- Found rmw_implementation_cmake: 3.3.1 (/opt/ros/galactic/share/rmw_implementation_cmake/cmake)
-- Found rmw_cyclonedds_cpp: 0.22.5 (/opt/ros/galactic/share/rmw_cyclonedds_cpp/cmake)
-- Using RMW implementation 'rmw_cyclonedds_cpp' as default
-- Found ament_lint_auto: 0.10.7 (/opt/ros/galactic/share/ament_lint_auto/cmake)
-- Found ament_cmake_gtest: 1.1.5 (/opt/ros/galactic/share/ament_cmake_gtest/cmake)
-- Added test 'cppcheck' to perform static code analysis on C / C++ code
-- Configured cppcheck include dirs: /home/pengchang/ws/src/vision/include
-- Configured cppcheck exclude dirs and/or files: 
-- Added test 'cpplint' to check C / C++ code against the Google style
-- Configured cpplint exclude dirs and/or files: 
-- Added test 'flake8' to check Python code syntax and style conventions
-- Added test 'lint_cmake' to check CMake code style
-- Added test 'pep257' to check Python code against some of the style conventions in PEP 257
-- Added test 'xmllint' to check XML markup files
-- Configuring done
-- Generating done
-- Build files have been written to: /home/pengchang/ws/build/vision
[35m[1mScanning dependencies of target vision[0m
[ 14%] [32m[1mLinking CXX executable camera_node[0m
[ 28%] [32m[1mLinking CXX executable detector_node[0m
[ 42%] [32mBuilding CXX object CMakeFiles/vision.dir/src/detector_node.cpp.o[0m
[ 57%] Built target camera_node
[ 71%] Built target detector_node
[ 85%] [32m[1mLinking CXX shared library libvision.so[0m
[100%] Built target vision
-- Install configuration: ""
-- Execute custom install script
-- Symlinking: /home/pengchang/ws/install/vision/lib/vision/camera_node
-- Symlinking: /home/pengchang/ws/install/vision/lib/vision/detector_node
-- Symlinking: /home/pengchang/ws/install/vision/share/vision/environment/library_path.sh
-- Symlinking: /home/pengchang/ws/install/vision/share/vision/environment/library_path.dsv
-- Symlinking: /home/pengchang/ws/install/vision/lib/libvision.so
-- Symlinking: /home/pengchang/ws/install/vision/share/vision/config/camera_info.yaml
-- Symlinking: /home/pengchang/ws/install/vision/share/vision/config/camera_params.yaml
-- Symlinking: /home/pengchang/ws/install/vision/share/vision/config/default.yaml
-- Symlinking: /home/pengchang/ws/install/vision/share/vision/launch/launch.py
-- Symlinking: /home/pengchang/ws/install/vision/share/ament_index/resource_index/package_run_dependencies/vision
-- Symlinking: /home/pengchang/ws/install/vision/share/ament_index/resource_index/parent_prefix_path/vision
-- Symlinking: /home/pengchang/ws/install/vision/share/vision/environment/ament_prefix_path.sh
-- Symlinking: /home/pengchang/ws/install/vision/share/vision/environment/ament_prefix_path.dsv
-- Symlinking: /home/pengchang/ws/install/vision/share/vision/environment/path.sh
-- Symlinking: /home/pengchang/ws/install/vision/share/vision/environment/path.dsv
-- Symlinking: /home/pengchang/ws/install/vision/share/vision/local_setup.bash
-- Symlinking: /home/pengchang/ws/install/vision/share/vision/local_setup.sh
-- Symlinking: /home/pengchang/ws/install/vision/share/vision/local_setup.zsh
-- Symlinking: /home/pengchang/ws/install/vision/share/vision/local_setup.dsv
-- Symlinking: /home/pengchang/ws/install/vision/share/vision/package.dsv
-- Symlinking: /home/pengchang/ws/install/vision/share/ament_index/resource_index/packages/vision
-- Symlinking: /home/pengchang/ws/install/vision/share/ament_index/resource_index/rclcpp_components/vision
-- Symlinking: /home/pengchang/ws/install/vision/share/vision/cmake/ament_cmake_export_dependencies-extras.cmake
-- Symlinking: /home/pengchang/ws/install/vision/share/vision/cmake/ament_cmake_export_include_directories-extras.cmake
-- Symlinking: /home/pengchang/ws/install/vision/share/vision/cmake/ament_cmake_export_libraries-extras.cmake
-- Symlinking: /home/pengchang/ws/install/vision/share/vision/cmake/visionConfig.cmake
-- Symlinking: /home/pengchang/ws/install/vision/share/vision/cmake/visionConfig-version.cmake
-- Symlinking: /home/pengchang/ws/install/vision/share/vision/package.xml
