[0.029s] Invoking command in '/home/pengchang/ws/build/vision': CMAKE_PREFIX_PATH=${CMAKE_PREFIX_PATH}:/opt/ros/galactic /usr/bin/cmake --build /home/pengchang/ws/build/vision -- -j8 -l8
[0.099s] -- Found ament_cmake_auto: 1.1.5 (/opt/ros/galactic/share/ament_cmake_auto/cmake)
[0.137s] -- Using PYTHON_EXECUTABLE: /usr/bin/python3
[0.225s] -- Override CMake install command with custom implementation using symlinks instead of copying resources
[0.384s] -- Using all available rosidl_typesupport_c: rosidl_typesupport_fastrtps_c;rosidl_typesupport_introspection_c
[0.389s] -- Found rosidl_adapter: 2.2.2 (/opt/ros/galactic/share/rosidl_adapter/cmake)
[0.594s] -- Using all available rosidl_typesupport_cpp: rosidl_typesupport_fastrtps_cpp;rosidl_typesupport_introspection_cpp
[0.666s] -- Found rmw_implementation_cmake: 3.3.1 (/opt/ros/galactic/share/rmw_implementation_cmake/cmake)
[0.668s] -- Found rmw_cyclonedds_cpp: 0.22.5 (/opt/ros/galactic/share/rmw_cyclonedds_cpp/cmake)
[0.693s] -- Using RMW implementation 'rmw_cyclonedds_cpp' as default
[1.493s] -- Found ament_lint_auto: 0.10.7 (/opt/ros/galactic/share/ament_lint_auto/cmake)
[1.515s] -- Found ament_cmake_gtest: 1.1.5 (/opt/ros/galactic/share/ament_cmake_gtest/cmake)
[1.539s] -- Added test 'cppcheck' to perform static code analysis on C / C++ code
[1.539s] -- Configured cppcheck include dirs: /home/pengchang/ws/src/vision/include
[1.540s] -- Configured cppcheck exclude dirs and/or files: 
[1.541s] -- Added test 'cpplint' to check C / C++ code against the Google style
[1.541s] -- Configured cpplint exclude dirs and/or files: 
[1.542s] -- Added test 'flake8' to check Python code syntax and style conventions
[1.542s] -- Added test 'lint_cmake' to check CMake code style
[1.543s] -- Added test 'pep257' to check Python code against some of the style conventions in PEP 257
[1.543s] -- Added test 'xmllint' to check XML markup files
[1.549s] -- Configuring done
[1.586s] -- Generating done
[1.590s] -- Build files have been written to: /home/pengchang/ws/build/vision
[1.667s] [ 14%] [32mBuilding CXX object CMakeFiles/camera_node.dir/rclcpp_components/node_main_camera_node.cpp.o[0m
[1.668s] [ 28%] [32mBuilding CXX object CMakeFiles/detector_node.dir/rclcpp_components/node_main_detector_node.cpp.o[0m
[1.675s] [ 42%] [32mBuilding CXX object CMakeFiles/vision.dir/src/camera_node.cpp.o[0m
[1.679s] [ 57%] [32mBuilding CXX object CMakeFiles/vision.dir/src/detector_node.cpp.o[0m
[5.724s] [ 71%] [32m[1mLinking CXX executable detector_node[0m
[5.758s] [ 85%] [32m[1mLinking CXX executable camera_node[0m
[5.933s] [ 85%] Built target detector_node
[5.969s] [ 85%] Built target camera_node
[14.486s] [100%] [32m[1mLinking CXX shared library libvision.so[0m
[15.184s] [100%] Built target vision
[15.203s] Invoked command in '/home/pengchang/ws/build/vision' returned '0': CMAKE_PREFIX_PATH=${CMAKE_PREFIX_PATH}:/opt/ros/galactic /usr/bin/cmake --build /home/pengchang/ws/build/vision -- -j8 -l8
[15.268s] Invoking command in '/home/pengchang/ws/build/vision': CMAKE_PREFIX_PATH=${CMAKE_PREFIX_PATH}:/opt/ros/galactic /usr/bin/cmake --install /home/pengchang/ws/build/vision
[15.279s] -- Install configuration: ""
[15.279s] -- Execute custom install script
[15.280s] -- Up-to-date symlink: /home/pengchang/ws/install/vision/lib/vision/camera_node
[15.280s] -- Up-to-date symlink: /home/pengchang/ws/install/vision/lib/vision/detector_node
[15.280s] -- Up-to-date symlink: /home/pengchang/ws/install/vision/share/vision/environment/library_path.sh
[15.280s] -- Up-to-date symlink: /home/pengchang/ws/install/vision/share/vision/environment/library_path.dsv
[15.281s] -- Up-to-date symlink: /home/pengchang/ws/install/vision/lib/libvision.so
[15.281s] -- Up-to-date symlink: /home/pengchang/ws/install/vision/share/vision/config/camera_info.yaml
[15.281s] -- Up-to-date symlink: /home/pengchang/ws/install/vision/share/vision/config/camera_params.yaml
[15.281s] -- Up-to-date symlink: /home/pengchang/ws/install/vision/share/vision/config/default.yaml
[15.281s] -- Up-to-date symlink: /home/pengchang/ws/install/vision/share/vision/launch/launch.py
[15.282s] -- Up-to-date symlink: /home/pengchang/ws/install/vision/share/ament_index/resource_index/package_run_dependencies/vision
[15.282s] -- Up-to-date symlink: /home/pengchang/ws/install/vision/share/ament_index/resource_index/parent_prefix_path/vision
[15.282s] -- Up-to-date symlink: /home/pengchang/ws/install/vision/share/vision/environment/ament_prefix_path.sh
[15.282s] -- Up-to-date symlink: /home/pengchang/ws/install/vision/share/vision/environment/ament_prefix_path.dsv
[15.282s] -- Up-to-date symlink: /home/pengchang/ws/install/vision/share/vision/environment/path.sh
[15.283s] -- Up-to-date symlink: /home/pengchang/ws/install/vision/share/vision/environment/path.dsv
[15.283s] -- Up-to-date symlink: /home/pengchang/ws/install/vision/share/vision/local_setup.bash
[15.283s] -- Up-to-date symlink: /home/pengchang/ws/install/vision/share/vision/local_setup.sh
[15.283s] -- Up-to-date symlink: /home/pengchang/ws/install/vision/share/vision/local_setup.zsh
[15.283s] -- Up-to-date symlink: /home/pengchang/ws/install/vision/share/vision/local_setup.dsv
[15.284s] -- Symlinking: /home/pengchang/ws/install/vision/share/vision/package.dsv
[15.299s] -- Up-to-date symlink: /home/pengchang/ws/install/vision/share/ament_index/resource_index/packages/vision
[15.299s] -- Up-to-date symlink: /home/pengchang/ws/install/vision/share/ament_index/resource_index/rclcpp_components/vision
[15.300s] -- Up-to-date symlink: /home/pengchang/ws/install/vision/share/vision/cmake/ament_cmake_export_dependencies-extras.cmake
[15.300s] -- Up-to-date symlink: /home/pengchang/ws/install/vision/share/vision/cmake/ament_cmake_export_include_directories-extras.cmake
[15.301s] -- Up-to-date symlink: /home/pengchang/ws/install/vision/share/vision/cmake/ament_cmake_export_libraries-extras.cmake
[15.301s] -- Up-to-date symlink: /home/pengchang/ws/install/vision/share/vision/cmake/visionConfig.cmake
[15.301s] -- Up-to-date symlink: /home/pengchang/ws/install/vision/share/vision/cmake/visionConfig-version.cmake
[15.302s] -- Up-to-date symlink: /home/pengchang/ws/install/vision/share/vision/package.xml
[15.307s] Invoked command in '/home/pengchang/ws/build/vision' returned '0': CMAKE_PREFIX_PATH=${CMAKE_PREFIX_PATH}:/opt/ros/galactic /usr/bin/cmake --install /home/pengchang/ws/build/vision
